2024-04-08 22:12:21 | [34mINFO [0;39m | [1;33mrestartedMain[0;39m | [1;32mcom.manage.AcademicManageApplication[0;39m | Starting AcademicManageApplication using Java 17.0.7 with PID 5208 (D:\demo\academicManage\target\classes started by 16618 in D:\demo\academicManage)
2024-04-08 22:12:21 | [34mINFO [0;39m | [1;33mrestartedMain[0;39m | [1;32mcom.manage.AcademicManageApplication[0;39m | The following 1 profile is active: "jdbc"
2024-04-08 22:12:21 | [34mINFO [0;39m | [1;33mrestartedMain[0;39m | [1;32morg.springframework.boot.devtools.env.DevToolsPropertyDefaultsPostProcessor[0;39m | Devtools property defaults active! Set 'spring.devtools.add-properties' to 'false' to disable
2024-04-08 22:12:21 | [34mINFO [0;39m | [1;33mrestartedMain[0;39m | [1;32morg.springframework.boot.devtools.env.DevToolsPropertyDefaultsPostProcessor[0;39m | For additional web related logging consider setting the 'logging.level.web' property to 'DEBUG'
2024-04-08 22:12:22 | [34mINFO [0;39m | [1;33mrestartedMain[0;39m | [1;32morg.springframework.boot.web.embedded.tomcat.TomcatWebServer[0;39m | Tomcat initialized with port 8889 (http)
2024-04-08 22:12:22 | [34mINFO [0;39m | [1;33mrestartedMain[0;39m | [1;32morg.apache.catalina.core.StandardService[0;39m | Starting service [Tomcat]
2024-04-08 22:12:22 | [34mINFO [0;39m | [1;33mrestartedMain[0;39m | [1;32morg.apache.catalina.core.StandardEngine[0;39m | Starting Servlet engine: [Apache Tomcat/10.1.18]
2024-04-08 22:12:22 | [34mINFO [0;39m | [1;33mrestartedMain[0;39m | [1;32morg.apache.catalina.core.ContainerBase.[Tomcat].[localhost].[/lyq][0;39m | Initializing Spring embedded WebApplicationContext
2024-04-08 22:12:22 | [34mINFO [0;39m | [1;33mrestartedMain[0;39m | [1;32morg.springframework.boot.web.servlet.context.ServletWebServerApplicationContext[0;39m | Root WebApplicationContext: initialization completed in 1349 ms
2024-04-08 22:12:23 | [34mINFO [0;39m | [1;33mrestartedMain[0;39m | [1;32morg.springframework.security.web.DefaultSecurityFilterChain[0;39m | Will secure any request with [org.springframework.security.web.session.DisableEncodeUrlFilter@b8925c, org.springframework.security.web.context.request.async.WebAsyncManagerIntegrationFilter@767c884f, org.springframework.security.web.context.SecurityContextHolderFilter@e4fc241, org.springframework.security.web.header.HeaderWriterFilter@1bfc6b33, org.springframework.web.filter.CorsFilter@750ad356, org.springframework.security.web.authentication.logout.LogoutFilter@582fd2e7, com.manage.security.JwtAuthorizationFilter@16a7933c, org.springframework.security.web.authentication.UsernamePasswordAuthenticationFilter@2916e160, org.springframework.security.web.savedrequest.RequestCacheAwareFilter@3880cddb, org.springframework.security.web.servletapi.SecurityContextHolderAwareRequestFilter@652c92ff, org.springframework.security.web.authentication.rememberme.RememberMeAuthenticationFilter@75c89ad0, org.springframework.security.web.authentication.AnonymousAuthenticationFilter@f9f7afd, org.springframework.security.web.session.SessionManagementFilter@60d32ff0, org.springframework.security.web.access.ExceptionTranslationFilter@753bff8d, org.springframework.security.web.access.intercept.FilterSecurityInterceptor@49652be8]
2024-04-08 22:12:23 | [34mINFO [0;39m | [1;33mrestartedMain[0;39m | [1;32morg.springframework.boot.devtools.autoconfigure.OptionalLiveReloadServer[0;39m | LiveReload server is running on port 35729
2024-04-08 22:12:23 | [34mINFO [0;39m | [1;33mrestartedMain[0;39m | [1;32morg.springframework.boot.web.embedded.tomcat.TomcatWebServer[0;39m | Tomcat started on port 8889 (http) with context path '/lyq'
2024-04-08 22:12:23 | [34mINFO [0;39m | [1;33mrestartedMain[0;39m | [1;32mcom.manage.AcademicManageApplication[0;39m | Started AcademicManageApplication in 3.083 seconds (process running for 4.162)
2024-04-08 22:12:39 | [34mINFO [0;39m | [1;33mhttp-nio-8889-exec-1[0;39m | [1;32morg.apache.catalina.core.ContainerBase.[Tomcat].[localhost].[/lyq][0;39m | Initializing Spring DispatcherServlet 'dispatcherServlet'
2024-04-08 22:12:39 | [34mINFO [0;39m | [1;33mhttp-nio-8889-exec-1[0;39m | [1;32morg.springframework.web.servlet.DispatcherServlet[0;39m | Initializing Servlet 'dispatcherServlet'
2024-04-08 22:12:39 | [34mINFO [0;39m | [1;33mhttp-nio-8889-exec-1[0;39m | [1;32morg.springframework.web.servlet.DispatcherServlet[0;39m | Completed initialization in 1 ms
2024-04-08 22:12:39 | [34mINFO [0;39m | [1;33mhttp-nio-8889-exec-1[0;39m | [1;32mcom.zaxxer.hikari.HikariDataSource[0;39m | HikariPool-1 - Starting...
2024-04-08 22:12:39 | [34mINFO [0;39m | [1;33mhttp-nio-8889-exec-1[0;39m | [1;32mcom.zaxxer.hikari.pool.HikariPool[0;39m | HikariPool-1 - Added connection com.mysql.cj.jdbc.ConnectionImpl@7873a50e
2024-04-08 22:12:39 | [34mINFO [0;39m | [1;33mhttp-nio-8889-exec-1[0;39m | [1;32mcom.zaxxer.hikari.HikariDataSource[0;39m | HikariPool-1 - Start completed.
2024-04-08 23:06:11 | [34mINFO [0;39m | [1;33mFile Watcher[0;39m | [1;32morg.springframework.boot.devtools.autoconfigure.LocalDevToolsAutoConfiguration$RestartingClassPathChangeChangedEventListener[0;39m | Restarting due to 2 class path changes (0 additions, 2 deletions, 0 modifications)
2024-04-08 23:06:11 | [34mINFO [0;39m | [1;33mThread-5[0;39m | [1;32mcom.zaxxer.hikari.HikariDataSource[0;39m | HikariPool-1 - Shutdown initiated...
2024-04-08 23:06:11 | [34mINFO [0;39m | [1;33mThread-5[0;39m | [1;32mcom.zaxxer.hikari.HikariDataSource[0;39m | HikariPool-1 - Shutdown completed.
2024-04-08 23:06:11 | [34mINFO [0;39m | [1;33mrestartedMain[0;39m | [1;32mcom.manage.AcademicManageApplication[0;39m | Starting AcademicManageApplication using Java 17.0.7 with PID 5208 (D:\demo\academicManage\target\classes started by 16618 in D:\demo\academicManage)
2024-04-08 23:06:11 | [34mINFO [0;39m | [1;33mrestartedMain[0;39m | [1;32mcom.manage.AcademicManageApplication[0;39m | The following 1 profile is active: "jdbc"
2024-04-08 23:06:12 | [34mINFO [0;39m | [1;33mrestartedMain[0;39m | [1;32morg.springframework.boot.web.embedded.tomcat.TomcatWebServer[0;39m | Tomcat initialized with port 8889 (http)
2024-04-08 23:06:12 | [34mINFO [0;39m | [1;33mrestartedMain[0;39m | [1;32morg.apache.catalina.core.StandardService[0;39m | Starting service [Tomcat]
2024-04-08 23:06:12 | [34mINFO [0;39m | [1;33mrestartedMain[0;39m | [1;32morg.apache.catalina.core.StandardEngine[0;39m | Starting Servlet engine: [Apache Tomcat/10.1.18]
2024-04-08 23:06:12 | [34mINFO [0;39m | [1;33mrestartedMain[0;39m | [1;32morg.apache.catalina.core.ContainerBase.[Tomcat].[localhost].[/lyq][0;39m | Initializing Spring embedded WebApplicationContext
2024-04-08 23:06:12 | [34mINFO [0;39m | [1;33mrestartedMain[0;39m | [1;32morg.springframework.boot.web.servlet.context.ServletWebServerApplicationContext[0;39m | Root WebApplicationContext: initialization completed in 1042 ms
2024-04-08 23:06:12 | [34mINFO [0;39m | [1;33mrestartedMain[0;39m | [1;32morg.apache.catalina.core.StandardService[0;39m | Stopping service [Tomcat]
2024-04-08 23:06:12 | [31mWARN [0;39m | [1;33mrestartedMain[0;39m | [1;32morg.springframework.boot.web.servlet.context.AnnotationConfigServletWebServerApplicationContext[0;39m | Exception encountered during context initialization - cancelling refresh attempt: org.springframework.context.ApplicationContextException: Unable to start web server
2024-04-08 23:06:12 | [34mINFO [0;39m | [1;33mrestartedMain[0;39m | [1;32morg.springframework.boot.autoconfigure.logging.ConditionEvaluationReportLogger[0;39m | 

Error starting ApplicationContext. To display the condition evaluation report re-run your application with 'debug' enabled.
2024-04-08 23:06:14 | [34mINFO [0;39m | [1;33mrestartedMain[0;39m | [1;32mcom.manage.AcademicManageApplication[0;39m | Starting AcademicManageApplication using Java 17.0.7 with PID 5208 (D:\demo\academicManage\target\classes started by 16618 in D:\demo\academicManage)
2024-04-08 23:06:14 | [34mINFO [0;39m | [1;33mrestartedMain[0;39m | [1;32mcom.manage.AcademicManageApplication[0;39m | The following 1 profile is active: "jdbc"
2024-04-08 23:06:15 | [34mINFO [0;39m | [1;33mrestartedMain[0;39m | [1;32morg.springframework.boot.web.embedded.tomcat.TomcatWebServer[0;39m | Tomcat initialized with port 8889 (http)
2024-04-08 23:06:15 | [34mINFO [0;39m | [1;33mrestartedMain[0;39m | [1;32morg.apache.catalina.core.StandardService[0;39m | Starting service [Tomcat]
2024-04-08 23:06:15 | [34mINFO [0;39m | [1;33mrestartedMain[0;39m | [1;32morg.apache.catalina.core.StandardEngine[0;39m | Starting Servlet engine: [Apache Tomcat/10.1.18]
2024-04-08 23:06:15 | [34mINFO [0;39m | [1;33mrestartedMain[0;39m | [1;32morg.apache.catalina.core.ContainerBase.[Tomcat-1].[localhost].[/lyq][0;39m | Initializing Spring embedded WebApplicationContext
2024-04-08 23:06:15 | [34mINFO [0;39m | [1;33mrestartedMain[0;39m | [1;32morg.springframework.boot.web.servlet.context.ServletWebServerApplicationContext[0;39m | Root WebApplicationContext: initialization completed in 426 ms
2024-04-08 23:06:15 | [34mINFO [0;39m | [1;33mrestartedMain[0;39m | [1;32morg.springframework.security.web.DefaultSecurityFilterChain[0;39m | Will secure any request with [org.springframework.security.web.session.DisableEncodeUrlFilter@787c8744, org.springframework.security.web.context.request.async.WebAsyncManagerIntegrationFilter@6215b8e6, org.springframework.security.web.context.SecurityContextHolderFilter@76c12658, org.springframework.security.web.header.HeaderWriterFilter@76204ab6, org.springframework.web.filter.CorsFilter@641e5f12, org.springframework.security.web.authentication.logout.LogoutFilter@3a231e98, com.manage.security.JwtAuthorizationFilter@1e7f9f01, org.springframework.security.web.authentication.UsernamePasswordAuthenticationFilter@3b6910f6, org.springframework.security.web.savedrequest.RequestCacheAwareFilter@41580268, org.springframework.security.web.servletapi.SecurityContextHolderAwareRequestFilter@35d9950f, org.springframework.security.web.authentication.rememberme.RememberMeAuthenticationFilter@42e18b79, org.springframework.security.web.authentication.AnonymousAuthenticationFilter@78f24ef5, org.springframework.security.web.session.SessionManagementFilter@68f31eb1, org.springframework.security.web.access.ExceptionTranslationFilter@7c0964ec, org.springframework.security.web.access.intercept.FilterSecurityInterceptor@5ab6bef2]
2024-04-08 23:06:16 | [34mINFO [0;39m | [1;33mrestartedMain[0;39m | [1;32morg.springframework.boot.devtools.autoconfigure.OptionalLiveReloadServer[0;39m | LiveReload server is running on port 35729
2024-04-08 23:06:16 | [34mINFO [0;39m | [1;33mrestartedMain[0;39m | [1;32morg.springframework.boot.web.embedded.tomcat.TomcatWebServer[0;39m | Tomcat started on port 8889 (http) with context path '/lyq'
2024-04-08 23:06:16 | [34mINFO [0;39m | [1;33mrestartedMain[0;39m | [1;32mcom.manage.AcademicManageApplication[0;39m | Started AcademicManageApplication in 1.146 seconds (process running for 3236.311)
2024-04-08 23:06:16 | [34mINFO [0;39m | [1;33mrestartedMain[0;39m | [1;32morg.springframework.boot.devtools.autoconfigure.ConditionEvaluationDeltaLoggingListener[0;39m | Condition evaluation unchanged
2024-04-08 23:08:13 | [34mINFO [0;39m | [1;33mhttp-nio-8889-exec-1[0;39m | [1;32morg.apache.catalina.core.ContainerBase.[Tomcat-1].[localhost].[/lyq][0;39m | Initializing Spring DispatcherServlet 'dispatcherServlet'
2024-04-08 23:08:13 | [34mINFO [0;39m | [1;33mhttp-nio-8889-exec-1[0;39m | [1;32morg.springframework.web.servlet.DispatcherServlet[0;39m | Initializing Servlet 'dispatcherServlet'
2024-04-08 23:08:13 | [34mINFO [0;39m | [1;33mhttp-nio-8889-exec-1[0;39m | [1;32morg.springframework.web.servlet.DispatcherServlet[0;39m | Completed initialization in 0 ms
2024-04-08 23:08:13 | [34mINFO [0;39m | [1;33mhttp-nio-8889-exec-4[0;39m | [1;32mcom.zaxxer.hikari.HikariDataSource[0;39m | HikariPool-2 - Starting...
2024-04-08 23:08:13 | [34mINFO [0;39m | [1;33mhttp-nio-8889-exec-4[0;39m | [1;32mcom.zaxxer.hikari.pool.HikariPool[0;39m | HikariPool-2 - Added connection com.mysql.cj.jdbc.ConnectionImpl@521535d8
2024-04-08 23:08:13 | [34mINFO [0;39m | [1;33mhttp-nio-8889-exec-4[0;39m | [1;32mcom.zaxxer.hikari.HikariDataSource[0;39m | HikariPool-2 - Start completed.
2024-04-08 23:09:20 | [34mINFO [0;39m | [1;33mFile Watcher[0;39m | [1;32morg.springframework.boot.devtools.autoconfigure.LocalDevToolsAutoConfiguration$RestartingClassPathChangeChangedEventListener[0;39m | Restarting due to 2 class path changes (0 additions, 2 deletions, 0 modifications)
2024-04-08 23:09:20 | [34mINFO [0;39m | [1;33mThread-7[0;39m | [1;32mcom.zaxxer.hikari.HikariDataSource[0;39m | HikariPool-2 - Shutdown initiated...
2024-04-08 23:09:20 | [34mINFO [0;39m | [1;33mThread-7[0;39m | [1;32mcom.zaxxer.hikari.HikariDataSource[0;39m | HikariPool-2 - Shutdown completed.
2024-04-08 23:09:20 | [34mINFO [0;39m | [1;33mrestartedMain[0;39m | [1;32mcom.manage.AcademicManageApplication[0;39m | Starting AcademicManageApplication using Java 17.0.7 with PID 5208 (D:\demo\academicManage\target\classes started by 16618 in D:\demo\academicManage)
2024-04-08 23:09:20 | [34mINFO [0;39m | [1;33mrestartedMain[0;39m | [1;32mcom.manage.AcademicManageApplication[0;39m | The following 1 profile is active: "jdbc"
2024-04-08 23:09:20 | [34mINFO [0;39m | [1;33mrestartedMain[0;39m | [1;32morg.springframework.boot.web.embedded.tomcat.TomcatWebServer[0;39m | Tomcat initialized with port 8889 (http)
2024-04-08 23:09:20 | [34mINFO [0;39m | [1;33mrestartedMain[0;39m | [1;32morg.apache.catalina.core.StandardService[0;39m | Starting service [Tomcat]
2024-04-08 23:09:20 | [34mINFO [0;39m | [1;33mrestartedMain[0;39m | [1;32morg.apache.catalina.core.StandardEngine[0;39m | Starting Servlet engine: [Apache Tomcat/10.1.18]
2024-04-08 23:09:21 | [34mINFO [0;39m | [1;33mrestartedMain[0;39m | [1;32morg.apache.catalina.core.ContainerBase.[Tomcat-1].[localhost].[/lyq][0;39m | Initializing Spring embedded WebApplicationContext
2024-04-08 23:09:21 | [34mINFO [0;39m | [1;33mrestartedMain[0;39m | [1;32morg.springframework.boot.web.servlet.context.ServletWebServerApplicationContext[0;39m | Root WebApplicationContext: initialization completed in 472 ms
2024-04-08 23:09:21 | [34mINFO [0;39m | [1;33mrestartedMain[0;39m | [1;32morg.apache.catalina.core.StandardService[0;39m | Stopping service [Tomcat]
2024-04-08 23:09:21 | [31mWARN [0;39m | [1;33mrestartedMain[0;39m | [1;32morg.springframework.boot.web.servlet.context.AnnotationConfigServletWebServerApplicationContext[0;39m | Exception encountered during context initialization - cancelling refresh attempt: org.springframework.context.ApplicationContextException: Unable to start web server
2024-04-08 23:09:21 | [34mINFO [0;39m | [1;33mrestartedMain[0;39m | [1;32morg.springframework.boot.autoconfigure.logging.ConditionEvaluationReportLogger[0;39m | 

Error starting ApplicationContext. To display the condition evaluation report re-run your application with 'debug' enabled.
2024-04-08 23:09:22 | [34mINFO [0;39m | [1;33mrestartedMain[0;39m | [1;32mcom.manage.AcademicManageApplication[0;39m | Starting AcademicManageApplication using Java 17.0.7 with PID 5208 (D:\demo\academicManage\target\classes started by 16618 in D:\demo\academicManage)
2024-04-08 23:09:22 | [34mINFO [0;39m | [1;33mrestartedMain[0;39m | [1;32mcom.manage.AcademicManageApplication[0;39m | The following 1 profile is active: "jdbc"
2024-04-08 23:09:22 | [34mINFO [0;39m | [1;33mrestartedMain[0;39m | [1;32morg.springframework.boot.web.embedded.tomcat.TomcatWebServer[0;39m | Tomcat initialized with port 8889 (http)
2024-04-08 23:09:22 | [34mINFO [0;39m | [1;33mrestartedMain[0;39m | [1;32morg.apache.catalina.core.StandardService[0;39m | Starting service [Tomcat]
2024-04-08 23:09:22 | [34mINFO [0;39m | [1;33mrestartedMain[0;39m | [1;32morg.apache.catalina.core.StandardEngine[0;39m | Starting Servlet engine: [Apache Tomcat/10.1.18]
2024-04-08 23:09:23 | [34mINFO [0;39m | [1;33mrestartedMain[0;39m | [1;32morg.apache.catalina.core.ContainerBase.[Tomcat-2].[localhost].[/lyq][0;39m | Initializing Spring embedded WebApplicationContext
2024-04-08 23:09:23 | [34mINFO [0;39m | [1;33mrestartedMain[0;39m | [1;32morg.springframework.boot.web.servlet.context.ServletWebServerApplicationContext[0;39m | Root WebApplicationContext: initialization completed in 451 ms
2024-04-08 23:09:23 | [34mINFO [0;39m | [1;33mrestartedMain[0;39m | [1;32morg.springframework.security.web.DefaultSecurityFilterChain[0;39m | Will secure any request with [org.springframework.security.web.session.DisableEncodeUrlFilter@21e40da7, org.springframework.security.web.context.request.async.WebAsyncManagerIntegrationFilter@16ac43b5, org.springframework.security.web.context.SecurityContextHolderFilter@3e27c251, org.springframework.security.web.header.HeaderWriterFilter@2f0bc94e, org.springframework.web.filter.CorsFilter@5fa5b905, org.springframework.security.web.authentication.logout.LogoutFilter@3ea092c9, com.manage.security.JwtAuthorizationFilter@110e55c9, org.springframework.security.web.authentication.UsernamePasswordAuthenticationFilter@761c9826, org.springframework.security.web.savedrequest.RequestCacheAwareFilter@1b3a79d2, org.springframework.security.web.servletapi.SecurityContextHolderAwareRequestFilter@6a0a9242, org.springframework.security.web.authentication.rememberme.RememberMeAuthenticationFilter@483a9c25, org.springframework.security.web.authentication.AnonymousAuthenticationFilter@7a7c7786, org.springframework.security.web.session.SessionManagementFilter@267e56bd, org.springframework.security.web.access.ExceptionTranslationFilter@755a1c43, org.springframework.security.web.access.intercept.FilterSecurityInterceptor@2d1a15c]
2024-04-08 23:09:23 | [34mINFO [0;39m | [1;33mrestartedMain[0;39m | [1;32morg.springframework.boot.devtools.autoconfigure.OptionalLiveReloadServer[0;39m | LiveReload server is running on port 35729
2024-04-08 23:09:23 | [34mINFO [0;39m | [1;33mrestartedMain[0;39m | [1;32morg.springframework.boot.web.embedded.tomcat.TomcatWebServer[0;39m | Tomcat started on port 8889 (http) with context path '/lyq'
2024-04-08 23:09:23 | [34mINFO [0;39m | [1;33mrestartedMain[0;39m | [1;32mcom.manage.AcademicManageApplication[0;39m | Started AcademicManageApplication in 1.072 seconds (process running for 3423.852)
2024-04-08 23:09:23 | [34mINFO [0;39m | [1;33mrestartedMain[0;39m | [1;32morg.springframework.boot.devtools.autoconfigure.ConditionEvaluationDeltaLoggingListener[0;39m | Condition evaluation unchanged
2024-04-08 23:11:06 | [34mINFO [0;39m | [1;33mFile Watcher[0;39m | [1;32morg.springframework.boot.devtools.autoconfigure.LocalDevToolsAutoConfiguration$RestartingClassPathChangeChangedEventListener[0;39m | Restarting due to 2 class path changes (0 additions, 2 deletions, 0 modifications)
2024-04-08 23:11:07 | [34mINFO [0;39m | [1;33mrestartedMain[0;39m | [1;32mcom.manage.AcademicManageApplication[0;39m | Starting AcademicManageApplication using Java 17.0.7 with PID 5208 (D:\demo\academicManage\target\classes started by 16618 in D:\demo\academicManage)
2024-04-08 23:11:07 | [34mINFO [0;39m | [1;33mrestartedMain[0;39m | [1;32mcom.manage.AcademicManageApplication[0;39m | The following 1 profile is active: "jdbc"
2024-04-08 23:11:07 | [34mINFO [0;39m | [1;33mrestartedMain[0;39m | [1;32morg.springframework.boot.web.embedded.tomcat.TomcatWebServer[0;39m | Tomcat initialized with port 8889 (http)
2024-04-08 23:11:07 | [34mINFO [0;39m | [1;33mrestartedMain[0;39m | [1;32morg.apache.catalina.core.StandardService[0;39m | Starting service [Tomcat]
2024-04-08 23:11:07 | [34mINFO [0;39m | [1;33mrestartedMain[0;39m | [1;32morg.apache.catalina.core.StandardEngine[0;39m | Starting Servlet engine: [Apache Tomcat/10.1.18]
2024-04-08 23:11:07 | [34mINFO [0;39m | [1;33mrestartedMain[0;39m | [1;32morg.apache.catalina.core.ContainerBase.[Tomcat-2].[localhost].[/lyq][0;39m | Initializing Spring embedded WebApplicationContext
2024-04-08 23:11:07 | [34mINFO [0;39m | [1;33mrestartedMain[0;39m | [1;32morg.springframework.boot.web.servlet.context.ServletWebServerApplicationContext[0;39m | Root WebApplicationContext: initialization completed in 449 ms
2024-04-08 23:11:07 | [34mINFO [0;39m | [1;33mrestartedMain[0;39m | [1;32morg.apache.catalina.core.StandardService[0;39m | Stopping service [Tomcat]
2024-04-08 23:11:07 | [31mWARN [0;39m | [1;33mrestartedMain[0;39m | [1;32morg.springframework.boot.web.servlet.context.AnnotationConfigServletWebServerApplicationContext[0;39m | Exception encountered during context initialization - cancelling refresh attempt: org.springframework.context.ApplicationContextException: Unable to start web server
2024-04-08 23:11:07 | [34mINFO [0;39m | [1;33mrestartedMain[0;39m | [1;32morg.springframework.boot.autoconfigure.logging.ConditionEvaluationReportLogger[0;39m | 

Error starting ApplicationContext. To display the condition evaluation report re-run your application with 'debug' enabled.
2024-04-08 23:11:09 | [34mINFO [0;39m | [1;33mrestartedMain[0;39m | [1;32mcom.manage.AcademicManageApplication[0;39m | Starting AcademicManageApplication using Java 17.0.7 with PID 5208 (D:\demo\academicManage\target\classes started by 16618 in D:\demo\academicManage)
2024-04-08 23:11:09 | [34mINFO [0;39m | [1;33mrestartedMain[0;39m | [1;32mcom.manage.AcademicManageApplication[0;39m | The following 1 profile is active: "jdbc"
2024-04-08 23:11:09 | [34mINFO [0;39m | [1;33mrestartedMain[0;39m | [1;32morg.springframework.boot.web.embedded.tomcat.TomcatWebServer[0;39m | Tomcat initialized with port 8889 (http)
2024-04-08 23:11:09 | [34mINFO [0;39m | [1;33mrestartedMain[0;39m | [1;32morg.apache.catalina.core.StandardService[0;39m | Starting service [Tomcat]
2024-04-08 23:11:09 | [34mINFO [0;39m | [1;33mrestartedMain[0;39m | [1;32morg.apache.catalina.core.StandardEngine[0;39m | Starting Servlet engine: [Apache Tomcat/10.1.18]
2024-04-08 23:11:09 | [34mINFO [0;39m | [1;33mrestartedMain[0;39m | [1;32morg.apache.catalina.core.ContainerBase.[Tomcat-3].[localhost].[/lyq][0;39m | Initializing Spring embedded WebApplicationContext
2024-04-08 23:11:09 | [34mINFO [0;39m | [1;33mrestartedMain[0;39m | [1;32morg.springframework.boot.web.servlet.context.ServletWebServerApplicationContext[0;39m | Root WebApplicationContext: initialization completed in 407 ms
2024-04-08 23:11:09 | [34mINFO [0;39m | [1;33mrestartedMain[0;39m | [1;32morg.springframework.security.web.DefaultSecurityFilterChain[0;39m | Will secure any request with [org.springframework.security.web.session.DisableEncodeUrlFilter@781d547e, org.springframework.security.web.context.request.async.WebAsyncManagerIntegrationFilter@3eb4a65a, org.springframework.security.web.context.SecurityContextHolderFilter@66fc5c16, org.springframework.security.web.header.HeaderWriterFilter@713b2b1a, org.springframework.web.filter.CorsFilter@3d71c190, org.springframework.security.web.authentication.logout.LogoutFilter@7fb73619, com.manage.security.JwtAuthorizationFilter@78447aaa, org.springframework.security.web.authentication.UsernamePasswordAuthenticationFilter@307896a1, org.springframework.security.web.savedrequest.RequestCacheAwareFilter@36bf37f1, org.springframework.security.web.servletapi.SecurityContextHolderAwareRequestFilter@1e74a9c7, org.springframework.security.web.authentication.rememberme.RememberMeAuthenticationFilter@b793bf8, org.springframework.security.web.authentication.AnonymousAuthenticationFilter@394fe9ed, org.springframework.security.web.session.SessionManagementFilter@4354dd42, org.springframework.security.web.access.ExceptionTranslationFilter@58b1144c, org.springframework.security.web.access.intercept.FilterSecurityInterceptor@1fc754ce]
2024-04-08 23:11:09 | [34mINFO [0;39m | [1;33mrestartedMain[0;39m | [1;32morg.springframework.boot.devtools.autoconfigure.OptionalLiveReloadServer[0;39m | LiveReload server is running on port 35729
2024-04-08 23:11:10 | [34mINFO [0;39m | [1;33mrestartedMain[0;39m | [1;32morg.springframework.boot.web.embedded.tomcat.TomcatWebServer[0;39m | Tomcat started on port 8889 (http) with context path '/lyq'
2024-04-08 23:11:10 | [34mINFO [0;39m | [1;33mrestartedMain[0;39m | [1;32mcom.manage.AcademicManageApplication[0;39m | Started AcademicManageApplication in 1.015 seconds (process running for 3530.272)
2024-04-08 23:11:10 | [34mINFO [0;39m | [1;33mrestartedMain[0;39m | [1;32morg.springframework.boot.devtools.autoconfigure.ConditionEvaluationDeltaLoggingListener[0;39m | Condition evaluation unchanged
2024-04-08 23:11:38 | [34mINFO [0;39m | [1;33mFile Watcher[0;39m | [1;32morg.springframework.boot.devtools.autoconfigure.LocalDevToolsAutoConfiguration$RestartingClassPathChangeChangedEventListener[0;39m | Restarting due to 1 class path change (0 additions, 1 deletion, 0 modifications)
2024-04-08 23:11:38 | [34mINFO [0;39m | [1;33mrestartedMain[0;39m | [1;32mcom.manage.AcademicManageApplication[0;39m | Starting AcademicManageApplication using Java 17.0.7 with PID 5208 (D:\demo\academicManage\target\classes started by 16618 in D:\demo\academicManage)
2024-04-08 23:11:38 | [34mINFO [0;39m | [1;33mrestartedMain[0;39m | [1;32mcom.manage.AcademicManageApplication[0;39m | The following 1 profile is active: "jdbc"
2024-04-08 23:11:38 | [34mINFO [0;39m | [1;33mrestartedMain[0;39m | [1;32morg.springframework.boot.web.embedded.tomcat.TomcatWebServer[0;39m | Tomcat initialized with port 8889 (http)
2024-04-08 23:11:38 | [34mINFO [0;39m | [1;33mrestartedMain[0;39m | [1;32morg.apache.catalina.core.StandardService[0;39m | Starting service [Tomcat]
2024-04-08 23:11:38 | [34mINFO [0;39m | [1;33mrestartedMain[0;39m | [1;32morg.apache.catalina.core.StandardEngine[0;39m | Starting Servlet engine: [Apache Tomcat/10.1.18]
2024-04-08 23:11:38 | [34mINFO [0;39m | [1;33mrestartedMain[0;39m | [1;32morg.apache.catalina.core.ContainerBase.[Tomcat-3].[localhost].[/lyq][0;39m | Initializing Spring embedded WebApplicationContext
2024-04-08 23:11:38 | [34mINFO [0;39m | [1;33mrestartedMain[0;39m | [1;32morg.springframework.boot.web.servlet.context.ServletWebServerApplicationContext[0;39m | Root WebApplicationContext: initialization completed in 435 ms
2024-04-08 23:11:39 | [34mINFO [0;39m | [1;33mrestartedMain[0;39m | [1;32morg.apache.catalina.core.StandardService[0;39m | Stopping service [Tomcat]
2024-04-08 23:11:39 | [31mWARN [0;39m | [1;33mrestartedMain[0;39m | [1;32morg.springframework.boot.web.servlet.context.AnnotationConfigServletWebServerApplicationContext[0;39m | Exception encountered during context initialization - cancelling refresh attempt: org.springframework.context.ApplicationContextException: Unable to start web server
2024-04-08 23:11:39 | [34mINFO [0;39m | [1;33mrestartedMain[0;39m | [1;32morg.springframework.boot.autoconfigure.logging.ConditionEvaluationReportLogger[0;39m | 

Error starting ApplicationContext. To display the condition evaluation report re-run your application with 'debug' enabled.
2024-04-08 23:11:40 | [34mINFO [0;39m | [1;33mrestartedMain[0;39m | [1;32mcom.manage.AcademicManageApplication[0;39m | Starting AcademicManageApplication using Java 17.0.7 with PID 5208 (D:\demo\academicManage\target\classes started by 16618 in D:\demo\academicManage)
2024-04-08 23:11:40 | [34mINFO [0;39m | [1;33mrestartedMain[0;39m | [1;32mcom.manage.AcademicManageApplication[0;39m | The following 1 profile is active: "jdbc"
2024-04-08 23:11:41 | [34mINFO [0;39m | [1;33mrestartedMain[0;39m | [1;32morg.springframework.boot.web.embedded.tomcat.TomcatWebServer[0;39m | Tomcat initialized with port 8889 (http)
2024-04-08 23:11:41 | [34mINFO [0;39m | [1;33mrestartedMain[0;39m | [1;32morg.apache.catalina.core.StandardService[0;39m | Starting service [Tomcat]
2024-04-08 23:11:41 | [34mINFO [0;39m | [1;33mrestartedMain[0;39m | [1;32morg.apache.catalina.core.StandardEngine[0;39m | Starting Servlet engine: [Apache Tomcat/10.1.18]
2024-04-08 23:11:41 | [34mINFO [0;39m | [1;33mrestartedMain[0;39m | [1;32morg.apache.catalina.core.ContainerBase.[Tomcat-4].[localhost].[/lyq][0;39m | Initializing Spring embedded WebApplicationContext
2024-04-08 23:11:41 | [34mINFO [0;39m | [1;33mrestartedMain[0;39m | [1;32morg.springframework.boot.web.servlet.context.ServletWebServerApplicationContext[0;39m | Root WebApplicationContext: initialization completed in 397 ms
2024-04-08 23:11:41 | [34mINFO [0;39m | [1;33mrestartedMain[0;39m | [1;32morg.springframework.security.web.DefaultSecurityFilterChain[0;39m | Will secure any request with [org.springframework.security.web.session.DisableEncodeUrlFilter@4b0c1359, org.springframework.security.web.context.request.async.WebAsyncManagerIntegrationFilter@4001fb26, org.springframework.security.web.context.SecurityContextHolderFilter@5fa3e984, org.springframework.security.web.header.HeaderWriterFilter@3a5132ec, org.springframework.web.filter.CorsFilter@79ce7894, org.springframework.security.web.authentication.logout.LogoutFilter@5de0d5d6, com.manage.security.JwtAuthorizationFilter@32acf0e7, org.springframework.security.web.authentication.UsernamePasswordAuthenticationFilter@2d86eb8f, org.springframework.security.web.savedrequest.RequestCacheAwareFilter@340883d6, org.springframework.security.web.servletapi.SecurityContextHolderAwareRequestFilter@7fd11e9, org.springframework.security.web.authentication.rememberme.RememberMeAuthenticationFilter@421bd58f, org.springframework.security.web.authentication.AnonymousAuthenticationFilter@54421c17, org.springframework.security.web.session.SessionManagementFilter@232721fd, org.springframework.security.web.access.ExceptionTranslationFilter@f0c8997, org.springframework.security.web.access.intercept.FilterSecurityInterceptor@7e965732]
2024-04-08 23:11:41 | [34mINFO [0;39m | [1;33mrestartedMain[0;39m | [1;32morg.springframework.boot.devtools.autoconfigure.OptionalLiveReloadServer[0;39m | LiveReload server is running on port 35729
2024-04-08 23:11:41 | [34mINFO [0;39m | [1;33mrestartedMain[0;39m | [1;32morg.springframework.boot.web.embedded.tomcat.TomcatWebServer[0;39m | Tomcat started on port 8889 (http) with context path '/lyq'
2024-04-08 23:11:41 | [34mINFO [0;39m | [1;33mrestartedMain[0;39m | [1;32mcom.manage.AcademicManageApplication[0;39m | Started AcademicManageApplication in 1.007 seconds (process running for 3561.853)
2024-04-08 23:11:41 | [34mINFO [0;39m | [1;33mrestartedMain[0;39m | [1;32morg.springframework.boot.devtools.autoconfigure.ConditionEvaluationDeltaLoggingListener[0;39m | Condition evaluation unchanged
2024-04-08 23:15:59 | [34mINFO [0;39m | [1;33mFile Watcher[0;39m | [1;32morg.springframework.boot.devtools.autoconfigure.LocalDevToolsAutoConfiguration$RestartingClassPathChangeChangedEventListener[0;39m | Restarting due to 2 class path changes (0 additions, 2 deletions, 0 modifications)
2024-04-08 23:15:59 | [34mINFO [0;39m | [1;33mrestartedMain[0;39m | [1;32mcom.manage.AcademicManageApplication[0;39m | Starting AcademicManageApplication using Java 17.0.7 with PID 5208 (D:\demo\academicManage\target\classes started by 16618 in D:\demo\academicManage)
2024-04-08 23:15:59 | [34mINFO [0;39m | [1;33mrestartedMain[0;39m | [1;32mcom.manage.AcademicManageApplication[0;39m | The following 1 profile is active: "jdbc"
2024-04-08 23:15:59 | [34mINFO [0;39m | [1;33mrestartedMain[0;39m | [1;32morg.springframework.boot.web.embedded.tomcat.TomcatWebServer[0;39m | Tomcat initialized with port 8889 (http)
2024-04-08 23:15:59 | [34mINFO [0;39m | [1;33mrestartedMain[0;39m | [1;32morg.apache.catalina.core.StandardService[0;39m | Starting service [Tomcat]
2024-04-08 23:15:59 | [34mINFO [0;39m | [1;33mrestartedMain[0;39m | [1;32morg.apache.catalina.core.StandardEngine[0;39m | Starting Servlet engine: [Apache Tomcat/10.1.18]
2024-04-08 23:15:59 | [34mINFO [0;39m | [1;33mrestartedMain[0;39m | [1;32morg.apache.catalina.core.ContainerBase.[Tomcat-4].[localhost].[/lyq][0;39m | Initializing Spring embedded WebApplicationContext
2024-04-08 23:15:59 | [34mINFO [0;39m | [1;33mrestartedMain[0;39m | [1;32morg.springframework.boot.web.servlet.context.ServletWebServerApplicationContext[0;39m | Root WebApplicationContext: initialization completed in 472 ms
2024-04-08 23:16:00 | [34mINFO [0;39m | [1;33mrestartedMain[0;39m | [1;32morg.apache.catalina.core.StandardService[0;39m | Stopping service [Tomcat]
2024-04-08 23:16:00 | [31mWARN [0;39m | [1;33mrestartedMain[0;39m | [1;32morg.springframework.boot.web.servlet.context.AnnotationConfigServletWebServerApplicationContext[0;39m | Exception encountered during context initialization - cancelling refresh attempt: org.springframework.context.ApplicationContextException: Unable to start web server
2024-04-08 23:16:00 | [34mINFO [0;39m | [1;33mrestartedMain[0;39m | [1;32morg.springframework.boot.autoconfigure.logging.ConditionEvaluationReportLogger[0;39m | 

Error starting ApplicationContext. To display the condition evaluation report re-run your application with 'debug' enabled.
2024-04-08 23:16:01 | [34mINFO [0;39m | [1;33mrestartedMain[0;39m | [1;32mcom.manage.AcademicManageApplication[0;39m | Starting AcademicManageApplication using Java 17.0.7 with PID 5208 (D:\demo\academicManage\target\classes started by 16618 in D:\demo\academicManage)
2024-04-08 23:16:01 | [34mINFO [0;39m | [1;33mrestartedMain[0;39m | [1;32mcom.manage.AcademicManageApplication[0;39m | The following 1 profile is active: "jdbc"
2024-04-08 23:16:01 | [34mINFO [0;39m | [1;33mrestartedMain[0;39m | [1;32morg.springframework.boot.web.embedded.tomcat.TomcatWebServer[0;39m | Tomcat initialized with port 8889 (http)
2024-04-08 23:16:01 | [34mINFO [0;39m | [1;33mrestartedMain[0;39m | [1;32morg.apache.catalina.core.StandardService[0;39m | Starting service [Tomcat]
2024-04-08 23:16:01 | [34mINFO [0;39m | [1;33mrestartedMain[0;39m | [1;32morg.apache.catalina.core.StandardEngine[0;39m | Starting Servlet engine: [Apache Tomcat/10.1.18]
2024-04-08 23:16:01 | [34mINFO [0;39m | [1;33mrestartedMain[0;39m | [1;32morg.apache.catalina.core.ContainerBase.[Tomcat-5].[localhost].[/lyq][0;39m | Initializing Spring embedded WebApplicationContext
2024-04-08 23:16:01 | [34mINFO [0;39m | [1;33mrestartedMain[0;39m | [1;32morg.springframework.boot.web.servlet.context.ServletWebServerApplicationContext[0;39m | Root WebApplicationContext: initialization completed in 375 ms
2024-04-08 23:16:02 | [34mINFO [0;39m | [1;33mrestartedMain[0;39m | [1;32morg.springframework.security.web.DefaultSecurityFilterChain[0;39m | Will secure any request with [org.springframework.security.web.session.DisableEncodeUrlFilter@765792b0, org.springframework.security.web.context.request.async.WebAsyncManagerIntegrationFilter@4d753876, org.springframework.security.web.context.SecurityContextHolderFilter@4879096d, org.springframework.security.web.header.HeaderWriterFilter@72c3d400, org.springframework.web.filter.CorsFilter@be5ddef, org.springframework.security.web.authentication.logout.LogoutFilter@5f6e29b9, com.manage.security.JwtAuthorizationFilter@11b032f8, org.springframework.security.web.authentication.UsernamePasswordAuthenticationFilter@7f6f8b25, org.springframework.security.web.savedrequest.RequestCacheAwareFilter@36a2c079, org.springframework.security.web.servletapi.SecurityContextHolderAwareRequestFilter@5aad6179, org.springframework.security.web.authentication.rememberme.RememberMeAuthenticationFilter@4e789b18, org.springframework.security.web.authentication.AnonymousAuthenticationFilter@7ebc775d, org.springframework.security.web.session.SessionManagementFilter@65cc170d, org.springframework.security.web.access.ExceptionTranslationFilter@e8e056e, org.springframework.security.web.access.intercept.FilterSecurityInterceptor@fd2851c]
2024-04-08 23:16:02 | [34mINFO [0;39m | [1;33mrestartedMain[0;39m | [1;32morg.springframework.boot.devtools.autoconfigure.OptionalLiveReloadServer[0;39m | LiveReload server is running on port 35729
2024-04-08 23:16:02 | [34mINFO [0;39m | [1;33mrestartedMain[0;39m | [1;32morg.springframework.boot.web.embedded.tomcat.TomcatWebServer[0;39m | Tomcat started on port 8889 (http) with context path '/lyq'
2024-04-08 23:16:02 | [34mINFO [0;39m | [1;33mrestartedMain[0;39m | [1;32mcom.manage.AcademicManageApplication[0;39m | Started AcademicManageApplication in 0.926 seconds (process running for 3822.716)
2024-04-08 23:16:02 | [34mINFO [0;39m | [1;33mrestartedMain[0;39m | [1;32morg.springframework.boot.devtools.autoconfigure.ConditionEvaluationDeltaLoggingListener[0;39m | Condition evaluation unchanged
2024-04-08 23:17:56 | [34mINFO [0;39m | [1;33mhttp-nio-8889-exec-1[0;39m | [1;32morg.apache.catalina.core.ContainerBase.[Tomcat-5].[localhost].[/lyq][0;39m | Initializing Spring DispatcherServlet 'dispatcherServlet'
2024-04-08 23:17:56 | [34mINFO [0;39m | [1;33mhttp-nio-8889-exec-1[0;39m | [1;32morg.springframework.web.servlet.DispatcherServlet[0;39m | Initializing Servlet 'dispatcherServlet'
2024-04-08 23:17:56 | [34mINFO [0;39m | [1;33mhttp-nio-8889-exec-1[0;39m | [1;32morg.springframework.web.servlet.DispatcherServlet[0;39m | Completed initialization in 1 ms
2024-04-08 23:18:06 | [34mINFO [0;39m | [1;33mrestartedMain[0;39m | [1;32mcom.manage.AcademicManageApplication[0;39m | Starting AcademicManageApplication using Java 17.0.7 with PID 11672 (D:\demo\academicManage\target\classes started by 16618 in D:\demo\academicManage)
2024-04-08 23:18:06 | [34mINFO [0;39m | [1;33mrestartedMain[0;39m | [1;32mcom.manage.AcademicManageApplication[0;39m | The following 1 profile is active: "jdbc"
2024-04-08 23:18:06 | [34mINFO [0;39m | [1;33mrestartedMain[0;39m | [1;32morg.springframework.boot.devtools.env.DevToolsPropertyDefaultsPostProcessor[0;39m | Devtools property defaults active! Set 'spring.devtools.add-properties' to 'false' to disable
2024-04-08 23:18:06 | [34mINFO [0;39m | [1;33mrestartedMain[0;39m | [1;32morg.springframework.boot.devtools.env.DevToolsPropertyDefaultsPostProcessor[0;39m | For additional web related logging consider setting the 'logging.level.web' property to 'DEBUG'
2024-04-08 23:18:08 | [34mINFO [0;39m | [1;33mrestartedMain[0;39m | [1;32morg.springframework.boot.web.embedded.tomcat.TomcatWebServer[0;39m | Tomcat initialized with port 8889 (http)
2024-04-08 23:18:08 | [34mINFO [0;39m | [1;33mrestartedMain[0;39m | [1;32morg.apache.catalina.core.StandardService[0;39m | Starting service [Tomcat]
2024-04-08 23:18:08 | [34mINFO [0;39m | [1;33mrestartedMain[0;39m | [1;32morg.apache.catalina.core.StandardEngine[0;39m | Starting Servlet engine: [Apache Tomcat/10.1.18]
2024-04-08 23:18:08 | [34mINFO [0;39m | [1;33mrestartedMain[0;39m | [1;32morg.apache.catalina.core.ContainerBase.[Tomcat].[localhost].[/lyq][0;39m | Initializing Spring embedded WebApplicationContext
2024-04-08 23:18:08 | [34mINFO [0;39m | [1;33mrestartedMain[0;39m | [1;32morg.springframework.boot.web.servlet.context.ServletWebServerApplicationContext[0;39m | Root WebApplicationContext: initialization completed in 1264 ms
2024-04-08 23:18:09 | [34mINFO [0;39m | [1;33mrestartedMain[0;39m | [1;32morg.springframework.security.web.DefaultSecurityFilterChain[0;39m | Will secure any request with [org.springframework.security.web.session.DisableEncodeUrlFilter@7b3e2ae9, org.springframework.security.web.context.request.async.WebAsyncManagerIntegrationFilter@7f39af98, org.springframework.security.web.context.SecurityContextHolderFilter@779ac0d7, org.springframework.security.web.header.HeaderWriterFilter@4abe76bd, org.springframework.web.filter.CorsFilter@4c77d939, org.springframework.security.web.authentication.logout.LogoutFilter@6dced01e, com.manage.security.JwtAuthorizationFilter@18ca57c5, org.springframework.security.web.authentication.UsernamePasswordAuthenticationFilter@568043d8, org.springframework.security.web.savedrequest.RequestCacheAwareFilter@652c92ff, org.springframework.security.web.servletapi.SecurityContextHolderAwareRequestFilter@150109d1, org.springframework.security.web.authentication.rememberme.RememberMeAuthenticationFilter@21828932, org.springframework.security.web.authentication.AnonymousAuthenticationFilter@7331920, org.springframework.security.web.session.SessionManagementFilter@4fa01ea9, org.springframework.security.web.access.ExceptionTranslationFilter@24d161b2, org.springframework.security.web.access.intercept.FilterSecurityInterceptor@2f373e96]
2024-04-08 23:18:09 | [34mINFO [0;39m | [1;33mrestartedMain[0;39m | [1;32morg.springframework.boot.devtools.autoconfigure.OptionalLiveReloadServer[0;39m | LiveReload server is running on port 35729
2024-04-08 23:18:09 | [34mINFO [0;39m | [1;33mrestartedMain[0;39m | [1;32morg.springframework.boot.web.embedded.tomcat.TomcatWebServer[0;39m | Tomcat started on port 8889 (http) with context path '/lyq'
2024-04-08 23:18:09 | [34mINFO [0;39m | [1;33mrestartedMain[0;39m | [1;32mcom.manage.AcademicManageApplication[0;39m | Started AcademicManageApplication in 3.102 seconds (process running for 4.022)
2024-04-08 23:18:24 | [34mINFO [0;39m | [1;33mhttp-nio-8889-exec-1[0;39m | [1;32morg.apache.catalina.core.ContainerBase.[Tomcat].[localhost].[/lyq][0;39m | Initializing Spring DispatcherServlet 'dispatcherServlet'
2024-04-08 23:18:24 | [34mINFO [0;39m | [1;33mhttp-nio-8889-exec-1[0;39m | [1;32morg.springframework.web.servlet.DispatcherServlet[0;39m | Initializing Servlet 'dispatcherServlet'
2024-04-08 23:18:24 | [34mINFO [0;39m | [1;33mhttp-nio-8889-exec-1[0;39m | [1;32morg.springframework.web.servlet.DispatcherServlet[0;39m | Completed initialization in 0 ms
2024-04-08 23:18:24 | [34mINFO [0;39m | [1;33mhttp-nio-8889-exec-1[0;39m | [1;32mcom.zaxxer.hikari.HikariDataSource[0;39m | HikariPool-1 - Starting...
2024-04-08 23:18:24 | [34mINFO [0;39m | [1;33mhttp-nio-8889-exec-1[0;39m | [1;32mcom.zaxxer.hikari.pool.HikariPool[0;39m | HikariPool-1 - Added connection com.mysql.cj.jdbc.ConnectionImpl@6223296f
2024-04-08 23:18:24 | [34mINFO [0;39m | [1;33mhttp-nio-8889-exec-1[0;39m | [1;32mcom.zaxxer.hikari.HikariDataSource[0;39m | HikariPool-1 - Start completed.
2024-04-08 23:36:31 | [34mINFO [0;39m | [1;33mSpringApplicationShutdownHook[0;39m | [1;32mcom.zaxxer.hikari.HikariDataSource[0;39m | HikariPool-1 - Shutdown initiated...
2024-04-08 23:36:31 | [34mINFO [0;39m | [1;33mSpringApplicationShutdownHook[0;39m | [1;32mcom.zaxxer.hikari.HikariDataSource[0;39m | HikariPool-1 - Shutdown completed.
2024-04-08 23:36:36 | [34mINFO [0;39m | [1;33mrestartedMain[0;39m | [1;32mcom.manage.AcademicManageApplication[0;39m | Starting AcademicManageApplication using Java 17.0.7 with PID 27536 (D:\demo\academicManage\target\classes started by 16618 in D:\demo\academicManage)
2024-04-08 23:36:36 | [34mINFO [0;39m | [1;33mrestartedMain[0;39m | [1;32mcom.manage.AcademicManageApplication[0;39m | The following 1 profile is active: "jdbc"
2024-04-08 23:36:36 | [34mINFO [0;39m | [1;33mrestartedMain[0;39m | [1;32morg.springframework.boot.devtools.env.DevToolsPropertyDefaultsPostProcessor[0;39m | Devtools property defaults active! Set 'spring.devtools.add-properties' to 'false' to disable
2024-04-08 23:36:36 | [34mINFO [0;39m | [1;33mrestartedMain[0;39m | [1;32morg.springframework.boot.devtools.env.DevToolsPropertyDefaultsPostProcessor[0;39m | For additional web related logging consider setting the 'logging.level.web' property to 'DEBUG'
2024-04-08 23:36:38 | [34mINFO [0;39m | [1;33mrestartedMain[0;39m | [1;32morg.springframework.boot.web.embedded.tomcat.TomcatWebServer[0;39m | Tomcat initialized with port 8889 (http)
2024-04-08 23:36:38 | [34mINFO [0;39m | [1;33mrestartedMain[0;39m | [1;32morg.apache.catalina.core.StandardService[0;39m | Starting service [Tomcat]
2024-04-08 23:36:38 | [34mINFO [0;39m | [1;33mrestartedMain[0;39m | [1;32morg.apache.catalina.core.StandardEngine[0;39m | Starting Servlet engine: [Apache Tomcat/10.1.18]
2024-04-08 23:36:38 | [34mINFO [0;39m | [1;33mrestartedMain[0;39m | [1;32morg.apache.catalina.core.ContainerBase.[Tomcat].[localhost].[/lyq][0;39m | Initializing Spring embedded WebApplicationContext
2024-04-08 23:36:38 | [34mINFO [0;39m | [1;33mrestartedMain[0;39m | [1;32morg.springframework.boot.web.servlet.context.ServletWebServerApplicationContext[0;39m | Root WebApplicationContext: initialization completed in 1783 ms
2024-04-08 23:36:39 | [34mINFO [0;39m | [1;33mrestartedMain[0;39m | [1;32morg.springframework.security.web.DefaultSecurityFilterChain[0;39m | Will secure any request with [org.springframework.security.web.session.DisableEncodeUrlFilter@7257fecc, org.springframework.security.web.context.request.async.WebAsyncManagerIntegrationFilter@2f6b1270, org.springframework.security.web.context.SecurityContextHolderFilter@4ecfdc9a, org.springframework.security.web.header.HeaderWriterFilter@34d92fd5, org.springframework.web.filter.CorsFilter@7873f292, org.springframework.security.web.authentication.logout.LogoutFilter@1c65d810, com.manage.security.JwtAuthorizationFilter@12d98f0d, org.springframework.security.web.authentication.UsernamePasswordAuthenticationFilter@39effb02, org.springframework.security.web.savedrequest.RequestCacheAwareFilter@7663a399, org.springframework.security.web.servletapi.SecurityContextHolderAwareRequestFilter@38adeedb, org.springframework.security.web.authentication.rememberme.RememberMeAuthenticationFilter@67f96688, org.springframework.security.web.authentication.AnonymousAuthenticationFilter@654fa603, org.springframework.security.web.session.SessionManagementFilter@7755ab76, org.springframework.security.web.access.ExceptionTranslationFilter@15b7155b, org.springframework.security.web.access.intercept.FilterSecurityInterceptor@37e50396]
2024-04-08 23:36:40 | [34mINFO [0;39m | [1;33mrestartedMain[0;39m | [1;32morg.springframework.boot.devtools.autoconfigure.OptionalLiveReloadServer[0;39m | LiveReload server is running on port 35729
2024-04-08 23:36:40 | [34mINFO [0;39m | [1;33mrestartedMain[0;39m | [1;32morg.springframework.boot.web.embedded.tomcat.TomcatWebServer[0;39m | Tomcat started on port 8889 (http) with context path '/lyq'
2024-04-08 23:36:40 | [34mINFO [0;39m | [1;33mrestartedMain[0;39m | [1;32mcom.manage.AcademicManageApplication[0;39m | Started AcademicManageApplication in 4.19 seconds (process running for 5.036)
2024-04-08 23:37:58 | [34mINFO [0;39m | [1;33mFile Watcher[0;39m | [1;32morg.springframework.boot.devtools.autoconfigure.LocalDevToolsAutoConfiguration$RestartingClassPathChangeChangedEventListener[0;39m | Restarting due to 1 class path change (0 additions, 1 deletion, 0 modifications)
2024-04-08 23:37:59 | [34mINFO [0;39m | [1;33mrestartedMain[0;39m | [1;32mcom.manage.AcademicManageApplication[0;39m | Starting AcademicManageApplication using Java 17.0.7 with PID 27536 (D:\demo\academicManage\target\classes started by 16618 in D:\demo\academicManage)
2024-04-08 23:37:59 | [34mINFO [0;39m | [1;33mrestartedMain[0;39m | [1;32mcom.manage.AcademicManageApplication[0;39m | The following 1 profile is active: "jdbc"
2024-04-08 23:37:59 | [34mINFO [0;39m | [1;33mrestartedMain[0;39m | [1;32morg.springframework.boot.web.embedded.tomcat.TomcatWebServer[0;39m | Tomcat initialized with port 8889 (http)
2024-04-08 23:37:59 | [34mINFO [0;39m | [1;33mrestartedMain[0;39m | [1;32morg.apache.catalina.core.StandardService[0;39m | Starting service [Tomcat]
2024-04-08 23:37:59 | [34mINFO [0;39m | [1;33mrestartedMain[0;39m | [1;32morg.apache.catalina.core.StandardEngine[0;39m | Starting Servlet engine: [Apache Tomcat/10.1.18]
2024-04-08 23:37:59 | [34mINFO [0;39m | [1;33mrestartedMain[0;39m | [1;32morg.apache.catalina.core.ContainerBase.[Tomcat].[localhost].[/lyq][0;39m | Initializing Spring embedded WebApplicationContext
2024-04-08 23:37:59 | [34mINFO [0;39m | [1;33mrestartedMain[0;39m | [1;32morg.springframework.boot.web.servlet.context.ServletWebServerApplicationContext[0;39m | Root WebApplicationContext: initialization completed in 459 ms
2024-04-08 23:38:00 | [34mINFO [0;39m | [1;33mrestartedMain[0;39m | [1;32morg.springframework.security.web.DefaultSecurityFilterChain[0;39m | Will secure any request with [org.springframework.security.web.session.DisableEncodeUrlFilter@3a261d18, org.springframework.security.web.context.request.async.WebAsyncManagerIntegrationFilter@3c8c0cf2, org.springframework.security.web.context.SecurityContextHolderFilter@449670fc, org.springframework.security.web.header.HeaderWriterFilter@11657edb, org.springframework.web.filter.CorsFilter@7f932cb1, org.springframework.security.web.authentication.logout.LogoutFilter@4b9d9e5c, com.manage.security.JwtAuthorizationFilter@688a0b01, org.springframework.security.web.authentication.UsernamePasswordAuthenticationFilter@734b0a36, org.springframework.security.web.savedrequest.RequestCacheAwareFilter@11f5236a, org.springframework.security.web.servletapi.SecurityContextHolderAwareRequestFilter@2bdc0429, org.springframework.security.web.authentication.rememberme.RememberMeAuthenticationFilter@387db53a, org.springframework.security.web.authentication.AnonymousAuthenticationFilter@702db7a3, org.springframework.security.web.session.SessionManagementFilter@63fe99d4, org.springframework.security.web.access.ExceptionTranslationFilter@1899a5e9, org.springframework.security.web.access.intercept.FilterSecurityInterceptor@4414e3c9]
2024-04-08 23:38:00 | [34mINFO [0;39m | [1;33mrestartedMain[0;39m | [1;32morg.springframework.boot.devtools.autoconfigure.OptionalLiveReloadServer[0;39m | LiveReload server is running on port 35729
2024-04-08 23:38:00 | [34mINFO [0;39m | [1;33mrestartedMain[0;39m | [1;32morg.springframework.boot.web.embedded.tomcat.TomcatWebServer[0;39m | Tomcat started on port 8889 (http) with context path '/lyq'
2024-04-08 23:38:00 | [34mINFO [0;39m | [1;33mrestartedMain[0;39m | [1;32mcom.manage.AcademicManageApplication[0;39m | Started AcademicManageApplication in 1.214 seconds (process running for 85.144)
2024-04-08 23:38:00 | [34mINFO [0;39m | [1;33mrestartedMain[0;39m | [1;32morg.springframework.boot.devtools.autoconfigure.ConditionEvaluationDeltaLoggingListener[0;39m | Condition evaluation unchanged
2024-04-08 23:38:01 | [34mINFO [0;39m | [1;33mFile Watcher[0;39m | [1;32morg.springframework.boot.devtools.autoconfigure.LocalDevToolsAutoConfiguration$RestartingClassPathChangeChangedEventListener[0;39m | Restarting due to 1 class path change (1 addition, 0 deletions, 0 modifications)
2024-04-08 23:38:01 | [34mINFO [0;39m | [1;33mrestartedMain[0;39m | [1;32mcom.manage.AcademicManageApplication[0;39m | Starting AcademicManageApplication using Java 17.0.7 with PID 27536 (D:\demo\academicManage\target\classes started by 16618 in D:\demo\academicManage)
2024-04-08 23:38:01 | [34mINFO [0;39m | [1;33mrestartedMain[0;39m | [1;32mcom.manage.AcademicManageApplication[0;39m | The following 1 profile is active: "jdbc"
2024-04-08 23:38:02 | [34mINFO [0;39m | [1;33mrestartedMain[0;39m | [1;32morg.springframework.boot.web.embedded.tomcat.TomcatWebServer[0;39m | Tomcat initialized with port 8889 (http)
2024-04-08 23:38:02 | [34mINFO [0;39m | [1;33mrestartedMain[0;39m | [1;32morg.apache.catalina.core.StandardService[0;39m | Starting service [Tomcat]
2024-04-08 23:38:02 | [34mINFO [0;39m | [1;33mrestartedMain[0;39m | [1;32morg.apache.catalina.core.StandardEngine[0;39m | Starting Servlet engine: [Apache Tomcat/10.1.18]
2024-04-08 23:38:02 | [34mINFO [0;39m | [1;33mrestartedMain[0;39m | [1;32morg.apache.catalina.core.ContainerBase.[Tomcat].[localhost].[/lyq][0;39m | Initializing Spring embedded WebApplicationContext
2024-04-08 23:38:02 | [34mINFO [0;39m | [1;33mrestartedMain[0;39m | [1;32morg.springframework.boot.web.servlet.context.ServletWebServerApplicationContext[0;39m | Root WebApplicationContext: initialization completed in 453 ms
2024-04-08 23:38:02 | [34mINFO [0;39m | [1;33mrestartedMain[0;39m | [1;32morg.springframework.security.web.DefaultSecurityFilterChain[0;39m | Will secure any request with [org.springframework.security.web.session.DisableEncodeUrlFilter@615f6436, org.springframework.security.web.context.request.async.WebAsyncManagerIntegrationFilter@260316df, org.springframework.security.web.context.SecurityContextHolderFilter@7bb5d0a5, org.springframework.security.web.header.HeaderWriterFilter@7044fd01, org.springframework.web.filter.CorsFilter@3f8a953, org.springframework.security.web.authentication.logout.LogoutFilter@7829f5c4, com.manage.security.JwtAuthorizationFilter@2e06e534, org.springframework.security.web.authentication.UsernamePasswordAuthenticationFilter@477f36ca, org.springframework.security.web.savedrequest.RequestCacheAwareFilter@39c0c53e, org.springframework.security.web.servletapi.SecurityContextHolderAwareRequestFilter@6ebb8bf2, org.springframework.security.web.authentication.rememberme.RememberMeAuthenticationFilter@7529c1cc, org.springframework.security.web.authentication.AnonymousAuthenticationFilter@654ba336, org.springframework.security.web.session.SessionManagementFilter@4420e28f, org.springframework.security.web.access.ExceptionTranslationFilter@fd9bdd0, org.springframework.security.web.access.intercept.FilterSecurityInterceptor@72f1463b]
2024-04-08 23:38:02 | [34mINFO [0;39m | [1;33mrestartedMain[0;39m | [1;32morg.springframework.boot.devtools.autoconfigure.OptionalLiveReloadServer[0;39m | LiveReload server is running on port 35729
2024-04-08 23:38:02 | [34mINFO [0;39m | [1;33mrestartedMain[0;39m | [1;32morg.springframework.boot.web.embedded.tomcat.TomcatWebServer[0;39m | Tomcat started on port 8889 (http) with context path '/lyq'
2024-04-08 23:38:02 | [34mINFO [0;39m | [1;33mrestartedMain[0;39m | [1;32mcom.manage.AcademicManageApplication[0;39m | Started AcademicManageApplication in 1.074 seconds (process running for 87.71)
2024-04-08 23:38:02 | [34mINFO [0;39m | [1;33mrestartedMain[0;39m | [1;32morg.springframework.boot.devtools.autoconfigure.ConditionEvaluationDeltaLoggingListener[0;39m | Condition evaluation unchanged
2024-04-08 23:38:30 | [34mINFO [0;39m | [1;33mhttp-nio-8889-exec-3[0;39m | [1;32morg.apache.catalina.core.ContainerBase.[Tomcat].[localhost].[/lyq][0;39m | Initializing Spring DispatcherServlet 'dispatcherServlet'
2024-04-08 23:38:30 | [34mINFO [0;39m | [1;33mhttp-nio-8889-exec-3[0;39m | [1;32morg.springframework.web.servlet.DispatcherServlet[0;39m | Initializing Servlet 'dispatcherServlet'
2024-04-08 23:38:30 | [34mINFO [0;39m | [1;33mhttp-nio-8889-exec-3[0;39m | [1;32morg.springframework.web.servlet.DispatcherServlet[0;39m | Completed initialization in 2 ms
2024-04-08 23:39:51 | [34mINFO [0;39m | [1;33mhttp-nio-8889-exec-3[0;39m | [1;32mcom.zaxxer.hikari.HikariDataSource[0;39m | HikariPool-1 - Starting...
2024-04-08 23:39:51 | [34mINFO [0;39m | [1;33mhttp-nio-8889-exec-3[0;39m | [1;32mcom.zaxxer.hikari.pool.HikariPool[0;39m | HikariPool-1 - Added connection com.mysql.cj.jdbc.ConnectionImpl@368d6512
2024-04-08 23:39:51 | [34mINFO [0;39m | [1;33mhttp-nio-8889-exec-3[0;39m | [1;32mcom.zaxxer.hikari.HikariDataSource[0;39m | HikariPool-1 - Start completed.
2024-04-08 23:59:42 | [34mINFO [0;39m | [1;33mSpringApplicationShutdownHook[0;39m | [1;32mcom.zaxxer.hikari.HikariDataSource[0;39m | HikariPool-1 - Shutdown initiated...
2024-04-08 23:59:42 | [34mINFO [0;39m | [1;33mSpringApplicationShutdownHook[0;39m | [1;32mcom.zaxxer.hikari.HikariDataSource[0;39m | HikariPool-1 - Shutdown completed.
