2024-04-13 23:12:23 | [34mINFO [0;39m | [1;33mrestartedMain[0;39m | [1;32mcom.manage.AcademicManageApplication[0;39m | Starting AcademicManageApplication using Java 17.0.7 with PID 22820 (D:\demo\academicManage\target\classes started by 16618 in D:\demo\academicManage)
2024-04-13 23:12:23 | [34mINFO [0;39m | [1;33mrestartedMain[0;39m | [1;32mcom.manage.AcademicManageApplication[0;39m | The following 1 profile is active: "jdbc"
2024-04-13 23:12:23 | [34mINFO [0;39m | [1;33mrestartedMain[0;39m | [1;32morg.springframework.boot.devtools.env.DevToolsPropertyDefaultsPostProcessor[0;39m | Devtools property defaults active! Set 'spring.devtools.add-properties' to 'false' to disable
2024-04-13 23:12:23 | [34mINFO [0;39m | [1;33mrestartedMain[0;39m | [1;32morg.springframework.boot.devtools.env.DevToolsPropertyDefaultsPostProcessor[0;39m | For additional web related logging consider setting the 'logging.level.web' property to 'DEBUG'
2024-04-13 23:12:25 | [34mINFO [0;39m | [1;33mrestartedMain[0;39m | [1;32morg.springframework.boot.web.embedded.tomcat.TomcatWebServer[0;39m | Tomcat initialized with port 8889 (http)
2024-04-13 23:12:25 | [34mINFO [0;39m | [1;33mrestartedMain[0;39m | [1;32morg.apache.catalina.core.StandardService[0;39m | Starting service [Tomcat]
2024-04-13 23:12:25 | [34mINFO [0;39m | [1;33mrestartedMain[0;39m | [1;32morg.apache.catalina.core.StandardEngine[0;39m | Starting Servlet engine: [Apache Tomcat/10.1.18]
2024-04-13 23:12:25 | [34mINFO [0;39m | [1;33mrestartedMain[0;39m | [1;32morg.apache.catalina.core.ContainerBase.[Tomcat].[localhost].[/lyq][0;39m | Initializing Spring embedded WebApplicationContext
2024-04-13 23:12:25 | [34mINFO [0;39m | [1;33mrestartedMain[0;39m | [1;32morg.springframework.boot.web.servlet.context.ServletWebServerApplicationContext[0;39m | Root WebApplicationContext: initialization completed in 2028 ms
2024-04-13 23:12:25 | [31mWARN [0;39m | [1;33mrestartedMain[0;39m | [1;32mcom.baomidou.mybatisplus.core.injector.DefaultSqlInjector[0;39m | class com.manage.entity.vo.UserClassVo ,Not found @TableId annotation, Cannot use Mybatis-Plus 'xxById' Method.
2024-04-13 23:12:25 | [31mWARN [0;39m | [1;33mrestartedMain[0;39m | [1;32mcom.baomidou.mybatisplus.core.injector.DefaultSqlInjector[0;39m | class com.manage.entity.vo.UserRoleVo ,Not found @TableId annotation, Cannot use Mybatis-Plus 'xxById' Method.
2024-04-13 23:12:26 | [34mINFO [0;39m | [1;33mrestartedMain[0;39m | [1;32morg.springframework.security.web.DefaultSecurityFilterChain[0;39m | Will secure any request with [org.springframework.security.web.session.DisableEncodeUrlFilter@4205ff4f, org.springframework.security.web.context.request.async.WebAsyncManagerIntegrationFilter@6738290b, org.springframework.security.web.context.SecurityContextHolderFilter@22621791, org.springframework.security.web.header.HeaderWriterFilter@69e4327a, org.springframework.web.filter.CorsFilter@2077a5e5, org.springframework.security.web.authentication.logout.LogoutFilter@4acc5915, com.manage.security.JwtAuthorizationFilter@533668ba, org.springframework.security.web.authentication.UsernamePasswordAuthenticationFilter@67815a5b, org.springframework.security.web.savedrequest.RequestCacheAwareFilter@4f89db57, org.springframework.security.web.servletapi.SecurityContextHolderAwareRequestFilter@36d4c875, org.springframework.security.web.authentication.rememberme.RememberMeAuthenticationFilter@54882d8d, org.springframework.security.web.authentication.AnonymousAuthenticationFilter@73388b04, org.springframework.security.web.session.SessionManagementFilter@731a600f, org.springframework.security.web.access.ExceptionTranslationFilter@325fe2e5, org.springframework.security.web.access.intercept.FilterSecurityInterceptor@476c9f03]
2024-04-13 23:12:26 | [34mINFO [0;39m | [1;33mrestartedMain[0;39m | [1;32morg.springframework.boot.devtools.autoconfigure.OptionalLiveReloadServer[0;39m | LiveReload server is running on port 35729
2024-04-13 23:12:26 | [34mINFO [0;39m | [1;33mrestartedMain[0;39m | [1;32morg.springframework.boot.web.embedded.tomcat.TomcatWebServer[0;39m | Tomcat started on port 8889 (http) with context path '/lyq'
2024-04-13 23:12:26 | [34mINFO [0;39m | [1;33mrestartedMain[0;39m | [1;32mcom.manage.AcademicManageApplication[0;39m | Started AcademicManageApplication in 3.653 seconds (process running for 5.705)
2024-04-13 23:12:50 | [34mINFO [0;39m | [1;33mhttp-nio-8889-exec-1[0;39m | [1;32morg.apache.catalina.core.ContainerBase.[Tomcat].[localhost].[/lyq][0;39m | Initializing Spring DispatcherServlet 'dispatcherServlet'
2024-04-13 23:12:50 | [34mINFO [0;39m | [1;33mhttp-nio-8889-exec-1[0;39m | [1;32morg.springframework.web.servlet.DispatcherServlet[0;39m | Initializing Servlet 'dispatcherServlet'
2024-04-13 23:12:50 | [34mINFO [0;39m | [1;33mhttp-nio-8889-exec-1[0;39m | [1;32morg.springframework.web.servlet.DispatcherServlet[0;39m | Completed initialization in 0 ms
2024-04-13 23:12:50 | [34mINFO [0;39m | [1;33mhttp-nio-8889-exec-1[0;39m | [1;32mcom.zaxxer.hikari.HikariDataSource[0;39m | HikariPool-1 - Starting...
2024-04-13 23:12:51 | [34mINFO [0;39m | [1;33mhttp-nio-8889-exec-1[0;39m | [1;32mcom.zaxxer.hikari.pool.HikariPool[0;39m | HikariPool-1 - Added connection com.mysql.cj.jdbc.ConnectionImpl@596acd66
2024-04-13 23:12:51 | [34mINFO [0;39m | [1;33mhttp-nio-8889-exec-1[0;39m | [1;32mcom.zaxxer.hikari.HikariDataSource[0;39m | HikariPool-1 - Start completed.
2024-04-13 23:47:54 | [31mWARN [0;39m | [1;33mhttp-nio-8889-exec-4[0;39m | [1;32morg.springframework.web.servlet.mvc.support.DefaultHandlerExceptionResolver[0;39m | Resolved [org.springframework.web.bind.MissingServletRequestParameterException: Required request parameter 'collegeId' for method parameter type Integer is present but converted to null]
2024-04-13 23:47:59 | [31mWARN [0;39m | [1;33mhttp-nio-8889-exec-5[0;39m | [1;32morg.springframework.web.servlet.mvc.support.DefaultHandlerExceptionResolver[0;39m | Resolved [org.springframework.web.bind.MissingServletRequestParameterException: Required request parameter 'collegeId' for method parameter type Integer is present but converted to null]
2024-04-13 23:48:26 | [31mWARN [0;39m | [1;33mhttp-nio-8889-exec-6[0;39m | [1;32morg.springframework.web.servlet.mvc.support.DefaultHandlerExceptionResolver[0;39m | Resolved [org.springframework.web.bind.MissingServletRequestParameterException: Required request parameter 'collegeId' for method parameter type Integer is present but converted to null]
2024-04-13 23:50:09 | [31mWARN [0;39m | [1;33mhttp-nio-8889-exec-5[0;39m | [1;32morg.springframework.web.servlet.mvc.support.DefaultHandlerExceptionResolver[0;39m | Resolved [org.springframework.web.bind.MissingServletRequestParameterException: Required request parameter 'collegeId' for method parameter type Integer is present but converted to null]
2024-04-13 23:58:02 | [34mINFO [0;39m | [1;33mFile Watcher[0;39m | [1;32morg.springframework.boot.devtools.autoconfigure.LocalDevToolsAutoConfiguration$RestartingClassPathChangeChangedEventListener[0;39m | Restarting due to 2 class path changes (0 additions, 2 deletions, 0 modifications)
2024-04-13 23:58:02 | [34mINFO [0;39m | [1;33mThread-5[0;39m | [1;32mcom.zaxxer.hikari.HikariDataSource[0;39m | HikariPool-1 - Shutdown initiated...
2024-04-13 23:58:02 | [34mINFO [0;39m | [1;33mThread-5[0;39m | [1;32mcom.zaxxer.hikari.HikariDataSource[0;39m | HikariPool-1 - Shutdown completed.
2024-04-13 23:58:02 | [34mINFO [0;39m | [1;33mrestartedMain[0;39m | [1;32mcom.manage.AcademicManageApplication[0;39m | Starting AcademicManageApplication using Java 17.0.7 with PID 22820 (D:\demo\academicManage\target\classes started by 16618 in D:\demo\academicManage)
2024-04-13 23:58:02 | [34mINFO [0;39m | [1;33mrestartedMain[0;39m | [1;32mcom.manage.AcademicManageApplication[0;39m | The following 1 profile is active: "jdbc"
2024-04-13 23:58:02 | [34mINFO [0;39m | [1;33mrestartedMain[0;39m | [1;32morg.springframework.boot.web.embedded.tomcat.TomcatWebServer[0;39m | Tomcat initialized with port 8889 (http)
2024-04-13 23:58:02 | [34mINFO [0;39m | [1;33mrestartedMain[0;39m | [1;32morg.apache.catalina.core.StandardService[0;39m | Starting service [Tomcat]
2024-04-13 23:58:02 | [34mINFO [0;39m | [1;33mrestartedMain[0;39m | [1;32morg.apache.catalina.core.StandardEngine[0;39m | Starting Servlet engine: [Apache Tomcat/10.1.18]
2024-04-13 23:58:02 | [34mINFO [0;39m | [1;33mrestartedMain[0;39m | [1;32morg.apache.catalina.core.ContainerBase.[Tomcat].[localhost].[/lyq][0;39m | Initializing Spring embedded WebApplicationContext
2024-04-13 23:58:02 | [34mINFO [0;39m | [1;33mrestartedMain[0;39m | [1;32morg.springframework.boot.web.servlet.context.ServletWebServerApplicationContext[0;39m | Root WebApplicationContext: initialization completed in 464 ms
2024-04-13 23:58:02 | [34mINFO [0;39m | [1;33mrestartedMain[0;39m | [1;32morg.apache.catalina.core.StandardService[0;39m | Stopping service [Tomcat]
2024-04-13 23:58:02 | [31mWARN [0;39m | [1;33mrestartedMain[0;39m | [1;32morg.springframework.boot.web.servlet.context.AnnotationConfigServletWebServerApplicationContext[0;39m | Exception encountered during context initialization - cancelling refresh attempt: org.springframework.context.ApplicationContextException: Unable to start web server
2024-04-13 23:58:02 | [34mINFO [0;39m | [1;33mrestartedMain[0;39m | [1;32morg.springframework.boot.autoconfigure.logging.ConditionEvaluationReportLogger[0;39m | 

Error starting ApplicationContext. To display the condition evaluation report re-run your application with 'debug' enabled.
2024-04-13 23:58:04 | [34mINFO [0;39m | [1;33mrestartedMain[0;39m | [1;32mcom.manage.AcademicManageApplication[0;39m | Starting AcademicManageApplication using Java 17.0.7 with PID 22820 (D:\demo\academicManage\target\classes started by 16618 in D:\demo\academicManage)
2024-04-13 23:58:04 | [34mINFO [0;39m | [1;33mrestartedMain[0;39m | [1;32mcom.manage.AcademicManageApplication[0;39m | The following 1 profile is active: "jdbc"
2024-04-13 23:58:04 | [34mINFO [0;39m | [1;33mrestartedMain[0;39m | [1;32morg.springframework.boot.web.embedded.tomcat.TomcatWebServer[0;39m | Tomcat initialized with port 8889 (http)
2024-04-13 23:58:04 | [34mINFO [0;39m | [1;33mrestartedMain[0;39m | [1;32morg.apache.catalina.core.StandardService[0;39m | Starting service [Tomcat]
2024-04-13 23:58:04 | [34mINFO [0;39m | [1;33mrestartedMain[0;39m | [1;32morg.apache.catalina.core.StandardEngine[0;39m | Starting Servlet engine: [Apache Tomcat/10.1.18]
2024-04-13 23:58:04 | [34mINFO [0;39m | [1;33mrestartedMain[0;39m | [1;32morg.apache.catalina.core.ContainerBase.[Tomcat-1].[localhost].[/lyq][0;39m | Initializing Spring embedded WebApplicationContext
2024-04-13 23:58:04 | [34mINFO [0;39m | [1;33mrestartedMain[0;39m | [1;32morg.springframework.boot.web.servlet.context.ServletWebServerApplicationContext[0;39m | Root WebApplicationContext: initialization completed in 260 ms
2024-04-13 23:58:05 | [34mINFO [0;39m | [1;33mrestartedMain[0;39m | [1;32morg.springframework.security.web.DefaultSecurityFilterChain[0;39m | Will secure any request with [org.springframework.security.web.session.DisableEncodeUrlFilter@1a2086a4, org.springframework.security.web.context.request.async.WebAsyncManagerIntegrationFilter@3638610e, org.springframework.security.web.context.SecurityContextHolderFilter@bc3d7c8, org.springframework.security.web.header.HeaderWriterFilter@60041088, org.springframework.web.filter.CorsFilter@29050a31, org.springframework.security.web.authentication.logout.LogoutFilter@1273bcd, com.manage.security.JwtAuthorizationFilter@12043d68, org.springframework.security.web.authentication.UsernamePasswordAuthenticationFilter@52738fe0, org.springframework.security.web.savedrequest.RequestCacheAwareFilter@201e732a, org.springframework.security.web.servletapi.SecurityContextHolderAwareRequestFilter@60dea7f1, org.springframework.security.web.authentication.rememberme.RememberMeAuthenticationFilter@47074b70, org.springframework.security.web.authentication.AnonymousAuthenticationFilter@4ac275f5, org.springframework.security.web.session.SessionManagementFilter@238afdfc, org.springframework.security.web.access.ExceptionTranslationFilter@4b2c0b59, org.springframework.security.web.access.intercept.FilterSecurityInterceptor@26e3e0a9]
2024-04-13 23:58:05 | [34mINFO [0;39m | [1;33mrestartedMain[0;39m | [1;32morg.springframework.boot.devtools.autoconfigure.OptionalLiveReloadServer[0;39m | LiveReload server is running on port 35729
2024-04-13 23:58:05 | [34mINFO [0;39m | [1;33mrestartedMain[0;39m | [1;32morg.springframework.boot.web.embedded.tomcat.TomcatWebServer[0;39m | Tomcat started on port 8889 (http) with context path '/lyq'
2024-04-13 23:58:05 | [34mINFO [0;39m | [1;33mrestartedMain[0;39m | [1;32mcom.manage.AcademicManageApplication[0;39m | Started AcademicManageApplication in 0.756 seconds (process running for 2744.222)
2024-04-13 23:58:05 | [34mINFO [0;39m | [1;33mrestartedMain[0;39m | [1;32morg.springframework.boot.devtools.autoconfigure.ConditionEvaluationDeltaLoggingListener[0;39m | Condition evaluation unchanged
