2024-03-28 22:00:34 | [34mINFO [0;39m | [1;33mrestartedMain[0;39m | [1;32mcom.manage.AcademicManageApplication[0;39m | Starting AcademicManageApplication using Java 17.0.7 with PID 21408 (D:\demo\academicManage\target\classes started by 16618 in D:\demo\academicManage)
2024-03-28 22:00:34 | [34mINFO [0;39m | [1;33mrestartedMain[0;39m | [1;32mcom.manage.AcademicManageApplication[0;39m | The following 1 profile is active: "jdbc"
2024-03-28 22:00:34 | [34mINFO [0;39m | [1;33mrestartedMain[0;39m | [1;32morg.springframework.boot.devtools.env.DevToolsPropertyDefaultsPostProcessor[0;39m | Devtools property defaults active! Set 'spring.devtools.add-properties' to 'false' to disable
2024-03-28 22:00:34 | [34mINFO [0;39m | [1;33mrestartedMain[0;39m | [1;32morg.springframework.boot.devtools.env.DevToolsPropertyDefaultsPostProcessor[0;39m | For additional web related logging consider setting the 'logging.level.web' property to 'DEBUG'
2024-03-28 22:00:36 | [34mINFO [0;39m | [1;33mrestartedMain[0;39m | [1;32morg.springframework.boot.web.embedded.tomcat.TomcatWebServer[0;39m | Tomcat initialized with port 8889 (http)
2024-03-28 22:00:36 | [34mINFO [0;39m | [1;33mrestartedMain[0;39m | [1;32morg.apache.catalina.core.StandardService[0;39m | Starting service [Tomcat]
2024-03-28 22:00:36 | [34mINFO [0;39m | [1;33mrestartedMain[0;39m | [1;32morg.apache.catalina.core.StandardEngine[0;39m | Starting Servlet engine: [Apache Tomcat/10.1.18]
2024-03-28 22:00:36 | [34mINFO [0;39m | [1;33mrestartedMain[0;39m | [1;32morg.apache.catalina.core.ContainerBase.[Tomcat].[localhost].[/lyq][0;39m | Initializing Spring embedded WebApplicationContext
2024-03-28 22:00:36 | [34mINFO [0;39m | [1;33mrestartedMain[0;39m | [1;32morg.springframework.boot.web.servlet.context.ServletWebServerApplicationContext[0;39m | Root WebApplicationContext: initialization completed in 1467 ms
2024-03-28 22:00:37 | [34mINFO [0;39m | [1;33mrestartedMain[0;39m | [1;32morg.springframework.security.web.DefaultSecurityFilterChain[0;39m | Will secure any request with [org.springframework.security.web.session.DisableEncodeUrlFilter@3b316ce7, org.springframework.security.web.context.request.async.WebAsyncManagerIntegrationFilter@6b5add93, org.springframework.security.web.context.SecurityContextHolderFilter@1abc1b11, org.springframework.security.web.header.HeaderWriterFilter@c1b7c03, org.springframework.web.filter.CorsFilter@6dcc48b6, org.springframework.security.web.authentication.logout.LogoutFilter@652c92ff, com.manage.security.JwtAuthorizationFilter@15ccccb, org.springframework.security.web.authentication.UsernamePasswordAuthenticationFilter@343cefde, org.springframework.security.web.savedrequest.RequestCacheAwareFilter@4bd4d598, org.springframework.security.web.servletapi.SecurityContextHolderAwareRequestFilter@1f5f69b5, org.springframework.security.web.authentication.rememberme.RememberMeAuthenticationFilter@45155264, org.springframework.security.web.authentication.AnonymousAuthenticationFilter@6c0d65aa, org.springframework.security.web.session.SessionManagementFilter@5566684, org.springframework.security.web.access.ExceptionTranslationFilter@1ca62763, org.springframework.security.web.access.intercept.FilterSecurityInterceptor@569d1cc2]
2024-03-28 22:00:37 | [34mINFO [0;39m | [1;33mrestartedMain[0;39m | [1;32morg.springframework.boot.devtools.autoconfigure.OptionalLiveReloadServer[0;39m | LiveReload server is running on port 35729
2024-03-28 22:00:37 | [34mINFO [0;39m | [1;33mrestartedMain[0;39m | [1;32morg.springframework.boot.web.embedded.tomcat.TomcatWebServer[0;39m | Tomcat started on port 8889 (http) with context path '/lyq'
2024-03-28 22:00:37 | [34mINFO [0;39m | [1;33mrestartedMain[0;39m | [1;32mcom.manage.AcademicManageApplication[0;39m | Started AcademicManageApplication in 3.18 seconds (process running for 3.903)
2024-03-28 22:00:57 | [34mINFO [0;39m | [1;33mhttp-nio-8889-exec-2[0;39m | [1;32morg.apache.catalina.core.ContainerBase.[Tomcat].[localhost].[/lyq][0;39m | Initializing Spring DispatcherServlet 'dispatcherServlet'
2024-03-28 22:00:57 | [34mINFO [0;39m | [1;33mhttp-nio-8889-exec-2[0;39m | [1;32morg.springframework.web.servlet.DispatcherServlet[0;39m | Initializing Servlet 'dispatcherServlet'
2024-03-28 22:00:57 | [34mINFO [0;39m | [1;33mhttp-nio-8889-exec-2[0;39m | [1;32morg.springframework.web.servlet.DispatcherServlet[0;39m | Completed initialization in 0 ms
2024-03-28 22:00:57 | [34mINFO [0;39m | [1;33mhttp-nio-8889-exec-2[0;39m | [1;32mcom.zaxxer.hikari.HikariDataSource[0;39m | HikariPool-1 - Starting...
2024-03-28 22:00:58 | [34mINFO [0;39m | [1;33mhttp-nio-8889-exec-2[0;39m | [1;32mcom.zaxxer.hikari.pool.HikariPool[0;39m | HikariPool-1 - Added connection com.mysql.cj.jdbc.ConnectionImpl@53691c9b
2024-03-28 22:00:58 | [34mINFO [0;39m | [1;33mhttp-nio-8889-exec-2[0;39m | [1;32mcom.zaxxer.hikari.HikariDataSource[0;39m | HikariPool-1 - Start completed.
2024-03-28 22:12:25 | [34mINFO [0;39m | [1;33mSpringApplicationShutdownHook[0;39m | [1;32mcom.zaxxer.hikari.HikariDataSource[0;39m | HikariPool-1 - Shutdown initiated...
2024-03-28 22:12:25 | [34mINFO [0;39m | [1;33mSpringApplicationShutdownHook[0;39m | [1;32mcom.zaxxer.hikari.HikariDataSource[0;39m | HikariPool-1 - Shutdown completed.
2024-03-28 22:12:29 | [34mINFO [0;39m | [1;33mrestartedMain[0;39m | [1;32mcom.manage.AcademicManageApplication[0;39m | Starting AcademicManageApplication using Java 17.0.7 with PID 7964 (D:\demo\academicManage\target\classes started by 16618 in D:\demo\academicManage)
2024-03-28 22:12:29 | [34mINFO [0;39m | [1;33mrestartedMain[0;39m | [1;32mcom.manage.AcademicManageApplication[0;39m | The following 1 profile is active: "jdbc"
2024-03-28 22:12:29 | [34mINFO [0;39m | [1;33mrestartedMain[0;39m | [1;32morg.springframework.boot.devtools.env.DevToolsPropertyDefaultsPostProcessor[0;39m | Devtools property defaults active! Set 'spring.devtools.add-properties' to 'false' to disable
2024-03-28 22:12:29 | [34mINFO [0;39m | [1;33mrestartedMain[0;39m | [1;32morg.springframework.boot.devtools.env.DevToolsPropertyDefaultsPostProcessor[0;39m | For additional web related logging consider setting the 'logging.level.web' property to 'DEBUG'
2024-03-28 22:12:30 | [34mINFO [0;39m | [1;33mrestartedMain[0;39m | [1;32morg.springframework.boot.web.embedded.tomcat.TomcatWebServer[0;39m | Tomcat initialized with port 8889 (http)
2024-03-28 22:12:30 | [34mINFO [0;39m | [1;33mrestartedMain[0;39m | [1;32morg.apache.catalina.core.StandardService[0;39m | Starting service [Tomcat]
2024-03-28 22:12:30 | [34mINFO [0;39m | [1;33mrestartedMain[0;39m | [1;32morg.apache.catalina.core.StandardEngine[0;39m | Starting Servlet engine: [Apache Tomcat/10.1.18]
2024-03-28 22:12:30 | [34mINFO [0;39m | [1;33mrestartedMain[0;39m | [1;32morg.apache.catalina.core.ContainerBase.[Tomcat].[localhost].[/lyq][0;39m | Initializing Spring embedded WebApplicationContext
2024-03-28 22:12:30 | [34mINFO [0;39m | [1;33mrestartedMain[0;39m | [1;32morg.springframework.boot.web.servlet.context.ServletWebServerApplicationContext[0;39m | Root WebApplicationContext: initialization completed in 1072 ms
2024-03-28 22:12:31 | [34mINFO [0;39m | [1;33mrestartedMain[0;39m | [1;32morg.springframework.security.web.DefaultSecurityFilterChain[0;39m | Will secure any request with [org.springframework.security.web.session.DisableEncodeUrlFilter@28ea2e0b, org.springframework.security.web.context.request.async.WebAsyncManagerIntegrationFilter@6062dfd3, org.springframework.security.web.context.SecurityContextHolderFilter@4fa01ea9, org.springframework.security.web.header.HeaderWriterFilter@753bff8d, org.springframework.web.filter.CorsFilter@62cb0f3c, org.springframework.security.web.authentication.logout.LogoutFilter@385f9867, com.manage.security.JwtAuthorizationFilter@5244c1fb, org.springframework.security.web.authentication.UsernamePasswordAuthenticationFilter@582fd2e7, org.springframework.security.web.savedrequest.RequestCacheAwareFilter@e4fc241, org.springframework.security.web.servletapi.SecurityContextHolderAwareRequestFilter@779ac0d7, org.springframework.security.web.authentication.rememberme.RememberMeAuthenticationFilter@701e0b05, org.springframework.security.web.authentication.AnonymousAuthenticationFilter@b8925c, org.springframework.security.web.session.SessionManagementFilter@1bfc6b33, org.springframework.security.web.access.ExceptionTranslationFilter@2e322407, org.springframework.security.web.access.intercept.FilterSecurityInterceptor@2ead4e1f]
2024-03-28 22:12:31 | [34mINFO [0;39m | [1;33mrestartedMain[0;39m | [1;32morg.springframework.boot.devtools.autoconfigure.OptionalLiveReloadServer[0;39m | LiveReload server is running on port 35729
2024-03-28 22:12:31 | [34mINFO [0;39m | [1;33mrestartedMain[0;39m | [1;32morg.springframework.boot.web.embedded.tomcat.TomcatWebServer[0;39m | Tomcat started on port 8889 (http) with context path '/lyq'
2024-03-28 22:12:31 | [34mINFO [0;39m | [1;33mrestartedMain[0;39m | [1;32mcom.manage.AcademicManageApplication[0;39m | Started AcademicManageApplication in 2.534 seconds (process running for 3.184)
2024-03-28 22:12:43 | [34mINFO [0;39m | [1;33mhttp-nio-8889-exec-1[0;39m | [1;32morg.apache.catalina.core.ContainerBase.[Tomcat].[localhost].[/lyq][0;39m | Initializing Spring DispatcherServlet 'dispatcherServlet'
2024-03-28 22:12:43 | [34mINFO [0;39m | [1;33mhttp-nio-8889-exec-1[0;39m | [1;32morg.springframework.web.servlet.DispatcherServlet[0;39m | Initializing Servlet 'dispatcherServlet'
2024-03-28 22:12:43 | [34mINFO [0;39m | [1;33mhttp-nio-8889-exec-1[0;39m | [1;32morg.springframework.web.servlet.DispatcherServlet[0;39m | Completed initialization in 1 ms
2024-03-28 22:13:06 | [34mINFO [0;39m | [1;33mhttp-nio-8889-exec-5[0;39m | [1;32mcom.zaxxer.hikari.HikariDataSource[0;39m | HikariPool-1 - Starting...
2024-03-28 22:13:06 | [34mINFO [0;39m | [1;33mhttp-nio-8889-exec-5[0;39m | [1;32mcom.zaxxer.hikari.pool.HikariPool[0;39m | HikariPool-1 - Added connection com.mysql.cj.jdbc.ConnectionImpl@500f4d0c
2024-03-28 22:13:06 | [34mINFO [0;39m | [1;33mhttp-nio-8889-exec-5[0;39m | [1;32mcom.zaxxer.hikari.HikariDataSource[0;39m | HikariPool-1 - Start completed.
2024-03-28 22:18:22 | [34mINFO [0;39m | [1;33mFile Watcher[0;39m | [1;32morg.springframework.boot.devtools.autoconfigure.LocalDevToolsAutoConfiguration$RestartingClassPathChangeChangedEventListener[0;39m | Restarting due to 1 class path change (0 additions, 1 deletion, 0 modifications)
2024-03-28 22:18:22 | [34mINFO [0;39m | [1;33mThread-5[0;39m | [1;32mcom.zaxxer.hikari.HikariDataSource[0;39m | HikariPool-1 - Shutdown initiated...
2024-03-28 22:18:22 | [34mINFO [0;39m | [1;33mThread-5[0;39m | [1;32mcom.zaxxer.hikari.HikariDataSource[0;39m | HikariPool-1 - Shutdown completed.
2024-03-28 22:18:22 | [34mINFO [0;39m | [1;33mrestartedMain[0;39m | [1;32mcom.manage.AcademicManageApplication[0;39m | Starting AcademicManageApplication using Java 17.0.7 with PID 7964 (D:\demo\academicManage\target\classes started by 16618 in D:\demo\academicManage)
2024-03-28 22:18:22 | [34mINFO [0;39m | [1;33mrestartedMain[0;39m | [1;32mcom.manage.AcademicManageApplication[0;39m | The following 1 profile is active: "jdbc"
2024-03-28 22:18:22 | [31mWARN [0;39m | [1;33mrestartedMain[0;39m | [1;32morg.springframework.boot.web.servlet.context.AnnotationConfigServletWebServerApplicationContext[0;39m | Exception encountered during context initialization - cancelling refresh attempt: org.springframework.beans.factory.BeanDefinitionStoreException: I/O failure while processing configuration class [com.manage.service.impl.IUserService]
2024-03-28 22:23:30 | [34mINFO [0;39m | [1;33mrestartedMain[0;39m | [1;32mcom.manage.AcademicManageApplication[0;39m | Starting AcademicManageApplication using Java 17.0.7 with PID 7964 (D:\demo\academicManage\target\classes started by 16618 in D:\demo\academicManage)
2024-03-28 22:23:30 | [34mINFO [0;39m | [1;33mrestartedMain[0;39m | [1;32mcom.manage.AcademicManageApplication[0;39m | The following 1 profile is active: "jdbc"
2024-03-28 22:23:31 | [34mINFO [0;39m | [1;33mrestartedMain[0;39m | [1;32morg.springframework.boot.web.embedded.tomcat.TomcatWebServer[0;39m | Tomcat initialized with port 8889 (http)
2024-03-28 22:23:31 | [34mINFO [0;39m | [1;33mrestartedMain[0;39m | [1;32morg.apache.catalina.core.StandardService[0;39m | Starting service [Tomcat]
2024-03-28 22:23:31 | [34mINFO [0;39m | [1;33mrestartedMain[0;39m | [1;32morg.apache.catalina.core.StandardEngine[0;39m | Starting Servlet engine: [Apache Tomcat/10.1.18]
2024-03-28 22:23:31 | [34mINFO [0;39m | [1;33mrestartedMain[0;39m | [1;32morg.apache.catalina.core.ContainerBase.[Tomcat].[localhost].[/lyq][0;39m | Initializing Spring embedded WebApplicationContext
2024-03-28 22:23:31 | [34mINFO [0;39m | [1;33mrestartedMain[0;39m | [1;32morg.springframework.boot.web.servlet.context.ServletWebServerApplicationContext[0;39m | Root WebApplicationContext: initialization completed in 419 ms
2024-03-28 22:23:31 | [34mINFO [0;39m | [1;33mrestartedMain[0;39m | [1;32morg.springframework.security.web.DefaultSecurityFilterChain[0;39m | Will secure any request with [org.springframework.security.web.session.DisableEncodeUrlFilter@7280d8e6, org.springframework.security.web.context.request.async.WebAsyncManagerIntegrationFilter@f1498e4, org.springframework.security.web.context.SecurityContextHolderFilter@6abf2789, org.springframework.security.web.header.HeaderWriterFilter@5d42318, org.springframework.web.filter.CorsFilter@390ed4d7, org.springframework.security.web.authentication.logout.LogoutFilter@404fdb92, com.manage.security.JwtAuthorizationFilter@776a08f3, org.springframework.security.web.authentication.UsernamePasswordAuthenticationFilter@228c43ec, org.springframework.security.web.savedrequest.RequestCacheAwareFilter@1aaf11d6, org.springframework.security.web.servletapi.SecurityContextHolderAwareRequestFilter@3e472d78, org.springframework.security.web.authentication.rememberme.RememberMeAuthenticationFilter@25278628, org.springframework.security.web.authentication.AnonymousAuthenticationFilter@58f05839, org.springframework.security.web.session.SessionManagementFilter@55271a5d, org.springframework.security.web.access.ExceptionTranslationFilter@2fe43d3, org.springframework.security.web.access.intercept.FilterSecurityInterceptor@3681cc29]
2024-03-28 22:23:31 | [34mINFO [0;39m | [1;33mrestartedMain[0;39m | [1;32morg.springframework.boot.devtools.autoconfigure.OptionalLiveReloadServer[0;39m | LiveReload server is running on port 35729
2024-03-28 22:23:31 | [34mINFO [0;39m | [1;33mrestartedMain[0;39m | [1;32morg.springframework.boot.web.embedded.tomcat.TomcatWebServer[0;39m | Tomcat started on port 8889 (http) with context path '/lyq'
2024-03-28 22:23:31 | [34mINFO [0;39m | [1;33mrestartedMain[0;39m | [1;32mcom.manage.AcademicManageApplication[0;39m | Started AcademicManageApplication in 0.941 seconds (process running for 663.456)
2024-03-28 22:23:31 | [34mINFO [0;39m | [1;33mrestartedMain[0;39m | [1;32morg.springframework.boot.devtools.autoconfigure.ConditionEvaluationDeltaLoggingListener[0;39m | Condition evaluation unchanged
2024-03-28 22:23:33 | [34mINFO [0;39m | [1;33mFile Watcher[0;39m | [1;32morg.springframework.boot.devtools.autoconfigure.LocalDevToolsAutoConfiguration$RestartingClassPathChangeChangedEventListener[0;39m | Restarting due to 3 class path changes (2 additions, 0 deletions, 1 modification)
2024-03-28 22:23:33 | [34mINFO [0;39m | [1;33mrestartedMain[0;39m | [1;32mcom.manage.AcademicManageApplication[0;39m | Starting AcademicManageApplication using Java 17.0.7 with PID 7964 (D:\demo\academicManage\target\classes started by 16618 in D:\demo\academicManage)
2024-03-28 22:23:33 | [34mINFO [0;39m | [1;33mrestartedMain[0;39m | [1;32mcom.manage.AcademicManageApplication[0;39m | The following 1 profile is active: "jdbc"
2024-03-28 22:23:33 | [34mINFO [0;39m | [1;33mrestartedMain[0;39m | [1;32morg.springframework.boot.web.embedded.tomcat.TomcatWebServer[0;39m | Tomcat initialized with port 8889 (http)
2024-03-28 22:23:33 | [34mINFO [0;39m | [1;33mrestartedMain[0;39m | [1;32morg.apache.catalina.core.StandardService[0;39m | Starting service [Tomcat]
2024-03-28 22:23:33 | [34mINFO [0;39m | [1;33mrestartedMain[0;39m | [1;32morg.apache.catalina.core.StandardEngine[0;39m | Starting Servlet engine: [Apache Tomcat/10.1.18]
2024-03-28 22:23:33 | [34mINFO [0;39m | [1;33mrestartedMain[0;39m | [1;32morg.apache.catalina.core.ContainerBase.[Tomcat].[localhost].[/lyq][0;39m | Initializing Spring embedded WebApplicationContext
2024-03-28 22:23:33 | [34mINFO [0;39m | [1;33mrestartedMain[0;39m | [1;32morg.springframework.boot.web.servlet.context.ServletWebServerApplicationContext[0;39m | Root WebApplicationContext: initialization completed in 212 ms
2024-03-28 22:23:33 | [34mINFO [0;39m | [1;33mrestartedMain[0;39m | [1;32morg.springframework.security.web.DefaultSecurityFilterChain[0;39m | Will secure any request with [org.springframework.security.web.session.DisableEncodeUrlFilter@6918e3c2, org.springframework.security.web.context.request.async.WebAsyncManagerIntegrationFilter@374d3755, org.springframework.security.web.context.SecurityContextHolderFilter@43fc9991, org.springframework.security.web.header.HeaderWriterFilter@10f6c781, org.springframework.web.filter.CorsFilter@245fc948, org.springframework.security.web.authentication.logout.LogoutFilter@9017896, com.manage.security.JwtAuthorizationFilter@6544e5de, org.springframework.security.web.authentication.UsernamePasswordAuthenticationFilter@26665e4b, org.springframework.security.web.savedrequest.RequestCacheAwareFilter@c346f82, org.springframework.security.web.servletapi.SecurityContextHolderAwareRequestFilter@2a587b4a, org.springframework.security.web.authentication.rememberme.RememberMeAuthenticationFilter@4f0de3e6, org.springframework.security.web.authentication.AnonymousAuthenticationFilter@6e56b927, org.springframework.security.web.session.SessionManagementFilter@584b902d, org.springframework.security.web.access.ExceptionTranslationFilter@358f4105, org.springframework.security.web.access.intercept.FilterSecurityInterceptor@2d4ffd06]
2024-03-28 22:23:33 | [34mINFO [0;39m | [1;33mrestartedMain[0;39m | [1;32morg.springframework.boot.devtools.autoconfigure.OptionalLiveReloadServer[0;39m | LiveReload server is running on port 35729
2024-03-28 22:23:33 | [34mINFO [0;39m | [1;33mrestartedMain[0;39m | [1;32morg.springframework.boot.web.embedded.tomcat.TomcatWebServer[0;39m | Tomcat started on port 8889 (http) with context path '/lyq'
2024-03-28 22:23:33 | [34mINFO [0;39m | [1;33mrestartedMain[0;39m | [1;32mcom.manage.AcademicManageApplication[0;39m | Started AcademicManageApplication in 0.541 seconds (process running for 665.475)
2024-03-28 22:23:33 | [34mINFO [0;39m | [1;33mrestartedMain[0;39m | [1;32morg.springframework.boot.devtools.autoconfigure.ConditionEvaluationDeltaLoggingListener[0;39m | Condition evaluation unchanged
2024-03-28 22:25:32 | [34mINFO [0;39m | [1;33mFile Watcher[0;39m | [1;32morg.springframework.boot.devtools.autoconfigure.LocalDevToolsAutoConfiguration$RestartingClassPathChangeChangedEventListener[0;39m | Restarting due to 1 class path change (0 additions, 1 deletion, 0 modifications)
2024-03-28 22:25:32 | [34mINFO [0;39m | [1;33mrestartedMain[0;39m | [1;32mcom.manage.AcademicManageApplication[0;39m | Starting AcademicManageApplication using Java 17.0.7 with PID 7964 (D:\demo\academicManage\target\classes started by 16618 in D:\demo\academicManage)
2024-03-28 22:25:32 | [34mINFO [0;39m | [1;33mrestartedMain[0;39m | [1;32mcom.manage.AcademicManageApplication[0;39m | The following 1 profile is active: "jdbc"
2024-03-28 22:25:32 | [34mINFO [0;39m | [1;33mrestartedMain[0;39m | [1;32morg.springframework.boot.web.embedded.tomcat.TomcatWebServer[0;39m | Tomcat initialized with port 8889 (http)
2024-03-28 22:25:32 | [34mINFO [0;39m | [1;33mrestartedMain[0;39m | [1;32morg.apache.catalina.core.StandardService[0;39m | Starting service [Tomcat]
2024-03-28 22:25:32 | [34mINFO [0;39m | [1;33mrestartedMain[0;39m | [1;32morg.apache.catalina.core.StandardEngine[0;39m | Starting Servlet engine: [Apache Tomcat/10.1.18]
2024-03-28 22:25:32 | [34mINFO [0;39m | [1;33mrestartedMain[0;39m | [1;32morg.apache.catalina.core.ContainerBase.[Tomcat].[localhost].[/lyq][0;39m | Initializing Spring embedded WebApplicationContext
2024-03-28 22:25:32 | [34mINFO [0;39m | [1;33mrestartedMain[0;39m | [1;32morg.springframework.boot.web.servlet.context.ServletWebServerApplicationContext[0;39m | Root WebApplicationContext: initialization completed in 226 ms
2024-03-28 22:25:32 | [34mINFO [0;39m | [1;33mrestartedMain[0;39m | [1;32morg.apache.catalina.core.StandardService[0;39m | Stopping service [Tomcat]
2024-03-28 22:25:32 | [31mWARN [0;39m | [1;33mrestartedMain[0;39m | [1;32morg.springframework.boot.web.servlet.context.AnnotationConfigServletWebServerApplicationContext[0;39m | Exception encountered during context initialization - cancelling refresh attempt: org.springframework.context.ApplicationContextException: Unable to start web server
2024-03-28 22:25:32 | [34mINFO [0;39m | [1;33mrestartedMain[0;39m | [1;32morg.springframework.boot.autoconfigure.logging.ConditionEvaluationReportLogger[0;39m | 

Error starting ApplicationContext. To display the condition evaluation report re-run your application with 'debug' enabled.
2024-03-28 22:29:09 | [34mINFO [0;39m | [1;33mrestartedMain[0;39m | [1;32mcom.manage.AcademicManageApplication[0;39m | Starting AcademicManageApplication using Java 17.0.7 with PID 7964 (D:\demo\academicManage\target\classes started by 16618 in D:\demo\academicManage)
2024-03-28 22:29:09 | [34mINFO [0;39m | [1;33mrestartedMain[0;39m | [1;32mcom.manage.AcademicManageApplication[0;39m | The following 1 profile is active: "jdbc"
2024-03-28 22:29:10 | [34mINFO [0;39m | [1;33mrestartedMain[0;39m | [1;32morg.springframework.boot.web.embedded.tomcat.TomcatWebServer[0;39m | Tomcat initialized with port 8889 (http)
2024-03-28 22:29:10 | [34mINFO [0;39m | [1;33mrestartedMain[0;39m | [1;32morg.apache.catalina.core.StandardService[0;39m | Starting service [Tomcat]
2024-03-28 22:29:10 | [34mINFO [0;39m | [1;33mrestartedMain[0;39m | [1;32morg.apache.catalina.core.StandardEngine[0;39m | Starting Servlet engine: [Apache Tomcat/10.1.18]
2024-03-28 22:29:10 | [34mINFO [0;39m | [1;33mrestartedMain[0;39m | [1;32morg.apache.catalina.core.ContainerBase.[Tomcat-1].[localhost].[/lyq][0;39m | Initializing Spring embedded WebApplicationContext
2024-03-28 22:29:10 | [34mINFO [0;39m | [1;33mrestartedMain[0;39m | [1;32morg.springframework.boot.web.servlet.context.ServletWebServerApplicationContext[0;39m | Root WebApplicationContext: initialization completed in 221 ms
2024-03-28 22:29:10 | [34mINFO [0;39m | [1;33mrestartedMain[0;39m | [1;32morg.springframework.security.web.DefaultSecurityFilterChain[0;39m | Will secure any request with [org.springframework.security.web.session.DisableEncodeUrlFilter@7b55c804, org.springframework.security.web.context.request.async.WebAsyncManagerIntegrationFilter@7523292f, org.springframework.security.web.context.SecurityContextHolderFilter@1864ebb5, org.springframework.security.web.header.HeaderWriterFilter@2abcee80, org.springframework.web.filter.CorsFilter@5385fd81, org.springframework.security.web.authentication.logout.LogoutFilter@168834fb, com.manage.security.JwtAuthorizationFilter@467d1782, org.springframework.security.web.authentication.UsernamePasswordAuthenticationFilter@7e787e0d, org.springframework.security.web.savedrequest.RequestCacheAwareFilter@33db7867, org.springframework.security.web.servletapi.SecurityContextHolderAwareRequestFilter@7ede5872, org.springframework.security.web.authentication.rememberme.RememberMeAuthenticationFilter@7269a478, org.springframework.security.web.authentication.AnonymousAuthenticationFilter@37e37d24, org.springframework.security.web.session.SessionManagementFilter@c5b6b8e, org.springframework.security.web.access.ExceptionTranslationFilter@3d32d4da, org.springframework.security.web.access.intercept.FilterSecurityInterceptor@6ea4d61f]
2024-03-28 22:29:10 | [34mINFO [0;39m | [1;33mrestartedMain[0;39m | [1;32morg.springframework.boot.devtools.autoconfigure.OptionalLiveReloadServer[0;39m | LiveReload server is running on port 35729
2024-03-28 22:29:10 | [34mINFO [0;39m | [1;33mrestartedMain[0;39m | [1;32morg.springframework.boot.web.embedded.tomcat.TomcatWebServer[0;39m | Tomcat started on port 8889 (http) with context path '/lyq'
2024-03-28 22:29:10 | [34mINFO [0;39m | [1;33mrestartedMain[0;39m | [1;32mcom.manage.AcademicManageApplication[0;39m | Started AcademicManageApplication in 0.581 seconds (process running for 1002.356)
2024-03-28 22:29:10 | [34mINFO [0;39m | [1;33mrestartedMain[0;39m | [1;32morg.springframework.boot.devtools.autoconfigure.ConditionEvaluationDeltaLoggingListener[0;39m | Condition evaluation unchanged
2024-03-28 22:29:35 | [34mINFO [0;39m | [1;33mFile Watcher[0;39m | [1;32morg.springframework.boot.devtools.autoconfigure.LocalDevToolsAutoConfiguration$RestartingClassPathChangeChangedEventListener[0;39m | Restarting due to 1 class path change (0 additions, 1 deletion, 0 modifications)
2024-03-28 22:29:35 | [34mINFO [0;39m | [1;33mrestartedMain[0;39m | [1;32mcom.manage.AcademicManageApplication[0;39m | Starting AcademicManageApplication using Java 17.0.7 with PID 7964 (D:\demo\academicManage\target\classes started by 16618 in D:\demo\academicManage)
2024-03-28 22:29:35 | [34mINFO [0;39m | [1;33mrestartedMain[0;39m | [1;32mcom.manage.AcademicManageApplication[0;39m | The following 1 profile is active: "jdbc"
2024-03-28 22:29:35 | [34mINFO [0;39m | [1;33mrestartedMain[0;39m | [1;32morg.springframework.boot.web.embedded.tomcat.TomcatWebServer[0;39m | Tomcat initialized with port 8889 (http)
2024-03-28 22:29:35 | [34mINFO [0;39m | [1;33mrestartedMain[0;39m | [1;32morg.apache.catalina.core.StandardService[0;39m | Starting service [Tomcat]
2024-03-28 22:29:35 | [34mINFO [0;39m | [1;33mrestartedMain[0;39m | [1;32morg.apache.catalina.core.StandardEngine[0;39m | Starting Servlet engine: [Apache Tomcat/10.1.18]
2024-03-28 22:29:35 | [34mINFO [0;39m | [1;33mrestartedMain[0;39m | [1;32morg.apache.catalina.core.ContainerBase.[Tomcat-1].[localhost].[/lyq][0;39m | Initializing Spring embedded WebApplicationContext
2024-03-28 22:29:35 | [34mINFO [0;39m | [1;33mrestartedMain[0;39m | [1;32morg.springframework.boot.web.servlet.context.ServletWebServerApplicationContext[0;39m | Root WebApplicationContext: initialization completed in 305 ms
2024-03-28 22:29:36 | [34mINFO [0;39m | [1;33mrestartedMain[0;39m | [1;32morg.springframework.security.web.DefaultSecurityFilterChain[0;39m | Will secure any request with [org.springframework.security.web.session.DisableEncodeUrlFilter@19792c36, org.springframework.security.web.context.request.async.WebAsyncManagerIntegrationFilter@35fd599e, org.springframework.security.web.context.SecurityContextHolderFilter@451ccf43, org.springframework.security.web.header.HeaderWriterFilter@5c887836, org.springframework.web.filter.CorsFilter@4ce5e7f8, org.springframework.security.web.authentication.logout.LogoutFilter@49e2550, com.manage.security.JwtAuthorizationFilter@7d61d01c, org.springframework.security.web.authentication.UsernamePasswordAuthenticationFilter@5f62b0fc, org.springframework.security.web.savedrequest.RequestCacheAwareFilter@45f3da8d, org.springframework.security.web.servletapi.SecurityContextHolderAwareRequestFilter@5aa553cd, org.springframework.security.web.authentication.rememberme.RememberMeAuthenticationFilter@7415f564, org.springframework.security.web.authentication.AnonymousAuthenticationFilter@356b505c, org.springframework.security.web.session.SessionManagementFilter@3898b36d, org.springframework.security.web.access.ExceptionTranslationFilter@58bb0a9f, org.springframework.security.web.access.intercept.FilterSecurityInterceptor@544e20e6]
2024-03-28 22:29:36 | [34mINFO [0;39m | [1;33mrestartedMain[0;39m | [1;32morg.springframework.boot.devtools.autoconfigure.OptionalLiveReloadServer[0;39m | LiveReload server is running on port 35729
2024-03-28 22:29:36 | [34mINFO [0;39m | [1;33mrestartedMain[0;39m | [1;32morg.springframework.boot.web.embedded.tomcat.TomcatWebServer[0;39m | Tomcat started on port 8889 (http) with context path '/lyq'
2024-03-28 22:29:36 | [34mINFO [0;39m | [1;33mrestartedMain[0;39m | [1;32mcom.manage.AcademicManageApplication[0;39m | Started AcademicManageApplication in 0.675 seconds (process running for 1028.022)
2024-03-28 22:29:36 | [34mINFO [0;39m | [1;33mrestartedMain[0;39m | [1;32morg.springframework.boot.devtools.autoconfigure.ConditionEvaluationDeltaLoggingListener[0;39m | Condition evaluation unchanged
2024-03-28 22:29:37 | [34mINFO [0;39m | [1;33mFile Watcher[0;39m | [1;32morg.springframework.boot.devtools.autoconfigure.LocalDevToolsAutoConfiguration$RestartingClassPathChangeChangedEventListener[0;39m | Restarting due to 1 class path change (1 addition, 0 deletions, 0 modifications)
2024-03-28 22:29:37 | [34mINFO [0;39m | [1;33mrestartedMain[0;39m | [1;32mcom.manage.AcademicManageApplication[0;39m | Starting AcademicManageApplication using Java 17.0.7 with PID 7964 (D:\demo\academicManage\target\classes started by 16618 in D:\demo\academicManage)
2024-03-28 22:29:37 | [34mINFO [0;39m | [1;33mrestartedMain[0;39m | [1;32mcom.manage.AcademicManageApplication[0;39m | The following 1 profile is active: "jdbc"
2024-03-28 22:29:37 | [34mINFO [0;39m | [1;33mrestartedMain[0;39m | [1;32morg.springframework.boot.web.embedded.tomcat.TomcatWebServer[0;39m | Tomcat initialized with port 8889 (http)
2024-03-28 22:29:37 | [34mINFO [0;39m | [1;33mrestartedMain[0;39m | [1;32morg.apache.catalina.core.StandardService[0;39m | Starting service [Tomcat]
2024-03-28 22:29:37 | [34mINFO [0;39m | [1;33mrestartedMain[0;39m | [1;32morg.apache.catalina.core.StandardEngine[0;39m | Starting Servlet engine: [Apache Tomcat/10.1.18]
2024-03-28 22:29:37 | [34mINFO [0;39m | [1;33mrestartedMain[0;39m | [1;32morg.apache.catalina.core.ContainerBase.[Tomcat-1].[localhost].[/lyq][0;39m | Initializing Spring embedded WebApplicationContext
2024-03-28 22:29:37 | [34mINFO [0;39m | [1;33mrestartedMain[0;39m | [1;32morg.springframework.boot.web.servlet.context.ServletWebServerApplicationContext[0;39m | Root WebApplicationContext: initialization completed in 202 ms
2024-03-28 22:29:38 | [34mINFO [0;39m | [1;33mrestartedMain[0;39m | [1;32morg.springframework.security.web.DefaultSecurityFilterChain[0;39m | Will secure any request with [org.springframework.security.web.session.DisableEncodeUrlFilter@64868445, org.springframework.security.web.context.request.async.WebAsyncManagerIntegrationFilter@7fc1f1f7, org.springframework.security.web.context.SecurityContextHolderFilter@2220c60, org.springframework.security.web.header.HeaderWriterFilter@32bd4075, org.springframework.web.filter.CorsFilter@4829928f, org.springframework.security.web.authentication.logout.LogoutFilter@1c6d156, com.manage.security.JwtAuthorizationFilter@48569e9e, org.springframework.security.web.authentication.UsernamePasswordAuthenticationFilter@633c2b27, org.springframework.security.web.savedrequest.RequestCacheAwareFilter@fcdbaab, org.springframework.security.web.servletapi.SecurityContextHolderAwareRequestFilter@57abfdcf, org.springframework.security.web.authentication.rememberme.RememberMeAuthenticationFilter@6b71f70a, org.springframework.security.web.authentication.AnonymousAuthenticationFilter@106c9a6c, org.springframework.security.web.session.SessionManagementFilter@4c210b61, org.springframework.security.web.access.ExceptionTranslationFilter@2d041ccb, org.springframework.security.web.access.intercept.FilterSecurityInterceptor@263c3cd3]
2024-03-28 22:29:38 | [34mINFO [0;39m | [1;33mrestartedMain[0;39m | [1;32morg.springframework.boot.devtools.autoconfigure.OptionalLiveReloadServer[0;39m | LiveReload server is running on port 35729
2024-03-28 22:29:38 | [34mINFO [0;39m | [1;33mrestartedMain[0;39m | [1;32morg.springframework.boot.web.embedded.tomcat.TomcatWebServer[0;39m | Tomcat started on port 8889 (http) with context path '/lyq'
2024-03-28 22:29:38 | [34mINFO [0;39m | [1;33mrestartedMain[0;39m | [1;32mcom.manage.AcademicManageApplication[0;39m | Started AcademicManageApplication in 0.514 seconds (process running for 1029.982)
2024-03-28 22:29:38 | [34mINFO [0;39m | [1;33mrestartedMain[0;39m | [1;32morg.springframework.boot.devtools.autoconfigure.ConditionEvaluationDeltaLoggingListener[0;39m | Condition evaluation unchanged
2024-03-28 22:34:53 | [34mINFO [0;39m | [1;33mrestartedMain[0;39m | [1;32mcom.manage.AcademicManageApplication[0;39m | Starting AcademicManageApplication using Java 17.0.7 with PID 24700 (D:\demo\academicManage\target\classes started by 16618 in D:\demo\academicManage)
2024-03-28 22:34:53 | [34mINFO [0;39m | [1;33mrestartedMain[0;39m | [1;32mcom.manage.AcademicManageApplication[0;39m | The following 1 profile is active: "jdbc"
2024-03-28 22:34:53 | [34mINFO [0;39m | [1;33mrestartedMain[0;39m | [1;32morg.springframework.boot.devtools.env.DevToolsPropertyDefaultsPostProcessor[0;39m | Devtools property defaults active! Set 'spring.devtools.add-properties' to 'false' to disable
2024-03-28 22:34:53 | [34mINFO [0;39m | [1;33mrestartedMain[0;39m | [1;32morg.springframework.boot.devtools.env.DevToolsPropertyDefaultsPostProcessor[0;39m | For additional web related logging consider setting the 'logging.level.web' property to 'DEBUG'
2024-03-28 22:34:54 | [34mINFO [0;39m | [1;33mrestartedMain[0;39m | [1;32morg.springframework.boot.web.embedded.tomcat.TomcatWebServer[0;39m | Tomcat initialized with port 8889 (http)
2024-03-28 22:34:54 | [34mINFO [0;39m | [1;33mrestartedMain[0;39m | [1;32morg.apache.catalina.core.StandardService[0;39m | Starting service [Tomcat]
2024-03-28 22:34:54 | [34mINFO [0;39m | [1;33mrestartedMain[0;39m | [1;32morg.apache.catalina.core.StandardEngine[0;39m | Starting Servlet engine: [Apache Tomcat/10.1.18]
2024-03-28 22:34:54 | [34mINFO [0;39m | [1;33mrestartedMain[0;39m | [1;32morg.apache.catalina.core.ContainerBase.[Tomcat].[localhost].[/lyq][0;39m | Initializing Spring embedded WebApplicationContext
2024-03-28 22:34:54 | [34mINFO [0;39m | [1;33mrestartedMain[0;39m | [1;32morg.springframework.boot.web.servlet.context.ServletWebServerApplicationContext[0;39m | Root WebApplicationContext: initialization completed in 931 ms
2024-03-28 22:34:54 | [34mINFO [0;39m | [1;33mrestartedMain[0;39m | [1;32morg.springframework.security.web.DefaultSecurityFilterChain[0;39m | Will secure any request with [org.springframework.security.web.session.DisableEncodeUrlFilter@42f1b85f, org.springframework.security.web.context.request.async.WebAsyncManagerIntegrationFilter@451917a, org.springframework.security.web.context.SecurityContextHolderFilter@2478e73e, org.springframework.security.web.header.HeaderWriterFilter@127e736e, org.springframework.web.filter.CorsFilter@2226d93d, org.springframework.security.web.authentication.logout.LogoutFilter@420413df, com.manage.security.JwtAuthorizationFilter@65a7a080, org.springframework.security.web.authentication.UsernamePasswordAuthenticationFilter@4ecfdc9a, org.springframework.security.web.savedrequest.RequestCacheAwareFilter@bcef0c0, org.springframework.security.web.servletapi.SecurityContextHolderAwareRequestFilter@5b7dd521, org.springframework.security.web.authentication.rememberme.RememberMeAuthenticationFilter@8b6de58, org.springframework.security.web.authentication.AnonymousAuthenticationFilter@496176da, org.springframework.security.web.session.SessionManagementFilter@4bce4be3, org.springframework.security.web.access.ExceptionTranslationFilter@45155264, org.springframework.security.web.access.intercept.FilterSecurityInterceptor@31bcba80]
2024-03-28 22:34:54 | [34mINFO [0;39m | [1;33mrestartedMain[0;39m | [1;32morg.springframework.boot.devtools.autoconfigure.OptionalLiveReloadServer[0;39m | LiveReload server is running on port 35729
2024-03-28 22:34:55 | [34mINFO [0;39m | [1;33mrestartedMain[0;39m | [1;32morg.springframework.boot.web.embedded.tomcat.TomcatWebServer[0;39m | Tomcat started on port 8889 (http) with context path '/lyq'
2024-03-28 22:34:55 | [34mINFO [0;39m | [1;33mrestartedMain[0;39m | [1;32mcom.manage.AcademicManageApplication[0;39m | Started AcademicManageApplication in 2.267 seconds (process running for 2.848)
2024-03-28 22:35:39 | [34mINFO [0;39m | [1;33mhttp-nio-8889-exec-1[0;39m | [1;32morg.apache.catalina.core.ContainerBase.[Tomcat].[localhost].[/lyq][0;39m | Initializing Spring DispatcherServlet 'dispatcherServlet'
2024-03-28 22:35:39 | [34mINFO [0;39m | [1;33mhttp-nio-8889-exec-1[0;39m | [1;32morg.springframework.web.servlet.DispatcherServlet[0;39m | Initializing Servlet 'dispatcherServlet'
2024-03-28 22:35:39 | [34mINFO [0;39m | [1;33mhttp-nio-8889-exec-1[0;39m | [1;32morg.springframework.web.servlet.DispatcherServlet[0;39m | Completed initialization in 1 ms
2024-03-28 22:47:08 | [34mINFO [0;39m | [1;33mhttp-nio-8889-exec-2[0;39m | [1;32mcom.zaxxer.hikari.HikariDataSource[0;39m | HikariPool-1 - Starting...
2024-03-28 22:47:09 | [34mINFO [0;39m | [1;33mhttp-nio-8889-exec-2[0;39m | [1;32mcom.zaxxer.hikari.pool.HikariPool[0;39m | HikariPool-1 - Added connection com.mysql.cj.jdbc.ConnectionImpl@2c5800a8
2024-03-28 22:47:09 | [34mINFO [0;39m | [1;33mhttp-nio-8889-exec-2[0;39m | [1;32mcom.zaxxer.hikari.HikariDataSource[0;39m | HikariPool-1 - Start completed.
2024-03-28 22:48:18 | [34mINFO [0;39m | [1;33mSpringApplicationShutdownHook[0;39m | [1;32mcom.zaxxer.hikari.HikariDataSource[0;39m | HikariPool-1 - Shutdown initiated...
2024-03-28 22:48:18 | [34mINFO [0;39m | [1;33mSpringApplicationShutdownHook[0;39m | [1;32mcom.zaxxer.hikari.HikariDataSource[0;39m | HikariPool-1 - Shutdown completed.
2024-03-28 22:48:20 | [34mINFO [0;39m | [1;33mrestartedMain[0;39m | [1;32mcom.manage.AcademicManageApplication[0;39m | Starting AcademicManageApplication using Java 17.0.7 with PID 2900 (D:\demo\academicManage\target\classes started by 16618 in D:\demo\academicManage)
2024-03-28 22:48:20 | [34mINFO [0;39m | [1;33mrestartedMain[0;39m | [1;32mcom.manage.AcademicManageApplication[0;39m | The following 1 profile is active: "jdbc"
2024-03-28 22:48:20 | [34mINFO [0;39m | [1;33mrestartedMain[0;39m | [1;32morg.springframework.boot.devtools.env.DevToolsPropertyDefaultsPostProcessor[0;39m | Devtools property defaults active! Set 'spring.devtools.add-properties' to 'false' to disable
2024-03-28 22:48:20 | [34mINFO [0;39m | [1;33mrestartedMain[0;39m | [1;32morg.springframework.boot.devtools.env.DevToolsPropertyDefaultsPostProcessor[0;39m | For additional web related logging consider setting the 'logging.level.web' property to 'DEBUG'
2024-03-28 22:48:21 | [34mINFO [0;39m | [1;33mrestartedMain[0;39m | [1;32morg.springframework.boot.web.embedded.tomcat.TomcatWebServer[0;39m | Tomcat initialized with port 8889 (http)
2024-03-28 22:48:21 | [34mINFO [0;39m | [1;33mrestartedMain[0;39m | [1;32morg.apache.catalina.core.StandardService[0;39m | Starting service [Tomcat]
2024-03-28 22:48:21 | [34mINFO [0;39m | [1;33mrestartedMain[0;39m | [1;32morg.apache.catalina.core.StandardEngine[0;39m | Starting Servlet engine: [Apache Tomcat/10.1.18]
2024-03-28 22:48:21 | [34mINFO [0;39m | [1;33mrestartedMain[0;39m | [1;32morg.apache.catalina.core.ContainerBase.[Tomcat].[localhost].[/lyq][0;39m | Initializing Spring embedded WebApplicationContext
2024-03-28 22:48:21 | [34mINFO [0;39m | [1;33mrestartedMain[0;39m | [1;32morg.springframework.boot.web.servlet.context.ServletWebServerApplicationContext[0;39m | Root WebApplicationContext: initialization completed in 980 ms
2024-03-28 22:48:22 | [34mINFO [0;39m | [1;33mrestartedMain[0;39m | [1;32morg.springframework.security.web.DefaultSecurityFilterChain[0;39m | Will secure any request with [org.springframework.security.web.session.DisableEncodeUrlFilter@73ba9e19, org.springframework.security.web.context.request.async.WebAsyncManagerIntegrationFilter@31afe112, org.springframework.security.web.context.SecurityContextHolderFilter@241b6e54, org.springframework.security.web.header.HeaderWriterFilter@2478e73e, org.springframework.web.filter.CorsFilter@1561169d, org.springframework.security.web.authentication.logout.LogoutFilter@38adeedb, com.manage.security.JwtAuthorizationFilter@37730745, org.springframework.security.web.authentication.UsernamePasswordAuthenticationFilter@42e665d0, org.springframework.security.web.savedrequest.RequestCacheAwareFilter@6dced01e, org.springframework.security.web.servletapi.SecurityContextHolderAwareRequestFilter@2916e160, org.springframework.security.web.authentication.rememberme.RememberMeAuthenticationFilter@31bde111, org.springframework.security.web.authentication.AnonymousAuthenticationFilter@2652629a, org.springframework.security.web.session.SessionManagementFilter@bcef0c0, org.springframework.security.web.access.ExceptionTranslationFilter@5c994221, org.springframework.security.web.access.intercept.FilterSecurityInterceptor@451917a]
2024-03-28 22:48:22 | [34mINFO [0;39m | [1;33mrestartedMain[0;39m | [1;32morg.springframework.boot.devtools.autoconfigure.OptionalLiveReloadServer[0;39m | LiveReload server is running on port 35729
2024-03-28 22:48:22 | [34mINFO [0;39m | [1;33mrestartedMain[0;39m | [1;32morg.springframework.boot.web.embedded.tomcat.TomcatWebServer[0;39m | Tomcat started on port 8889 (http) with context path '/lyq'
2024-03-28 22:48:22 | [34mINFO [0;39m | [1;33mrestartedMain[0;39m | [1;32mcom.manage.AcademicManageApplication[0;39m | Started AcademicManageApplication in 2.368 seconds (process running for 2.924)
2024-03-28 22:48:26 | [34mINFO [0;39m | [1;33mhttp-nio-8889-exec-2[0;39m | [1;32morg.apache.catalina.core.ContainerBase.[Tomcat].[localhost].[/lyq][0;39m | Initializing Spring DispatcherServlet 'dispatcherServlet'
2024-03-28 22:48:26 | [34mINFO [0;39m | [1;33mhttp-nio-8889-exec-2[0;39m | [1;32morg.springframework.web.servlet.DispatcherServlet[0;39m | Initializing Servlet 'dispatcherServlet'
2024-03-28 22:48:26 | [34mINFO [0;39m | [1;33mhttp-nio-8889-exec-2[0;39m | [1;32morg.springframework.web.servlet.DispatcherServlet[0;39m | Completed initialization in 1 ms
2024-03-28 22:48:26 | [34mINFO [0;39m | [1;33mhttp-nio-8889-exec-3[0;39m | [1;32mcom.zaxxer.hikari.HikariDataSource[0;39m | HikariPool-1 - Starting...
2024-03-28 22:48:27 | [34mINFO [0;39m | [1;33mhttp-nio-8889-exec-3[0;39m | [1;32mcom.zaxxer.hikari.pool.HikariPool[0;39m | HikariPool-1 - Added connection com.mysql.cj.jdbc.ConnectionImpl@15aaab14
2024-03-28 22:48:27 | [34mINFO [0;39m | [1;33mhttp-nio-8889-exec-3[0;39m | [1;32mcom.zaxxer.hikari.HikariDataSource[0;39m | HikariPool-1 - Start completed.
2024-03-28 22:52:04 | [34mINFO [0;39m | [1;33mSpringApplicationShutdownHook[0;39m | [1;32mcom.zaxxer.hikari.HikariDataSource[0;39m | HikariPool-1 - Shutdown initiated...
2024-03-28 22:52:04 | [34mINFO [0;39m | [1;33mSpringApplicationShutdownHook[0;39m | [1;32mcom.zaxxer.hikari.HikariDataSource[0;39m | HikariPool-1 - Shutdown completed.
2024-03-28 22:52:07 | [34mINFO [0;39m | [1;33mrestartedMain[0;39m | [1;32mcom.manage.AcademicManageApplication[0;39m | Starting AcademicManageApplication using Java 17.0.7 with PID 5784 (D:\demo\academicManage\target\classes started by 16618 in D:\demo\academicManage)
2024-03-28 22:52:07 | [34mINFO [0;39m | [1;33mrestartedMain[0;39m | [1;32mcom.manage.AcademicManageApplication[0;39m | The following 1 profile is active: "jdbc"
2024-03-28 22:52:07 | [34mINFO [0;39m | [1;33mrestartedMain[0;39m | [1;32morg.springframework.boot.devtools.env.DevToolsPropertyDefaultsPostProcessor[0;39m | Devtools property defaults active! Set 'spring.devtools.add-properties' to 'false' to disable
2024-03-28 22:52:07 | [34mINFO [0;39m | [1;33mrestartedMain[0;39m | [1;32morg.springframework.boot.devtools.env.DevToolsPropertyDefaultsPostProcessor[0;39m | For additional web related logging consider setting the 'logging.level.web' property to 'DEBUG'
2024-03-28 22:52:08 | [34mINFO [0;39m | [1;33mrestartedMain[0;39m | [1;32morg.springframework.boot.web.embedded.tomcat.TomcatWebServer[0;39m | Tomcat initialized with port 8889 (http)
2024-03-28 22:52:08 | [34mINFO [0;39m | [1;33mrestartedMain[0;39m | [1;32morg.apache.catalina.core.StandardService[0;39m | Starting service [Tomcat]
2024-03-28 22:52:08 | [34mINFO [0;39m | [1;33mrestartedMain[0;39m | [1;32morg.apache.catalina.core.StandardEngine[0;39m | Starting Servlet engine: [Apache Tomcat/10.1.18]
2024-03-28 22:52:08 | [34mINFO [0;39m | [1;33mrestartedMain[0;39m | [1;32morg.apache.catalina.core.ContainerBase.[Tomcat].[localhost].[/lyq][0;39m | Initializing Spring embedded WebApplicationContext
2024-03-28 22:52:08 | [34mINFO [0;39m | [1;33mrestartedMain[0;39m | [1;32morg.springframework.boot.web.servlet.context.ServletWebServerApplicationContext[0;39m | Root WebApplicationContext: initialization completed in 966 ms
2024-03-28 22:52:09 | [34mINFO [0;39m | [1;33mrestartedMain[0;39m | [1;32morg.springframework.security.web.DefaultSecurityFilterChain[0;39m | Will secure any request with [org.springframework.security.web.session.DisableEncodeUrlFilter@28ea2e0b, org.springframework.security.web.context.request.async.WebAsyncManagerIntegrationFilter@6062dfd3, org.springframework.security.web.context.SecurityContextHolderFilter@4fa01ea9, org.springframework.security.web.header.HeaderWriterFilter@753bff8d, org.springframework.web.filter.CorsFilter@4377a63f, org.springframework.security.web.authentication.logout.LogoutFilter@385f9867, com.manage.security.JwtAuthorizationFilter@78d42413, org.springframework.security.web.authentication.UsernamePasswordAuthenticationFilter@582fd2e7, org.springframework.security.web.savedrequest.RequestCacheAwareFilter@e4fc241, org.springframework.security.web.servletapi.SecurityContextHolderAwareRequestFilter@779ac0d7, org.springframework.security.web.authentication.rememberme.RememberMeAuthenticationFilter@701e0b05, org.springframework.security.web.authentication.AnonymousAuthenticationFilter@b8925c, org.springframework.security.web.session.SessionManagementFilter@1bfc6b33, org.springframework.security.web.access.ExceptionTranslationFilter@2e322407, org.springframework.security.web.access.intercept.FilterSecurityInterceptor@2ead4e1f]
2024-03-28 22:52:09 | [34mINFO [0;39m | [1;33mrestartedMain[0;39m | [1;32morg.springframework.boot.devtools.autoconfigure.OptionalLiveReloadServer[0;39m | LiveReload server is running on port 35729
2024-03-28 22:52:09 | [34mINFO [0;39m | [1;33mrestartedMain[0;39m | [1;32morg.springframework.boot.web.embedded.tomcat.TomcatWebServer[0;39m | Tomcat started on port 8889 (http) with context path '/lyq'
2024-03-28 22:52:09 | [34mINFO [0;39m | [1;33mrestartedMain[0;39m | [1;32mcom.manage.AcademicManageApplication[0;39m | Started AcademicManageApplication in 2.255 seconds (process running for 2.741)
2024-03-28 22:54:07 | [34mINFO [0;39m | [1;33mrestartedMain[0;39m | [1;32mcom.manage.AcademicManageApplication[0;39m | Starting AcademicManageApplication using Java 17.0.7 with PID 11044 (D:\demo\academicManage\target\classes started by 16618 in D:\demo\academicManage)
2024-03-28 22:54:07 | [34mINFO [0;39m | [1;33mrestartedMain[0;39m | [1;32mcom.manage.AcademicManageApplication[0;39m | The following 1 profile is active: "jdbc"
2024-03-28 22:54:07 | [34mINFO [0;39m | [1;33mrestartedMain[0;39m | [1;32morg.springframework.boot.devtools.env.DevToolsPropertyDefaultsPostProcessor[0;39m | Devtools property defaults active! Set 'spring.devtools.add-properties' to 'false' to disable
2024-03-28 22:54:07 | [34mINFO [0;39m | [1;33mrestartedMain[0;39m | [1;32morg.springframework.boot.devtools.env.DevToolsPropertyDefaultsPostProcessor[0;39m | For additional web related logging consider setting the 'logging.level.web' property to 'DEBUG'
2024-03-28 22:54:08 | [34mINFO [0;39m | [1;33mrestartedMain[0;39m | [1;32morg.springframework.boot.web.embedded.tomcat.TomcatWebServer[0;39m | Tomcat initialized with port 8889 (http)
2024-03-28 22:54:08 | [34mINFO [0;39m | [1;33mrestartedMain[0;39m | [1;32morg.apache.catalina.core.StandardService[0;39m | Starting service [Tomcat]
2024-03-28 22:54:08 | [34mINFO [0;39m | [1;33mrestartedMain[0;39m | [1;32morg.apache.catalina.core.StandardEngine[0;39m | Starting Servlet engine: [Apache Tomcat/10.1.18]
2024-03-28 22:54:08 | [34mINFO [0;39m | [1;33mrestartedMain[0;39m | [1;32morg.apache.catalina.core.ContainerBase.[Tomcat].[localhost].[/lyq][0;39m | Initializing Spring embedded WebApplicationContext
2024-03-28 22:54:08 | [34mINFO [0;39m | [1;33mrestartedMain[0;39m | [1;32morg.springframework.boot.web.servlet.context.ServletWebServerApplicationContext[0;39m | Root WebApplicationContext: initialization completed in 1004 ms
2024-03-28 22:54:09 | [34mINFO [0;39m | [1;33mrestartedMain[0;39m | [1;32morg.springframework.security.web.DefaultSecurityFilterChain[0;39m | Will secure any request with [org.springframework.security.web.session.DisableEncodeUrlFilter@31afe112, org.springframework.security.web.context.request.async.WebAsyncManagerIntegrationFilter@2652629a, org.springframework.security.web.context.SecurityContextHolderFilter@582fd2e7, org.springframework.security.web.header.HeaderWriterFilter@1d503101, org.springframework.web.filter.CorsFilter@eae0db2, org.springframework.security.web.authentication.logout.LogoutFilter@8b6de58, com.manage.security.JwtAuthorizationFilter@664b2c2a, org.springframework.security.web.authentication.UsernamePasswordAuthenticationFilter@29f2697e, org.springframework.security.web.savedrequest.RequestCacheAwareFilter@2916e160, org.springframework.security.web.servletapi.SecurityContextHolderAwareRequestFilter@568043d8, org.springframework.security.web.authentication.rememberme.RememberMeAuthenticationFilter@b3ed7c1, org.springframework.security.web.authentication.AnonymousAuthenticationFilter@1d533e6d, org.springframework.security.web.session.SessionManagementFilter@5b7dd521, org.springframework.security.web.access.ExceptionTranslationFilter@3d9dbfdf, org.springframework.security.web.access.intercept.FilterSecurityInterceptor@496176da]
2024-03-28 22:54:09 | [34mINFO [0;39m | [1;33mrestartedMain[0;39m | [1;32morg.springframework.boot.devtools.autoconfigure.OptionalLiveReloadServer[0;39m | LiveReload server is running on port 35729
2024-03-28 22:54:09 | [34mINFO [0;39m | [1;33mrestartedMain[0;39m | [1;32morg.springframework.boot.web.embedded.tomcat.TomcatWebServer[0;39m | Tomcat started on port 8889 (http) with context path '/lyq'
2024-03-28 22:54:09 | [34mINFO [0;39m | [1;33mrestartedMain[0;39m | [1;32mcom.manage.AcademicManageApplication[0;39m | Started AcademicManageApplication in 2.463 seconds (process running for 2.996)
2024-03-28 22:55:04 | [34mINFO [0;39m | [1;33mhttp-nio-8889-exec-2[0;39m | [1;32morg.apache.catalina.core.ContainerBase.[Tomcat].[localhost].[/lyq][0;39m | Initializing Spring DispatcherServlet 'dispatcherServlet'
2024-03-28 22:55:04 | [34mINFO [0;39m | [1;33mhttp-nio-8889-exec-2[0;39m | [1;32morg.springframework.web.servlet.DispatcherServlet[0;39m | Initializing Servlet 'dispatcherServlet'
2024-03-28 22:55:04 | [34mINFO [0;39m | [1;33mhttp-nio-8889-exec-2[0;39m | [1;32morg.springframework.web.servlet.DispatcherServlet[0;39m | Completed initialization in 2 ms
2024-03-28 22:55:04 | [34mINFO [0;39m | [1;33mhttp-nio-8889-exec-4[0;39m | [1;32mcom.zaxxer.hikari.HikariDataSource[0;39m | HikariPool-1 - Starting...
2024-03-28 22:55:04 | [34mINFO [0;39m | [1;33mhttp-nio-8889-exec-4[0;39m | [1;32mcom.zaxxer.hikari.pool.HikariPool[0;39m | HikariPool-1 - Added connection com.mysql.cj.jdbc.ConnectionImpl@6a85d9fb
2024-03-28 22:55:04 | [34mINFO [0;39m | [1;33mhttp-nio-8889-exec-4[0;39m | [1;32mcom.zaxxer.hikari.HikariDataSource[0;39m | HikariPool-1 - Start completed.
2024-03-28 22:57:57 | [34mINFO [0;39m | [1;33mFile Watcher[0;39m | [1;32morg.springframework.boot.devtools.autoconfigure.LocalDevToolsAutoConfiguration$RestartingClassPathChangeChangedEventListener[0;39m | Restarting due to 2 class path changes (0 additions, 2 deletions, 0 modifications)
2024-03-28 22:57:57 | [34mINFO [0;39m | [1;33mThread-5[0;39m | [1;32mcom.zaxxer.hikari.HikariDataSource[0;39m | HikariPool-1 - Shutdown initiated...
2024-03-28 22:57:57 | [34mINFO [0;39m | [1;33mThread-5[0;39m | [1;32mcom.zaxxer.hikari.HikariDataSource[0;39m | HikariPool-1 - Shutdown completed.
2024-03-28 22:57:57 | [34mINFO [0;39m | [1;33mrestartedMain[0;39m | [1;32mcom.manage.AcademicManageApplication[0;39m | Starting AcademicManageApplication using Java 17.0.7 with PID 11044 (D:\demo\academicManage\target\classes started by 16618 in D:\demo\academicManage)
2024-03-28 22:57:57 | [34mINFO [0;39m | [1;33mrestartedMain[0;39m | [1;32mcom.manage.AcademicManageApplication[0;39m | The following 1 profile is active: "jdbc"
2024-03-28 22:57:57 | [34mINFO [0;39m | [1;33mrestartedMain[0;39m | [1;32morg.springframework.boot.web.embedded.tomcat.TomcatWebServer[0;39m | Tomcat initialized with port 8889 (http)
2024-03-28 22:57:57 | [34mINFO [0;39m | [1;33mrestartedMain[0;39m | [1;32morg.apache.catalina.core.StandardService[0;39m | Starting service [Tomcat]
2024-03-28 22:57:57 | [34mINFO [0;39m | [1;33mrestartedMain[0;39m | [1;32morg.apache.catalina.core.StandardEngine[0;39m | Starting Servlet engine: [Apache Tomcat/10.1.18]
2024-03-28 22:57:57 | [34mINFO [0;39m | [1;33mrestartedMain[0;39m | [1;32morg.apache.catalina.core.ContainerBase.[Tomcat].[localhost].[/lyq][0;39m | Initializing Spring embedded WebApplicationContext
2024-03-28 22:57:57 | [34mINFO [0;39m | [1;33mrestartedMain[0;39m | [1;32morg.springframework.boot.web.servlet.context.ServletWebServerApplicationContext[0;39m | Root WebApplicationContext: initialization completed in 378 ms
2024-03-28 22:57:58 | [34mINFO [0;39m | [1;33mrestartedMain[0;39m | [1;32morg.apache.catalina.core.StandardService[0;39m | Stopping service [Tomcat]
2024-03-28 22:57:58 | [31mWARN [0;39m | [1;33mrestartedMain[0;39m | [1;32morg.springframework.boot.web.servlet.context.AnnotationConfigServletWebServerApplicationContext[0;39m | Exception encountered during context initialization - cancelling refresh attempt: org.springframework.context.ApplicationContextException: Unable to start web server
2024-03-28 22:57:58 | [34mINFO [0;39m | [1;33mrestartedMain[0;39m | [1;32morg.springframework.boot.autoconfigure.logging.ConditionEvaluationReportLogger[0;39m | 

Error starting ApplicationContext. To display the condition evaluation report re-run your application with 'debug' enabled.
2024-03-28 22:57:59 | [34mINFO [0;39m | [1;33mrestartedMain[0;39m | [1;32mcom.manage.AcademicManageApplication[0;39m | Starting AcademicManageApplication using Java 17.0.7 with PID 11044 (D:\demo\academicManage\target\classes started by 16618 in D:\demo\academicManage)
2024-03-28 22:57:59 | [34mINFO [0;39m | [1;33mrestartedMain[0;39m | [1;32mcom.manage.AcademicManageApplication[0;39m | The following 1 profile is active: "jdbc"
2024-03-28 22:57:59 | [34mINFO [0;39m | [1;33mrestartedMain[0;39m | [1;32morg.springframework.boot.web.embedded.tomcat.TomcatWebServer[0;39m | Tomcat initialized with port 8889 (http)
2024-03-28 22:57:59 | [34mINFO [0;39m | [1;33mrestartedMain[0;39m | [1;32morg.apache.catalina.core.StandardService[0;39m | Starting service [Tomcat]
2024-03-28 22:57:59 | [34mINFO [0;39m | [1;33mrestartedMain[0;39m | [1;32morg.apache.catalina.core.StandardEngine[0;39m | Starting Servlet engine: [Apache Tomcat/10.1.18]
2024-03-28 22:57:59 | [34mINFO [0;39m | [1;33mrestartedMain[0;39m | [1;32morg.apache.catalina.core.ContainerBase.[Tomcat-1].[localhost].[/lyq][0;39m | Initializing Spring embedded WebApplicationContext
2024-03-28 22:57:59 | [34mINFO [0;39m | [1;33mrestartedMain[0;39m | [1;32morg.springframework.boot.web.servlet.context.ServletWebServerApplicationContext[0;39m | Root WebApplicationContext: initialization completed in 216 ms
2024-03-28 22:57:59 | [34mINFO [0;39m | [1;33mrestartedMain[0;39m | [1;32morg.apache.catalina.core.StandardService[0;39m | Stopping service [Tomcat]
2024-03-28 22:57:59 | [31mWARN [0;39m | [1;33mrestartedMain[0;39m | [1;32morg.springframework.boot.web.servlet.context.AnnotationConfigServletWebServerApplicationContext[0;39m | Exception encountered during context initialization - cancelling refresh attempt: org.springframework.context.ApplicationContextException: Unable to start web server
2024-03-28 22:57:59 | [34mINFO [0;39m | [1;33mrestartedMain[0;39m | [1;32morg.springframework.boot.autoconfigure.logging.ConditionEvaluationReportLogger[0;39m | 

Error starting ApplicationContext. To display the condition evaluation report re-run your application with 'debug' enabled.
2024-03-28 22:58:03 | [34mINFO [0;39m | [1;33mrestartedMain[0;39m | [1;32mcom.manage.AcademicManageApplication[0;39m | Starting AcademicManageApplication using Java 17.0.7 with PID 11044 (D:\demo\academicManage\target\classes started by 16618 in D:\demo\academicManage)
2024-03-28 22:58:03 | [34mINFO [0;39m | [1;33mrestartedMain[0;39m | [1;32mcom.manage.AcademicManageApplication[0;39m | The following 1 profile is active: "jdbc"
2024-03-28 22:58:03 | [34mINFO [0;39m | [1;33mrestartedMain[0;39m | [1;32morg.springframework.boot.web.embedded.tomcat.TomcatWebServer[0;39m | Tomcat initialized with port 8889 (http)
2024-03-28 22:58:03 | [34mINFO [0;39m | [1;33mrestartedMain[0;39m | [1;32morg.apache.catalina.core.StandardService[0;39m | Starting service [Tomcat]
2024-03-28 22:58:03 | [34mINFO [0;39m | [1;33mrestartedMain[0;39m | [1;32morg.apache.catalina.core.StandardEngine[0;39m | Starting Servlet engine: [Apache Tomcat/10.1.18]
2024-03-28 22:58:03 | [34mINFO [0;39m | [1;33mrestartedMain[0;39m | [1;32morg.apache.catalina.core.ContainerBase.[Tomcat-2].[localhost].[/lyq][0;39m | Initializing Spring embedded WebApplicationContext
2024-03-28 22:58:03 | [34mINFO [0;39m | [1;33mrestartedMain[0;39m | [1;32morg.springframework.boot.web.servlet.context.ServletWebServerApplicationContext[0;39m | Root WebApplicationContext: initialization completed in 355 ms
2024-03-28 22:58:03 | [34mINFO [0;39m | [1;33mrestartedMain[0;39m | [1;32morg.apache.catalina.core.StandardService[0;39m | Stopping service [Tomcat]
2024-03-28 22:58:03 | [31mWARN [0;39m | [1;33mrestartedMain[0;39m | [1;32morg.springframework.boot.web.servlet.context.AnnotationConfigServletWebServerApplicationContext[0;39m | Exception encountered during context initialization - cancelling refresh attempt: org.springframework.context.ApplicationContextException: Unable to start web server
2024-03-28 22:58:03 | [34mINFO [0;39m | [1;33mrestartedMain[0;39m | [1;32morg.springframework.boot.autoconfigure.logging.ConditionEvaluationReportLogger[0;39m | 

Error starting ApplicationContext. To display the condition evaluation report re-run your application with 'debug' enabled.
2024-03-28 22:58:05 | [34mINFO [0;39m | [1;33mrestartedMain[0;39m | [1;32mcom.manage.AcademicManageApplication[0;39m | Starting AcademicManageApplication using Java 17.0.7 with PID 11044 (D:\demo\academicManage\target\classes started by 16618 in D:\demo\academicManage)
2024-03-28 22:58:05 | [34mINFO [0;39m | [1;33mrestartedMain[0;39m | [1;32mcom.manage.AcademicManageApplication[0;39m | The following 1 profile is active: "jdbc"
2024-03-28 22:58:05 | [34mINFO [0;39m | [1;33mrestartedMain[0;39m | [1;32morg.springframework.boot.web.embedded.tomcat.TomcatWebServer[0;39m | Tomcat initialized with port 8889 (http)
2024-03-28 22:58:05 | [34mINFO [0;39m | [1;33mrestartedMain[0;39m | [1;32morg.apache.catalina.core.StandardService[0;39m | Starting service [Tomcat]
2024-03-28 22:58:05 | [34mINFO [0;39m | [1;33mrestartedMain[0;39m | [1;32morg.apache.catalina.core.StandardEngine[0;39m | Starting Servlet engine: [Apache Tomcat/10.1.18]
2024-03-28 22:58:05 | [34mINFO [0;39m | [1;33mrestartedMain[0;39m | [1;32morg.apache.catalina.core.ContainerBase.[Tomcat-3].[localhost].[/lyq][0;39m | Initializing Spring embedded WebApplicationContext
2024-03-28 22:58:05 | [34mINFO [0;39m | [1;33mrestartedMain[0;39m | [1;32morg.springframework.boot.web.servlet.context.ServletWebServerApplicationContext[0;39m | Root WebApplicationContext: initialization completed in 200 ms
2024-03-28 22:58:05 | [34mINFO [0;39m | [1;33mrestartedMain[0;39m | [1;32morg.apache.catalina.core.StandardService[0;39m | Stopping service [Tomcat]
2024-03-28 22:58:05 | [31mWARN [0;39m | [1;33mrestartedMain[0;39m | [1;32morg.springframework.boot.web.servlet.context.AnnotationConfigServletWebServerApplicationContext[0;39m | Exception encountered during context initialization - cancelling refresh attempt: org.springframework.context.ApplicationContextException: Unable to start web server
2024-03-28 22:58:05 | [34mINFO [0;39m | [1;33mrestartedMain[0;39m | [1;32morg.springframework.boot.autoconfigure.logging.ConditionEvaluationReportLogger[0;39m | 

Error starting ApplicationContext. To display the condition evaluation report re-run your application with 'debug' enabled.
2024-03-28 23:00:10 | [34mINFO [0;39m | [1;33mrestartedMain[0;39m | [1;32mcom.manage.AcademicManageApplication[0;39m | Starting AcademicManageApplication using Java 17.0.7 with PID 20796 (D:\demo\academicManage\target\classes started by 16618 in D:\demo\academicManage)
2024-03-28 23:00:10 | [34mINFO [0;39m | [1;33mrestartedMain[0;39m | [1;32mcom.manage.AcademicManageApplication[0;39m | The following 1 profile is active: "jdbc"
2024-03-28 23:00:10 | [34mINFO [0;39m | [1;33mrestartedMain[0;39m | [1;32morg.springframework.boot.devtools.env.DevToolsPropertyDefaultsPostProcessor[0;39m | Devtools property defaults active! Set 'spring.devtools.add-properties' to 'false' to disable
2024-03-28 23:00:10 | [34mINFO [0;39m | [1;33mrestartedMain[0;39m | [1;32morg.springframework.boot.devtools.env.DevToolsPropertyDefaultsPostProcessor[0;39m | For additional web related logging consider setting the 'logging.level.web' property to 'DEBUG'
2024-03-28 23:00:12 | [34mINFO [0;39m | [1;33mrestartedMain[0;39m | [1;32morg.springframework.boot.web.embedded.tomcat.TomcatWebServer[0;39m | Tomcat initialized with port 8889 (http)
2024-03-28 23:00:12 | [34mINFO [0;39m | [1;33mrestartedMain[0;39m | [1;32morg.apache.catalina.core.StandardService[0;39m | Starting service [Tomcat]
2024-03-28 23:00:12 | [34mINFO [0;39m | [1;33mrestartedMain[0;39m | [1;32morg.apache.catalina.core.StandardEngine[0;39m | Starting Servlet engine: [Apache Tomcat/10.1.18]
2024-03-28 23:00:12 | [34mINFO [0;39m | [1;33mrestartedMain[0;39m | [1;32morg.apache.catalina.core.ContainerBase.[Tomcat].[localhost].[/lyq][0;39m | Initializing Spring embedded WebApplicationContext
2024-03-28 23:00:12 | [34mINFO [0;39m | [1;33mrestartedMain[0;39m | [1;32morg.springframework.boot.web.servlet.context.ServletWebServerApplicationContext[0;39m | Root WebApplicationContext: initialization completed in 1674 ms
2024-03-28 23:00:13 | [34mINFO [0;39m | [1;33mrestartedMain[0;39m | [1;32morg.springframework.security.web.DefaultSecurityFilterChain[0;39m | Will secure any request with [org.springframework.security.web.session.DisableEncodeUrlFilter@faefb84, org.springframework.security.web.context.request.async.WebAsyncManagerIntegrationFilter@6deb6a4c, org.springframework.security.web.context.SecurityContextHolderFilter@b56c25f, org.springframework.security.web.header.HeaderWriterFilter@3880cddb, org.springframework.web.filter.CorsFilter@37f1f74b, org.springframework.security.web.authentication.logout.LogoutFilter@21828932, com.manage.security.JwtAuthorizationFilter@35bc6e7f, org.springframework.security.web.authentication.UsernamePasswordAuthenticationFilter@11e6c59f, org.springframework.security.web.savedrequest.RequestCacheAwareFilter@45155264, org.springframework.security.web.servletapi.SecurityContextHolderAwareRequestFilter@2f0708eb, org.springframework.security.web.authentication.rememberme.RememberMeAuthenticationFilter@34d92fd5, org.springframework.security.web.authentication.AnonymousAuthenticationFilter@7b3e2ae9, org.springframework.security.web.session.SessionManagementFilter@150109d1, org.springframework.security.web.access.ExceptionTranslationFilter@e4fc241, org.springframework.security.web.access.intercept.FilterSecurityInterceptor@79f5b09a]
2024-03-28 23:00:13 | [34mINFO [0;39m | [1;33mrestartedMain[0;39m | [1;32morg.springframework.boot.devtools.autoconfigure.OptionalLiveReloadServer[0;39m | LiveReload server is running on port 35729
2024-03-28 23:00:13 | [34mINFO [0;39m | [1;33mrestartedMain[0;39m | [1;32morg.springframework.boot.web.embedded.tomcat.TomcatWebServer[0;39m | Tomcat started on port 8889 (http) with context path '/lyq'
2024-03-28 23:00:13 | [34mINFO [0;39m | [1;33mrestartedMain[0;39m | [1;32mcom.manage.AcademicManageApplication[0;39m | Started AcademicManageApplication in 3.999 seconds (process running for 4.858)
2024-03-28 23:00:30 | [34mINFO [0;39m | [1;33mrestartedMain[0;39m | [1;32mcom.manage.AcademicManageApplication[0;39m | Starting AcademicManageApplication using Java 17.0.7 with PID 27620 (D:\demo\academicManage\target\classes started by 16618 in D:\demo\academicManage)
2024-03-28 23:00:30 | [34mINFO [0;39m | [1;33mrestartedMain[0;39m | [1;32mcom.manage.AcademicManageApplication[0;39m | The following 1 profile is active: "jdbc"
2024-03-28 23:00:30 | [34mINFO [0;39m | [1;33mrestartedMain[0;39m | [1;32morg.springframework.boot.devtools.env.DevToolsPropertyDefaultsPostProcessor[0;39m | Devtools property defaults active! Set 'spring.devtools.add-properties' to 'false' to disable
2024-03-28 23:00:30 | [34mINFO [0;39m | [1;33mrestartedMain[0;39m | [1;32morg.springframework.boot.devtools.env.DevToolsPropertyDefaultsPostProcessor[0;39m | For additional web related logging consider setting the 'logging.level.web' property to 'DEBUG'
2024-03-28 23:00:31 | [34mINFO [0;39m | [1;33mrestartedMain[0;39m | [1;32morg.springframework.boot.web.embedded.tomcat.TomcatWebServer[0;39m | Tomcat initialized with port 8889 (http)
2024-03-28 23:00:31 | [34mINFO [0;39m | [1;33mrestartedMain[0;39m | [1;32morg.apache.catalina.core.StandardService[0;39m | Starting service [Tomcat]
2024-03-28 23:00:31 | [34mINFO [0;39m | [1;33mrestartedMain[0;39m | [1;32morg.apache.catalina.core.StandardEngine[0;39m | Starting Servlet engine: [Apache Tomcat/10.1.18]
2024-03-28 23:00:31 | [34mINFO [0;39m | [1;33mrestartedMain[0;39m | [1;32morg.apache.catalina.core.ContainerBase.[Tomcat].[localhost].[/lyq][0;39m | Initializing Spring embedded WebApplicationContext
2024-03-28 23:00:31 | [34mINFO [0;39m | [1;33mrestartedMain[0;39m | [1;32morg.springframework.boot.web.servlet.context.ServletWebServerApplicationContext[0;39m | Root WebApplicationContext: initialization completed in 1569 ms
2024-03-28 23:00:32 | [34mINFO [0;39m | [1;33mrestartedMain[0;39m | [1;32morg.springframework.security.web.DefaultSecurityFilterChain[0;39m | Will secure any request with [org.springframework.security.web.session.DisableEncodeUrlFilter@767c884f, org.springframework.security.web.context.request.async.WebAsyncManagerIntegrationFilter@f9f7afd, org.springframework.security.web.context.SecurityContextHolderFilter@779ac0d7, org.springframework.security.web.header.HeaderWriterFilter@4abe76bd, org.springframework.web.filter.CorsFilter@5574f367, org.springframework.security.web.authentication.logout.LogoutFilter@6dced01e, com.manage.security.JwtAuthorizationFilter@1e337efb, org.springframework.security.web.authentication.UsernamePasswordAuthenticationFilter@568043d8, org.springframework.security.web.savedrequest.RequestCacheAwareFilter@652c92ff, org.springframework.security.web.servletapi.SecurityContextHolderAwareRequestFilter@150109d1, org.springframework.security.web.authentication.rememberme.RememberMeAuthenticationFilter@21828932, org.springframework.security.web.authentication.AnonymousAuthenticationFilter@79f5b09a, org.springframework.security.web.session.SessionManagementFilter@4fa01ea9, org.springframework.security.web.access.ExceptionTranslationFilter@24d161b2, org.springframework.security.web.access.intercept.FilterSecurityInterceptor@6c73482c]
2024-03-28 23:00:33 | [34mINFO [0;39m | [1;33mrestartedMain[0;39m | [1;32morg.springframework.boot.devtools.autoconfigure.OptionalLiveReloadServer[0;39m | LiveReload server is running on port 35729
2024-03-28 23:00:33 | [34mINFO [0;39m | [1;33mrestartedMain[0;39m | [1;32morg.springframework.boot.web.embedded.tomcat.TomcatWebServer[0;39m | Tomcat started on port 8889 (http) with context path '/lyq'
2024-03-28 23:00:33 | [34mINFO [0;39m | [1;33mrestartedMain[0;39m | [1;32mcom.manage.AcademicManageApplication[0;39m | Started AcademicManageApplication in 3.788 seconds (process running for 4.591)
2024-03-28 23:00:42 | [34mINFO [0;39m | [1;33mhttp-nio-8889-exec-2[0;39m | [1;32morg.apache.catalina.core.ContainerBase.[Tomcat].[localhost].[/lyq][0;39m | Initializing Spring DispatcherServlet 'dispatcherServlet'
2024-03-28 23:00:42 | [34mINFO [0;39m | [1;33mhttp-nio-8889-exec-2[0;39m | [1;32morg.springframework.web.servlet.DispatcherServlet[0;39m | Initializing Servlet 'dispatcherServlet'
2024-03-28 23:00:42 | [34mINFO [0;39m | [1;33mhttp-nio-8889-exec-2[0;39m | [1;32morg.springframework.web.servlet.DispatcherServlet[0;39m | Completed initialization in 1 ms
2024-03-28 23:01:02 | [34mINFO [0;39m | [1;33mhttp-nio-8889-exec-5[0;39m | [1;32mcom.zaxxer.hikari.HikariDataSource[0;39m | HikariPool-1 - Starting...
2024-03-28 23:01:02 | [34mINFO [0;39m | [1;33mhttp-nio-8889-exec-5[0;39m | [1;32mcom.zaxxer.hikari.pool.HikariPool[0;39m | HikariPool-1 - Added connection com.mysql.cj.jdbc.ConnectionImpl@4f4ef767
2024-03-28 23:01:02 | [34mINFO [0;39m | [1;33mhttp-nio-8889-exec-5[0;39m | [1;32mcom.zaxxer.hikari.HikariDataSource[0;39m | HikariPool-1 - Start completed.
2024-03-28 23:02:37 | [34mINFO [0;39m | [1;33mSpringApplicationShutdownHook[0;39m | [1;32mcom.zaxxer.hikari.HikariDataSource[0;39m | HikariPool-1 - Shutdown initiated...
2024-03-28 23:02:37 | [34mINFO [0;39m | [1;33mSpringApplicationShutdownHook[0;39m | [1;32mcom.zaxxer.hikari.HikariDataSource[0;39m | HikariPool-1 - Shutdown completed.
2024-03-28 23:02:39 | [34mINFO [0;39m | [1;33mrestartedMain[0;39m | [1;32mcom.manage.AcademicManageApplication[0;39m | Starting AcademicManageApplication using Java 17.0.7 with PID 23248 (D:\demo\academicManage\target\classes started by 16618 in D:\demo\academicManage)
2024-03-28 23:02:39 | [34mINFO [0;39m | [1;33mrestartedMain[0;39m | [1;32mcom.manage.AcademicManageApplication[0;39m | The following 1 profile is active: "jdbc"
2024-03-28 23:02:39 | [34mINFO [0;39m | [1;33mrestartedMain[0;39m | [1;32morg.springframework.boot.devtools.env.DevToolsPropertyDefaultsPostProcessor[0;39m | Devtools property defaults active! Set 'spring.devtools.add-properties' to 'false' to disable
2024-03-28 23:02:39 | [34mINFO [0;39m | [1;33mrestartedMain[0;39m | [1;32morg.springframework.boot.devtools.env.DevToolsPropertyDefaultsPostProcessor[0;39m | For additional web related logging consider setting the 'logging.level.web' property to 'DEBUG'
2024-03-28 23:02:41 | [34mINFO [0;39m | [1;33mrestartedMain[0;39m | [1;32morg.springframework.boot.web.embedded.tomcat.TomcatWebServer[0;39m | Tomcat initialized with port 8889 (http)
2024-03-28 23:02:41 | [34mINFO [0;39m | [1;33mrestartedMain[0;39m | [1;32morg.apache.catalina.core.StandardService[0;39m | Starting service [Tomcat]
2024-03-28 23:02:41 | [34mINFO [0;39m | [1;33mrestartedMain[0;39m | [1;32morg.apache.catalina.core.StandardEngine[0;39m | Starting Servlet engine: [Apache Tomcat/10.1.18]
2024-03-28 23:02:41 | [34mINFO [0;39m | [1;33mrestartedMain[0;39m | [1;32morg.apache.catalina.core.ContainerBase.[Tomcat].[localhost].[/lyq][0;39m | Initializing Spring embedded WebApplicationContext
2024-03-28 23:02:41 | [34mINFO [0;39m | [1;33mrestartedMain[0;39m | [1;32morg.springframework.boot.web.servlet.context.ServletWebServerApplicationContext[0;39m | Root WebApplicationContext: initialization completed in 1592 ms
2024-03-28 23:02:42 | [34mINFO [0;39m | [1;33mrestartedMain[0;39m | [1;32morg.springframework.security.web.DefaultSecurityFilterChain[0;39m | Will secure any request with [org.springframework.security.web.session.DisableEncodeUrlFilter@9189209, org.springframework.security.web.context.request.async.WebAsyncManagerIntegrationFilter@437029be, org.springframework.security.web.context.SecurityContextHolderFilter@1c332b7, org.springframework.security.web.header.HeaderWriterFilter@4bd4d598, org.springframework.web.filter.CorsFilter@5e5f48e2, org.springframework.security.web.authentication.logout.LogoutFilter@2f0708eb, com.manage.security.JwtAuthorizationFilter@41789e2e, org.springframework.security.web.authentication.UsernamePasswordAuthenticationFilter@2427ab71, org.springframework.security.web.savedrequest.RequestCacheAwareFilter@6426b3b3, org.springframework.security.web.servletapi.SecurityContextHolderAwareRequestFilter@2e322407, org.springframework.security.web.authentication.rememberme.RememberMeAuthenticationFilter@2478e73e, org.springframework.security.web.authentication.AnonymousAuthenticationFilter@6b96db82, org.springframework.security.web.session.SessionManagementFilter@65418ddc, org.springframework.security.web.access.ExceptionTranslationFilter@1abc1b11, org.springframework.security.web.access.intercept.FilterSecurityInterceptor@4980730f]
2024-03-28 23:02:43 | [34mINFO [0;39m | [1;33mrestartedMain[0;39m | [1;32morg.springframework.boot.devtools.autoconfigure.OptionalLiveReloadServer[0;39m | LiveReload server is running on port 35729
2024-03-28 23:02:43 | [34mINFO [0;39m | [1;33mrestartedMain[0;39m | [1;32morg.springframework.boot.web.embedded.tomcat.TomcatWebServer[0;39m | Tomcat started on port 8889 (http) with context path '/lyq'
2024-03-28 23:02:43 | [34mINFO [0;39m | [1;33mrestartedMain[0;39m | [1;32mcom.manage.AcademicManageApplication[0;39m | Started AcademicManageApplication in 3.855 seconds (process running for 4.673)
2024-03-28 23:02:48 | [34mINFO [0;39m | [1;33mhttp-nio-8889-exec-1[0;39m | [1;32morg.apache.catalina.core.ContainerBase.[Tomcat].[localhost].[/lyq][0;39m | Initializing Spring DispatcherServlet 'dispatcherServlet'
2024-03-28 23:02:48 | [34mINFO [0;39m | [1;33mhttp-nio-8889-exec-1[0;39m | [1;32morg.springframework.web.servlet.DispatcherServlet[0;39m | Initializing Servlet 'dispatcherServlet'
2024-03-28 23:02:48 | [34mINFO [0;39m | [1;33mhttp-nio-8889-exec-1[0;39m | [1;32morg.springframework.web.servlet.DispatcherServlet[0;39m | Completed initialization in 1 ms
2024-03-28 23:02:48 | [34mINFO [0;39m | [1;33mhttp-nio-8889-exec-2[0;39m | [1;32mcom.zaxxer.hikari.HikariDataSource[0;39m | HikariPool-1 - Starting...
2024-03-28 23:02:48 | [34mINFO [0;39m | [1;33mhttp-nio-8889-exec-2[0;39m | [1;32mcom.zaxxer.hikari.pool.HikariPool[0;39m | HikariPool-1 - Added connection com.mysql.cj.jdbc.ConnectionImpl@65b3051f
2024-03-28 23:02:48 | [34mINFO [0;39m | [1;33mhttp-nio-8889-exec-2[0;39m | [1;32mcom.zaxxer.hikari.HikariDataSource[0;39m | HikariPool-1 - Start completed.
2024-03-28 23:03:22 | [34mINFO [0;39m | [1;33mSpringApplicationShutdownHook[0;39m | [1;32mcom.zaxxer.hikari.HikariDataSource[0;39m | HikariPool-1 - Shutdown initiated...
2024-03-28 23:03:22 | [34mINFO [0;39m | [1;33mSpringApplicationShutdownHook[0;39m | [1;32mcom.zaxxer.hikari.HikariDataSource[0;39m | HikariPool-1 - Shutdown completed.
2024-03-28 23:03:27 | [34mINFO [0;39m | [1;33mrestartedMain[0;39m | [1;32mcom.manage.AcademicManageApplication[0;39m | Starting AcademicManageApplication using Java 17.0.7 with PID 9152 (D:\demo\academicManage\target\classes started by 16618 in D:\demo\academicManage)
2024-03-28 23:03:27 | [34mINFO [0;39m | [1;33mrestartedMain[0;39m | [1;32mcom.manage.AcademicManageApplication[0;39m | The following 1 profile is active: "jdbc"
2024-03-28 23:03:27 | [34mINFO [0;39m | [1;33mrestartedMain[0;39m | [1;32morg.springframework.boot.devtools.env.DevToolsPropertyDefaultsPostProcessor[0;39m | Devtools property defaults active! Set 'spring.devtools.add-properties' to 'false' to disable
2024-03-28 23:03:27 | [34mINFO [0;39m | [1;33mrestartedMain[0;39m | [1;32morg.springframework.boot.devtools.env.DevToolsPropertyDefaultsPostProcessor[0;39m | For additional web related logging consider setting the 'logging.level.web' property to 'DEBUG'
2024-03-28 23:03:29 | [34mINFO [0;39m | [1;33mrestartedMain[0;39m | [1;32morg.springframework.boot.web.embedded.tomcat.TomcatWebServer[0;39m | Tomcat initialized with port 8889 (http)
2024-03-28 23:03:29 | [34mINFO [0;39m | [1;33mrestartedMain[0;39m | [1;32morg.apache.catalina.core.StandardService[0;39m | Starting service [Tomcat]
2024-03-28 23:03:29 | [34mINFO [0;39m | [1;33mrestartedMain[0;39m | [1;32morg.apache.catalina.core.StandardEngine[0;39m | Starting Servlet engine: [Apache Tomcat/10.1.18]
2024-03-28 23:03:29 | [34mINFO [0;39m | [1;33mrestartedMain[0;39m | [1;32morg.apache.catalina.core.ContainerBase.[Tomcat].[localhost].[/lyq][0;39m | Initializing Spring embedded WebApplicationContext
2024-03-28 23:03:29 | [34mINFO [0;39m | [1;33mrestartedMain[0;39m | [1;32morg.springframework.boot.web.servlet.context.ServletWebServerApplicationContext[0;39m | Root WebApplicationContext: initialization completed in 1571 ms
2024-03-28 23:03:30 | [34mINFO [0;39m | [1;33mrestartedMain[0;39m | [1;32morg.springframework.security.web.DefaultSecurityFilterChain[0;39m | Will secure any request with [org.springframework.security.web.session.DisableEncodeUrlFilter@7b3e2ae9, org.springframework.security.web.context.request.async.WebAsyncManagerIntegrationFilter@7f39af98, org.springframework.security.web.context.SecurityContextHolderFilter@45155264, org.springframework.security.web.header.HeaderWriterFilter@150109d1, org.springframework.web.filter.CorsFilter@37f1f74b, org.springframework.security.web.authentication.logout.LogoutFilter@11e6c59f, com.manage.security.JwtAuthorizationFilter@35bc6e7f, org.springframework.security.web.authentication.UsernamePasswordAuthenticationFilter@15b7155b, org.springframework.security.web.savedrequest.RequestCacheAwareFilter@127e736e, org.springframework.security.web.servletapi.SecurityContextHolderAwareRequestFilter@2427ab71, org.springframework.security.web.authentication.rememberme.RememberMeAuthenticationFilter@7755ab76, org.springframework.security.web.authentication.AnonymousAuthenticationFilter@7331920, org.springframework.security.web.session.SessionManagementFilter@aec0297, org.springframework.security.web.access.ExceptionTranslationFilter@3880cddb, org.springframework.security.web.access.intercept.FilterSecurityInterceptor@2f373e96]
2024-03-28 23:03:30 | [34mINFO [0;39m | [1;33mrestartedMain[0;39m | [1;32morg.springframework.boot.devtools.autoconfigure.OptionalLiveReloadServer[0;39m | LiveReload server is running on port 35729
2024-03-28 23:03:31 | [34mINFO [0;39m | [1;33mrestartedMain[0;39m | [1;32morg.springframework.boot.web.embedded.tomcat.TomcatWebServer[0;39m | Tomcat started on port 8889 (http) with context path '/lyq'
2024-03-28 23:03:31 | [34mINFO [0;39m | [1;33mrestartedMain[0;39m | [1;32mcom.manage.AcademicManageApplication[0;39m | Started AcademicManageApplication in 3.779 seconds (process running for 4.618)
2024-03-28 23:04:36 | [34mINFO [0;39m | [1;33mrestartedMain[0;39m | [1;32mcom.manage.AcademicManageApplication[0;39m | Starting AcademicManageApplication using Java 17.0.7 with PID 12800 (D:\demo\academicManage\target\classes started by 16618 in D:\demo\academicManage)
2024-03-28 23:04:36 | [34mINFO [0;39m | [1;33mrestartedMain[0;39m | [1;32mcom.manage.AcademicManageApplication[0;39m | The following 1 profile is active: "jdbc"
2024-03-28 23:04:36 | [34mINFO [0;39m | [1;33mrestartedMain[0;39m | [1;32morg.springframework.boot.devtools.env.DevToolsPropertyDefaultsPostProcessor[0;39m | Devtools property defaults active! Set 'spring.devtools.add-properties' to 'false' to disable
2024-03-28 23:04:36 | [34mINFO [0;39m | [1;33mrestartedMain[0;39m | [1;32morg.springframework.boot.devtools.env.DevToolsPropertyDefaultsPostProcessor[0;39m | For additional web related logging consider setting the 'logging.level.web' property to 'DEBUG'
2024-03-28 23:04:38 | [34mINFO [0;39m | [1;33mrestartedMain[0;39m | [1;32morg.springframework.boot.web.embedded.tomcat.TomcatWebServer[0;39m | Tomcat initialized with port 8889 (http)
2024-03-28 23:04:38 | [34mINFO [0;39m | [1;33mrestartedMain[0;39m | [1;32morg.apache.catalina.core.StandardService[0;39m | Starting service [Tomcat]
2024-03-28 23:04:38 | [34mINFO [0;39m | [1;33mrestartedMain[0;39m | [1;32morg.apache.catalina.core.StandardEngine[0;39m | Starting Servlet engine: [Apache Tomcat/10.1.18]
2024-03-28 23:04:38 | [34mINFO [0;39m | [1;33mrestartedMain[0;39m | [1;32morg.apache.catalina.core.ContainerBase.[Tomcat].[localhost].[/lyq][0;39m | Initializing Spring embedded WebApplicationContext
2024-03-28 23:04:38 | [34mINFO [0;39m | [1;33mrestartedMain[0;39m | [1;32morg.springframework.boot.web.servlet.context.ServletWebServerApplicationContext[0;39m | Root WebApplicationContext: initialization completed in 1564 ms
2024-03-28 23:04:39 | [34mINFO [0;39m | [1;33mrestartedMain[0;39m | [1;32morg.springframework.security.web.DefaultSecurityFilterChain[0;39m | Will secure any request with [org.springframework.security.web.session.DisableEncodeUrlFilter@6062dfd3, org.springframework.security.web.context.request.async.WebAsyncManagerIntegrationFilter@b8925c, org.springframework.security.web.context.SecurityContextHolderFilter@37fd419d, org.springframework.security.web.header.HeaderWriterFilter@24d161b2, org.springframework.web.filter.CorsFilter@4c77d939, org.springframework.security.web.authentication.logout.LogoutFilter@241b6e54, com.manage.security.JwtAuthorizationFilter@16a7933c, org.springframework.security.web.authentication.UsernamePasswordAuthenticationFilter@6dced01e, org.springframework.security.web.savedrequest.RequestCacheAwareFilter@779ac0d7, org.springframework.security.web.servletapi.SecurityContextHolderAwareRequestFilter@3880cddb, org.springframework.security.web.authentication.rememberme.RememberMeAuthenticationFilter@6b4b7b38, org.springframework.security.web.authentication.AnonymousAuthenticationFilter@767c884f, org.springframework.security.web.session.SessionManagementFilter@4abe76bd, org.springframework.security.web.access.ExceptionTranslationFilter@367cedfc, org.springframework.security.web.access.intercept.FilterSecurityInterceptor@51a33c71]
2024-03-28 23:04:39 | [34mINFO [0;39m | [1;33mrestartedMain[0;39m | [1;32morg.springframework.boot.devtools.autoconfigure.OptionalLiveReloadServer[0;39m | LiveReload server is running on port 35729
2024-03-28 23:04:39 | [34mINFO [0;39m | [1;33mrestartedMain[0;39m | [1;32morg.springframework.boot.web.embedded.tomcat.TomcatWebServer[0;39m | Tomcat started on port 8889 (http) with context path '/lyq'
2024-03-28 23:04:39 | [34mINFO [0;39m | [1;33mrestartedMain[0;39m | [1;32mcom.manage.AcademicManageApplication[0;39m | Started AcademicManageApplication in 3.892 seconds (process running for 4.724)
2024-03-28 23:04:49 | [34mINFO [0;39m | [1;33mhttp-nio-8889-exec-1[0;39m | [1;32morg.apache.catalina.core.ContainerBase.[Tomcat].[localhost].[/lyq][0;39m | Initializing Spring DispatcherServlet 'dispatcherServlet'
2024-03-28 23:04:49 | [34mINFO [0;39m | [1;33mhttp-nio-8889-exec-1[0;39m | [1;32morg.springframework.web.servlet.DispatcherServlet[0;39m | Initializing Servlet 'dispatcherServlet'
2024-03-28 23:04:49 | [34mINFO [0;39m | [1;33mhttp-nio-8889-exec-1[0;39m | [1;32morg.springframework.web.servlet.DispatcherServlet[0;39m | Completed initialization in 2 ms
2024-03-28 23:04:49 | [34mINFO [0;39m | [1;33mhttp-nio-8889-exec-3[0;39m | [1;32mcom.zaxxer.hikari.HikariDataSource[0;39m | HikariPool-1 - Starting...
2024-03-28 23:04:49 | [34mINFO [0;39m | [1;33mhttp-nio-8889-exec-3[0;39m | [1;32mcom.zaxxer.hikari.pool.HikariPool[0;39m | HikariPool-1 - Added connection com.mysql.cj.jdbc.ConnectionImpl@6cfbf3d5
2024-03-28 23:04:49 | [34mINFO [0;39m | [1;33mhttp-nio-8889-exec-3[0;39m | [1;32mcom.zaxxer.hikari.HikariDataSource[0;39m | HikariPool-1 - Start completed.
2024-03-28 23:06:25 | [34mINFO [0;39m | [1;33mSpringApplicationShutdownHook[0;39m | [1;32mcom.zaxxer.hikari.HikariDataSource[0;39m | HikariPool-1 - Shutdown initiated...
2024-03-28 23:06:25 | [34mINFO [0;39m | [1;33mSpringApplicationShutdownHook[0;39m | [1;32mcom.zaxxer.hikari.HikariDataSource[0;39m | HikariPool-1 - Shutdown completed.
2024-03-28 23:06:30 | [34mINFO [0;39m | [1;33mrestartedMain[0;39m | [1;32mcom.manage.AcademicManageApplication[0;39m | Starting AcademicManageApplication using Java 17.0.7 with PID 6472 (D:\demo\academicManage\target\classes started by 16618 in D:\demo\academicManage)
2024-03-28 23:06:30 | [34mINFO [0;39m | [1;33mrestartedMain[0;39m | [1;32mcom.manage.AcademicManageApplication[0;39m | The following 1 profile is active: "jdbc"
2024-03-28 23:06:30 | [34mINFO [0;39m | [1;33mrestartedMain[0;39m | [1;32morg.springframework.boot.devtools.env.DevToolsPropertyDefaultsPostProcessor[0;39m | Devtools property defaults active! Set 'spring.devtools.add-properties' to 'false' to disable
2024-03-28 23:06:30 | [34mINFO [0;39m | [1;33mrestartedMain[0;39m | [1;32morg.springframework.boot.devtools.env.DevToolsPropertyDefaultsPostProcessor[0;39m | For additional web related logging consider setting the 'logging.level.web' property to 'DEBUG'
2024-03-28 23:06:32 | [34mINFO [0;39m | [1;33mrestartedMain[0;39m | [1;32morg.springframework.boot.web.embedded.tomcat.TomcatWebServer[0;39m | Tomcat initialized with port 8889 (http)
2024-03-28 23:06:32 | [34mINFO [0;39m | [1;33mrestartedMain[0;39m | [1;32morg.apache.catalina.core.StandardService[0;39m | Starting service [Tomcat]
2024-03-28 23:06:32 | [34mINFO [0;39m | [1;33mrestartedMain[0;39m | [1;32morg.apache.catalina.core.StandardEngine[0;39m | Starting Servlet engine: [Apache Tomcat/10.1.18]
2024-03-28 23:06:32 | [34mINFO [0;39m | [1;33mrestartedMain[0;39m | [1;32morg.apache.catalina.core.ContainerBase.[Tomcat].[localhost].[/lyq][0;39m | Initializing Spring embedded WebApplicationContext
2024-03-28 23:06:32 | [34mINFO [0;39m | [1;33mrestartedMain[0;39m | [1;32morg.springframework.boot.web.servlet.context.ServletWebServerApplicationContext[0;39m | Root WebApplicationContext: initialization completed in 1635 ms
2024-03-28 23:06:33 | [34mINFO [0;39m | [1;33mrestartedMain[0;39m | [1;32morg.springframework.security.web.DefaultSecurityFilterChain[0;39m | Will secure any request with [org.springframework.security.web.session.DisableEncodeUrlFilter@434a8964, org.springframework.security.web.context.request.async.WebAsyncManagerIntegrationFilter@9189209, org.springframework.security.web.context.SecurityContextHolderFilter@65b5ed75, org.springframework.security.web.header.HeaderWriterFilter@2c682c84, org.springframework.web.filter.CorsFilter@4377a63f, org.springframework.security.web.authentication.logout.LogoutFilter@45155264, com.manage.security.JwtAuthorizationFilter@1135c8d5, org.springframework.security.web.authentication.UsernamePasswordAuthenticationFilter@127e736e, org.springframework.security.web.savedrequest.RequestCacheAwareFilter@6805703e, org.springframework.security.web.servletapi.SecurityContextHolderAwareRequestFilter@6426b3b3, org.springframework.security.web.authentication.rememberme.RememberMeAuthenticationFilter@3d9dbfdf, org.springframework.security.web.authentication.AnonymousAuthenticationFilter@437029be, org.springframework.security.web.session.SessionManagementFilter@1f5f69b5, org.springframework.security.web.access.ExceptionTranslationFilter@44a02bd, org.springframework.security.web.access.intercept.FilterSecurityInterceptor@6c0d65aa]
2024-03-28 23:06:33 | [34mINFO [0;39m | [1;33mrestartedMain[0;39m | [1;32morg.springframework.boot.devtools.autoconfigure.OptionalLiveReloadServer[0;39m | LiveReload server is running on port 35729
2024-03-28 23:06:34 | [34mINFO [0;39m | [1;33mrestartedMain[0;39m | [1;32morg.springframework.boot.web.embedded.tomcat.TomcatWebServer[0;39m | Tomcat started on port 8889 (http) with context path '/lyq'
2024-03-28 23:06:34 | [34mINFO [0;39m | [1;33mrestartedMain[0;39m | [1;32mcom.manage.AcademicManageApplication[0;39m | Started AcademicManageApplication in 4.036 seconds (process running for 4.861)
2024-03-28 23:06:34 | [34mINFO [0;39m | [1;33mhttp-nio-8889-exec-2[0;39m | [1;32morg.apache.catalina.core.ContainerBase.[Tomcat].[localhost].[/lyq][0;39m | Initializing Spring DispatcherServlet 'dispatcherServlet'
2024-03-28 23:06:34 | [34mINFO [0;39m | [1;33mhttp-nio-8889-exec-2[0;39m | [1;32morg.springframework.web.servlet.DispatcherServlet[0;39m | Initializing Servlet 'dispatcherServlet'
2024-03-28 23:06:34 | [34mINFO [0;39m | [1;33mhttp-nio-8889-exec-2[0;39m | [1;32morg.springframework.web.servlet.DispatcherServlet[0;39m | Completed initialization in 1 ms
2024-03-28 23:06:34 | [34mINFO [0;39m | [1;33mhttp-nio-8889-exec-4[0;39m | [1;32mcom.zaxxer.hikari.HikariDataSource[0;39m | HikariPool-1 - Starting...
2024-03-28 23:06:34 | [34mINFO [0;39m | [1;33mhttp-nio-8889-exec-4[0;39m | [1;32mcom.zaxxer.hikari.pool.HikariPool[0;39m | HikariPool-1 - Added connection com.mysql.cj.jdbc.ConnectionImpl@60f43d9a
2024-03-28 23:06:34 | [34mINFO [0;39m | [1;33mhttp-nio-8889-exec-4[0;39m | [1;32mcom.zaxxer.hikari.HikariDataSource[0;39m | HikariPool-1 - Start completed.
2024-03-28 23:07:38 | [34mINFO [0;39m | [1;33mSpringApplicationShutdownHook[0;39m | [1;32mcom.zaxxer.hikari.HikariDataSource[0;39m | HikariPool-1 - Shutdown initiated...
2024-03-28 23:07:38 | [34mINFO [0;39m | [1;33mSpringApplicationShutdownHook[0;39m | [1;32mcom.zaxxer.hikari.HikariDataSource[0;39m | HikariPool-1 - Shutdown completed.
