2024-04-26 22:03:01 | [34mINFO [0;39m | [1;33mrestartedMain[0;39m | [1;32mcom.manage.AcademicManageApplication[0;39m | Starting AcademicManageApplication using Java 17.0.7 with PID 21228 (D:\demo\academicManage\target\classes started by 16618 in D:\demo\academicManage)
2024-04-26 22:03:01 | [34mINFO [0;39m | [1;33mrestartedMain[0;39m | [1;32mcom.manage.AcademicManageApplication[0;39m | The following 1 profile is active: "jdbc"
2024-04-26 22:03:01 | [34mINFO [0;39m | [1;33mrestartedMain[0;39m | [1;32morg.springframework.boot.devtools.env.DevToolsPropertyDefaultsPostProcessor[0;39m | Devtools property defaults active! Set 'spring.devtools.add-properties' to 'false' to disable
2024-04-26 22:03:01 | [34mINFO [0;39m | [1;33mrestartedMain[0;39m | [1;32morg.springframework.boot.devtools.env.DevToolsPropertyDefaultsPostProcessor[0;39m | For additional web related logging consider setting the 'logging.level.web' property to 'DEBUG'
2024-04-26 22:03:03 | [34mINFO [0;39m | [1;33mrestartedMain[0;39m | [1;32morg.springframework.boot.web.embedded.tomcat.TomcatWebServer[0;39m | Tomcat initialized with port 8889 (http)
2024-04-26 22:03:03 | [34mINFO [0;39m | [1;33mrestartedMain[0;39m | [1;32morg.apache.catalina.core.StandardService[0;39m | Starting service [Tomcat]
2024-04-26 22:03:03 | [34mINFO [0;39m | [1;33mrestartedMain[0;39m | [1;32morg.apache.catalina.core.StandardEngine[0;39m | Starting Servlet engine: [Apache Tomcat/10.1.18]
2024-04-26 22:03:03 | [34mINFO [0;39m | [1;33mrestartedMain[0;39m | [1;32morg.apache.catalina.core.ContainerBase.[Tomcat].[localhost].[/lyq][0;39m | Initializing Spring embedded WebApplicationContext
2024-04-26 22:03:03 | [34mINFO [0;39m | [1;33mrestartedMain[0;39m | [1;32morg.springframework.boot.web.servlet.context.ServletWebServerApplicationContext[0;39m | Root WebApplicationContext: initialization completed in 1695 ms
2024-04-26 22:03:04 | [31mWARN [0;39m | [1;33mrestartedMain[0;39m | [1;32mcom.baomidou.mybatisplus.core.injector.DefaultSqlInjector[0;39m | class com.manage.entity.vo.UserClassVo ,Not found @TableId annotation, Cannot use Mybatis-Plus 'xxById' Method.
2024-04-26 22:03:04 | [31mWARN [0;39m | [1;33mrestartedMain[0;39m | [1;32mcom.baomidou.mybatisplus.core.injector.DefaultSqlInjector[0;39m | class com.manage.entity.vo.UserRoleVo ,Not found @TableId annotation, Cannot use Mybatis-Plus 'xxById' Method.
2024-04-26 22:03:04 | [34mINFO [0;39m | [1;33mrestartedMain[0;39m | [1;32morg.springframework.security.web.DefaultSecurityFilterChain[0;39m | Will secure any request with [org.springframework.security.web.session.DisableEncodeUrlFilter@4e3e4e44, org.springframework.security.web.context.request.async.WebAsyncManagerIntegrationFilter@6a12ae29, org.springframework.security.web.context.SecurityContextHolderFilter@7040135d, org.springframework.security.web.header.HeaderWriterFilter@358c15d3, org.springframework.web.filter.CorsFilter@4320687, org.springframework.security.web.authentication.logout.LogoutFilter@60ee8e7e, com.manage.security.JwtAuthorizationFilter@6b06b62c, org.springframework.security.web.authentication.UsernamePasswordAuthenticationFilter@547447f3, org.springframework.security.web.savedrequest.RequestCacheAwareFilter@40ff632f, org.springframework.security.web.servletapi.SecurityContextHolderAwareRequestFilter@4347c2fb, org.springframework.security.web.authentication.rememberme.RememberMeAuthenticationFilter@2a9346b, org.springframework.security.web.authentication.AnonymousAuthenticationFilter@64bcd4cb, org.springframework.security.web.session.SessionManagementFilter@48726ee9, org.springframework.security.web.access.ExceptionTranslationFilter@a394f29, org.springframework.security.web.access.intercept.FilterSecurityInterceptor@7eadb25b]
2024-04-26 22:03:04 | [34mINFO [0;39m | [1;33mrestartedMain[0;39m | [1;32morg.springframework.boot.devtools.autoconfigure.OptionalLiveReloadServer[0;39m | LiveReload server is running on port 35729
2024-04-26 22:03:04 | [34mINFO [0;39m | [1;33mrestartedMain[0;39m | [1;32morg.springframework.boot.web.embedded.tomcat.TomcatWebServer[0;39m | Tomcat started on port 8889 (http) with context path '/lyq'
2024-04-26 22:03:04 | [34mINFO [0;39m | [1;33mrestartedMain[0;39m | [1;32mcom.manage.AcademicManageApplication[0;39m | Started AcademicManageApplication in 3.613 seconds (process running for 4.957)
2024-04-26 22:09:18 | [34mINFO [0;39m | [1;33mhttp-nio-8889-exec-2[0;39m | [1;32morg.apache.catalina.core.ContainerBase.[Tomcat].[localhost].[/lyq][0;39m | Initializing Spring DispatcherServlet 'dispatcherServlet'
2024-04-26 22:09:18 | [34mINFO [0;39m | [1;33mhttp-nio-8889-exec-2[0;39m | [1;32morg.springframework.web.servlet.DispatcherServlet[0;39m | Initializing Servlet 'dispatcherServlet'
2024-04-26 22:09:18 | [34mINFO [0;39m | [1;33mhttp-nio-8889-exec-2[0;39m | [1;32morg.springframework.web.servlet.DispatcherServlet[0;39m | Completed initialization in 0 ms
2024-04-26 22:09:18 | [34mINFO [0;39m | [1;33mhttp-nio-8889-exec-2[0;39m | [1;32mcom.zaxxer.hikari.HikariDataSource[0;39m | HikariPool-1 - Starting...
2024-04-26 22:09:18 | [34mINFO [0;39m | [1;33mhttp-nio-8889-exec-2[0;39m | [1;32mcom.zaxxer.hikari.pool.HikariPool[0;39m | HikariPool-1 - Added connection com.mysql.cj.jdbc.ConnectionImpl@12c0a053
2024-04-26 22:09:18 | [34mINFO [0;39m | [1;33mhttp-nio-8889-exec-2[0;39m | [1;32mcom.zaxxer.hikari.HikariDataSource[0;39m | HikariPool-1 - Start completed.
2024-04-26 23:18:27 | [34mINFO [0;39m | [1;33mSpringApplicationShutdownHook[0;39m | [1;32mcom.zaxxer.hikari.HikariDataSource[0;39m | HikariPool-1 - Shutdown initiated...
2024-04-26 23:18:27 | [34mINFO [0;39m | [1;33mSpringApplicationShutdownHook[0;39m | [1;32mcom.zaxxer.hikari.HikariDataSource[0;39m | HikariPool-1 - Shutdown completed.
