2024-04-19 22:04:44 | [34mINFO [0;39m | [1;33mrestartedMain[0;39m | [1;32mcom.manage.AcademicManageApplication[0;39m | Starting AcademicManageApplication using Java 17.0.7 with PID 18336 (D:\demo\academicManage\target\classes started by 16618 in D:\demo\academicManage)
2024-04-19 22:04:44 | [34mINFO [0;39m | [1;33mrestartedMain[0;39m | [1;32mcom.manage.AcademicManageApplication[0;39m | The following 1 profile is active: "jdbc"
2024-04-19 22:04:44 | [34mINFO [0;39m | [1;33mrestartedMain[0;39m | [1;32morg.springframework.boot.devtools.env.DevToolsPropertyDefaultsPostProcessor[0;39m | Devtools property defaults active! Set 'spring.devtools.add-properties' to 'false' to disable
2024-04-19 22:04:44 | [34mINFO [0;39m | [1;33mrestartedMain[0;39m | [1;32morg.springframework.boot.devtools.env.DevToolsPropertyDefaultsPostProcessor[0;39m | For additional web related logging consider setting the 'logging.level.web' property to 'DEBUG'
2024-04-19 22:04:46 | [34mINFO [0;39m | [1;33mrestartedMain[0;39m | [1;32morg.springframework.boot.web.embedded.tomcat.TomcatWebServer[0;39m | Tomcat initialized with port 8889 (http)
2024-04-19 22:04:46 | [34mINFO [0;39m | [1;33mrestartedMain[0;39m | [1;32morg.apache.catalina.core.StandardService[0;39m | Starting service [Tomcat]
2024-04-19 22:04:46 | [34mINFO [0;39m | [1;33mrestartedMain[0;39m | [1;32morg.apache.catalina.core.StandardEngine[0;39m | Starting Servlet engine: [Apache Tomcat/10.1.18]
2024-04-19 22:04:46 | [34mINFO [0;39m | [1;33mrestartedMain[0;39m | [1;32morg.apache.catalina.core.ContainerBase.[Tomcat].[localhost].[/lyq][0;39m | Initializing Spring embedded WebApplicationContext
2024-04-19 22:04:46 | [34mINFO [0;39m | [1;33mrestartedMain[0;39m | [1;32morg.springframework.boot.web.servlet.context.ServletWebServerApplicationContext[0;39m | Root WebApplicationContext: initialization completed in 2335 ms
2024-04-19 22:04:47 | [31mWARN [0;39m | [1;33mrestartedMain[0;39m | [1;32mcom.baomidou.mybatisplus.core.injector.DefaultSqlInjector[0;39m | class com.manage.entity.vo.UserClassVo ,Not found @TableId annotation, Cannot use Mybatis-Plus 'xxById' Method.
2024-04-19 22:04:47 | [31mWARN [0;39m | [1;33mrestartedMain[0;39m | [1;32mcom.baomidou.mybatisplus.core.injector.DefaultSqlInjector[0;39m | class com.manage.entity.vo.UserRoleVo ,Not found @TableId annotation, Cannot use Mybatis-Plus 'xxById' Method.
2024-04-19 22:04:48 | [34mINFO [0;39m | [1;33mrestartedMain[0;39m | [1;32morg.springframework.security.web.DefaultSecurityFilterChain[0;39m | Will secure any request with [org.springframework.security.web.session.DisableEncodeUrlFilter@60f40161, org.springframework.security.web.context.request.async.WebAsyncManagerIntegrationFilter@58d9173, org.springframework.security.web.context.SecurityContextHolderFilter@a61a554, org.springframework.security.web.header.HeaderWriterFilter@21533563, org.springframework.web.filter.CorsFilter@233d56ce, org.springframework.security.web.authentication.logout.LogoutFilter@74cc86ea, com.manage.security.JwtAuthorizationFilter@5b817cb1, org.springframework.security.web.authentication.UsernamePasswordAuthenticationFilter@480ba956, org.springframework.security.web.savedrequest.RequestCacheAwareFilter@23362977, org.springframework.security.web.servletapi.SecurityContextHolderAwareRequestFilter@139f6688, org.springframework.security.web.authentication.rememberme.RememberMeAuthenticationFilter@1595045a, org.springframework.security.web.authentication.AnonymousAuthenticationFilter@23ed6b09, org.springframework.security.web.session.SessionManagementFilter@21c0c73a, org.springframework.security.web.access.ExceptionTranslationFilter@723caea7, org.springframework.security.web.access.intercept.FilterSecurityInterceptor@5cef8989]
2024-04-19 22:04:48 | [34mINFO [0;39m | [1;33mrestartedMain[0;39m | [1;32morg.springframework.boot.devtools.autoconfigure.OptionalLiveReloadServer[0;39m | LiveReload server is running on port 35729
2024-04-19 22:04:49 | [34mINFO [0;39m | [1;33mrestartedMain[0;39m | [1;32morg.springframework.boot.web.embedded.tomcat.TomcatWebServer[0;39m | Tomcat started on port 8889 (http) with context path '/lyq'
2024-04-19 22:04:49 | [34mINFO [0;39m | [1;33mrestartedMain[0;39m | [1;32mcom.manage.AcademicManageApplication[0;39m | Started AcademicManageApplication in 5.666 seconds (process running for 7.059)
2024-04-19 22:15:23 | [34mINFO [0;39m | [1;33mhttp-nio-8889-exec-2[0;39m | [1;32morg.apache.catalina.core.ContainerBase.[Tomcat].[localhost].[/lyq][0;39m | Initializing Spring DispatcherServlet 'dispatcherServlet'
2024-04-19 22:15:23 | [34mINFO [0;39m | [1;33mhttp-nio-8889-exec-2[0;39m | [1;32morg.springframework.web.servlet.DispatcherServlet[0;39m | Initializing Servlet 'dispatcherServlet'
2024-04-19 22:15:23 | [34mINFO [0;39m | [1;33mhttp-nio-8889-exec-2[0;39m | [1;32morg.springframework.web.servlet.DispatcherServlet[0;39m | Completed initialization in 1 ms
2024-04-19 22:15:23 | [34mINFO [0;39m | [1;33mhttp-nio-8889-exec-2[0;39m | [1;32mcom.zaxxer.hikari.HikariDataSource[0;39m | HikariPool-1 - Starting...
2024-04-19 22:15:23 | [34mINFO [0;39m | [1;33mhttp-nio-8889-exec-2[0;39m | [1;32mcom.zaxxer.hikari.pool.HikariPool[0;39m | HikariPool-1 - Added connection com.mysql.cj.jdbc.ConnectionImpl@54f8ba22
2024-04-19 22:15:23 | [34mINFO [0;39m | [1;33mhttp-nio-8889-exec-2[0;39m | [1;32mcom.zaxxer.hikari.HikariDataSource[0;39m | HikariPool-1 - Start completed.
2024-04-19 23:17:45 | [34mINFO [0;39m | [1;33mSpringApplicationShutdownHook[0;39m | [1;32mcom.zaxxer.hikari.HikariDataSource[0;39m | HikariPool-1 - Shutdown initiated...
2024-04-19 23:17:45 | [34mINFO [0;39m | [1;33mSpringApplicationShutdownHook[0;39m | [1;32mcom.zaxxer.hikari.HikariDataSource[0;39m | HikariPool-1 - Shutdown completed.
