2024-04-17 20:33:42 | [34mINFO [0;39m | [1;33mrestartedMain[0;39m | [1;32mcom.manage.AcademicManageApplication[0;39m | Starting AcademicManageApplication using Java 17.0.7 with PID 10912 (D:\demo\academicManage\target\classes started by 16618 in D:\demo\academicManage)
2024-04-17 20:33:42 | [34mINFO [0;39m | [1;33mrestartedMain[0;39m | [1;32mcom.manage.AcademicManageApplication[0;39m | The following 1 profile is active: "jdbc"
2024-04-17 20:33:42 | [34mINFO [0;39m | [1;33mrestartedMain[0;39m | [1;32morg.springframework.boot.devtools.env.DevToolsPropertyDefaultsPostProcessor[0;39m | Devtools property defaults active! Set 'spring.devtools.add-properties' to 'false' to disable
2024-04-17 20:33:42 | [34mINFO [0;39m | [1;33mrestartedMain[0;39m | [1;32morg.springframework.boot.devtools.env.DevToolsPropertyDefaultsPostProcessor[0;39m | For additional web related logging consider setting the 'logging.level.web' property to 'DEBUG'
2024-04-17 20:33:43 | [34mINFO [0;39m | [1;33mrestartedMain[0;39m | [1;32morg.springframework.boot.web.embedded.tomcat.TomcatWebServer[0;39m | Tomcat initialized with port 8889 (http)
2024-04-17 20:33:43 | [34mINFO [0;39m | [1;33mrestartedMain[0;39m | [1;32morg.apache.catalina.core.StandardService[0;39m | Starting service [Tomcat]
2024-04-17 20:33:43 | [34mINFO [0;39m | [1;33mrestartedMain[0;39m | [1;32morg.apache.catalina.core.StandardEngine[0;39m | Starting Servlet engine: [Apache Tomcat/10.1.18]
2024-04-17 20:33:43 | [34mINFO [0;39m | [1;33mrestartedMain[0;39m | [1;32morg.apache.catalina.core.ContainerBase.[Tomcat].[localhost].[/lyq][0;39m | Initializing Spring embedded WebApplicationContext
2024-04-17 20:33:43 | [34mINFO [0;39m | [1;33mrestartedMain[0;39m | [1;32morg.springframework.boot.web.servlet.context.ServletWebServerApplicationContext[0;39m | Root WebApplicationContext: initialization completed in 1488 ms
2024-04-17 20:33:44 | [31mWARN [0;39m | [1;33mrestartedMain[0;39m | [1;32mcom.baomidou.mybatisplus.core.injector.DefaultSqlInjector[0;39m | class com.manage.entity.vo.UserClassVo ,Not found @TableId annotation, Cannot use Mybatis-Plus 'xxById' Method.
2024-04-17 20:33:44 | [31mWARN [0;39m | [1;33mrestartedMain[0;39m | [1;32mcom.baomidou.mybatisplus.core.injector.DefaultSqlInjector[0;39m | class com.manage.entity.vo.UserRoleVo ,Not found @TableId annotation, Cannot use Mybatis-Plus 'xxById' Method.
2024-04-17 20:33:44 | [34mINFO [0;39m | [1;33mrestartedMain[0;39m | [1;32morg.springframework.security.web.DefaultSecurityFilterChain[0;39m | Will secure any request with [org.springframework.security.web.session.DisableEncodeUrlFilter@3bc00df1, org.springframework.security.web.context.request.async.WebAsyncManagerIntegrationFilter@78ac10a5, org.springframework.security.web.context.SecurityContextHolderFilter@36b65fa8, org.springframework.security.web.header.HeaderWriterFilter@1a443d28, org.springframework.web.filter.CorsFilter@17f78a39, org.springframework.security.web.authentication.logout.LogoutFilter@2a5fdd6e, com.manage.security.JwtAuthorizationFilter@1669cf7c, org.springframework.security.web.authentication.UsernamePasswordAuthenticationFilter@b49d054, org.springframework.security.web.savedrequest.RequestCacheAwareFilter@7bd4f793, org.springframework.security.web.servletapi.SecurityContextHolderAwareRequestFilter@ed8d5f4, org.springframework.security.web.authentication.rememberme.RememberMeAuthenticationFilter@76d5b8ac, org.springframework.security.web.authentication.AnonymousAuthenticationFilter@1fb55fff, org.springframework.security.web.session.SessionManagementFilter@67aa5bdf, org.springframework.security.web.access.ExceptionTranslationFilter@75d37027, org.springframework.security.web.access.intercept.FilterSecurityInterceptor@10a097e]
2024-04-17 20:33:45 | [34mINFO [0;39m | [1;33mrestartedMain[0;39m | [1;32morg.springframework.boot.devtools.autoconfigure.OptionalLiveReloadServer[0;39m | LiveReload server is running on port 35729
2024-04-17 20:33:45 | [34mINFO [0;39m | [1;33mrestartedMain[0;39m | [1;32morg.springframework.boot.web.embedded.tomcat.TomcatWebServer[0;39m | Tomcat started on port 8889 (http) with context path '/lyq'
2024-04-17 20:33:45 | [34mINFO [0;39m | [1;33mrestartedMain[0;39m | [1;32mcom.manage.AcademicManageApplication[0;39m | Started AcademicManageApplication in 3.349 seconds (process running for 5.634)
2024-04-17 20:41:54 | [34mINFO [0;39m | [1;33mrestartedMain[0;39m | [1;32mcom.manage.AcademicManageApplication[0;39m | Starting AcademicManageApplication using Java 17.0.7 with PID 15908 (D:\demo\academicManage\target\classes started by 16618 in D:\demo\academicManage)
2024-04-17 20:41:54 | [34mINFO [0;39m | [1;33mrestartedMain[0;39m | [1;32mcom.manage.AcademicManageApplication[0;39m | The following 1 profile is active: "jdbc"
2024-04-17 20:41:54 | [34mINFO [0;39m | [1;33mrestartedMain[0;39m | [1;32morg.springframework.boot.devtools.env.DevToolsPropertyDefaultsPostProcessor[0;39m | Devtools property defaults active! Set 'spring.devtools.add-properties' to 'false' to disable
2024-04-17 20:41:54 | [34mINFO [0;39m | [1;33mrestartedMain[0;39m | [1;32morg.springframework.boot.devtools.env.DevToolsPropertyDefaultsPostProcessor[0;39m | For additional web related logging consider setting the 'logging.level.web' property to 'DEBUG'
2024-04-17 20:41:56 | [34mINFO [0;39m | [1;33mrestartedMain[0;39m | [1;32morg.springframework.boot.web.embedded.tomcat.TomcatWebServer[0;39m | Tomcat initialized with port 8889 (http)
2024-04-17 20:41:56 | [34mINFO [0;39m | [1;33mrestartedMain[0;39m | [1;32morg.apache.catalina.core.StandardService[0;39m | Starting service [Tomcat]
2024-04-17 20:41:56 | [34mINFO [0;39m | [1;33mrestartedMain[0;39m | [1;32morg.apache.catalina.core.StandardEngine[0;39m | Starting Servlet engine: [Apache Tomcat/10.1.18]
2024-04-17 20:41:56 | [34mINFO [0;39m | [1;33mrestartedMain[0;39m | [1;32morg.apache.catalina.core.ContainerBase.[Tomcat].[localhost].[/lyq][0;39m | Initializing Spring embedded WebApplicationContext
2024-04-17 20:41:56 | [34mINFO [0;39m | [1;33mrestartedMain[0;39m | [1;32morg.springframework.boot.web.servlet.context.ServletWebServerApplicationContext[0;39m | Root WebApplicationContext: initialization completed in 1339 ms
2024-04-17 20:41:56 | [31mWARN [0;39m | [1;33mrestartedMain[0;39m | [1;32mcom.baomidou.mybatisplus.core.injector.DefaultSqlInjector[0;39m | class com.manage.entity.vo.UserClassVo ,Not found @TableId annotation, Cannot use Mybatis-Plus 'xxById' Method.
2024-04-17 20:41:56 | [31mWARN [0;39m | [1;33mrestartedMain[0;39m | [1;32mcom.baomidou.mybatisplus.core.injector.DefaultSqlInjector[0;39m | class com.manage.entity.vo.UserRoleVo ,Not found @TableId annotation, Cannot use Mybatis-Plus 'xxById' Method.
2024-04-17 20:41:57 | [34mINFO [0;39m | [1;33mrestartedMain[0;39m | [1;32morg.springframework.security.web.DefaultSecurityFilterChain[0;39m | Will secure any request with [org.springframework.security.web.session.DisableEncodeUrlFilter@654dbb66, org.springframework.security.web.context.request.async.WebAsyncManagerIntegrationFilter@1baa1c9d, org.springframework.security.web.context.SecurityContextHolderFilter@17857249, org.springframework.security.web.header.HeaderWriterFilter@52c54172, org.springframework.web.filter.CorsFilter@279ecd58, org.springframework.security.web.authentication.logout.LogoutFilter@7e26278e, com.manage.security.JwtAuthorizationFilter@3ad5728a, org.springframework.security.web.authentication.UsernamePasswordAuthenticationFilter@1a7665c5, org.springframework.security.web.savedrequest.RequestCacheAwareFilter@3da8b7e6, org.springframework.security.web.servletapi.SecurityContextHolderAwareRequestFilter@4807a365, org.springframework.security.web.authentication.rememberme.RememberMeAuthenticationFilter@35256b4b, org.springframework.security.web.authentication.AnonymousAuthenticationFilter@1d52a192, org.springframework.security.web.session.SessionManagementFilter@17a006df, org.springframework.security.web.access.ExceptionTranslationFilter@2bdbc9fd, org.springframework.security.web.access.intercept.FilterSecurityInterceptor@3db237cd]
2024-04-17 20:41:57 | [34mINFO [0;39m | [1;33mrestartedMain[0;39m | [1;32morg.springframework.boot.devtools.autoconfigure.OptionalLiveReloadServer[0;39m | LiveReload server is running on port 35729
2024-04-17 20:41:57 | [34mINFO [0;39m | [1;33mrestartedMain[0;39m | [1;32morg.springframework.boot.web.embedded.tomcat.TomcatWebServer[0;39m | Tomcat started on port 8889 (http) with context path '/lyq'
2024-04-17 20:41:57 | [34mINFO [0;39m | [1;33mrestartedMain[0;39m | [1;32mcom.manage.AcademicManageApplication[0;39m | Started AcademicManageApplication in 2.958 seconds (process running for 4.858)
2024-04-17 20:44:36 | [34mINFO [0;39m | [1;33mhttp-nio-8889-exec-1[0;39m | [1;32morg.apache.catalina.core.ContainerBase.[Tomcat].[localhost].[/lyq][0;39m | Initializing Spring DispatcherServlet 'dispatcherServlet'
2024-04-17 20:44:36 | [34mINFO [0;39m | [1;33mhttp-nio-8889-exec-1[0;39m | [1;32morg.springframework.web.servlet.DispatcherServlet[0;39m | Initializing Servlet 'dispatcherServlet'
2024-04-17 20:44:36 | [34mINFO [0;39m | [1;33mhttp-nio-8889-exec-1[0;39m | [1;32morg.springframework.web.servlet.DispatcherServlet[0;39m | Completed initialization in 1 ms
2024-04-17 20:44:36 | [34mINFO [0;39m | [1;33mhttp-nio-8889-exec-1[0;39m | [1;32mcom.zaxxer.hikari.HikariDataSource[0;39m | HikariPool-1 - Starting...
2024-04-17 20:44:36 | [34mINFO [0;39m | [1;33mhttp-nio-8889-exec-1[0;39m | [1;32mcom.zaxxer.hikari.pool.HikariPool[0;39m | HikariPool-1 - Added connection com.mysql.cj.jdbc.ConnectionImpl@10b6db74
2024-04-17 20:44:36 | [34mINFO [0;39m | [1;33mhttp-nio-8889-exec-1[0;39m | [1;32mcom.zaxxer.hikari.HikariDataSource[0;39m | HikariPool-1 - Start completed.
2024-04-17 21:00:38 | [34mINFO [0;39m | [1;33mFile Watcher[0;39m | [1;32morg.springframework.boot.devtools.autoconfigure.LocalDevToolsAutoConfiguration$RestartingClassPathChangeChangedEventListener[0;39m | Restarting due to 2 class path changes (0 additions, 2 deletions, 0 modifications)
2024-04-17 21:00:38 | [34mINFO [0;39m | [1;33mThread-5[0;39m | [1;32mcom.zaxxer.hikari.HikariDataSource[0;39m | HikariPool-1 - Shutdown initiated...
2024-04-17 21:00:38 | [34mINFO [0;39m | [1;33mThread-5[0;39m | [1;32mcom.zaxxer.hikari.HikariDataSource[0;39m | HikariPool-1 - Shutdown completed.
2024-04-17 21:00:38 | [34mINFO [0;39m | [1;33mrestartedMain[0;39m | [1;32mcom.manage.AcademicManageApplication[0;39m | Starting AcademicManageApplication using Java 17.0.7 with PID 15908 (D:\demo\academicManage\target\classes started by 16618 in D:\demo\academicManage)
2024-04-17 21:00:38 | [34mINFO [0;39m | [1;33mrestartedMain[0;39m | [1;32mcom.manage.AcademicManageApplication[0;39m | The following 1 profile is active: "jdbc"
2024-04-17 21:00:38 | [34mINFO [0;39m | [1;33mrestartedMain[0;39m | [1;32morg.springframework.boot.web.embedded.tomcat.TomcatWebServer[0;39m | Tomcat initialized with port 8889 (http)
2024-04-17 21:00:38 | [34mINFO [0;39m | [1;33mrestartedMain[0;39m | [1;32morg.apache.catalina.core.StandardService[0;39m | Starting service [Tomcat]
2024-04-17 21:00:38 | [34mINFO [0;39m | [1;33mrestartedMain[0;39m | [1;32morg.apache.catalina.core.StandardEngine[0;39m | Starting Servlet engine: [Apache Tomcat/10.1.18]
2024-04-17 21:00:38 | [34mINFO [0;39m | [1;33mrestartedMain[0;39m | [1;32morg.apache.catalina.core.ContainerBase.[Tomcat].[localhost].[/lyq][0;39m | Initializing Spring embedded WebApplicationContext
2024-04-17 21:00:38 | [34mINFO [0;39m | [1;33mrestartedMain[0;39m | [1;32morg.springframework.boot.web.servlet.context.ServletWebServerApplicationContext[0;39m | Root WebApplicationContext: initialization completed in 310 ms
2024-04-17 21:00:39 | [31mWARN [0;39m | [1;33mrestartedMain[0;39m | [1;32morg.springframework.boot.web.servlet.context.AnnotationConfigServletWebServerApplicationContext[0;39m | Exception encountered during context initialization - cancelling refresh attempt: org.springframework.beans.factory.BeanCreationException: Error creating bean with name 'collegeController' defined in file [D:\demo\academicManage\target\classes\com\manage\controller\CollegeController.class]: Post-processing of merged bean definition failed
2024-04-17 21:00:39 | [34mINFO [0;39m | [1;33mrestartedMain[0;39m | [1;32morg.apache.catalina.core.StandardService[0;39m | Stopping service [Tomcat]
2024-04-17 21:00:39 | [34mINFO [0;39m | [1;33mrestartedMain[0;39m | [1;32morg.springframework.boot.autoconfigure.logging.ConditionEvaluationReportLogger[0;39m | 

Error starting ApplicationContext. To display the condition evaluation report re-run your application with 'debug' enabled.
2024-04-17 21:00:42 | [34mINFO [0;39m | [1;33mrestartedMain[0;39m | [1;32mcom.manage.AcademicManageApplication[0;39m | Starting AcademicManageApplication using Java 17.0.7 with PID 15908 (D:\demo\academicManage\target\classes started by 16618 in D:\demo\academicManage)
2024-04-17 21:00:42 | [34mINFO [0;39m | [1;33mrestartedMain[0;39m | [1;32mcom.manage.AcademicManageApplication[0;39m | The following 1 profile is active: "jdbc"
2024-04-17 21:00:43 | [34mINFO [0;39m | [1;33mrestartedMain[0;39m | [1;32morg.springframework.boot.web.embedded.tomcat.TomcatWebServer[0;39m | Tomcat initialized with port 8889 (http)
2024-04-17 21:00:43 | [34mINFO [0;39m | [1;33mrestartedMain[0;39m | [1;32morg.apache.catalina.core.StandardService[0;39m | Starting service [Tomcat]
2024-04-17 21:00:43 | [34mINFO [0;39m | [1;33mrestartedMain[0;39m | [1;32morg.apache.catalina.core.StandardEngine[0;39m | Starting Servlet engine: [Apache Tomcat/10.1.18]
2024-04-17 21:00:43 | [34mINFO [0;39m | [1;33mrestartedMain[0;39m | [1;32morg.apache.catalina.core.ContainerBase.[Tomcat-1].[localhost].[/lyq][0;39m | Initializing Spring embedded WebApplicationContext
2024-04-17 21:00:43 | [34mINFO [0;39m | [1;33mrestartedMain[0;39m | [1;32morg.springframework.boot.web.servlet.context.ServletWebServerApplicationContext[0;39m | Root WebApplicationContext: initialization completed in 254 ms
2024-04-17 21:00:43 | [34mINFO [0;39m | [1;33mrestartedMain[0;39m | [1;32morg.springframework.security.web.DefaultSecurityFilterChain[0;39m | Will secure any request with [org.springframework.security.web.session.DisableEncodeUrlFilter@7a8b25a0, org.springframework.security.web.context.request.async.WebAsyncManagerIntegrationFilter@7259b208, org.springframework.security.web.context.SecurityContextHolderFilter@2debf3e4, org.springframework.security.web.header.HeaderWriterFilter@27089b97, org.springframework.web.filter.CorsFilter@63c6a45e, org.springframework.security.web.authentication.logout.LogoutFilter@61208421, com.manage.security.JwtAuthorizationFilter@5ee28ebe, org.springframework.security.web.authentication.UsernamePasswordAuthenticationFilter@5de52de6, org.springframework.security.web.savedrequest.RequestCacheAwareFilter@59dca4bf, org.springframework.security.web.servletapi.SecurityContextHolderAwareRequestFilter@3aeb4830, org.springframework.security.web.authentication.rememberme.RememberMeAuthenticationFilter@3d2f44a2, org.springframework.security.web.authentication.AnonymousAuthenticationFilter@1e668a6d, org.springframework.security.web.session.SessionManagementFilter@28703295, org.springframework.security.web.access.ExceptionTranslationFilter@158c39e7, org.springframework.security.web.access.intercept.FilterSecurityInterceptor@748c279c]
2024-04-17 21:00:43 | [34mINFO [0;39m | [1;33mrestartedMain[0;39m | [1;32morg.springframework.boot.devtools.autoconfigure.OptionalLiveReloadServer[0;39m | LiveReload server is running on port 35729
2024-04-17 21:00:43 | [34mINFO [0;39m | [1;33mrestartedMain[0;39m | [1;32morg.springframework.boot.web.embedded.tomcat.TomcatWebServer[0;39m | Tomcat started on port 8889 (http) with context path '/lyq'
2024-04-17 21:00:43 | [34mINFO [0;39m | [1;33mrestartedMain[0;39m | [1;32mcom.manage.AcademicManageApplication[0;39m | Started AcademicManageApplication in 0.735 seconds (process running for 1130.635)
2024-04-17 21:00:43 | [34mINFO [0;39m | [1;33mrestartedMain[0;39m | [1;32morg.springframework.boot.devtools.autoconfigure.ConditionEvaluationDeltaLoggingListener[0;39m | Condition evaluation unchanged
2024-04-17 21:01:34 | [34mINFO [0;39m | [1;33mFile Watcher[0;39m | [1;32morg.springframework.boot.devtools.autoconfigure.LocalDevToolsAutoConfiguration$RestartingClassPathChangeChangedEventListener[0;39m | Restarting due to 3 class path changes (3 additions, 0 deletions, 0 modifications)
2024-04-17 21:01:34 | [34mINFO [0;39m | [1;33mrestartedMain[0;39m | [1;32mcom.manage.AcademicManageApplication[0;39m | Starting AcademicManageApplication using Java 17.0.7 with PID 15908 (D:\demo\academicManage\target\classes started by 16618 in D:\demo\academicManage)
2024-04-17 21:01:34 | [34mINFO [0;39m | [1;33mrestartedMain[0;39m | [1;32mcom.manage.AcademicManageApplication[0;39m | The following 1 profile is active: "jdbc"
2024-04-17 21:01:34 | [34mINFO [0;39m | [1;33mrestartedMain[0;39m | [1;32morg.springframework.boot.web.embedded.tomcat.TomcatWebServer[0;39m | Tomcat initialized with port 8889 (http)
2024-04-17 21:01:34 | [34mINFO [0;39m | [1;33mrestartedMain[0;39m | [1;32morg.apache.catalina.core.StandardService[0;39m | Starting service [Tomcat]
2024-04-17 21:01:34 | [34mINFO [0;39m | [1;33mrestartedMain[0;39m | [1;32morg.apache.catalina.core.StandardEngine[0;39m | Starting Servlet engine: [Apache Tomcat/10.1.18]
2024-04-17 21:01:34 | [34mINFO [0;39m | [1;33mrestartedMain[0;39m | [1;32morg.apache.catalina.core.ContainerBase.[Tomcat-1].[localhost].[/lyq][0;39m | Initializing Spring embedded WebApplicationContext
2024-04-17 21:01:34 | [34mINFO [0;39m | [1;33mrestartedMain[0;39m | [1;32morg.springframework.boot.web.servlet.context.ServletWebServerApplicationContext[0;39m | Root WebApplicationContext: initialization completed in 224 ms
2024-04-17 21:01:34 | [34mINFO [0;39m | [1;33mrestartedMain[0;39m | [1;32morg.springframework.security.web.DefaultSecurityFilterChain[0;39m | Will secure any request with [org.springframework.security.web.session.DisableEncodeUrlFilter@7ee47f5a, org.springframework.security.web.context.request.async.WebAsyncManagerIntegrationFilter@418b8265, org.springframework.security.web.context.SecurityContextHolderFilter@597af6ca, org.springframework.security.web.header.HeaderWriterFilter@63d6a414, org.springframework.web.filter.CorsFilter@3448beb8, org.springframework.security.web.authentication.logout.LogoutFilter@5cad81c, com.manage.security.JwtAuthorizationFilter@5749864b, org.springframework.security.web.authentication.UsernamePasswordAuthenticationFilter@2efa4e22, org.springframework.security.web.savedrequest.RequestCacheAwareFilter@35f3dd0a, org.springframework.security.web.servletapi.SecurityContextHolderAwareRequestFilter@63d339a4, org.springframework.security.web.authentication.rememberme.RememberMeAuthenticationFilter@541e4c40, org.springframework.security.web.authentication.AnonymousAuthenticationFilter@2928e792, org.springframework.security.web.session.SessionManagementFilter@f1cf5fa, org.springframework.security.web.access.ExceptionTranslationFilter@2cc815aa, org.springframework.security.web.access.intercept.FilterSecurityInterceptor@48d11bc5]
2024-04-17 21:01:34 | [34mINFO [0;39m | [1;33mrestartedMain[0;39m | [1;32morg.springframework.boot.devtools.autoconfigure.OptionalLiveReloadServer[0;39m | LiveReload server is running on port 35729
2024-04-17 21:01:34 | [34mINFO [0;39m | [1;33mrestartedMain[0;39m | [1;32morg.springframework.boot.web.embedded.tomcat.TomcatWebServer[0;39m | Tomcat started on port 8889 (http) with context path '/lyq'
2024-04-17 21:01:34 | [34mINFO [0;39m | [1;33mrestartedMain[0;39m | [1;32mcom.manage.AcademicManageApplication[0;39m | Started AcademicManageApplication in 0.624 seconds (process running for 1181.926)
2024-04-17 21:01:34 | [34mINFO [0;39m | [1;33mrestartedMain[0;39m | [1;32morg.springframework.boot.devtools.autoconfigure.ConditionEvaluationDeltaLoggingListener[0;39m | Condition evaluation unchanged
2024-04-17 21:02:25 | [34mINFO [0;39m | [1;33mFile Watcher[0;39m | [1;32morg.springframework.boot.devtools.autoconfigure.LocalDevToolsAutoConfiguration$RestartingClassPathChangeChangedEventListener[0;39m | Restarting due to 1 class path change (0 additions, 1 deletion, 0 modifications)
2024-04-17 21:02:25 | [34mINFO [0;39m | [1;33mrestartedMain[0;39m | [1;32mcom.manage.AcademicManageApplication[0;39m | Starting AcademicManageApplication using Java 17.0.7 with PID 15908 (D:\demo\academicManage\target\classes started by 16618 in D:\demo\academicManage)
2024-04-17 21:02:25 | [34mINFO [0;39m | [1;33mrestartedMain[0;39m | [1;32mcom.manage.AcademicManageApplication[0;39m | The following 1 profile is active: "jdbc"
2024-04-17 21:02:25 | [34mINFO [0;39m | [1;33mrestartedMain[0;39m | [1;32morg.springframework.boot.web.embedded.tomcat.TomcatWebServer[0;39m | Tomcat initialized with port 8889 (http)
2024-04-17 21:02:25 | [34mINFO [0;39m | [1;33mrestartedMain[0;39m | [1;32morg.apache.catalina.core.StandardService[0;39m | Starting service [Tomcat]
2024-04-17 21:02:25 | [34mINFO [0;39m | [1;33mrestartedMain[0;39m | [1;32morg.apache.catalina.core.StandardEngine[0;39m | Starting Servlet engine: [Apache Tomcat/10.1.18]
2024-04-17 21:02:25 | [34mINFO [0;39m | [1;33mrestartedMain[0;39m | [1;32morg.apache.catalina.core.ContainerBase.[Tomcat-1].[localhost].[/lyq][0;39m | Initializing Spring embedded WebApplicationContext
2024-04-17 21:02:25 | [34mINFO [0;39m | [1;33mrestartedMain[0;39m | [1;32morg.springframework.boot.web.servlet.context.ServletWebServerApplicationContext[0;39m | Root WebApplicationContext: initialization completed in 353 ms
2024-04-17 21:02:26 | [34mINFO [0;39m | [1;33mrestartedMain[0;39m | [1;32morg.springframework.security.web.DefaultSecurityFilterChain[0;39m | Will secure any request with [org.springframework.security.web.session.DisableEncodeUrlFilter@5ecd3592, org.springframework.security.web.context.request.async.WebAsyncManagerIntegrationFilter@3e9ad53e, org.springframework.security.web.context.SecurityContextHolderFilter@58fffd72, org.springframework.security.web.header.HeaderWriterFilter@5c6bfca1, org.springframework.web.filter.CorsFilter@5e30f700, org.springframework.security.web.authentication.logout.LogoutFilter@870f90, com.manage.security.JwtAuthorizationFilter@3857a2fa, org.springframework.security.web.authentication.UsernamePasswordAuthenticationFilter@2a6a0f25, org.springframework.security.web.savedrequest.RequestCacheAwareFilter@48fc4772, org.springframework.security.web.servletapi.SecurityContextHolderAwareRequestFilter@c210579, org.springframework.security.web.authentication.rememberme.RememberMeAuthenticationFilter@2e64dddc, org.springframework.security.web.authentication.AnonymousAuthenticationFilter@50a07424, org.springframework.security.web.session.SessionManagementFilter@6e78a8dc, org.springframework.security.web.access.ExceptionTranslationFilter@c2e3603, org.springframework.security.web.access.intercept.FilterSecurityInterceptor@437affbf]
2024-04-17 21:02:26 | [34mINFO [0;39m | [1;33mrestartedMain[0;39m | [1;32morg.springframework.boot.devtools.autoconfigure.OptionalLiveReloadServer[0;39m | LiveReload server is running on port 35729
2024-04-17 21:02:26 | [34mINFO [0;39m | [1;33mrestartedMain[0;39m | [1;32morg.springframework.boot.web.embedded.tomcat.TomcatWebServer[0;39m | Tomcat started on port 8889 (http) with context path '/lyq'
2024-04-17 21:02:26 | [34mINFO [0;39m | [1;33mrestartedMain[0;39m | [1;32mcom.manage.AcademicManageApplication[0;39m | Started AcademicManageApplication in 0.845 seconds (process running for 1233.476)
2024-04-17 21:02:26 | [34mINFO [0;39m | [1;33mrestartedMain[0;39m | [1;32morg.springframework.boot.devtools.autoconfigure.ConditionEvaluationDeltaLoggingListener[0;39m | Condition evaluation unchanged
2024-04-17 21:02:27 | [34mINFO [0;39m | [1;33mFile Watcher[0;39m | [1;32morg.springframework.boot.devtools.autoconfigure.LocalDevToolsAutoConfiguration$RestartingClassPathChangeChangedEventListener[0;39m | Restarting due to 1 class path change (1 addition, 0 deletions, 0 modifications)
2024-04-17 21:02:27 | [34mINFO [0;39m | [1;33mrestartedMain[0;39m | [1;32mcom.manage.AcademicManageApplication[0;39m | Starting AcademicManageApplication using Java 17.0.7 with PID 15908 (D:\demo\academicManage\target\classes started by 16618 in D:\demo\academicManage)
2024-04-17 21:02:27 | [34mINFO [0;39m | [1;33mrestartedMain[0;39m | [1;32mcom.manage.AcademicManageApplication[0;39m | The following 1 profile is active: "jdbc"
2024-04-17 21:02:28 | [34mINFO [0;39m | [1;33mrestartedMain[0;39m | [1;32morg.springframework.boot.web.embedded.tomcat.TomcatWebServer[0;39m | Tomcat initialized with port 8889 (http)
2024-04-17 21:02:28 | [34mINFO [0;39m | [1;33mrestartedMain[0;39m | [1;32morg.apache.catalina.core.StandardService[0;39m | Starting service [Tomcat]
2024-04-17 21:02:28 | [34mINFO [0;39m | [1;33mrestartedMain[0;39m | [1;32morg.apache.catalina.core.StandardEngine[0;39m | Starting Servlet engine: [Apache Tomcat/10.1.18]
2024-04-17 21:02:28 | [34mINFO [0;39m | [1;33mrestartedMain[0;39m | [1;32morg.apache.catalina.core.ContainerBase.[Tomcat-1].[localhost].[/lyq][0;39m | Initializing Spring embedded WebApplicationContext
2024-04-17 21:02:28 | [34mINFO [0;39m | [1;33mrestartedMain[0;39m | [1;32morg.springframework.boot.web.servlet.context.ServletWebServerApplicationContext[0;39m | Root WebApplicationContext: initialization completed in 261 ms
2024-04-17 21:02:28 | [34mINFO [0;39m | [1;33mrestartedMain[0;39m | [1;32morg.springframework.security.web.DefaultSecurityFilterChain[0;39m | Will secure any request with [org.springframework.security.web.session.DisableEncodeUrlFilter@5ce51829, org.springframework.security.web.context.request.async.WebAsyncManagerIntegrationFilter@3e4dafc4, org.springframework.security.web.context.SecurityContextHolderFilter@24257319, org.springframework.security.web.header.HeaderWriterFilter@2e0cb470, org.springframework.web.filter.CorsFilter@716250d5, org.springframework.security.web.authentication.logout.LogoutFilter@49fcb6c5, com.manage.security.JwtAuthorizationFilter@7bfe2441, org.springframework.security.web.authentication.UsernamePasswordAuthenticationFilter@5621495e, org.springframework.security.web.savedrequest.RequestCacheAwareFilter@ee23410, org.springframework.security.web.servletapi.SecurityContextHolderAwareRequestFilter@4586be88, org.springframework.security.web.authentication.rememberme.RememberMeAuthenticationFilter@2623dfec, org.springframework.security.web.authentication.AnonymousAuthenticationFilter@5494f1af, org.springframework.security.web.session.SessionManagementFilter@9215d53, org.springframework.security.web.access.ExceptionTranslationFilter@6bd836a3, org.springframework.security.web.access.intercept.FilterSecurityInterceptor@764558a1]
2024-04-17 21:02:28 | [34mINFO [0;39m | [1;33mrestartedMain[0;39m | [1;32morg.springframework.boot.devtools.autoconfigure.OptionalLiveReloadServer[0;39m | LiveReload server is running on port 35729
2024-04-17 21:02:28 | [34mINFO [0;39m | [1;33mrestartedMain[0;39m | [1;32morg.springframework.boot.web.embedded.tomcat.TomcatWebServer[0;39m | Tomcat started on port 8889 (http) with context path '/lyq'
2024-04-17 21:02:28 | [34mINFO [0;39m | [1;33mrestartedMain[0;39m | [1;32mcom.manage.AcademicManageApplication[0;39m | Started AcademicManageApplication in 0.677 seconds (process running for 1235.634)
2024-04-17 21:02:28 | [34mINFO [0;39m | [1;33mrestartedMain[0;39m | [1;32morg.springframework.boot.devtools.autoconfigure.ConditionEvaluationDeltaLoggingListener[0;39m | Condition evaluation unchanged
2024-04-17 21:04:36 | [34mINFO [0;39m | [1;33mhttp-nio-8889-exec-1[0;39m | [1;32morg.apache.catalina.core.ContainerBase.[Tomcat-1].[localhost].[/lyq][0;39m | Initializing Spring DispatcherServlet 'dispatcherServlet'
2024-04-17 21:04:36 | [34mINFO [0;39m | [1;33mhttp-nio-8889-exec-1[0;39m | [1;32morg.springframework.web.servlet.DispatcherServlet[0;39m | Initializing Servlet 'dispatcherServlet'
2024-04-17 21:04:36 | [34mINFO [0;39m | [1;33mhttp-nio-8889-exec-1[0;39m | [1;32morg.springframework.web.servlet.DispatcherServlet[0;39m | Completed initialization in 0 ms
2024-04-17 21:06:01 | [34mINFO [0;39m | [1;33mhttp-nio-8889-exec-7[0;39m | [1;32mcom.zaxxer.hikari.HikariDataSource[0;39m | HikariPool-2 - Starting...
2024-04-17 21:06:01 | [34mINFO [0;39m | [1;33mhttp-nio-8889-exec-7[0;39m | [1;32mcom.zaxxer.hikari.pool.HikariPool[0;39m | HikariPool-2 - Added connection com.mysql.cj.jdbc.ConnectionImpl@7493024d
2024-04-17 21:06:01 | [34mINFO [0;39m | [1;33mhttp-nio-8889-exec-7[0;39m | [1;32mcom.zaxxer.hikari.HikariDataSource[0;39m | HikariPool-2 - Start completed.
2024-04-17 21:48:14 | [34mINFO [0;39m | [1;33mFile Watcher[0;39m | [1;32morg.springframework.boot.devtools.autoconfigure.LocalDevToolsAutoConfiguration$RestartingClassPathChangeChangedEventListener[0;39m | Restarting due to 2 class path changes (0 additions, 0 deletions, 2 modifications)
2024-04-17 21:48:14 | [34mINFO [0;39m | [1;33mThread-22[0;39m | [1;32mcom.zaxxer.hikari.HikariDataSource[0;39m | HikariPool-2 - Shutdown initiated...
2024-04-17 21:48:14 | [34mINFO [0;39m | [1;33mThread-22[0;39m | [1;32mcom.zaxxer.hikari.HikariDataSource[0;39m | HikariPool-2 - Shutdown completed.
2024-04-17 21:48:14 | [34mINFO [0;39m | [1;33mrestartedMain[0;39m | [1;32mcom.manage.AcademicManageApplication[0;39m | Starting AcademicManageApplication using Java 17.0.7 with PID 15908 (D:\demo\academicManage\target\classes started by 16618 in D:\demo\academicManage)
2024-04-17 21:48:14 | [34mINFO [0;39m | [1;33mrestartedMain[0;39m | [1;32mcom.manage.AcademicManageApplication[0;39m | The following 1 profile is active: "jdbc"
2024-04-17 21:48:15 | [34mINFO [0;39m | [1;33mrestartedMain[0;39m | [1;32morg.springframework.boot.web.embedded.tomcat.TomcatWebServer[0;39m | Tomcat initialized with port 8889 (http)
2024-04-17 21:48:15 | [34mINFO [0;39m | [1;33mrestartedMain[0;39m | [1;32morg.apache.catalina.core.StandardService[0;39m | Starting service [Tomcat]
2024-04-17 21:48:15 | [34mINFO [0;39m | [1;33mrestartedMain[0;39m | [1;32morg.apache.catalina.core.StandardEngine[0;39m | Starting Servlet engine: [Apache Tomcat/10.1.18]
2024-04-17 21:48:15 | [34mINFO [0;39m | [1;33mrestartedMain[0;39m | [1;32morg.apache.catalina.core.ContainerBase.[Tomcat-1].[localhost].[/lyq][0;39m | Initializing Spring embedded WebApplicationContext
2024-04-17 21:48:15 | [34mINFO [0;39m | [1;33mrestartedMain[0;39m | [1;32morg.springframework.boot.web.servlet.context.ServletWebServerApplicationContext[0;39m | Root WebApplicationContext: initialization completed in 246 ms
2024-04-17 21:48:15 | [34mINFO [0;39m | [1;33mrestartedMain[0;39m | [1;32morg.springframework.security.web.DefaultSecurityFilterChain[0;39m | Will secure any request with [org.springframework.security.web.session.DisableEncodeUrlFilter@87478ee, org.springframework.security.web.context.request.async.WebAsyncManagerIntegrationFilter@70fc2176, org.springframework.security.web.context.SecurityContextHolderFilter@30f04990, org.springframework.security.web.header.HeaderWriterFilter@74520411, org.springframework.web.filter.CorsFilter@581bfe18, org.springframework.security.web.authentication.logout.LogoutFilter@51ad79b9, com.manage.security.JwtAuthorizationFilter@540db822, org.springframework.security.web.authentication.UsernamePasswordAuthenticationFilter@169329a7, org.springframework.security.web.savedrequest.RequestCacheAwareFilter@6c657398, org.springframework.security.web.servletapi.SecurityContextHolderAwareRequestFilter@8f39089, org.springframework.security.web.authentication.rememberme.RememberMeAuthenticationFilter@2708424, org.springframework.security.web.authentication.AnonymousAuthenticationFilter@237c39e5, org.springframework.security.web.session.SessionManagementFilter@1caef2a9, org.springframework.security.web.access.ExceptionTranslationFilter@6f267df3, org.springframework.security.web.access.intercept.FilterSecurityInterceptor@151a693c]
2024-04-17 21:48:15 | [34mINFO [0;39m | [1;33mrestartedMain[0;39m | [1;32morg.springframework.boot.devtools.autoconfigure.OptionalLiveReloadServer[0;39m | LiveReload server is running on port 35729
2024-04-17 21:48:15 | [34mINFO [0;39m | [1;33mrestartedMain[0;39m | [1;32morg.springframework.boot.web.embedded.tomcat.TomcatWebServer[0;39m | Tomcat started on port 8889 (http) with context path '/lyq'
2024-04-17 21:48:15 | [34mINFO [0;39m | [1;33mrestartedMain[0;39m | [1;32mcom.manage.AcademicManageApplication[0;39m | Started AcademicManageApplication in 0.649 seconds (process running for 3982.287)
2024-04-17 21:48:15 | [34mINFO [0;39m | [1;33mrestartedMain[0;39m | [1;32morg.springframework.boot.devtools.autoconfigure.ConditionEvaluationDeltaLoggingListener[0;39m | Condition evaluation unchanged
2024-04-17 21:49:43 | [34mINFO [0;39m | [1;33mFile Watcher[0;39m | [1;32morg.springframework.boot.devtools.autoconfigure.LocalDevToolsAutoConfiguration$RestartingClassPathChangeChangedEventListener[0;39m | Restarting due to 1 class path change (0 additions, 1 deletion, 0 modifications)
2024-04-17 21:49:43 | [34mINFO [0;39m | [1;33mrestartedMain[0;39m | [1;32mcom.manage.AcademicManageApplication[0;39m | Starting AcademicManageApplication using Java 17.0.7 with PID 15908 (D:\demo\academicManage\target\classes started by 16618 in D:\demo\academicManage)
2024-04-17 21:49:43 | [34mINFO [0;39m | [1;33mrestartedMain[0;39m | [1;32mcom.manage.AcademicManageApplication[0;39m | The following 1 profile is active: "jdbc"
2024-04-17 21:49:43 | [34mINFO [0;39m | [1;33mrestartedMain[0;39m | [1;32morg.springframework.boot.web.embedded.tomcat.TomcatWebServer[0;39m | Tomcat initialized with port 8889 (http)
2024-04-17 21:49:43 | [34mINFO [0;39m | [1;33mrestartedMain[0;39m | [1;32morg.apache.catalina.core.StandardService[0;39m | Starting service [Tomcat]
2024-04-17 21:49:43 | [34mINFO [0;39m | [1;33mrestartedMain[0;39m | [1;32morg.apache.catalina.core.StandardEngine[0;39m | Starting Servlet engine: [Apache Tomcat/10.1.18]
2024-04-17 21:49:43 | [34mINFO [0;39m | [1;33mrestartedMain[0;39m | [1;32morg.apache.catalina.core.ContainerBase.[Tomcat-1].[localhost].[/lyq][0;39m | Initializing Spring embedded WebApplicationContext
2024-04-17 21:49:43 | [34mINFO [0;39m | [1;33mrestartedMain[0;39m | [1;32morg.springframework.boot.web.servlet.context.ServletWebServerApplicationContext[0;39m | Root WebApplicationContext: initialization completed in 341 ms
2024-04-17 21:49:43 | [34mINFO [0;39m | [1;33mrestartedMain[0;39m | [1;32morg.springframework.security.web.DefaultSecurityFilterChain[0;39m | Will secure any request with [org.springframework.security.web.session.DisableEncodeUrlFilter@6b64dd56, org.springframework.security.web.context.request.async.WebAsyncManagerIntegrationFilter@7bd85793, org.springframework.security.web.context.SecurityContextHolderFilter@dede426, org.springframework.security.web.header.HeaderWriterFilter@2b083b6c, org.springframework.web.filter.CorsFilter@423be70b, org.springframework.security.web.authentication.logout.LogoutFilter@cc749ed, com.manage.security.JwtAuthorizationFilter@5119e736, org.springframework.security.web.authentication.UsernamePasswordAuthenticationFilter@4662ae47, org.springframework.security.web.savedrequest.RequestCacheAwareFilter@58e251bb, org.springframework.security.web.servletapi.SecurityContextHolderAwareRequestFilter@32dbc290, org.springframework.security.web.authentication.rememberme.RememberMeAuthenticationFilter@2a413b59, org.springframework.security.web.authentication.AnonymousAuthenticationFilter@6372a6a3, org.springframework.security.web.session.SessionManagementFilter@341d1e6f, org.springframework.security.web.access.ExceptionTranslationFilter@352c0ede, org.springframework.security.web.access.intercept.FilterSecurityInterceptor@5ef2bccc]
2024-04-17 21:49:43 | [34mINFO [0;39m | [1;33mrestartedMain[0;39m | [1;32morg.springframework.boot.devtools.autoconfigure.OptionalLiveReloadServer[0;39m | LiveReload server is running on port 35729
2024-04-17 21:49:43 | [34mINFO [0;39m | [1;33mrestartedMain[0;39m | [1;32morg.springframework.boot.web.embedded.tomcat.TomcatWebServer[0;39m | Tomcat started on port 8889 (http) with context path '/lyq'
2024-04-17 21:49:43 | [34mINFO [0;39m | [1;33mrestartedMain[0;39m | [1;32mcom.manage.AcademicManageApplication[0;39m | Started AcademicManageApplication in 0.805 seconds (process running for 4070.792)
2024-04-17 21:49:43 | [34mINFO [0;39m | [1;33mrestartedMain[0;39m | [1;32morg.springframework.boot.devtools.autoconfigure.ConditionEvaluationDeltaLoggingListener[0;39m | Condition evaluation unchanged
2024-04-17 21:49:45 | [34mINFO [0;39m | [1;33mFile Watcher[0;39m | [1;32morg.springframework.boot.devtools.autoconfigure.LocalDevToolsAutoConfiguration$RestartingClassPathChangeChangedEventListener[0;39m | Restarting due to 1 class path change (1 addition, 0 deletions, 0 modifications)
2024-04-17 21:49:45 | [34mINFO [0;39m | [1;33mrestartedMain[0;39m | [1;32mcom.manage.AcademicManageApplication[0;39m | Starting AcademicManageApplication using Java 17.0.7 with PID 15908 (D:\demo\academicManage\target\classes started by 16618 in D:\demo\academicManage)
2024-04-17 21:49:45 | [34mINFO [0;39m | [1;33mrestartedMain[0;39m | [1;32mcom.manage.AcademicManageApplication[0;39m | The following 1 profile is active: "jdbc"
2024-04-17 21:49:45 | [34mINFO [0;39m | [1;33mrestartedMain[0;39m | [1;32morg.springframework.boot.web.embedded.tomcat.TomcatWebServer[0;39m | Tomcat initialized with port 8889 (http)
2024-04-17 21:49:45 | [34mINFO [0;39m | [1;33mrestartedMain[0;39m | [1;32morg.apache.catalina.core.StandardService[0;39m | Starting service [Tomcat]
2024-04-17 21:49:45 | [34mINFO [0;39m | [1;33mrestartedMain[0;39m | [1;32morg.apache.catalina.core.StandardEngine[0;39m | Starting Servlet engine: [Apache Tomcat/10.1.18]
2024-04-17 21:49:45 | [34mINFO [0;39m | [1;33mrestartedMain[0;39m | [1;32morg.apache.catalina.core.ContainerBase.[Tomcat-1].[localhost].[/lyq][0;39m | Initializing Spring embedded WebApplicationContext
2024-04-17 21:49:45 | [34mINFO [0;39m | [1;33mrestartedMain[0;39m | [1;32morg.springframework.boot.web.servlet.context.ServletWebServerApplicationContext[0;39m | Root WebApplicationContext: initialization completed in 217 ms
2024-04-17 21:49:46 | [34mINFO [0;39m | [1;33mrestartedMain[0;39m | [1;32morg.springframework.security.web.DefaultSecurityFilterChain[0;39m | Will secure any request with [org.springframework.security.web.session.DisableEncodeUrlFilter@c16926, org.springframework.security.web.context.request.async.WebAsyncManagerIntegrationFilter@378120c, org.springframework.security.web.context.SecurityContextHolderFilter@679d8ca4, org.springframework.security.web.header.HeaderWriterFilter@79e094b1, org.springframework.web.filter.CorsFilter@1718bd8a, org.springframework.security.web.authentication.logout.LogoutFilter@630387b4, com.manage.security.JwtAuthorizationFilter@76c0ec78, org.springframework.security.web.authentication.UsernamePasswordAuthenticationFilter@3a49d4c2, org.springframework.security.web.savedrequest.RequestCacheAwareFilter@51710c4a, org.springframework.security.web.servletapi.SecurityContextHolderAwareRequestFilter@2c494fc9, org.springframework.security.web.authentication.rememberme.RememberMeAuthenticationFilter@5c98f345, org.springframework.security.web.authentication.AnonymousAuthenticationFilter@127ceaa0, org.springframework.security.web.session.SessionManagementFilter@4d71318b, org.springframework.security.web.access.ExceptionTranslationFilter@72289e5b, org.springframework.security.web.access.intercept.FilterSecurityInterceptor@2052ee70]
2024-04-17 21:49:46 | [34mINFO [0;39m | [1;33mrestartedMain[0;39m | [1;32morg.springframework.boot.devtools.autoconfigure.OptionalLiveReloadServer[0;39m | LiveReload server is running on port 35729
2024-04-17 21:49:46 | [34mINFO [0;39m | [1;33mrestartedMain[0;39m | [1;32morg.springframework.boot.web.embedded.tomcat.TomcatWebServer[0;39m | Tomcat started on port 8889 (http) with context path '/lyq'
2024-04-17 21:49:46 | [34mINFO [0;39m | [1;33mrestartedMain[0;39m | [1;32mcom.manage.AcademicManageApplication[0;39m | Started AcademicManageApplication in 0.64 seconds (process running for 4072.921)
2024-04-17 21:49:46 | [34mINFO [0;39m | [1;33mrestartedMain[0;39m | [1;32morg.springframework.boot.devtools.autoconfigure.ConditionEvaluationDeltaLoggingListener[0;39m | Condition evaluation unchanged
2024-04-17 21:51:20 | [34mINFO [0;39m | [1;33mhttp-nio-8889-exec-1[0;39m | [1;32morg.apache.catalina.core.ContainerBase.[Tomcat-1].[localhost].[/lyq][0;39m | Initializing Spring DispatcherServlet 'dispatcherServlet'
2024-04-17 21:51:20 | [34mINFO [0;39m | [1;33mhttp-nio-8889-exec-1[0;39m | [1;32morg.springframework.web.servlet.DispatcherServlet[0;39m | Initializing Servlet 'dispatcherServlet'
2024-04-17 21:51:20 | [34mINFO [0;39m | [1;33mhttp-nio-8889-exec-1[0;39m | [1;32morg.springframework.web.servlet.DispatcherServlet[0;39m | Completed initialization in 1 ms
2024-04-17 21:52:18 | [34mINFO [0;39m | [1;33mhttp-nio-8889-exec-9[0;39m | [1;32mcom.zaxxer.hikari.HikariDataSource[0;39m | HikariPool-3 - Starting...
2024-04-17 21:52:18 | [34mINFO [0;39m | [1;33mhttp-nio-8889-exec-9[0;39m | [1;32mcom.zaxxer.hikari.pool.HikariPool[0;39m | HikariPool-3 - Added connection com.mysql.cj.jdbc.ConnectionImpl@77dff24f
2024-04-17 21:52:18 | [34mINFO [0;39m | [1;33mhttp-nio-8889-exec-9[0;39m | [1;32mcom.zaxxer.hikari.HikariDataSource[0;39m | HikariPool-3 - Start completed.
2024-04-17 21:52:39 | [34mINFO [0;39m | [1;33mSpringApplicationShutdownHook[0;39m | [1;32mcom.zaxxer.hikari.HikariDataSource[0;39m | HikariPool-3 - Shutdown initiated...
2024-04-17 21:52:39 | [34mINFO [0;39m | [1;33mSpringApplicationShutdownHook[0;39m | [1;32mcom.zaxxer.hikari.HikariDataSource[0;39m | HikariPool-3 - Shutdown completed.
2024-04-17 21:52:41 | [34mINFO [0;39m | [1;33mrestartedMain[0;39m | [1;32mcom.manage.AcademicManageApplication[0;39m | Starting AcademicManageApplication using Java 17.0.7 with PID 16140 (D:\demo\academicManage\target\classes started by 16618 in D:\demo\academicManage)
2024-04-17 21:52:41 | [34mINFO [0;39m | [1;33mrestartedMain[0;39m | [1;32mcom.manage.AcademicManageApplication[0;39m | The following 1 profile is active: "jdbc"
2024-04-17 21:52:41 | [34mINFO [0;39m | [1;33mrestartedMain[0;39m | [1;32morg.springframework.boot.devtools.env.DevToolsPropertyDefaultsPostProcessor[0;39m | Devtools property defaults active! Set 'spring.devtools.add-properties' to 'false' to disable
2024-04-17 21:52:41 | [34mINFO [0;39m | [1;33mrestartedMain[0;39m | [1;32morg.springframework.boot.devtools.env.DevToolsPropertyDefaultsPostProcessor[0;39m | For additional web related logging consider setting the 'logging.level.web' property to 'DEBUG'
2024-04-17 21:52:42 | [34mINFO [0;39m | [1;33mrestartedMain[0;39m | [1;32morg.springframework.boot.web.embedded.tomcat.TomcatWebServer[0;39m | Tomcat initialized with port 8889 (http)
2024-04-17 21:52:42 | [34mINFO [0;39m | [1;33mrestartedMain[0;39m | [1;32morg.apache.catalina.core.StandardService[0;39m | Starting service [Tomcat]
2024-04-17 21:52:42 | [34mINFO [0;39m | [1;33mrestartedMain[0;39m | [1;32morg.apache.catalina.core.StandardEngine[0;39m | Starting Servlet engine: [Apache Tomcat/10.1.18]
2024-04-17 21:52:42 | [34mINFO [0;39m | [1;33mrestartedMain[0;39m | [1;32morg.apache.catalina.core.ContainerBase.[Tomcat].[localhost].[/lyq][0;39m | Initializing Spring embedded WebApplicationContext
2024-04-17 21:52:42 | [34mINFO [0;39m | [1;33mrestartedMain[0;39m | [1;32morg.springframework.boot.web.servlet.context.ServletWebServerApplicationContext[0;39m | Root WebApplicationContext: initialization completed in 1073 ms
2024-04-17 21:52:43 | [31mWARN [0;39m | [1;33mrestartedMain[0;39m | [1;32mcom.baomidou.mybatisplus.core.injector.DefaultSqlInjector[0;39m | class com.manage.entity.vo.UserClassVo ,Not found @TableId annotation, Cannot use Mybatis-Plus 'xxById' Method.
2024-04-17 21:52:43 | [31mWARN [0;39m | [1;33mrestartedMain[0;39m | [1;32mcom.baomidou.mybatisplus.core.injector.DefaultSqlInjector[0;39m | class com.manage.entity.vo.UserRoleVo ,Not found @TableId annotation, Cannot use Mybatis-Plus 'xxById' Method.
2024-04-17 21:52:43 | [34mINFO [0;39m | [1;33mrestartedMain[0;39m | [1;32morg.springframework.security.web.DefaultSecurityFilterChain[0;39m | Will secure any request with [org.springframework.security.web.session.DisableEncodeUrlFilter@4dc72d63, org.springframework.security.web.context.request.async.WebAsyncManagerIntegrationFilter@51b1681e, org.springframework.security.web.context.SecurityContextHolderFilter@70e8026b, org.springframework.security.web.header.HeaderWriterFilter@5b28b2bd, org.springframework.web.filter.CorsFilter@297f2d3a, org.springframework.security.web.authentication.logout.LogoutFilter@9189209, com.manage.security.JwtAuthorizationFilter@1351008e, org.springframework.security.web.authentication.UsernamePasswordAuthenticationFilter@6b96db82, org.springframework.security.web.savedrequest.RequestCacheAwareFilter@74cc86ea, org.springframework.security.web.servletapi.SecurityContextHolderAwareRequestFilter@7840076f, org.springframework.security.web.authentication.rememberme.RememberMeAuthenticationFilter@2ead4e1f, org.springframework.security.web.authentication.AnonymousAuthenticationFilter@52f406f1, org.springframework.security.web.session.SessionManagementFilter@30173bbb, org.springframework.security.web.access.ExceptionTranslationFilter@66445742, org.springframework.security.web.access.intercept.FilterSecurityInterceptor@71631567]
2024-04-17 21:52:43 | [34mINFO [0;39m | [1;33mrestartedMain[0;39m | [1;32morg.springframework.boot.devtools.autoconfigure.OptionalLiveReloadServer[0;39m | LiveReload server is running on port 35729
2024-04-17 21:52:43 | [34mINFO [0;39m | [1;33mrestartedMain[0;39m | [1;32morg.springframework.boot.web.embedded.tomcat.TomcatWebServer[0;39m | Tomcat started on port 8889 (http) with context path '/lyq'
2024-04-17 21:52:43 | [34mINFO [0;39m | [1;33mrestartedMain[0;39m | [1;32mcom.manage.AcademicManageApplication[0;39m | Started AcademicManageApplication in 2.739 seconds (process running for 3.309)
2024-04-17 21:52:49 | [34mINFO [0;39m | [1;33mhttp-nio-8889-exec-1[0;39m | [1;32morg.apache.catalina.core.ContainerBase.[Tomcat].[localhost].[/lyq][0;39m | Initializing Spring DispatcherServlet 'dispatcherServlet'
2024-04-17 21:52:49 | [34mINFO [0;39m | [1;33mhttp-nio-8889-exec-1[0;39m | [1;32morg.springframework.web.servlet.DispatcherServlet[0;39m | Initializing Servlet 'dispatcherServlet'
2024-04-17 21:52:49 | [34mINFO [0;39m | [1;33mhttp-nio-8889-exec-1[0;39m | [1;32morg.springframework.web.servlet.DispatcherServlet[0;39m | Completed initialization in 0 ms
2024-04-17 21:52:49 | [34mINFO [0;39m | [1;33mhttp-nio-8889-exec-7[0;39m | [1;32mcom.zaxxer.hikari.HikariDataSource[0;39m | HikariPool-1 - Starting...
2024-04-17 21:52:49 | [34mINFO [0;39m | [1;33mhttp-nio-8889-exec-7[0;39m | [1;32mcom.zaxxer.hikari.pool.HikariPool[0;39m | HikariPool-1 - Added connection com.mysql.cj.jdbc.ConnectionImpl@7db8a47
2024-04-17 21:52:49 | [34mINFO [0;39m | [1;33mhttp-nio-8889-exec-7[0;39m | [1;32mcom.zaxxer.hikari.HikariDataSource[0;39m | HikariPool-1 - Start completed.
2024-04-17 21:54:41 | [34mINFO [0;39m | [1;33mSpringApplicationShutdownHook[0;39m | [1;32mcom.zaxxer.hikari.HikariDataSource[0;39m | HikariPool-1 - Shutdown initiated...
2024-04-17 21:54:41 | [34mINFO [0;39m | [1;33mSpringApplicationShutdownHook[0;39m | [1;32mcom.zaxxer.hikari.HikariDataSource[0;39m | HikariPool-1 - Shutdown completed.
2024-04-17 21:54:44 | [34mINFO [0;39m | [1;33mrestartedMain[0;39m | [1;32mcom.manage.AcademicManageApplication[0;39m | Starting AcademicManageApplication using Java 17.0.7 with PID 5260 (D:\demo\academicManage\target\classes started by 16618 in D:\demo\academicManage)
2024-04-17 21:54:44 | [34mINFO [0;39m | [1;33mrestartedMain[0;39m | [1;32mcom.manage.AcademicManageApplication[0;39m | The following 1 profile is active: "jdbc"
2024-04-17 21:54:44 | [34mINFO [0;39m | [1;33mrestartedMain[0;39m | [1;32morg.springframework.boot.devtools.env.DevToolsPropertyDefaultsPostProcessor[0;39m | Devtools property defaults active! Set 'spring.devtools.add-properties' to 'false' to disable
2024-04-17 21:54:44 | [34mINFO [0;39m | [1;33mrestartedMain[0;39m | [1;32morg.springframework.boot.devtools.env.DevToolsPropertyDefaultsPostProcessor[0;39m | For additional web related logging consider setting the 'logging.level.web' property to 'DEBUG'
2024-04-17 21:54:45 | [34mINFO [0;39m | [1;33mrestartedMain[0;39m | [1;32morg.springframework.boot.web.embedded.tomcat.TomcatWebServer[0;39m | Tomcat initialized with port 8889 (http)
2024-04-17 21:54:45 | [34mINFO [0;39m | [1;33mrestartedMain[0;39m | [1;32morg.apache.catalina.core.StandardService[0;39m | Starting service [Tomcat]
2024-04-17 21:54:45 | [34mINFO [0;39m | [1;33mrestartedMain[0;39m | [1;32morg.apache.catalina.core.StandardEngine[0;39m | Starting Servlet engine: [Apache Tomcat/10.1.18]
2024-04-17 21:54:45 | [34mINFO [0;39m | [1;33mrestartedMain[0;39m | [1;32morg.apache.catalina.core.ContainerBase.[Tomcat].[localhost].[/lyq][0;39m | Initializing Spring embedded WebApplicationContext
2024-04-17 21:54:45 | [34mINFO [0;39m | [1;33mrestartedMain[0;39m | [1;32morg.springframework.boot.web.servlet.context.ServletWebServerApplicationContext[0;39m | Root WebApplicationContext: initialization completed in 1002 ms
2024-04-17 21:54:45 | [31mWARN [0;39m | [1;33mrestartedMain[0;39m | [1;32mcom.baomidou.mybatisplus.core.injector.DefaultSqlInjector[0;39m | class com.manage.entity.vo.UserClassVo ,Not found @TableId annotation, Cannot use Mybatis-Plus 'xxById' Method.
2024-04-17 21:54:45 | [31mWARN [0;39m | [1;33mrestartedMain[0;39m | [1;32mcom.baomidou.mybatisplus.core.injector.DefaultSqlInjector[0;39m | class com.manage.entity.vo.UserRoleVo ,Not found @TableId annotation, Cannot use Mybatis-Plus 'xxById' Method.
2024-04-17 21:54:46 | [34mINFO [0;39m | [1;33mrestartedMain[0;39m | [1;32morg.springframework.security.web.DefaultSecurityFilterChain[0;39m | Will secure any request with [org.springframework.security.web.session.DisableEncodeUrlFilter@4065fb7e, org.springframework.security.web.context.request.async.WebAsyncManagerIntegrationFilter@343d7a24, org.springframework.security.web.context.SecurityContextHolderFilter@7840076f, org.springframework.security.web.header.HeaderWriterFilter@761f7ea7, org.springframework.web.filter.CorsFilter@397648e4, org.springframework.security.web.authentication.logout.LogoutFilter@7c806e3d, com.manage.security.JwtAuthorizationFilter@738b8c3e, org.springframework.security.web.authentication.UsernamePasswordAuthenticationFilter@73bac121, org.springframework.security.web.savedrequest.RequestCacheAwareFilter@6829773c, org.springframework.security.web.servletapi.SecurityContextHolderAwareRequestFilter@78425705, org.springframework.security.web.authentication.rememberme.RememberMeAuthenticationFilter@6c73482c, org.springframework.security.web.authentication.AnonymousAuthenticationFilter@6e961525, org.springframework.security.web.session.SessionManagementFilter@70e8026b, org.springframework.security.web.access.ExceptionTranslationFilter@74ad9c2b, org.springframework.security.web.access.intercept.FilterSecurityInterceptor@24e6ccb5]
2024-04-17 21:54:46 | [34mINFO [0;39m | [1;33mrestartedMain[0;39m | [1;32morg.springframework.boot.devtools.autoconfigure.OptionalLiveReloadServer[0;39m | LiveReload server is running on port 35729
2024-04-17 21:54:46 | [34mINFO [0;39m | [1;33mrestartedMain[0;39m | [1;32morg.springframework.boot.web.embedded.tomcat.TomcatWebServer[0;39m | Tomcat started on port 8889 (http) with context path '/lyq'
2024-04-17 21:54:46 | [34mINFO [0;39m | [1;33mrestartedMain[0;39m | [1;32mcom.manage.AcademicManageApplication[0;39m | Started AcademicManageApplication in 2.487 seconds (process running for 3.046)
2024-04-17 21:55:56 | [34mINFO [0;39m | [1;33mhttp-nio-8889-exec-3[0;39m | [1;32morg.apache.catalina.core.ContainerBase.[Tomcat].[localhost].[/lyq][0;39m | Initializing Spring DispatcherServlet 'dispatcherServlet'
2024-04-17 21:55:56 | [34mINFO [0;39m | [1;33mhttp-nio-8889-exec-3[0;39m | [1;32morg.springframework.web.servlet.DispatcherServlet[0;39m | Initializing Servlet 'dispatcherServlet'
2024-04-17 21:55:56 | [34mINFO [0;39m | [1;33mhttp-nio-8889-exec-3[0;39m | [1;32morg.springframework.web.servlet.DispatcherServlet[0;39m | Completed initialization in 2 ms
2024-04-17 21:55:56 | [34mINFO [0;39m | [1;33mhttp-nio-8889-exec-10[0;39m | [1;32mcom.zaxxer.hikari.HikariDataSource[0;39m | HikariPool-1 - Starting...
2024-04-17 21:55:56 | [34mINFO [0;39m | [1;33mhttp-nio-8889-exec-10[0;39m | [1;32mcom.zaxxer.hikari.pool.HikariPool[0;39m | HikariPool-1 - Added connection com.mysql.cj.jdbc.ConnectionImpl@26e79c42
2024-04-17 21:55:56 | [34mINFO [0;39m | [1;33mhttp-nio-8889-exec-10[0;39m | [1;32mcom.zaxxer.hikari.HikariDataSource[0;39m | HikariPool-1 - Start completed.
2024-04-17 21:56:48 | [34mINFO [0;39m | [1;33mSpringApplicationShutdownHook[0;39m | [1;32mcom.zaxxer.hikari.HikariDataSource[0;39m | HikariPool-1 - Shutdown initiated...
2024-04-17 21:56:48 | [34mINFO [0;39m | [1;33mSpringApplicationShutdownHook[0;39m | [1;32mcom.zaxxer.hikari.HikariDataSource[0;39m | HikariPool-1 - Shutdown completed.
