2024-05-10 22:07:37 | [34mINFO [0;39m | [1;33mrestartedMain[0;39m | [1;32mcom.manage.AcademicManageApplication[0;39m | Starting AcademicManageApplication using Java 17.0.7 with PID 26468 (D:\demo\academicManage\target\classes started by 16618 in D:\demo\academicManage)
2024-05-10 22:07:37 | [34mINFO [0;39m | [1;33mrestartedMain[0;39m | [1;32mcom.manage.AcademicManageApplication[0;39m | The following 1 profile is active: "jdbc"
2024-05-10 22:07:37 | [34mINFO [0;39m | [1;33mrestartedMain[0;39m | [1;32morg.springframework.boot.devtools.env.DevToolsPropertyDefaultsPostProcessor[0;39m | Devtools property defaults active! Set 'spring.devtools.add-properties' to 'false' to disable
2024-05-10 22:07:37 | [34mINFO [0;39m | [1;33mrestartedMain[0;39m | [1;32morg.springframework.boot.devtools.env.DevToolsPropertyDefaultsPostProcessor[0;39m | For additional web related logging consider setting the 'logging.level.web' property to 'DEBUG'
2024-05-10 22:07:39 | [34mINFO [0;39m | [1;33mrestartedMain[0;39m | [1;32morg.springframework.boot.web.embedded.tomcat.TomcatWebServer[0;39m | Tomcat initialized with port 8889 (http)
2024-05-10 22:07:39 | [34mINFO [0;39m | [1;33mrestartedMain[0;39m | [1;32morg.apache.catalina.core.StandardService[0;39m | Starting service [Tomcat]
2024-05-10 22:07:39 | [34mINFO [0;39m | [1;33mrestartedMain[0;39m | [1;32morg.apache.catalina.core.StandardEngine[0;39m | Starting Servlet engine: [Apache Tomcat/10.1.18]
2024-05-10 22:07:39 | [34mINFO [0;39m | [1;33mrestartedMain[0;39m | [1;32morg.apache.catalina.core.ContainerBase.[Tomcat].[localhost].[/lyq][0;39m | Initializing Spring embedded WebApplicationContext
2024-05-10 22:07:39 | [34mINFO [0;39m | [1;33mrestartedMain[0;39m | [1;32morg.springframework.boot.web.servlet.context.ServletWebServerApplicationContext[0;39m | Root WebApplicationContext: initialization completed in 1515 ms
2024-05-10 22:07:39 | [31mWARN [0;39m | [1;33mrestartedMain[0;39m | [1;32mcom.baomidou.mybatisplus.core.injector.DefaultSqlInjector[0;39m | class com.manage.entity.StuCourse ,Not found @TableId annotation, Cannot use Mybatis-Plus 'xxById' Method.
2024-05-10 22:07:39 | [31mWARN [0;39m | [1;33mrestartedMain[0;39m | [1;32mcom.baomidou.mybatisplus.core.injector.DefaultSqlInjector[0;39m | class com.manage.entity.vo.UserClassVo ,Not found @TableId annotation, Cannot use Mybatis-Plus 'xxById' Method.
2024-05-10 22:07:39 | [31mWARN [0;39m | [1;33mrestartedMain[0;39m | [1;32mcom.baomidou.mybatisplus.core.injector.DefaultSqlInjector[0;39m | class com.manage.entity.vo.UserRoleVo ,Not found @TableId annotation, Cannot use Mybatis-Plus 'xxById' Method.
2024-05-10 22:07:40 | [34mINFO [0;39m | [1;33mrestartedMain[0;39m | [1;32morg.springframework.security.web.DefaultSecurityFilterChain[0;39m | Will secure any request with [org.springframework.security.web.session.DisableEncodeUrlFilter@2a53e117, org.springframework.security.web.context.request.async.WebAsyncManagerIntegrationFilter@7e040dc6, org.springframework.security.web.context.SecurityContextHolderFilter@5dba1, org.springframework.security.web.header.HeaderWriterFilter@fc7e3ed, org.springframework.web.filter.CorsFilter@46d622be, org.springframework.security.web.authentication.logout.LogoutFilter@2969ae3a, com.manage.security.JwtAuthorizationFilter@2677affc, org.springframework.security.web.authentication.UsernamePasswordAuthenticationFilter@4e15c856, org.springframework.security.web.savedrequest.RequestCacheAwareFilter@5bf7446f, org.springframework.security.web.servletapi.SecurityContextHolderAwareRequestFilter@1a1784b, org.springframework.security.web.authentication.rememberme.RememberMeAuthenticationFilter@3c1537dd, org.springframework.security.web.authentication.AnonymousAuthenticationFilter@6f5f6c64, org.springframework.security.web.session.SessionManagementFilter@671282f0, org.springframework.security.web.access.ExceptionTranslationFilter@22ecf460, org.springframework.security.web.access.intercept.FilterSecurityInterceptor@555ed28]
2024-05-10 22:07:40 | [34mINFO [0;39m | [1;33mrestartedMain[0;39m | [1;32morg.springframework.boot.devtools.autoconfigure.OptionalLiveReloadServer[0;39m | LiveReload server is running on port 35729
2024-05-10 22:07:40 | [34mINFO [0;39m | [1;33mrestartedMain[0;39m | [1;32morg.springframework.boot.web.embedded.tomcat.TomcatWebServer[0;39m | Tomcat started on port 8889 (http) with context path '/lyq'
2024-05-10 22:07:40 | [34mINFO [0;39m | [1;33mrestartedMain[0;39m | [1;32mcom.manage.AcademicManageApplication[0;39m | Started AcademicManageApplication in 3.287 seconds (process running for 4.319)
2024-05-10 22:08:14 | [34mINFO [0;39m | [1;33mhttp-nio-8889-exec-3[0;39m | [1;32morg.apache.catalina.core.ContainerBase.[Tomcat].[localhost].[/lyq][0;39m | Initializing Spring DispatcherServlet 'dispatcherServlet'
2024-05-10 22:08:14 | [34mINFO [0;39m | [1;33mhttp-nio-8889-exec-3[0;39m | [1;32morg.springframework.web.servlet.DispatcherServlet[0;39m | Initializing Servlet 'dispatcherServlet'
2024-05-10 22:08:14 | [34mINFO [0;39m | [1;33mhttp-nio-8889-exec-3[0;39m | [1;32morg.springframework.web.servlet.DispatcherServlet[0;39m | Completed initialization in 0 ms
2024-05-10 22:09:12 | [34mINFO [0;39m | [1;33mFile Watcher[0;39m | [1;32morg.springframework.boot.devtools.autoconfigure.LocalDevToolsAutoConfiguration$RestartingClassPathChangeChangedEventListener[0;39m | Restarting due to 5 class path changes (0 additions, 5 deletions, 0 modifications)
2024-05-10 22:09:12 | [34mINFO [0;39m | [1;33mrestartedMain[0;39m | [1;32mcom.manage.AcademicManageApplication[0;39m | Starting AcademicManageApplication using Java 17.0.7 with PID 26468 (D:\demo\academicManage\target\classes started by 16618 in D:\demo\academicManage)
2024-05-10 22:09:12 | [34mINFO [0;39m | [1;33mrestartedMain[0;39m | [1;32mcom.manage.AcademicManageApplication[0;39m | The following 1 profile is active: "jdbc"
2024-05-10 22:09:13 | [34mINFO [0;39m | [1;33mrestartedMain[0;39m | [1;32morg.springframework.boot.web.embedded.tomcat.TomcatWebServer[0;39m | Tomcat initialized with port 8889 (http)
2024-05-10 22:09:13 | [34mINFO [0;39m | [1;33mrestartedMain[0;39m | [1;32morg.apache.catalina.core.StandardService[0;39m | Starting service [Tomcat]
2024-05-10 22:09:13 | [34mINFO [0;39m | [1;33mrestartedMain[0;39m | [1;32morg.apache.catalina.core.StandardEngine[0;39m | Starting Servlet engine: [Apache Tomcat/10.1.18]
2024-05-10 22:09:13 | [34mINFO [0;39m | [1;33mrestartedMain[0;39m | [1;32morg.apache.catalina.core.ContainerBase.[Tomcat].[localhost].[/lyq][0;39m | Initializing Spring embedded WebApplicationContext
2024-05-10 22:09:13 | [34mINFO [0;39m | [1;33mrestartedMain[0;39m | [1;32morg.springframework.boot.web.servlet.context.ServletWebServerApplicationContext[0;39m | Root WebApplicationContext: initialization completed in 453 ms
2024-05-10 22:09:13 | [34mINFO [0;39m | [1;33mrestartedMain[0;39m | [1;32morg.springframework.security.web.DefaultSecurityFilterChain[0;39m | Will secure any request with [org.springframework.security.web.session.DisableEncodeUrlFilter@76d5ef8d, org.springframework.security.web.context.request.async.WebAsyncManagerIntegrationFilter@7d15f9e7, org.springframework.security.web.context.SecurityContextHolderFilter@7503477f, org.springframework.security.web.header.HeaderWriterFilter@5772351f, org.springframework.web.filter.CorsFilter@597eaed9, org.springframework.security.web.csrf.CsrfFilter@5f6586cc, org.springframework.security.web.authentication.logout.LogoutFilter@4ad251de, org.springframework.security.web.authentication.UsernamePasswordAuthenticationFilter@53bd239a, org.springframework.security.web.authentication.ui.DefaultLoginPageGeneratingFilter@207a73d3, org.springframework.security.web.authentication.ui.DefaultLogoutPageGeneratingFilter@2053e8dd, org.springframework.security.web.authentication.www.BasicAuthenticationFilter@6d072011, org.springframework.security.web.savedrequest.RequestCacheAwareFilter@623ecf5, org.springframework.security.web.servletapi.SecurityContextHolderAwareRequestFilter@666678cd, org.springframework.security.web.authentication.AnonymousAuthenticationFilter@7400536e, org.springframework.security.web.access.ExceptionTranslationFilter@1a6f495d, org.springframework.security.web.access.intercept.AuthorizationFilter@66e3c3e4]
2024-05-10 22:09:13 | [34mINFO [0;39m | [1;33mrestartedMain[0;39m | [1;32morg.springframework.boot.devtools.autoconfigure.OptionalLiveReloadServer[0;39m | LiveReload server is running on port 35729
2024-05-10 22:09:14 | [34mINFO [0;39m | [1;33mrestartedMain[0;39m | [1;32morg.springframework.boot.web.embedded.tomcat.TomcatWebServer[0;39m | Tomcat started on port 8889 (http) with context path '/lyq'
2024-05-10 22:09:14 | [34mINFO [0;39m | [1;33mrestartedMain[0;39m | [1;32mcom.manage.AcademicManageApplication[0;39m | Started AcademicManageApplication in 1.053 seconds (process running for 97.938)
2024-05-10 22:09:14 | [34mINFO [0;39m | [1;33mrestartedMain[0;39m | [1;32morg.springframework.boot.devtools.autoconfigure.ConditionEvaluationDeltaLoggingListener[0;39m | Condition evaluation delta:


==========================
CONDITION EVALUATION DELTA
==========================


Positive matches:
-----------------

   SpringBootWebSecurityConfiguration.SecurityFilterChainConfiguration matched:
      - AllNestedConditions 2 matched 0 did not; NestedCondition on DefaultWebSecurityCondition.Beans @ConditionalOnMissingBean (types: org.springframework.security.web.SecurityFilterChain; SearchStrategy: all) did not find any beans; NestedCondition on DefaultWebSecurityCondition.Classes @ConditionalOnClass found required classes 'org.springframework.security.web.SecurityFilterChain', 'org.springframework.security.config.annotation.web.builders.HttpSecurity' (DefaultWebSecurityCondition)

   SpringBootWebSecurityConfiguration.WebSecurityEnablerConfiguration matched:
      - @ConditionalOnClass found required class 'org.springframework.security.config.annotation.web.configuration.EnableWebSecurity' (OnClassCondition)
      - @ConditionalOnMissingBean (names: springSecurityFilterChain; SearchStrategy: all) did not find any beans (OnBeanCondition)


Negative matches:
-----------------

    None


Exclusions:
-----------

    None


Unconditional classes:
----------------------

    None



2024-05-10 22:09:15 | [34mINFO [0;39m | [1;33mFile Watcher[0;39m | [1;32morg.springframework.boot.devtools.autoconfigure.LocalDevToolsAutoConfiguration$RestartingClassPathChangeChangedEventListener[0;39m | Restarting due to 5 class path changes (5 additions, 0 deletions, 0 modifications)
2024-05-10 22:09:15 | [34mINFO [0;39m | [1;33mrestartedMain[0;39m | [1;32mcom.manage.AcademicManageApplication[0;39m | Starting AcademicManageApplication using Java 17.0.7 with PID 26468 (D:\demo\academicManage\target\classes started by 16618 in D:\demo\academicManage)
2024-05-10 22:09:15 | [34mINFO [0;39m | [1;33mrestartedMain[0;39m | [1;32mcom.manage.AcademicManageApplication[0;39m | The following 1 profile is active: "jdbc"
2024-05-10 22:09:15 | [34mINFO [0;39m | [1;33mrestartedMain[0;39m | [1;32morg.springframework.boot.web.embedded.tomcat.TomcatWebServer[0;39m | Tomcat initialized with port 8889 (http)
2024-05-10 22:09:15 | [34mINFO [0;39m | [1;33mrestartedMain[0;39m | [1;32morg.apache.catalina.core.StandardService[0;39m | Starting service [Tomcat]
2024-05-10 22:09:15 | [34mINFO [0;39m | [1;33mrestartedMain[0;39m | [1;32morg.apache.catalina.core.StandardEngine[0;39m | Starting Servlet engine: [Apache Tomcat/10.1.18]
2024-05-10 22:09:15 | [34mINFO [0;39m | [1;33mrestartedMain[0;39m | [1;32morg.apache.catalina.core.ContainerBase.[Tomcat].[localhost].[/lyq][0;39m | Initializing Spring embedded WebApplicationContext
2024-05-10 22:09:15 | [34mINFO [0;39m | [1;33mrestartedMain[0;39m | [1;32morg.springframework.boot.web.servlet.context.ServletWebServerApplicationContext[0;39m | Root WebApplicationContext: initialization completed in 254 ms
2024-05-10 22:09:16 | [34mINFO [0;39m | [1;33mrestartedMain[0;39m | [1;32morg.springframework.security.web.DefaultSecurityFilterChain[0;39m | Will secure any request with [org.springframework.security.web.session.DisableEncodeUrlFilter@ca4aad6, org.springframework.security.web.context.request.async.WebAsyncManagerIntegrationFilter@59122e01, org.springframework.security.web.context.SecurityContextHolderFilter@4aaa5551, org.springframework.security.web.header.HeaderWriterFilter@7454c76f, org.springframework.web.filter.CorsFilter@545bbf95, org.springframework.security.web.authentication.logout.LogoutFilter@94f9dd5, com.manage.security.JwtAuthorizationFilter@4cc31271, org.springframework.security.web.authentication.UsernamePasswordAuthenticationFilter@383e44fc, org.springframework.security.web.savedrequest.RequestCacheAwareFilter@13845898, org.springframework.security.web.servletapi.SecurityContextHolderAwareRequestFilter@41b98a38, org.springframework.security.web.authentication.rememberme.RememberMeAuthenticationFilter@355be189, org.springframework.security.web.authentication.AnonymousAuthenticationFilter@2844c522, org.springframework.security.web.session.SessionManagementFilter@23ce6e02, org.springframework.security.web.access.ExceptionTranslationFilter@19280bef, org.springframework.security.web.access.intercept.FilterSecurityInterceptor@3d276788]
2024-05-10 22:09:16 | [34mINFO [0;39m | [1;33mrestartedMain[0;39m | [1;32morg.springframework.boot.devtools.autoconfigure.OptionalLiveReloadServer[0;39m | LiveReload server is running on port 35729
2024-05-10 22:09:16 | [34mINFO [0;39m | [1;33mrestartedMain[0;39m | [1;32morg.springframework.boot.web.embedded.tomcat.TomcatWebServer[0;39m | Tomcat started on port 8889 (http) with context path '/lyq'
2024-05-10 22:09:16 | [34mINFO [0;39m | [1;33mrestartedMain[0;39m | [1;32mcom.manage.AcademicManageApplication[0;39m | Started AcademicManageApplication in 0.746 seconds (process running for 100.147)
2024-05-10 22:09:16 | [34mINFO [0;39m | [1;33mrestartedMain[0;39m | [1;32morg.springframework.boot.devtools.autoconfigure.ConditionEvaluationDeltaLoggingListener[0;39m | Condition evaluation delta:


==========================
CONDITION EVALUATION DELTA
==========================


Positive matches:
-----------------

    None


Negative matches:
-----------------

   SpringBootWebSecurityConfiguration.SecurityFilterChainConfiguration:
      Did not match:
         - AllNestedConditions 1 matched 1 did not; NestedCondition on DefaultWebSecurityCondition.Beans @ConditionalOnMissingBean (types: org.springframework.security.web.SecurityFilterChain; SearchStrategy: all) found beans of type 'org.springframework.security.web.SecurityFilterChain' securityFilterChain; NestedCondition on DefaultWebSecurityCondition.Classes @ConditionalOnClass found required classes 'org.springframework.security.web.SecurityFilterChain', 'org.springframework.security.config.annotation.web.builders.HttpSecurity' (DefaultWebSecurityCondition)

   SpringBootWebSecurityConfiguration.WebSecurityEnablerConfiguration:
      Did not match:
         - @ConditionalOnMissingBean (names: springSecurityFilterChain; SearchStrategy: all) found beans named springSecurityFilterChain (OnBeanCondition)
      Matched:
         - @ConditionalOnClass found required class 'org.springframework.security.config.annotation.web.configuration.EnableWebSecurity' (OnClassCondition)


Exclusions:
-----------

    None


Unconditional classes:
----------------------

    None



2024-05-10 22:09:38 | [34mINFO [0;39m | [1;33mrestartedMain[0;39m | [1;32mcom.manage.AcademicManageApplication[0;39m | Starting AcademicManageApplication using Java 17.0.7 with PID 26592 (D:\demo\academicManage\target\classes started by 16618 in D:\demo\academicManage)
2024-05-10 22:09:38 | [34mINFO [0;39m | [1;33mrestartedMain[0;39m | [1;32mcom.manage.AcademicManageApplication[0;39m | The following 1 profile is active: "jdbc"
2024-05-10 22:09:38 | [34mINFO [0;39m | [1;33mrestartedMain[0;39m | [1;32morg.springframework.boot.devtools.env.DevToolsPropertyDefaultsPostProcessor[0;39m | Devtools property defaults active! Set 'spring.devtools.add-properties' to 'false' to disable
2024-05-10 22:09:38 | [34mINFO [0;39m | [1;33mrestartedMain[0;39m | [1;32morg.springframework.boot.devtools.env.DevToolsPropertyDefaultsPostProcessor[0;39m | For additional web related logging consider setting the 'logging.level.web' property to 'DEBUG'
2024-05-10 22:09:39 | [34mINFO [0;39m | [1;33mrestartedMain[0;39m | [1;32morg.springframework.boot.web.embedded.tomcat.TomcatWebServer[0;39m | Tomcat initialized with port 8889 (http)
2024-05-10 22:09:39 | [34mINFO [0;39m | [1;33mrestartedMain[0;39m | [1;32morg.apache.catalina.core.StandardService[0;39m | Starting service [Tomcat]
2024-05-10 22:09:39 | [34mINFO [0;39m | [1;33mrestartedMain[0;39m | [1;32morg.apache.catalina.core.StandardEngine[0;39m | Starting Servlet engine: [Apache Tomcat/10.1.18]
2024-05-10 22:09:39 | [34mINFO [0;39m | [1;33mrestartedMain[0;39m | [1;32morg.apache.catalina.core.ContainerBase.[Tomcat].[localhost].[/lyq][0;39m | Initializing Spring embedded WebApplicationContext
2024-05-10 22:09:39 | [34mINFO [0;39m | [1;33mrestartedMain[0;39m | [1;32morg.springframework.boot.web.servlet.context.ServletWebServerApplicationContext[0;39m | Root WebApplicationContext: initialization completed in 1009 ms
2024-05-10 22:09:40 | [31mWARN [0;39m | [1;33mrestartedMain[0;39m | [1;32mcom.baomidou.mybatisplus.core.injector.DefaultSqlInjector[0;39m | class com.manage.entity.StuCourse ,Not found @TableId annotation, Cannot use Mybatis-Plus 'xxById' Method.
2024-05-10 22:09:40 | [31mWARN [0;39m | [1;33mrestartedMain[0;39m | [1;32mcom.baomidou.mybatisplus.core.injector.DefaultSqlInjector[0;39m | class com.manage.entity.vo.UserClassVo ,Not found @TableId annotation, Cannot use Mybatis-Plus 'xxById' Method.
2024-05-10 22:09:40 | [31mWARN [0;39m | [1;33mrestartedMain[0;39m | [1;32mcom.baomidou.mybatisplus.core.injector.DefaultSqlInjector[0;39m | class com.manage.entity.vo.UserRoleVo ,Not found @TableId annotation, Cannot use Mybatis-Plus 'xxById' Method.
2024-05-10 22:09:40 | [34mINFO [0;39m | [1;33mrestartedMain[0;39m | [1;32morg.springframework.security.web.DefaultSecurityFilterChain[0;39m | Will secure any request with [org.springframework.security.web.session.DisableEncodeUrlFilter@67acaad7, org.springframework.security.web.context.request.async.WebAsyncManagerIntegrationFilter@12e8e47, org.springframework.security.web.context.SecurityContextHolderFilter@63973361, org.springframework.security.web.header.HeaderWriterFilter@87785c7, org.springframework.web.filter.CorsFilter@19ec7940, org.springframework.security.web.authentication.logout.LogoutFilter@456cf3b3, com.manage.security.JwtAuthorizationFilter@511be483, org.springframework.security.web.authentication.UsernamePasswordAuthenticationFilter@343c1e1e, org.springframework.security.web.savedrequest.RequestCacheAwareFilter@7373dc53, org.springframework.security.web.servletapi.SecurityContextHolderAwareRequestFilter@5bf7446f, org.springframework.security.web.authentication.rememberme.RememberMeAuthenticationFilter@5ca20367, org.springframework.security.web.authentication.AnonymousAuthenticationFilter@555ed28, org.springframework.security.web.session.SessionManagementFilter@22983d37, org.springframework.security.web.access.ExceptionTranslationFilter@5bded58f, org.springframework.security.web.access.intercept.FilterSecurityInterceptor@5ad82fdd]
2024-05-10 22:09:40 | [34mINFO [0;39m | [1;33mrestartedMain[0;39m | [1;32morg.springframework.boot.devtools.autoconfigure.OptionalLiveReloadServer[0;39m | LiveReload server is running on port 35729
2024-05-10 22:09:40 | [34mINFO [0;39m | [1;33mrestartedMain[0;39m | [1;32morg.springframework.boot.web.embedded.tomcat.TomcatWebServer[0;39m | Tomcat started on port 8889 (http) with context path '/lyq'
2024-05-10 22:09:40 | [34mINFO [0;39m | [1;33mrestartedMain[0;39m | [1;32mcom.manage.AcademicManageApplication[0;39m | Started AcademicManageApplication in 2.565 seconds (process running for 3.11)
2024-05-10 22:09:51 | [34mINFO [0;39m | [1;33mhttp-nio-8889-exec-1[0;39m | [1;32morg.apache.catalina.core.ContainerBase.[Tomcat].[localhost].[/lyq][0;39m | Initializing Spring DispatcherServlet 'dispatcherServlet'
2024-05-10 22:09:51 | [34mINFO [0;39m | [1;33mhttp-nio-8889-exec-1[0;39m | [1;32morg.springframework.web.servlet.DispatcherServlet[0;39m | Initializing Servlet 'dispatcherServlet'
2024-05-10 22:09:51 | [34mINFO [0;39m | [1;33mhttp-nio-8889-exec-1[0;39m | [1;32morg.springframework.web.servlet.DispatcherServlet[0;39m | Completed initialization in 4 ms
2024-05-10 22:09:52 | [34mINFO [0;39m | [1;33mhttp-nio-8889-exec-1[0;39m | [1;32morg.springdoc.api.AbstractOpenApiResource[0;39m | Init duration for springdoc-openapi is: 467 ms
2024-05-10 22:10:21 | [34mINFO [0;39m | [1;33mrestartedMain[0;39m | [1;32mcom.manage.AcademicManageApplication[0;39m | Starting AcademicManageApplication using Java 17.0.7 with PID 26456 (D:\demo\academicManage\target\classes started by 16618 in D:\demo\academicManage)
2024-05-10 22:10:21 | [34mINFO [0;39m | [1;33mrestartedMain[0;39m | [1;32mcom.manage.AcademicManageApplication[0;39m | The following 1 profile is active: "jdbc"
2024-05-10 22:10:21 | [34mINFO [0;39m | [1;33mrestartedMain[0;39m | [1;32morg.springframework.boot.devtools.env.DevToolsPropertyDefaultsPostProcessor[0;39m | Devtools property defaults active! Set 'spring.devtools.add-properties' to 'false' to disable
2024-05-10 22:10:21 | [34mINFO [0;39m | [1;33mrestartedMain[0;39m | [1;32morg.springframework.boot.devtools.env.DevToolsPropertyDefaultsPostProcessor[0;39m | For additional web related logging consider setting the 'logging.level.web' property to 'DEBUG'
2024-05-10 22:10:22 | [34mINFO [0;39m | [1;33mrestartedMain[0;39m | [1;32morg.springframework.boot.web.embedded.tomcat.TomcatWebServer[0;39m | Tomcat initialized with port 8889 (http)
2024-05-10 22:10:22 | [34mINFO [0;39m | [1;33mrestartedMain[0;39m | [1;32morg.apache.catalina.core.StandardService[0;39m | Starting service [Tomcat]
2024-05-10 22:10:22 | [34mINFO [0;39m | [1;33mrestartedMain[0;39m | [1;32morg.apache.catalina.core.StandardEngine[0;39m | Starting Servlet engine: [Apache Tomcat/10.1.18]
2024-05-10 22:10:22 | [34mINFO [0;39m | [1;33mrestartedMain[0;39m | [1;32morg.apache.catalina.core.ContainerBase.[Tomcat].[localhost].[/lyq][0;39m | Initializing Spring embedded WebApplicationContext
2024-05-10 22:10:22 | [34mINFO [0;39m | [1;33mrestartedMain[0;39m | [1;32morg.springframework.boot.web.servlet.context.ServletWebServerApplicationContext[0;39m | Root WebApplicationContext: initialization completed in 1020 ms
2024-05-10 22:10:22 | [31mWARN [0;39m | [1;33mrestartedMain[0;39m | [1;32mcom.baomidou.mybatisplus.core.injector.DefaultSqlInjector[0;39m | class com.manage.entity.StuCourse ,Not found @TableId annotation, Cannot use Mybatis-Plus 'xxById' Method.
2024-05-10 22:10:22 | [31mWARN [0;39m | [1;33mrestartedMain[0;39m | [1;32mcom.baomidou.mybatisplus.core.injector.DefaultSqlInjector[0;39m | class com.manage.entity.vo.UserClassVo ,Not found @TableId annotation, Cannot use Mybatis-Plus 'xxById' Method.
2024-05-10 22:10:22 | [31mWARN [0;39m | [1;33mrestartedMain[0;39m | [1;32mcom.baomidou.mybatisplus.core.injector.DefaultSqlInjector[0;39m | class com.manage.entity.vo.UserRoleVo ,Not found @TableId annotation, Cannot use Mybatis-Plus 'xxById' Method.
2024-05-10 22:10:23 | [34mINFO [0;39m | [1;33mrestartedMain[0;39m | [1;32morg.springframework.security.web.DefaultSecurityFilterChain[0;39m | Will secure any request with [org.springframework.security.web.session.DisableEncodeUrlFilter@4139888b, org.springframework.security.web.context.request.async.WebAsyncManagerIntegrationFilter@55cbc136, org.springframework.security.web.context.SecurityContextHolderFilter@1f39bb1d, org.springframework.security.web.header.HeaderWriterFilter@7a6944a4, org.springframework.web.filter.CorsFilter@589a350a, org.springframework.security.web.authentication.logout.LogoutFilter@2f57730d, com.manage.security.JwtAuthorizationFilter@41695e06, org.springframework.security.web.authentication.UsernamePasswordAuthenticationFilter@231e53e6, org.springframework.security.web.savedrequest.RequestCacheAwareFilter@15420d21, org.springframework.security.web.servletapi.SecurityContextHolderAwareRequestFilter@da6cd57, org.springframework.security.web.authentication.rememberme.RememberMeAuthenticationFilter@73d72375, org.springframework.security.web.authentication.AnonymousAuthenticationFilter@18e97da7, org.springframework.security.web.session.SessionManagementFilter@353ecf1d, org.springframework.security.web.access.ExceptionTranslationFilter@36da2450, org.springframework.security.web.access.intercept.FilterSecurityInterceptor@1cf39894]
2024-05-10 22:10:23 | [34mINFO [0;39m | [1;33mrestartedMain[0;39m | [1;32morg.springframework.boot.devtools.autoconfigure.OptionalLiveReloadServer[0;39m | LiveReload server is running on port 35729
2024-05-10 22:10:23 | [34mINFO [0;39m | [1;33mrestartedMain[0;39m | [1;32morg.springframework.boot.web.embedded.tomcat.TomcatWebServer[0;39m | Tomcat started on port 8889 (http) with context path '/lyq'
2024-05-10 22:10:23 | [34mINFO [0;39m | [1;33mrestartedMain[0;39m | [1;32mcom.manage.AcademicManageApplication[0;39m | Started AcademicManageApplication in 2.592 seconds (process running for 3.122)
2024-05-10 22:10:26 | [34mINFO [0;39m | [1;33mhttp-nio-8889-exec-1[0;39m | [1;32morg.apache.catalina.core.ContainerBase.[Tomcat].[localhost].[/lyq][0;39m | Initializing Spring DispatcherServlet 'dispatcherServlet'
2024-05-10 22:10:26 | [34mINFO [0;39m | [1;33mhttp-nio-8889-exec-1[0;39m | [1;32morg.springframework.web.servlet.DispatcherServlet[0;39m | Initializing Servlet 'dispatcherServlet'
2024-05-10 22:10:26 | [34mINFO [0;39m | [1;33mhttp-nio-8889-exec-1[0;39m | [1;32morg.springframework.web.servlet.DispatcherServlet[0;39m | Completed initialization in 1 ms
2024-05-10 22:10:55 | [34mINFO [0;39m | [1;33mrestartedMain[0;39m | [1;32mcom.manage.AcademicManageApplication[0;39m | Starting AcademicManageApplication using Java 17.0.7 with PID 7184 (D:\demo\academicManage\target\classes started by 16618 in D:\demo\academicManage)
2024-05-10 22:10:55 | [34mINFO [0;39m | [1;33mrestartedMain[0;39m | [1;32mcom.manage.AcademicManageApplication[0;39m | The following 1 profile is active: "jdbc"
2024-05-10 22:10:55 | [34mINFO [0;39m | [1;33mrestartedMain[0;39m | [1;32morg.springframework.boot.devtools.env.DevToolsPropertyDefaultsPostProcessor[0;39m | Devtools property defaults active! Set 'spring.devtools.add-properties' to 'false' to disable
2024-05-10 22:10:55 | [34mINFO [0;39m | [1;33mrestartedMain[0;39m | [1;32morg.springframework.boot.devtools.env.DevToolsPropertyDefaultsPostProcessor[0;39m | For additional web related logging consider setting the 'logging.level.web' property to 'DEBUG'
2024-05-10 22:10:56 | [34mINFO [0;39m | [1;33mrestartedMain[0;39m | [1;32morg.springframework.boot.web.embedded.tomcat.TomcatWebServer[0;39m | Tomcat initialized with port 8889 (http)
2024-05-10 22:10:56 | [34mINFO [0;39m | [1;33mrestartedMain[0;39m | [1;32morg.apache.catalina.core.StandardService[0;39m | Starting service [Tomcat]
2024-05-10 22:10:56 | [34mINFO [0;39m | [1;33mrestartedMain[0;39m | [1;32morg.apache.catalina.core.StandardEngine[0;39m | Starting Servlet engine: [Apache Tomcat/10.1.18]
2024-05-10 22:10:56 | [34mINFO [0;39m | [1;33mrestartedMain[0;39m | [1;32morg.apache.catalina.core.ContainerBase.[Tomcat].[localhost].[/lyq][0;39m | Initializing Spring embedded WebApplicationContext
2024-05-10 22:10:56 | [34mINFO [0;39m | [1;33mrestartedMain[0;39m | [1;32morg.springframework.boot.web.servlet.context.ServletWebServerApplicationContext[0;39m | Root WebApplicationContext: initialization completed in 1143 ms
2024-05-10 22:10:57 | [31mWARN [0;39m | [1;33mrestartedMain[0;39m | [1;32mcom.baomidou.mybatisplus.core.injector.DefaultSqlInjector[0;39m | class com.manage.entity.StuCourse ,Not found @TableId annotation, Cannot use Mybatis-Plus 'xxById' Method.
2024-05-10 22:10:57 | [31mWARN [0;39m | [1;33mrestartedMain[0;39m | [1;32mcom.baomidou.mybatisplus.core.injector.DefaultSqlInjector[0;39m | class com.manage.entity.vo.UserClassVo ,Not found @TableId annotation, Cannot use Mybatis-Plus 'xxById' Method.
2024-05-10 22:10:57 | [31mWARN [0;39m | [1;33mrestartedMain[0;39m | [1;32mcom.baomidou.mybatisplus.core.injector.DefaultSqlInjector[0;39m | class com.manage.entity.vo.UserRoleVo ,Not found @TableId annotation, Cannot use Mybatis-Plus 'xxById' Method.
2024-05-10 22:10:57 | [34mINFO [0;39m | [1;33mrestartedMain[0;39m | [1;32morg.springframework.security.web.DefaultSecurityFilterChain[0;39m | Will secure any request with [org.springframework.security.web.session.DisableEncodeUrlFilter@426b4b7a, org.springframework.security.web.context.request.async.WebAsyncManagerIntegrationFilter@2b260f9b, org.springframework.security.web.context.SecurityContextHolderFilter@4bc338b5, org.springframework.security.web.header.HeaderWriterFilter@5923db9d, org.springframework.web.filter.CorsFilter@522deb32, org.springframework.security.web.authentication.logout.LogoutFilter@15420d21, com.manage.security.JwtAuthorizationFilter@78683eca, org.springframework.security.web.authentication.UsernamePasswordAuthenticationFilter@5f157ead, org.springframework.security.web.savedrequest.RequestCacheAwareFilter@485587d2, org.springframework.security.web.servletapi.SecurityContextHolderAwareRequestFilter@700c7be, org.springframework.security.web.authentication.rememberme.RememberMeAuthenticationFilter@2f90a42e, org.springframework.security.web.authentication.AnonymousAuthenticationFilter@79e2a879, org.springframework.security.web.session.SessionManagementFilter@41319a05, org.springframework.security.web.access.ExceptionTranslationFilter@407d08a, org.springframework.security.web.access.intercept.FilterSecurityInterceptor@91aa682]
2024-05-10 22:10:57 | [34mINFO [0;39m | [1;33mrestartedMain[0;39m | [1;32morg.springframework.boot.devtools.autoconfigure.OptionalLiveReloadServer[0;39m | LiveReload server is running on port 35729
2024-05-10 22:10:58 | [34mINFO [0;39m | [1;33mrestartedMain[0;39m | [1;32morg.springframework.boot.web.embedded.tomcat.TomcatWebServer[0;39m | Tomcat started on port 8889 (http) with context path '/lyq'
2024-05-10 22:10:58 | [34mINFO [0;39m | [1;33mrestartedMain[0;39m | [1;32mcom.manage.AcademicManageApplication[0;39m | Started AcademicManageApplication in 2.757 seconds (process running for 3.277)
2024-05-10 22:11:01 | [34mINFO [0;39m | [1;33mhttp-nio-8889-exec-1[0;39m | [1;32morg.apache.catalina.core.ContainerBase.[Tomcat].[localhost].[/lyq][0;39m | Initializing Spring DispatcherServlet 'dispatcherServlet'
2024-05-10 22:11:01 | [34mINFO [0;39m | [1;33mhttp-nio-8889-exec-1[0;39m | [1;32morg.springframework.web.servlet.DispatcherServlet[0;39m | Initializing Servlet 'dispatcherServlet'
2024-05-10 22:11:01 | [34mINFO [0;39m | [1;33mhttp-nio-8889-exec-1[0;39m | [1;32morg.springframework.web.servlet.DispatcherServlet[0;39m | Completed initialization in 1 ms
2024-05-10 22:13:05 | [34mINFO [0;39m | [1;33mrestartedMain[0;39m | [1;32mcom.manage.AcademicManageApplication[0;39m | Starting AcademicManageApplication using Java 17.0.7 with PID 26472 (D:\demo\academicManage\target\classes started by 16618 in D:\demo\academicManage)
2024-05-10 22:13:05 | [34mINFO [0;39m | [1;33mrestartedMain[0;39m | [1;32mcom.manage.AcademicManageApplication[0;39m | The following 1 profile is active: "jdbc"
2024-05-10 22:13:05 | [34mINFO [0;39m | [1;33mrestartedMain[0;39m | [1;32morg.springframework.boot.devtools.env.DevToolsPropertyDefaultsPostProcessor[0;39m | Devtools property defaults active! Set 'spring.devtools.add-properties' to 'false' to disable
2024-05-10 22:13:05 | [34mINFO [0;39m | [1;33mrestartedMain[0;39m | [1;32morg.springframework.boot.devtools.env.DevToolsPropertyDefaultsPostProcessor[0;39m | For additional web related logging consider setting the 'logging.level.web' property to 'DEBUG'
2024-05-10 22:13:06 | [34mINFO [0;39m | [1;33mrestartedMain[0;39m | [1;32morg.springframework.boot.web.embedded.tomcat.TomcatWebServer[0;39m | Tomcat initialized with port 8889 (http)
2024-05-10 22:13:06 | [34mINFO [0;39m | [1;33mrestartedMain[0;39m | [1;32morg.apache.catalina.core.StandardService[0;39m | Starting service [Tomcat]
2024-05-10 22:13:06 | [34mINFO [0;39m | [1;33mrestartedMain[0;39m | [1;32morg.apache.catalina.core.StandardEngine[0;39m | Starting Servlet engine: [Apache Tomcat/10.1.18]
2024-05-10 22:13:06 | [34mINFO [0;39m | [1;33mrestartedMain[0;39m | [1;32morg.apache.catalina.core.ContainerBase.[Tomcat].[localhost].[/lyq][0;39m | Initializing Spring embedded WebApplicationContext
2024-05-10 22:13:06 | [34mINFO [0;39m | [1;33mrestartedMain[0;39m | [1;32morg.springframework.boot.web.servlet.context.ServletWebServerApplicationContext[0;39m | Root WebApplicationContext: initialization completed in 1125 ms
2024-05-10 22:13:06 | [31mWARN [0;39m | [1;33mrestartedMain[0;39m | [1;32mcom.baomidou.mybatisplus.core.injector.DefaultSqlInjector[0;39m | class com.manage.entity.StuCourse ,Not found @TableId annotation, Cannot use Mybatis-Plus 'xxById' Method.
2024-05-10 22:13:06 | [31mWARN [0;39m | [1;33mrestartedMain[0;39m | [1;32mcom.baomidou.mybatisplus.core.injector.DefaultSqlInjector[0;39m | class com.manage.entity.vo.UserClassVo ,Not found @TableId annotation, Cannot use Mybatis-Plus 'xxById' Method.
2024-05-10 22:13:06 | [31mWARN [0;39m | [1;33mrestartedMain[0;39m | [1;32mcom.baomidou.mybatisplus.core.injector.DefaultSqlInjector[0;39m | class com.manage.entity.vo.UserRoleVo ,Not found @TableId annotation, Cannot use Mybatis-Plus 'xxById' Method.
2024-05-10 22:13:07 | [34mINFO [0;39m | [1;33mrestartedMain[0;39m | [1;32morg.springframework.security.web.DefaultSecurityFilterChain[0;39m | Will secure any request with [org.springframework.security.web.session.DisableEncodeUrlFilter@7844ec31, org.springframework.security.web.context.request.async.WebAsyncManagerIntegrationFilter@2ede85, org.springframework.security.web.context.SecurityContextHolderFilter@655dce46, org.springframework.security.web.header.HeaderWriterFilter@1f39bb1d, org.springframework.web.filter.CorsFilter@41b51ebb, org.springframework.security.web.authentication.logout.LogoutFilter@2287c5a0, com.manage.security.JwtAuthorizationFilter@2235db18, org.springframework.security.web.authentication.UsernamePasswordAuthenticationFilter@62968985, org.springframework.security.web.savedrequest.RequestCacheAwareFilter@5b8459e5, org.springframework.security.web.servletapi.SecurityContextHolderAwareRequestFilter@2f90a42e, org.springframework.security.web.authentication.rememberme.RememberMeAuthenticationFilter@3973bfb2, org.springframework.security.web.authentication.AnonymousAuthenticationFilter@707b0c1a, org.springframework.security.web.session.SessionManagementFilter@15420d21, org.springframework.security.web.access.ExceptionTranslationFilter@7177180e, org.springframework.security.web.access.intercept.FilterSecurityInterceptor@18e97da7]
2024-05-10 22:13:07 | [34mINFO [0;39m | [1;33mrestartedMain[0;39m | [1;32morg.springframework.boot.devtools.autoconfigure.OptionalLiveReloadServer[0;39m | LiveReload server is running on port 35729
2024-05-10 22:13:07 | [34mINFO [0;39m | [1;33mrestartedMain[0;39m | [1;32morg.springframework.boot.web.embedded.tomcat.TomcatWebServer[0;39m | Tomcat started on port 8889 (http) with context path '/lyq'
2024-05-10 22:13:07 | [34mINFO [0;39m | [1;33mrestartedMain[0;39m | [1;32mcom.manage.AcademicManageApplication[0;39m | Started AcademicManageApplication in 3.131 seconds (process running for 3.802)
2024-05-10 22:13:11 | [34mINFO [0;39m | [1;33mhttp-nio-8889-exec-1[0;39m | [1;32morg.apache.catalina.core.ContainerBase.[Tomcat].[localhost].[/lyq][0;39m | Initializing Spring DispatcherServlet 'dispatcherServlet'
2024-05-10 22:13:11 | [34mINFO [0;39m | [1;33mhttp-nio-8889-exec-1[0;39m | [1;32morg.springframework.web.servlet.DispatcherServlet[0;39m | Initializing Servlet 'dispatcherServlet'
2024-05-10 22:13:11 | [34mINFO [0;39m | [1;33mhttp-nio-8889-exec-1[0;39m | [1;32morg.springframework.web.servlet.DispatcherServlet[0;39m | Completed initialization in 1 ms
2024-05-10 22:18:50 | [34mINFO [0;39m | [1;33mrestartedMain[0;39m | [1;32mcom.manage.AcademicManageApplication[0;39m | Starting AcademicManageApplication using Java 17.0.7 with PID 2132 (D:\demo\academicManage\target\classes started by 16618 in D:\demo\academicManage)
2024-05-10 22:18:50 | [34mINFO [0;39m | [1;33mrestartedMain[0;39m | [1;32mcom.manage.AcademicManageApplication[0;39m | The following 1 profile is active: "jdbc"
2024-05-10 22:18:50 | [34mINFO [0;39m | [1;33mrestartedMain[0;39m | [1;32morg.springframework.boot.devtools.env.DevToolsPropertyDefaultsPostProcessor[0;39m | Devtools property defaults active! Set 'spring.devtools.add-properties' to 'false' to disable
2024-05-10 22:18:50 | [34mINFO [0;39m | [1;33mrestartedMain[0;39m | [1;32morg.springframework.boot.devtools.env.DevToolsPropertyDefaultsPostProcessor[0;39m | For additional web related logging consider setting the 'logging.level.web' property to 'DEBUG'
2024-05-10 22:18:51 | [34mINFO [0;39m | [1;33mrestartedMain[0;39m | [1;32morg.springframework.boot.web.embedded.tomcat.TomcatWebServer[0;39m | Tomcat initialized with port 8889 (http)
2024-05-10 22:18:51 | [34mINFO [0;39m | [1;33mrestartedMain[0;39m | [1;32morg.apache.catalina.core.StandardService[0;39m | Starting service [Tomcat]
2024-05-10 22:18:51 | [34mINFO [0;39m | [1;33mrestartedMain[0;39m | [1;32morg.apache.catalina.core.StandardEngine[0;39m | Starting Servlet engine: [Apache Tomcat/10.1.18]
2024-05-10 22:18:51 | [34mINFO [0;39m | [1;33mrestartedMain[0;39m | [1;32morg.apache.catalina.core.ContainerBase.[Tomcat].[localhost].[/][0;39m | Initializing Spring embedded WebApplicationContext
2024-05-10 22:18:51 | [34mINFO [0;39m | [1;33mrestartedMain[0;39m | [1;32morg.springframework.boot.web.servlet.context.ServletWebServerApplicationContext[0;39m | Root WebApplicationContext: initialization completed in 997 ms
2024-05-10 22:18:51 | [31mWARN [0;39m | [1;33mrestartedMain[0;39m | [1;32mcom.baomidou.mybatisplus.core.injector.DefaultSqlInjector[0;39m | class com.manage.entity.StuCourse ,Not found @TableId annotation, Cannot use Mybatis-Plus 'xxById' Method.
2024-05-10 22:18:51 | [31mWARN [0;39m | [1;33mrestartedMain[0;39m | [1;32mcom.baomidou.mybatisplus.core.injector.DefaultSqlInjector[0;39m | class com.manage.entity.vo.UserClassVo ,Not found @TableId annotation, Cannot use Mybatis-Plus 'xxById' Method.
2024-05-10 22:18:51 | [31mWARN [0;39m | [1;33mrestartedMain[0;39m | [1;32mcom.baomidou.mybatisplus.core.injector.DefaultSqlInjector[0;39m | class com.manage.entity.vo.UserRoleVo ,Not found @TableId annotation, Cannot use Mybatis-Plus 'xxById' Method.
2024-05-10 22:18:52 | [34mINFO [0;39m | [1;33mrestartedMain[0;39m | [1;32morg.springframework.security.web.DefaultSecurityFilterChain[0;39m | Will secure any request with [org.springframework.security.web.session.DisableEncodeUrlFilter@707b0c1a, org.springframework.security.web.context.request.async.WebAsyncManagerIntegrationFilter@461b6414, org.springframework.security.web.context.SecurityContextHolderFilter@5b8459e5, org.springframework.security.web.header.HeaderWriterFilter@15420d21, org.springframework.web.filter.CorsFilter@3657bc16, org.springframework.security.web.authentication.logout.LogoutFilter@62968985, com.manage.security.JwtAuthorizationFilter@2846684d, org.springframework.security.web.authentication.UsernamePasswordAuthenticationFilter@25f98a38, org.springframework.security.web.savedrequest.RequestCacheAwareFilter@24346064, org.springframework.security.web.servletapi.SecurityContextHolderAwareRequestFilter@5bded58f, org.springframework.security.web.authentication.rememberme.RememberMeAuthenticationFilter@16a8cb25, org.springframework.security.web.authentication.AnonymousAuthenticationFilter@19e12d82, org.springframework.security.web.session.SessionManagementFilter@5f157ead, org.springframework.security.web.access.ExceptionTranslationFilter@1f39bb1d, org.springframework.security.web.access.intercept.FilterSecurityInterceptor@205a1fed]
2024-05-10 22:18:52 | [34mINFO [0;39m | [1;33mrestartedMain[0;39m | [1;32morg.springframework.boot.devtools.autoconfigure.OptionalLiveReloadServer[0;39m | LiveReload server is running on port 35729
2024-05-10 22:18:52 | [34mINFO [0;39m | [1;33mrestartedMain[0;39m | [1;32morg.springframework.boot.web.embedded.tomcat.TomcatWebServer[0;39m | Tomcat started on port 8889 (http) with context path ''
2024-05-10 22:18:52 | [34mINFO [0;39m | [1;33mrestartedMain[0;39m | [1;32mcom.manage.AcademicManageApplication[0;39m | Started AcademicManageApplication in 2.607 seconds (process running for 3.12)
2024-05-10 22:18:59 | [34mINFO [0;39m | [1;33mhttp-nio-8889-exec-1[0;39m | [1;32morg.apache.catalina.core.ContainerBase.[Tomcat].[localhost].[/][0;39m | Initializing Spring DispatcherServlet 'dispatcherServlet'
2024-05-10 22:18:59 | [34mINFO [0;39m | [1;33mhttp-nio-8889-exec-1[0;39m | [1;32morg.springframework.web.servlet.DispatcherServlet[0;39m | Initializing Servlet 'dispatcherServlet'
2024-05-10 22:18:59 | [34mINFO [0;39m | [1;33mhttp-nio-8889-exec-1[0;39m | [1;32morg.springframework.web.servlet.DispatcherServlet[0;39m | Completed initialization in 1 ms
2024-05-10 22:19:35 | [34mINFO [0;39m | [1;33mrestartedMain[0;39m | [1;32mcom.manage.AcademicManageApplication[0;39m | Starting AcademicManageApplication using Java 17.0.7 with PID 16632 (D:\demo\academicManage\target\classes started by 16618 in D:\demo\academicManage)
2024-05-10 22:19:35 | [34mINFO [0;39m | [1;33mrestartedMain[0;39m | [1;32mcom.manage.AcademicManageApplication[0;39m | The following 1 profile is active: "jdbc"
2024-05-10 22:19:35 | [34mINFO [0;39m | [1;33mrestartedMain[0;39m | [1;32morg.springframework.boot.devtools.env.DevToolsPropertyDefaultsPostProcessor[0;39m | Devtools property defaults active! Set 'spring.devtools.add-properties' to 'false' to disable
2024-05-10 22:19:35 | [34mINFO [0;39m | [1;33mrestartedMain[0;39m | [1;32morg.springframework.boot.devtools.env.DevToolsPropertyDefaultsPostProcessor[0;39m | For additional web related logging consider setting the 'logging.level.web' property to 'DEBUG'
2024-05-10 22:19:36 | [34mINFO [0;39m | [1;33mrestartedMain[0;39m | [1;32morg.springframework.boot.web.embedded.tomcat.TomcatWebServer[0;39m | Tomcat initialized with port 8889 (http)
2024-05-10 22:19:36 | [34mINFO [0;39m | [1;33mrestartedMain[0;39m | [1;32morg.apache.catalina.core.StandardService[0;39m | Starting service [Tomcat]
2024-05-10 22:19:36 | [34mINFO [0;39m | [1;33mrestartedMain[0;39m | [1;32morg.apache.catalina.core.StandardEngine[0;39m | Starting Servlet engine: [Apache Tomcat/10.1.18]
2024-05-10 22:19:36 | [34mINFO [0;39m | [1;33mrestartedMain[0;39m | [1;32morg.apache.catalina.core.ContainerBase.[Tomcat].[localhost].[/lyq][0;39m | Initializing Spring embedded WebApplicationContext
2024-05-10 22:19:36 | [34mINFO [0;39m | [1;33mrestartedMain[0;39m | [1;32morg.springframework.boot.web.servlet.context.ServletWebServerApplicationContext[0;39m | Root WebApplicationContext: initialization completed in 984 ms
2024-05-10 22:19:36 | [31mWARN [0;39m | [1;33mrestartedMain[0;39m | [1;32mcom.baomidou.mybatisplus.core.injector.DefaultSqlInjector[0;39m | class com.manage.entity.StuCourse ,Not found @TableId annotation, Cannot use Mybatis-Plus 'xxById' Method.
2024-05-10 22:19:36 | [31mWARN [0;39m | [1;33mrestartedMain[0;39m | [1;32mcom.baomidou.mybatisplus.core.injector.DefaultSqlInjector[0;39m | class com.manage.entity.vo.UserClassVo ,Not found @TableId annotation, Cannot use Mybatis-Plus 'xxById' Method.
2024-05-10 22:19:36 | [31mWARN [0;39m | [1;33mrestartedMain[0;39m | [1;32mcom.baomidou.mybatisplus.core.injector.DefaultSqlInjector[0;39m | class com.manage.entity.vo.UserRoleVo ,Not found @TableId annotation, Cannot use Mybatis-Plus 'xxById' Method.
2024-05-10 22:19:37 | [34mINFO [0;39m | [1;33mrestartedMain[0;39m | [1;32morg.springframework.security.web.DefaultSecurityFilterChain[0;39m | Will secure any request with [org.springframework.security.web.session.DisableEncodeUrlFilter@44b580a5, org.springframework.security.web.context.request.async.WebAsyncManagerIntegrationFilter@71db8a7d, org.springframework.security.web.context.SecurityContextHolderFilter@297714ee, org.springframework.security.web.header.HeaderWriterFilter@5bf7446f, org.springframework.web.filter.CorsFilter@4404acbf, org.springframework.security.web.authentication.logout.LogoutFilter@62571728, com.manage.security.JwtAuthorizationFilter@16368233, org.springframework.security.web.authentication.UsernamePasswordAuthenticationFilter@77c59068, org.springframework.security.web.savedrequest.RequestCacheAwareFilter@2287c5a0, org.springframework.security.web.servletapi.SecurityContextHolderAwareRequestFilter@73d72375, org.springframework.security.web.authentication.rememberme.RememberMeAuthenticationFilter@58f3d139, org.springframework.security.web.authentication.AnonymousAuthenticationFilter@2fefd3bd, org.springframework.security.web.session.SessionManagementFilter@2f57730d, org.springframework.security.web.access.ExceptionTranslationFilter@5dba1, org.springframework.security.web.access.intercept.FilterSecurityInterceptor@45609a]
2024-05-10 22:19:37 | [34mINFO [0;39m | [1;33mrestartedMain[0;39m | [1;32morg.springframework.boot.devtools.autoconfigure.OptionalLiveReloadServer[0;39m | LiveReload server is running on port 35729
2024-05-10 22:19:37 | [34mINFO [0;39m | [1;33mrestartedMain[0;39m | [1;32morg.springframework.boot.web.embedded.tomcat.TomcatWebServer[0;39m | Tomcat started on port 8889 (http) with context path '/lyq'
2024-05-10 22:19:37 | [34mINFO [0;39m | [1;33mrestartedMain[0;39m | [1;32mcom.manage.AcademicManageApplication[0;39m | Started AcademicManageApplication in 2.526 seconds (process running for 3.031)
2024-05-10 22:22:19 | [34mINFO [0;39m | [1;33mhttp-nio-8889-exec-2[0;39m | [1;32morg.apache.catalina.core.ContainerBase.[Tomcat].[localhost].[/lyq][0;39m | Initializing Spring DispatcherServlet 'dispatcherServlet'
2024-05-10 22:22:19 | [34mINFO [0;39m | [1;33mhttp-nio-8889-exec-2[0;39m | [1;32morg.springframework.web.servlet.DispatcherServlet[0;39m | Initializing Servlet 'dispatcherServlet'
2024-05-10 22:22:19 | [34mINFO [0;39m | [1;33mhttp-nio-8889-exec-2[0;39m | [1;32morg.springframework.web.servlet.DispatcherServlet[0;39m | Completed initialization in 0 ms
2024-05-10 23:41:58 | [34mINFO [0;39m | [1;33mrestartedMain[0;39m | [1;32mcom.manage.AcademicManageApplication[0;39m | Starting AcademicManageApplication using Java 17.0.7 with PID 13240 (D:\demo\academicManage\target\classes started by 16618 in D:\demo\academicManage)
2024-05-10 23:41:58 | [34mINFO [0;39m | [1;33mrestartedMain[0;39m | [1;32mcom.manage.AcademicManageApplication[0;39m | The following 1 profile is active: "jdbc"
2024-05-10 23:41:58 | [34mINFO [0;39m | [1;33mrestartedMain[0;39m | [1;32morg.springframework.boot.devtools.env.DevToolsPropertyDefaultsPostProcessor[0;39m | Devtools property defaults active! Set 'spring.devtools.add-properties' to 'false' to disable
2024-05-10 23:41:58 | [34mINFO [0;39m | [1;33mrestartedMain[0;39m | [1;32morg.springframework.boot.devtools.env.DevToolsPropertyDefaultsPostProcessor[0;39m | For additional web related logging consider setting the 'logging.level.web' property to 'DEBUG'
2024-05-10 23:41:59 | [34mINFO [0;39m | [1;33mrestartedMain[0;39m | [1;32morg.springframework.boot.web.embedded.tomcat.TomcatWebServer[0;39m | Tomcat initialized with port 8889 (http)
2024-05-10 23:41:59 | [34mINFO [0;39m | [1;33mrestartedMain[0;39m | [1;32morg.apache.catalina.core.StandardService[0;39m | Starting service [Tomcat]
2024-05-10 23:41:59 | [34mINFO [0;39m | [1;33mrestartedMain[0;39m | [1;32morg.apache.catalina.core.StandardEngine[0;39m | Starting Servlet engine: [Apache Tomcat/10.1.18]
2024-05-10 23:41:59 | [34mINFO [0;39m | [1;33mrestartedMain[0;39m | [1;32morg.apache.catalina.core.ContainerBase.[Tomcat].[localhost].[/lyq][0;39m | Initializing Spring embedded WebApplicationContext
2024-05-10 23:41:59 | [34mINFO [0;39m | [1;33mrestartedMain[0;39m | [1;32morg.springframework.boot.web.servlet.context.ServletWebServerApplicationContext[0;39m | Root WebApplicationContext: initialization completed in 1088 ms
2024-05-10 23:41:59 | [31mWARN [0;39m | [1;33mrestartedMain[0;39m | [1;32mcom.baomidou.mybatisplus.core.injector.DefaultSqlInjector[0;39m | class com.manage.entity.StuCourse ,Not found @TableId annotation, Cannot use Mybatis-Plus 'xxById' Method.
2024-05-10 23:41:59 | [31mWARN [0;39m | [1;33mrestartedMain[0;39m | [1;32mcom.baomidou.mybatisplus.core.injector.DefaultSqlInjector[0;39m | class com.manage.entity.vo.UserClassVo ,Not found @TableId annotation, Cannot use Mybatis-Plus 'xxById' Method.
2024-05-10 23:41:59 | [31mWARN [0;39m | [1;33mrestartedMain[0;39m | [1;32mcom.baomidou.mybatisplus.core.injector.DefaultSqlInjector[0;39m | class com.manage.entity.vo.UserRoleVo ,Not found @TableId annotation, Cannot use Mybatis-Plus 'xxById' Method.
2024-05-10 23:42:00 | [34mINFO [0;39m | [1;33mrestartedMain[0;39m | [1;32morg.springframework.security.web.DefaultSecurityFilterChain[0;39m | Will secure any request with [org.springframework.security.web.session.DisableEncodeUrlFilter@7647e7f7, org.springframework.security.web.context.request.async.WebAsyncManagerIntegrationFilter@393a9e77, org.springframework.security.web.context.SecurityContextHolderFilter@302867b0, org.springframework.security.web.header.HeaderWriterFilter@3ef61158, org.springframework.web.filter.CorsFilter@70345967, org.springframework.security.web.authentication.logout.LogoutFilter@4c0243d4, com.manage.security.JwtAuthorizationFilter@794630bb, org.springframework.security.web.authentication.UsernamePasswordAuthenticationFilter@5b982532, org.springframework.security.web.savedrequest.RequestCacheAwareFilter@5f5811fd, org.springframework.security.web.servletapi.SecurityContextHolderAwareRequestFilter@26e915de, org.springframework.security.web.authentication.rememberme.RememberMeAuthenticationFilter@179dd3ff, org.springframework.security.web.authentication.AnonymousAuthenticationFilter@1e7723ab, org.springframework.security.web.session.SessionManagementFilter@47d94859, org.springframework.security.web.access.ExceptionTranslationFilter@55a7bfd9, org.springframework.security.web.access.intercept.FilterSecurityInterceptor@1fee47f1]
2024-05-10 23:42:00 | [34mINFO [0;39m | [1;33mrestartedMain[0;39m | [1;32morg.springframework.boot.devtools.autoconfigure.OptionalLiveReloadServer[0;39m | LiveReload server is running on port 35729
2024-05-10 23:42:00 | [34mINFO [0;39m | [1;33mrestartedMain[0;39m | [1;32morg.springframework.boot.web.embedded.tomcat.TomcatWebServer[0;39m | Tomcat started on port 8889 (http) with context path '/lyq'
2024-05-10 23:42:00 | [34mINFO [0;39m | [1;33mrestartedMain[0;39m | [1;32mcom.manage.AcademicManageApplication[0;39m | Started AcademicManageApplication in 2.733 seconds (process running for 3.845)
2024-05-10 23:42:15 | [34mINFO [0;39m | [1;33mhttp-nio-8889-exec-1[0;39m | [1;32morg.apache.catalina.core.ContainerBase.[Tomcat].[localhost].[/lyq][0;39m | Initializing Spring DispatcherServlet 'dispatcherServlet'
2024-05-10 23:42:15 | [34mINFO [0;39m | [1;33mhttp-nio-8889-exec-1[0;39m | [1;32morg.springframework.web.servlet.DispatcherServlet[0;39m | Initializing Servlet 'dispatcherServlet'
2024-05-10 23:42:15 | [34mINFO [0;39m | [1;33mhttp-nio-8889-exec-1[0;39m | [1;32morg.springframework.web.servlet.DispatcherServlet[0;39m | Completed initialization in 1 ms
2024-05-10 23:42:15 | [34mINFO [0;39m | [1;33mhttp-nio-8889-exec-1[0;39m | [1;32mcom.zaxxer.hikari.HikariDataSource[0;39m | HikariPool-1 - Starting...
2024-05-10 23:42:16 | [34mINFO [0;39m | [1;33mhttp-nio-8889-exec-1[0;39m | [1;32mcom.zaxxer.hikari.pool.HikariPool[0;39m | HikariPool-1 - Added connection com.mysql.cj.jdbc.ConnectionImpl@4c19fa44
2024-05-10 23:42:16 | [34mINFO [0;39m | [1;33mhttp-nio-8889-exec-1[0;39m | [1;32mcom.zaxxer.hikari.HikariDataSource[0;39m | HikariPool-1 - Start completed.
