2024-04-29 21:57:18 | [34mINFO [0;39m | [1;33mrestartedMain[0;39m | [1;32mcom.manage.AcademicManageApplication[0;39m | Starting AcademicManageApplication using Java 17.0.7 with PID 23072 (D:\demo\academicManage\target\classes started by 16618 in D:\demo\academicManage)
2024-04-29 21:57:18 | [34mINFO [0;39m | [1;33mrestartedMain[0;39m | [1;32mcom.manage.AcademicManageApplication[0;39m | The following 1 profile is active: "jdbc"
2024-04-29 21:57:18 | [34mINFO [0;39m | [1;33mrestartedMain[0;39m | [1;32morg.springframework.boot.devtools.env.DevToolsPropertyDefaultsPostProcessor[0;39m | Devtools property defaults active! Set 'spring.devtools.add-properties' to 'false' to disable
2024-04-29 21:57:18 | [34mINFO [0;39m | [1;33mrestartedMain[0;39m | [1;32morg.springframework.boot.devtools.env.DevToolsPropertyDefaultsPostProcessor[0;39m | For additional web related logging consider setting the 'logging.level.web' property to 'DEBUG'
2024-04-29 21:57:20 | [34mINFO [0;39m | [1;33mrestartedMain[0;39m | [1;32morg.springframework.boot.web.embedded.tomcat.TomcatWebServer[0;39m | Tomcat initialized with port 8889 (http)
2024-04-29 21:57:20 | [34mINFO [0;39m | [1;33mrestartedMain[0;39m | [1;32morg.apache.catalina.core.StandardService[0;39m | Starting service [Tomcat]
2024-04-29 21:57:20 | [34mINFO [0;39m | [1;33mrestartedMain[0;39m | [1;32morg.apache.catalina.core.StandardEngine[0;39m | Starting Servlet engine: [Apache Tomcat/10.1.18]
2024-04-29 21:57:20 | [34mINFO [0;39m | [1;33mrestartedMain[0;39m | [1;32morg.apache.catalina.core.ContainerBase.[Tomcat].[localhost].[/lyq][0;39m | Initializing Spring embedded WebApplicationContext
2024-04-29 21:57:20 | [34mINFO [0;39m | [1;33mrestartedMain[0;39m | [1;32morg.springframework.boot.web.servlet.context.ServletWebServerApplicationContext[0;39m | Root WebApplicationContext: initialization completed in 1442 ms
2024-04-29 21:57:20 | [31mWARN [0;39m | [1;33mrestartedMain[0;39m | [1;32mcom.baomidou.mybatisplus.core.injector.DefaultSqlInjector[0;39m | class com.manage.entity.StuCourse ,Not found @TableId annotation, Cannot use Mybatis-Plus 'xxById' Method.
2024-04-29 21:57:20 | [31mWARN [0;39m | [1;33mrestartedMain[0;39m | [1;32mcom.baomidou.mybatisplus.core.injector.DefaultSqlInjector[0;39m | class com.manage.entity.vo.UserClassVo ,Not found @TableId annotation, Cannot use Mybatis-Plus 'xxById' Method.
2024-04-29 21:57:20 | [31mWARN [0;39m | [1;33mrestartedMain[0;39m | [1;32mcom.baomidou.mybatisplus.core.injector.DefaultSqlInjector[0;39m | class com.manage.entity.vo.UserRoleVo ,Not found @TableId annotation, Cannot use Mybatis-Plus 'xxById' Method.
2024-04-29 21:57:21 | [34mINFO [0;39m | [1;33mrestartedMain[0;39m | [1;32morg.springframework.security.web.DefaultSecurityFilterChain[0;39m | Will secure any request with [org.springframework.security.web.session.DisableEncodeUrlFilter@5e5b10ee, org.springframework.security.web.context.request.async.WebAsyncManagerIntegrationFilter@4cf47b81, org.springframework.security.web.context.SecurityContextHolderFilter@6c73482c, org.springframework.security.web.header.HeaderWriterFilter@31c5237e, org.springframework.web.filter.CorsFilter@3ad2ecdc, org.springframework.security.web.authentication.logout.LogoutFilter@34946fc2, com.manage.security.JwtAuthorizationFilter@3554ebec, org.springframework.security.web.authentication.UsernamePasswordAuthenticationFilter@73ba9e19, org.springframework.security.web.savedrequest.RequestCacheAwareFilter@6062dfd3, org.springframework.security.web.servletapi.SecurityContextHolderAwareRequestFilter@b8925c, org.springframework.security.web.authentication.rememberme.RememberMeAuthenticationFilter@3abe3188, org.springframework.security.web.authentication.AnonymousAuthenticationFilter@6c1b4019, org.springframework.security.web.session.SessionManagementFilter@2ead4e1f, org.springframework.security.web.access.ExceptionTranslationFilter@6b96db82, org.springframework.security.web.access.intercept.FilterSecurityInterceptor@4a0ccb8]
2024-04-29 21:57:21 | [34mINFO [0;39m | [1;33mrestartedMain[0;39m | [1;32morg.springframework.boot.devtools.autoconfigure.OptionalLiveReloadServer[0;39m | LiveReload server is running on port 35729
2024-04-29 21:57:21 | [34mINFO [0;39m | [1;33mrestartedMain[0;39m | [1;32morg.springframework.boot.web.embedded.tomcat.TomcatWebServer[0;39m | Tomcat started on port 8889 (http) with context path '/lyq'
2024-04-29 21:57:21 | [34mINFO [0;39m | [1;33mrestartedMain[0;39m | [1;32mcom.manage.AcademicManageApplication[0;39m | Started AcademicManageApplication in 3.147 seconds (process running for 4.2)
2024-04-29 22:00:33 | [34mINFO [0;39m | [1;33mhttp-nio-8889-exec-1[0;39m | [1;32morg.apache.catalina.core.ContainerBase.[Tomcat].[localhost].[/lyq][0;39m | Initializing Spring DispatcherServlet 'dispatcherServlet'
2024-04-29 22:00:33 | [34mINFO [0;39m | [1;33mhttp-nio-8889-exec-1[0;39m | [1;32morg.springframework.web.servlet.DispatcherServlet[0;39m | Initializing Servlet 'dispatcherServlet'
2024-04-29 22:00:33 | [34mINFO [0;39m | [1;33mhttp-nio-8889-exec-1[0;39m | [1;32morg.springframework.web.servlet.DispatcherServlet[0;39m | Completed initialization in 0 ms
2024-04-29 22:00:33 | [34mINFO [0;39m | [1;33mhttp-nio-8889-exec-1[0;39m | [1;32mcom.zaxxer.hikari.HikariDataSource[0;39m | HikariPool-1 - Starting...
2024-04-29 22:00:34 | [34mINFO [0;39m | [1;33mhttp-nio-8889-exec-1[0;39m | [1;32mcom.zaxxer.hikari.pool.HikariPool[0;39m | HikariPool-1 - Added connection com.mysql.cj.jdbc.ConnectionImpl@2f0aa05c
2024-04-29 22:00:34 | [34mINFO [0;39m | [1;33mhttp-nio-8889-exec-1[0;39m | [1;32mcom.zaxxer.hikari.HikariDataSource[0;39m | HikariPool-1 - Start completed.
2024-04-29 22:02:04 | [34mINFO [0;39m | [1;33mFile Watcher[0;39m | [1;32morg.springframework.boot.devtools.autoconfigure.LocalDevToolsAutoConfiguration$RestartingClassPathChangeChangedEventListener[0;39m | Restarting due to 1 class path change (0 additions, 1 deletion, 0 modifications)
2024-04-29 22:02:04 | [34mINFO [0;39m | [1;33mThread-5[0;39m | [1;32mcom.zaxxer.hikari.HikariDataSource[0;39m | HikariPool-1 - Shutdown initiated...
2024-04-29 22:02:04 | [34mINFO [0;39m | [1;33mThread-5[0;39m | [1;32mcom.zaxxer.hikari.HikariDataSource[0;39m | HikariPool-1 - Shutdown completed.
2024-04-29 22:02:04 | [34mINFO [0;39m | [1;33mrestartedMain[0;39m | [1;32mcom.manage.AcademicManageApplication[0;39m | Starting AcademicManageApplication using Java 17.0.7 with PID 23072 (D:\demo\academicManage\target\classes started by 16618 in D:\demo\academicManage)
2024-04-29 22:02:04 | [34mINFO [0;39m | [1;33mrestartedMain[0;39m | [1;32mcom.manage.AcademicManageApplication[0;39m | The following 1 profile is active: "jdbc"
2024-04-29 22:02:05 | [31mWARN [0;39m | [1;33mrestartedMain[0;39m | [1;32morg.springframework.boot.web.servlet.context.AnnotationConfigServletWebServerApplicationContext[0;39m | Exception encountered during context initialization - cancelling refresh attempt: org.springframework.beans.factory.CannotLoadBeanClassException: Cannot find class [com.manage.service.impl.IClassService] for bean with name 'IClassService' defined in file [D:\demo\academicManage\target\classes\com\manage\service\impl\IClassService.class]
2024-04-29 22:02:05 | [34mINFO [0;39m | [1;33mrestartedMain[0;39m | [1;32morg.springframework.boot.autoconfigure.logging.ConditionEvaluationReportLogger[0;39m | 

Error starting ApplicationContext. To display the condition evaluation report re-run your application with 'debug' enabled.
2024-04-29 22:02:06 | [34mINFO [0;39m | [1;33mrestartedMain[0;39m | [1;32mcom.manage.AcademicManageApplication[0;39m | Starting AcademicManageApplication using Java 17.0.7 with PID 23072 (D:\demo\academicManage\target\classes started by 16618 in D:\demo\academicManage)
2024-04-29 22:02:06 | [34mINFO [0;39m | [1;33mrestartedMain[0;39m | [1;32mcom.manage.AcademicManageApplication[0;39m | The following 1 profile is active: "jdbc"
2024-04-29 22:02:06 | [34mINFO [0;39m | [1;33mrestartedMain[0;39m | [1;32morg.springframework.boot.web.embedded.tomcat.TomcatWebServer[0;39m | Tomcat initialized with port 8889 (http)
2024-04-29 22:02:06 | [34mINFO [0;39m | [1;33mrestartedMain[0;39m | [1;32morg.apache.catalina.core.StandardService[0;39m | Starting service [Tomcat]
2024-04-29 22:02:06 | [34mINFO [0;39m | [1;33mrestartedMain[0;39m | [1;32morg.apache.catalina.core.StandardEngine[0;39m | Starting Servlet engine: [Apache Tomcat/10.1.18]
2024-04-29 22:02:06 | [34mINFO [0;39m | [1;33mrestartedMain[0;39m | [1;32morg.apache.catalina.core.ContainerBase.[Tomcat].[localhost].[/lyq][0;39m | Initializing Spring embedded WebApplicationContext
2024-04-29 22:02:06 | [34mINFO [0;39m | [1;33mrestartedMain[0;39m | [1;32morg.springframework.boot.web.servlet.context.ServletWebServerApplicationContext[0;39m | Root WebApplicationContext: initialization completed in 269 ms
2024-04-29 22:02:07 | [31mWARN [0;39m | [1;33mrestartedMain[0;39m | [1;32morg.springframework.boot.web.servlet.context.AnnotationConfigServletWebServerApplicationContext[0;39m | Exception encountered during context initialization - cancelling refresh attempt: org.springframework.beans.factory.UnsatisfiedDependencyException: Error creating bean with name 'classController': Unsatisfied dependency expressed through field 'classService': No qualifying bean of type 'com.manage.service.ClassService' available: expected at least 1 bean which qualifies as autowire candidate. Dependency annotations: {@org.springframework.beans.factory.annotation.Autowired(required=true)}
2024-04-29 22:02:07 | [34mINFO [0;39m | [1;33mrestartedMain[0;39m | [1;32morg.apache.catalina.core.StandardService[0;39m | Stopping service [Tomcat]
2024-04-29 22:02:07 | [34mINFO [0;39m | [1;33mrestartedMain[0;39m | [1;32morg.springframework.boot.autoconfigure.logging.ConditionEvaluationReportLogger[0;39m | 

Error starting ApplicationContext. To display the condition evaluation report re-run your application with 'debug' enabled.
2024-04-29 22:03:04 | [34mINFO [0;39m | [1;33mrestartedMain[0;39m | [1;32mcom.manage.AcademicManageApplication[0;39m | Starting AcademicManageApplication using Java 17.0.7 with PID 21460 (D:\demo\academicManage\target\classes started by 16618 in D:\demo\academicManage)
2024-04-29 22:03:04 | [34mINFO [0;39m | [1;33mrestartedMain[0;39m | [1;32mcom.manage.AcademicManageApplication[0;39m | The following 1 profile is active: "jdbc"
2024-04-29 22:03:04 | [34mINFO [0;39m | [1;33mrestartedMain[0;39m | [1;32morg.springframework.boot.devtools.env.DevToolsPropertyDefaultsPostProcessor[0;39m | Devtools property defaults active! Set 'spring.devtools.add-properties' to 'false' to disable
2024-04-29 22:03:04 | [34mINFO [0;39m | [1;33mrestartedMain[0;39m | [1;32morg.springframework.boot.devtools.env.DevToolsPropertyDefaultsPostProcessor[0;39m | For additional web related logging consider setting the 'logging.level.web' property to 'DEBUG'
2024-04-29 22:03:06 | [34mINFO [0;39m | [1;33mrestartedMain[0;39m | [1;32morg.springframework.boot.web.embedded.tomcat.TomcatWebServer[0;39m | Tomcat initialized with port 8889 (http)
2024-04-29 22:03:06 | [34mINFO [0;39m | [1;33mrestartedMain[0;39m | [1;32morg.apache.catalina.core.StandardService[0;39m | Starting service [Tomcat]
2024-04-29 22:03:06 | [34mINFO [0;39m | [1;33mrestartedMain[0;39m | [1;32morg.apache.catalina.core.StandardEngine[0;39m | Starting Servlet engine: [Apache Tomcat/10.1.18]
2024-04-29 22:03:06 | [34mINFO [0;39m | [1;33mrestartedMain[0;39m | [1;32morg.apache.catalina.core.ContainerBase.[Tomcat].[localhost].[/lyq][0;39m | Initializing Spring embedded WebApplicationContext
2024-04-29 22:03:06 | [34mINFO [0;39m | [1;33mrestartedMain[0;39m | [1;32morg.springframework.boot.web.servlet.context.ServletWebServerApplicationContext[0;39m | Root WebApplicationContext: initialization completed in 1222 ms
2024-04-29 22:03:06 | [31mWARN [0;39m | [1;33mrestartedMain[0;39m | [1;32mcom.baomidou.mybatisplus.core.injector.DefaultSqlInjector[0;39m | class com.manage.entity.StuCourse ,Not found @TableId annotation, Cannot use Mybatis-Plus 'xxById' Method.
2024-04-29 22:03:06 | [31mWARN [0;39m | [1;33mrestartedMain[0;39m | [1;32mcom.baomidou.mybatisplus.core.injector.DefaultSqlInjector[0;39m | class com.manage.entity.vo.UserClassVo ,Not found @TableId annotation, Cannot use Mybatis-Plus 'xxById' Method.
2024-04-29 22:03:06 | [31mWARN [0;39m | [1;33mrestartedMain[0;39m | [1;32mcom.baomidou.mybatisplus.core.injector.DefaultSqlInjector[0;39m | class com.manage.entity.vo.UserRoleVo ,Not found @TableId annotation, Cannot use Mybatis-Plus 'xxById' Method.
2024-04-29 22:03:06 | [34mINFO [0;39m | [1;33mrestartedMain[0;39m | [1;32morg.springframework.security.web.DefaultSecurityFilterChain[0;39m | Will secure any request with [org.springframework.security.web.session.DisableEncodeUrlFilter@58ce632d, org.springframework.security.web.context.request.async.WebAsyncManagerIntegrationFilter@1c6cb42c, org.springframework.security.web.context.SecurityContextHolderFilter@41a40a0e, org.springframework.security.web.header.HeaderWriterFilter@31afe112, org.springframework.web.filter.CorsFilter@3c90c751, org.springframework.security.web.authentication.logout.LogoutFilter@a3cb51b, com.manage.security.JwtAuthorizationFilter@34788794, org.springframework.security.web.authentication.UsernamePasswordAuthenticationFilter@2845ef14, org.springframework.security.web.savedrequest.RequestCacheAwareFilter@ef9bf58, org.springframework.security.web.servletapi.SecurityContextHolderAwareRequestFilter@45606c3b, org.springframework.security.web.authentication.rememberme.RememberMeAuthenticationFilter@4c4c9db5, org.springframework.security.web.authentication.AnonymousAuthenticationFilter@194f6906, org.springframework.security.web.session.SessionManagementFilter@1d533e6d, org.springframework.security.web.access.ExceptionTranslationFilter@7b680a4f, org.springframework.security.web.access.intercept.FilterSecurityInterceptor@247b9fa1]
2024-04-29 22:03:07 | [34mINFO [0;39m | [1;33mrestartedMain[0;39m | [1;32morg.springframework.boot.devtools.autoconfigure.OptionalLiveReloadServer[0;39m | LiveReload server is running on port 35729
2024-04-29 22:03:07 | [34mINFO [0;39m | [1;33mrestartedMain[0;39m | [1;32morg.springframework.boot.web.embedded.tomcat.TomcatWebServer[0;39m | Tomcat started on port 8889 (http) with context path '/lyq'
2024-04-29 22:03:07 | [34mINFO [0;39m | [1;33mrestartedMain[0;39m | [1;32mcom.manage.AcademicManageApplication[0;39m | Started AcademicManageApplication in 2.866 seconds (process running for 3.578)
2024-04-29 22:05:55 | [34mINFO [0;39m | [1;33mhttp-nio-8889-exec-1[0;39m | [1;32morg.apache.catalina.core.ContainerBase.[Tomcat].[localhost].[/lyq][0;39m | Initializing Spring DispatcherServlet 'dispatcherServlet'
2024-04-29 22:05:55 | [34mINFO [0;39m | [1;33mhttp-nio-8889-exec-1[0;39m | [1;32morg.springframework.web.servlet.DispatcherServlet[0;39m | Initializing Servlet 'dispatcherServlet'
2024-04-29 22:05:55 | [34mINFO [0;39m | [1;33mhttp-nio-8889-exec-1[0;39m | [1;32morg.springframework.web.servlet.DispatcherServlet[0;39m | Completed initialization in 0 ms
2024-04-29 22:05:55 | [34mINFO [0;39m | [1;33mhttp-nio-8889-exec-6[0;39m | [1;32mcom.zaxxer.hikari.HikariDataSource[0;39m | HikariPool-1 - Starting...
2024-04-29 22:05:55 | [34mINFO [0;39m | [1;33mhttp-nio-8889-exec-6[0;39m | [1;32mcom.zaxxer.hikari.pool.HikariPool[0;39m | HikariPool-1 - Added connection com.mysql.cj.jdbc.ConnectionImpl@65780aa7
2024-04-29 22:05:55 | [34mINFO [0;39m | [1;33mhttp-nio-8889-exec-6[0;39m | [1;32mcom.zaxxer.hikari.HikariDataSource[0;39m | HikariPool-1 - Start completed.
2024-04-29 22:09:06 | [31mWARN [0;39m | [1;33mhttp-nio-8889-exec-10[0;39m | [1;32morg.springframework.web.servlet.mvc.support.DefaultHandlerExceptionResolver[0;39m | Resolved [org.springframework.http.converter.HttpMessageNotReadableException: JSON parse error: Cannot deserialize value of type `java.lang.String` from Array value (token `JsonToken.START_ARRAY`)]
2024-04-29 22:09:36 | [31mWARN [0;39m | [1;33mhttp-nio-8889-exec-9[0;39m | [1;32morg.springframework.web.servlet.mvc.support.DefaultHandlerExceptionResolver[0;39m | Resolved [org.springframework.http.converter.HttpMessageNotReadableException: JSON parse error: Cannot deserialize value of type `java.lang.String` from Array value (token `JsonToken.START_ARRAY`)]
2024-04-29 22:09:55 | [31mWARN [0;39m | [1;33mhttp-nio-8889-exec-8[0;39m | [1;32morg.springframework.web.servlet.mvc.support.DefaultHandlerExceptionResolver[0;39m | Resolved [org.springframework.http.converter.HttpMessageNotReadableException: JSON parse error: Cannot deserialize value of type `java.lang.String` from Array value (token `JsonToken.START_ARRAY`)]
2024-04-29 22:21:56 | [34mINFO [0;39m | [1;33mSpringApplicationShutdownHook[0;39m | [1;32mcom.zaxxer.hikari.HikariDataSource[0;39m | HikariPool-1 - Shutdown initiated...
2024-04-29 22:21:56 | [34mINFO [0;39m | [1;33mSpringApplicationShutdownHook[0;39m | [1;32mcom.zaxxer.hikari.HikariDataSource[0;39m | HikariPool-1 - Shutdown completed.
2024-04-29 22:22:00 | [34mINFO [0;39m | [1;33mrestartedMain[0;39m | [1;32mcom.manage.AcademicManageApplication[0;39m | Starting AcademicManageApplication using Java 17.0.7 with PID 17448 (D:\demo\academicManage\target\classes started by 16618 in D:\demo\academicManage)
2024-04-29 22:22:00 | [34mINFO [0;39m | [1;33mrestartedMain[0;39m | [1;32mcom.manage.AcademicManageApplication[0;39m | The following 1 profile is active: "jdbc"
2024-04-29 22:22:00 | [34mINFO [0;39m | [1;33mrestartedMain[0;39m | [1;32morg.springframework.boot.devtools.env.DevToolsPropertyDefaultsPostProcessor[0;39m | Devtools property defaults active! Set 'spring.devtools.add-properties' to 'false' to disable
2024-04-29 22:22:00 | [34mINFO [0;39m | [1;33mrestartedMain[0;39m | [1;32morg.springframework.boot.devtools.env.DevToolsPropertyDefaultsPostProcessor[0;39m | For additional web related logging consider setting the 'logging.level.web' property to 'DEBUG'
2024-04-29 22:22:02 | [34mINFO [0;39m | [1;33mrestartedMain[0;39m | [1;32morg.springframework.boot.web.embedded.tomcat.TomcatWebServer[0;39m | Tomcat initialized with port 8889 (http)
2024-04-29 22:22:02 | [34mINFO [0;39m | [1;33mrestartedMain[0;39m | [1;32morg.apache.catalina.core.StandardService[0;39m | Starting service [Tomcat]
2024-04-29 22:22:02 | [34mINFO [0;39m | [1;33mrestartedMain[0;39m | [1;32morg.apache.catalina.core.StandardEngine[0;39m | Starting Servlet engine: [Apache Tomcat/10.1.18]
2024-04-29 22:22:02 | [34mINFO [0;39m | [1;33mrestartedMain[0;39m | [1;32morg.apache.catalina.core.ContainerBase.[Tomcat].[localhost].[/lyq][0;39m | Initializing Spring embedded WebApplicationContext
2024-04-29 22:22:02 | [34mINFO [0;39m | [1;33mrestartedMain[0;39m | [1;32morg.springframework.boot.web.servlet.context.ServletWebServerApplicationContext[0;39m | Root WebApplicationContext: initialization completed in 1173 ms
2024-04-29 22:22:02 | [31mWARN [0;39m | [1;33mrestartedMain[0;39m | [1;32mcom.baomidou.mybatisplus.core.injector.DefaultSqlInjector[0;39m | class com.manage.entity.StuCourse ,Not found @TableId annotation, Cannot use Mybatis-Plus 'xxById' Method.
2024-04-29 22:22:02 | [31mWARN [0;39m | [1;33mrestartedMain[0;39m | [1;32mcom.baomidou.mybatisplus.core.injector.DefaultSqlInjector[0;39m | class com.manage.entity.vo.UserClassVo ,Not found @TableId annotation, Cannot use Mybatis-Plus 'xxById' Method.
2024-04-29 22:22:02 | [31mWARN [0;39m | [1;33mrestartedMain[0;39m | [1;32mcom.baomidou.mybatisplus.core.injector.DefaultSqlInjector[0;39m | class com.manage.entity.vo.UserRoleVo ,Not found @TableId annotation, Cannot use Mybatis-Plus 'xxById' Method.
2024-04-29 22:22:02 | [34mINFO [0;39m | [1;33mrestartedMain[0;39m | [1;32morg.springframework.security.web.DefaultSecurityFilterChain[0;39m | Will secure any request with [org.springframework.security.web.session.DisableEncodeUrlFilter@3fb6bafe, org.springframework.security.web.context.request.async.WebAsyncManagerIntegrationFilter@91b2e99, org.springframework.security.web.context.SecurityContextHolderFilter@f9f7afd, org.springframework.security.web.header.HeaderWriterFilter@6c73482c, org.springframework.web.filter.CorsFilter@7d557bf, org.springframework.security.web.authentication.logout.LogoutFilter@1d533e6d, com.manage.security.JwtAuthorizationFilter@afcc852, org.springframework.security.web.authentication.UsernamePasswordAuthenticationFilter@74d7e0bc, org.springframework.security.web.savedrequest.RequestCacheAwareFilter@3d1be78a, org.springframework.security.web.servletapi.SecurityContextHolderAwareRequestFilter@2f373e96, org.springframework.security.web.authentication.rememberme.RememberMeAuthenticationFilter@45606c3b, org.springframework.security.web.authentication.AnonymousAuthenticationFilter@5567bf6, org.springframework.security.web.session.SessionManagementFilter@6062dfd3, org.springframework.security.web.access.ExceptionTranslationFilter@434a8964, org.springframework.security.web.access.intercept.FilterSecurityInterceptor@4cf47b81]
2024-04-29 22:22:03 | [34mINFO [0;39m | [1;33mrestartedMain[0;39m | [1;32morg.springframework.boot.devtools.autoconfigure.OptionalLiveReloadServer[0;39m | LiveReload server is running on port 35729
2024-04-29 22:22:03 | [34mINFO [0;39m | [1;33mrestartedMain[0;39m | [1;32morg.springframework.boot.web.embedded.tomcat.TomcatWebServer[0;39m | Tomcat started on port 8889 (http) with context path '/lyq'
2024-04-29 22:22:03 | [34mINFO [0;39m | [1;33mrestartedMain[0;39m | [1;32mcom.manage.AcademicManageApplication[0;39m | Started AcademicManageApplication in 2.657 seconds (process running for 3.253)
2024-04-29 22:22:09 | [34mINFO [0;39m | [1;33mhttp-nio-8889-exec-2[0;39m | [1;32morg.apache.catalina.core.ContainerBase.[Tomcat].[localhost].[/lyq][0;39m | Initializing Spring DispatcherServlet 'dispatcherServlet'
2024-04-29 22:22:09 | [34mINFO [0;39m | [1;33mhttp-nio-8889-exec-2[0;39m | [1;32morg.springframework.web.servlet.DispatcherServlet[0;39m | Initializing Servlet 'dispatcherServlet'
2024-04-29 22:22:09 | [34mINFO [0;39m | [1;33mhttp-nio-8889-exec-2[0;39m | [1;32morg.springframework.web.servlet.DispatcherServlet[0;39m | Completed initialization in 0 ms
2024-04-29 22:22:09 | [34mINFO [0;39m | [1;33mhttp-nio-8889-exec-8[0;39m | [1;32mcom.zaxxer.hikari.HikariDataSource[0;39m | HikariPool-1 - Starting...
2024-04-29 22:22:10 | [34mINFO [0;39m | [1;33mhttp-nio-8889-exec-8[0;39m | [1;32mcom.zaxxer.hikari.pool.HikariPool[0;39m | HikariPool-1 - Added connection com.mysql.cj.jdbc.ConnectionImpl@716e661f
2024-04-29 22:22:10 | [34mINFO [0;39m | [1;33mhttp-nio-8889-exec-8[0;39m | [1;32mcom.zaxxer.hikari.HikariDataSource[0;39m | HikariPool-1 - Start completed.
2024-04-29 22:26:34 | [34mINFO [0;39m | [1;33mSpringApplicationShutdownHook[0;39m | [1;32mcom.zaxxer.hikari.HikariDataSource[0;39m | HikariPool-1 - Shutdown initiated...
2024-04-29 22:26:34 | [34mINFO [0;39m | [1;33mSpringApplicationShutdownHook[0;39m | [1;32mcom.zaxxer.hikari.HikariDataSource[0;39m | HikariPool-1 - Shutdown completed.
2024-04-29 22:26:38 | [34mINFO [0;39m | [1;33mrestartedMain[0;39m | [1;32mcom.manage.AcademicManageApplication[0;39m | Starting AcademicManageApplication using Java 17.0.7 with PID 13040 (D:\demo\academicManage\target\classes started by 16618 in D:\demo\academicManage)
2024-04-29 22:26:38 | [34mINFO [0;39m | [1;33mrestartedMain[0;39m | [1;32mcom.manage.AcademicManageApplication[0;39m | The following 1 profile is active: "jdbc"
2024-04-29 22:26:38 | [34mINFO [0;39m | [1;33mrestartedMain[0;39m | [1;32morg.springframework.boot.devtools.env.DevToolsPropertyDefaultsPostProcessor[0;39m | Devtools property defaults active! Set 'spring.devtools.add-properties' to 'false' to disable
2024-04-29 22:26:38 | [34mINFO [0;39m | [1;33mrestartedMain[0;39m | [1;32morg.springframework.boot.devtools.env.DevToolsPropertyDefaultsPostProcessor[0;39m | For additional web related logging consider setting the 'logging.level.web' property to 'DEBUG'
2024-04-29 22:26:39 | [34mINFO [0;39m | [1;33mrestartedMain[0;39m | [1;32morg.springframework.boot.web.embedded.tomcat.TomcatWebServer[0;39m | Tomcat initialized with port 8889 (http)
2024-04-29 22:26:39 | [34mINFO [0;39m | [1;33mrestartedMain[0;39m | [1;32morg.apache.catalina.core.StandardService[0;39m | Starting service [Tomcat]
2024-04-29 22:26:39 | [34mINFO [0;39m | [1;33mrestartedMain[0;39m | [1;32morg.apache.catalina.core.StandardEngine[0;39m | Starting Servlet engine: [Apache Tomcat/10.1.18]
2024-04-29 22:26:39 | [34mINFO [0;39m | [1;33mrestartedMain[0;39m | [1;32morg.apache.catalina.core.ContainerBase.[Tomcat].[localhost].[/lyq][0;39m | Initializing Spring embedded WebApplicationContext
2024-04-29 22:26:39 | [34mINFO [0;39m | [1;33mrestartedMain[0;39m | [1;32morg.springframework.boot.web.servlet.context.ServletWebServerApplicationContext[0;39m | Root WebApplicationContext: initialization completed in 952 ms
2024-04-29 22:26:39 | [31mWARN [0;39m | [1;33mrestartedMain[0;39m | [1;32mcom.baomidou.mybatisplus.core.injector.DefaultSqlInjector[0;39m | class com.manage.entity.StuCourse ,Not found @TableId annotation, Cannot use Mybatis-Plus 'xxById' Method.
2024-04-29 22:26:39 | [31mWARN [0;39m | [1;33mrestartedMain[0;39m | [1;32mcom.baomidou.mybatisplus.core.injector.DefaultSqlInjector[0;39m | class com.manage.entity.vo.UserClassVo ,Not found @TableId annotation, Cannot use Mybatis-Plus 'xxById' Method.
2024-04-29 22:26:39 | [31mWARN [0;39m | [1;33mrestartedMain[0;39m | [1;32mcom.baomidou.mybatisplus.core.injector.DefaultSqlInjector[0;39m | class com.manage.entity.vo.UserRoleVo ,Not found @TableId annotation, Cannot use Mybatis-Plus 'xxById' Method.
2024-04-29 22:26:40 | [34mINFO [0;39m | [1;33mrestartedMain[0;39m | [1;32morg.springframework.security.web.DefaultSecurityFilterChain[0;39m | Will secure any request with [org.springframework.security.web.session.DisableEncodeUrlFilter@91b2e99, org.springframework.security.web.context.request.async.WebAsyncManagerIntegrationFilter@5567bf6, org.springframework.security.web.context.SecurityContextHolderFilter@79f5b09a, org.springframework.security.web.header.HeaderWriterFilter@28ea2e0b, org.springframework.web.filter.CorsFilter@1d92674d, org.springframework.security.web.authentication.logout.LogoutFilter@3abe3188, com.manage.security.JwtAuthorizationFilter@1425a873, org.springframework.security.web.authentication.UsernamePasswordAuthenticationFilter@41a40a0e, org.springframework.security.web.savedrequest.RequestCacheAwareFilter@2f373e96, org.springframework.security.web.servletapi.SecurityContextHolderAwareRequestFilter@5b0bf11f, org.springframework.security.web.authentication.rememberme.RememberMeAuthenticationFilter@2475eae3, org.springframework.security.web.authentication.AnonymousAuthenticationFilter@5aa029b5, org.springframework.security.web.session.SessionManagementFilter@b8925c, org.springframework.security.web.access.ExceptionTranslationFilter@49652be8, org.springframework.security.web.access.intercept.FilterSecurityInterceptor@6c1b4019]
2024-04-29 22:26:40 | [34mINFO [0;39m | [1;33mrestartedMain[0;39m | [1;32morg.springframework.boot.devtools.autoconfigure.OptionalLiveReloadServer[0;39m | LiveReload server is running on port 35729
2024-04-29 22:26:40 | [34mINFO [0;39m | [1;33mrestartedMain[0;39m | [1;32morg.springframework.boot.web.embedded.tomcat.TomcatWebServer[0;39m | Tomcat started on port 8889 (http) with context path '/lyq'
2024-04-29 22:26:40 | [34mINFO [0;39m | [1;33mrestartedMain[0;39m | [1;32mcom.manage.AcademicManageApplication[0;39m | Started AcademicManageApplication in 2.575 seconds (process running for 3.135)
2024-04-29 22:26:45 | [34mINFO [0;39m | [1;33mhttp-nio-8889-exec-2[0;39m | [1;32morg.apache.catalina.core.ContainerBase.[Tomcat].[localhost].[/lyq][0;39m | Initializing Spring DispatcherServlet 'dispatcherServlet'
2024-04-29 22:26:45 | [34mINFO [0;39m | [1;33mhttp-nio-8889-exec-2[0;39m | [1;32morg.springframework.web.servlet.DispatcherServlet[0;39m | Initializing Servlet 'dispatcherServlet'
2024-04-29 22:26:45 | [34mINFO [0;39m | [1;33mhttp-nio-8889-exec-2[0;39m | [1;32morg.springframework.web.servlet.DispatcherServlet[0;39m | Completed initialization in 0 ms
2024-04-29 22:26:45 | [34mINFO [0;39m | [1;33mhttp-nio-8889-exec-9[0;39m | [1;32mcom.zaxxer.hikari.HikariDataSource[0;39m | HikariPool-1 - Starting...
2024-04-29 22:26:45 | [34mINFO [0;39m | [1;33mhttp-nio-8889-exec-9[0;39m | [1;32mcom.zaxxer.hikari.pool.HikariPool[0;39m | HikariPool-1 - Added connection com.mysql.cj.jdbc.ConnectionImpl@66d599c0
2024-04-29 22:26:45 | [34mINFO [0;39m | [1;33mhttp-nio-8889-exec-9[0;39m | [1;32mcom.zaxxer.hikari.HikariDataSource[0;39m | HikariPool-1 - Start completed.
2024-04-29 22:30:01 | [34mINFO [0;39m | [1;33mFile Watcher[0;39m | [1;32morg.springframework.boot.devtools.autoconfigure.LocalDevToolsAutoConfiguration$RestartingClassPathChangeChangedEventListener[0;39m | Restarting due to 1 class path change (0 additions, 1 deletion, 0 modifications)
2024-04-29 22:30:01 | [34mINFO [0;39m | [1;33mThread-5[0;39m | [1;32mcom.zaxxer.hikari.HikariDataSource[0;39m | HikariPool-1 - Shutdown initiated...
2024-04-29 22:30:01 | [34mINFO [0;39m | [1;33mThread-5[0;39m | [1;32mcom.zaxxer.hikari.HikariDataSource[0;39m | HikariPool-1 - Shutdown completed.
2024-04-29 22:30:01 | [34mINFO [0;39m | [1;33mrestartedMain[0;39m | [1;32mcom.manage.AcademicManageApplication[0;39m | Starting AcademicManageApplication using Java 17.0.7 with PID 13040 (D:\demo\academicManage\target\classes started by 16618 in D:\demo\academicManage)
2024-04-29 22:30:01 | [34mINFO [0;39m | [1;33mrestartedMain[0;39m | [1;32mcom.manage.AcademicManageApplication[0;39m | The following 1 profile is active: "jdbc"
2024-04-29 22:30:02 | [34mINFO [0;39m | [1;33mrestartedMain[0;39m | [1;32morg.springframework.boot.web.embedded.tomcat.TomcatWebServer[0;39m | Tomcat initialized with port 8889 (http)
2024-04-29 22:30:02 | [34mINFO [0;39m | [1;33mrestartedMain[0;39m | [1;32morg.apache.catalina.core.StandardService[0;39m | Starting service [Tomcat]
2024-04-29 22:30:02 | [34mINFO [0;39m | [1;33mrestartedMain[0;39m | [1;32morg.apache.catalina.core.StandardEngine[0;39m | Starting Servlet engine: [Apache Tomcat/10.1.18]
2024-04-29 22:30:02 | [34mINFO [0;39m | [1;33mrestartedMain[0;39m | [1;32morg.apache.catalina.core.ContainerBase.[Tomcat].[localhost].[/lyq][0;39m | Initializing Spring embedded WebApplicationContext
2024-04-29 22:30:02 | [34mINFO [0;39m | [1;33mrestartedMain[0;39m | [1;32morg.springframework.boot.web.servlet.context.ServletWebServerApplicationContext[0;39m | Root WebApplicationContext: initialization completed in 253 ms
2024-04-29 22:30:02 | [31mWARN [0;39m | [1;33mrestartedMain[0;39m | [1;32morg.springframework.boot.web.servlet.context.AnnotationConfigServletWebServerApplicationContext[0;39m | Exception encountered during context initialization - cancelling refresh attempt: org.springframework.beans.factory.UnsatisfiedDependencyException: Error creating bean with name 'courseController': Unsatisfied dependency expressed through field 'courseService': No qualifying bean of type 'com.manage.service.CourseService' available: expected at least 1 bean which qualifies as autowire candidate. Dependency annotations: {@org.springframework.beans.factory.annotation.Autowired(required=true)}
2024-04-29 22:30:02 | [34mINFO [0;39m | [1;33mrestartedMain[0;39m | [1;32morg.apache.catalina.core.StandardService[0;39m | Stopping service [Tomcat]
2024-04-29 22:30:02 | [34mINFO [0;39m | [1;33mrestartedMain[0;39m | [1;32morg.springframework.boot.autoconfigure.logging.ConditionEvaluationReportLogger[0;39m | 

Error starting ApplicationContext. To display the condition evaluation report re-run your application with 'debug' enabled.
2024-04-29 22:31:52 | [34mINFO [0;39m | [1;33mrestartedMain[0;39m | [1;32mcom.manage.AcademicManageApplication[0;39m | Starting AcademicManageApplication using Java 17.0.7 with PID 22980 (D:\demo\academicManage\target\classes started by 16618 in D:\demo\academicManage)
2024-04-29 22:31:52 | [34mINFO [0;39m | [1;33mrestartedMain[0;39m | [1;32mcom.manage.AcademicManageApplication[0;39m | The following 1 profile is active: "jdbc"
2024-04-29 22:31:52 | [34mINFO [0;39m | [1;33mrestartedMain[0;39m | [1;32morg.springframework.boot.devtools.env.DevToolsPropertyDefaultsPostProcessor[0;39m | Devtools property defaults active! Set 'spring.devtools.add-properties' to 'false' to disable
2024-04-29 22:31:52 | [34mINFO [0;39m | [1;33mrestartedMain[0;39m | [1;32morg.springframework.boot.devtools.env.DevToolsPropertyDefaultsPostProcessor[0;39m | For additional web related logging consider setting the 'logging.level.web' property to 'DEBUG'
2024-04-29 22:31:53 | [34mINFO [0;39m | [1;33mrestartedMain[0;39m | [1;32morg.springframework.boot.web.embedded.tomcat.TomcatWebServer[0;39m | Tomcat initialized with port 8889 (http)
2024-04-29 22:31:53 | [34mINFO [0;39m | [1;33mrestartedMain[0;39m | [1;32morg.apache.catalina.core.StandardService[0;39m | Starting service [Tomcat]
2024-04-29 22:31:53 | [34mINFO [0;39m | [1;33mrestartedMain[0;39m | [1;32morg.apache.catalina.core.StandardEngine[0;39m | Starting Servlet engine: [Apache Tomcat/10.1.18]
2024-04-29 22:31:53 | [34mINFO [0;39m | [1;33mrestartedMain[0;39m | [1;32morg.apache.catalina.core.ContainerBase.[Tomcat].[localhost].[/lyq][0;39m | Initializing Spring embedded WebApplicationContext
2024-04-29 22:31:53 | [34mINFO [0;39m | [1;33mrestartedMain[0;39m | [1;32morg.springframework.boot.web.servlet.context.ServletWebServerApplicationContext[0;39m | Root WebApplicationContext: initialization completed in 933 ms
2024-04-29 22:31:53 | [31mWARN [0;39m | [1;33mrestartedMain[0;39m | [1;32mcom.baomidou.mybatisplus.core.injector.DefaultSqlInjector[0;39m | class com.manage.entity.StuCourse ,Not found @TableId annotation, Cannot use Mybatis-Plus 'xxById' Method.
2024-04-29 22:31:53 | [31mWARN [0;39m | [1;33mrestartedMain[0;39m | [1;32mcom.baomidou.mybatisplus.core.injector.DefaultSqlInjector[0;39m | class com.manage.entity.vo.UserClassVo ,Not found @TableId annotation, Cannot use Mybatis-Plus 'xxById' Method.
2024-04-29 22:31:53 | [31mWARN [0;39m | [1;33mrestartedMain[0;39m | [1;32mcom.baomidou.mybatisplus.core.injector.DefaultSqlInjector[0;39m | class com.manage.entity.vo.UserRoleVo ,Not found @TableId annotation, Cannot use Mybatis-Plus 'xxById' Method.
2024-04-29 22:31:54 | [34mINFO [0;39m | [1;33mrestartedMain[0;39m | [1;32morg.springframework.security.web.DefaultSecurityFilterChain[0;39m | Will secure any request with [org.springframework.security.web.session.DisableEncodeUrlFilter@91b2e99, org.springframework.security.web.context.request.async.WebAsyncManagerIntegrationFilter@5567bf6, org.springframework.security.web.context.SecurityContextHolderFilter@79f5b09a, org.springframework.security.web.header.HeaderWriterFilter@28ea2e0b, org.springframework.web.filter.CorsFilter@1d92674d, org.springframework.security.web.authentication.logout.LogoutFilter@3abe3188, com.manage.security.JwtAuthorizationFilter@1425a873, org.springframework.security.web.authentication.UsernamePasswordAuthenticationFilter@41a40a0e, org.springframework.security.web.savedrequest.RequestCacheAwareFilter@2f373e96, org.springframework.security.web.servletapi.SecurityContextHolderAwareRequestFilter@5b0bf11f, org.springframework.security.web.authentication.rememberme.RememberMeAuthenticationFilter@2475eae3, org.springframework.security.web.authentication.AnonymousAuthenticationFilter@5aa029b5, org.springframework.security.web.session.SessionManagementFilter@b8925c, org.springframework.security.web.access.ExceptionTranslationFilter@49652be8, org.springframework.security.web.access.intercept.FilterSecurityInterceptor@6c1b4019]
2024-04-29 22:31:54 | [34mINFO [0;39m | [1;33mrestartedMain[0;39m | [1;32morg.springframework.boot.devtools.autoconfigure.OptionalLiveReloadServer[0;39m | LiveReload server is running on port 35729
2024-04-29 22:31:54 | [34mINFO [0;39m | [1;33mrestartedMain[0;39m | [1;32morg.springframework.boot.web.embedded.tomcat.TomcatWebServer[0;39m | Tomcat started on port 8889 (http) with context path '/lyq'
2024-04-29 22:31:54 | [34mINFO [0;39m | [1;33mrestartedMain[0;39m | [1;32mcom.manage.AcademicManageApplication[0;39m | Started AcademicManageApplication in 2.563 seconds (process running for 3.06)
2024-04-29 22:32:00 | [34mINFO [0;39m | [1;33mhttp-nio-8889-exec-3[0;39m | [1;32morg.apache.catalina.core.ContainerBase.[Tomcat].[localhost].[/lyq][0;39m | Initializing Spring DispatcherServlet 'dispatcherServlet'
2024-04-29 22:32:00 | [34mINFO [0;39m | [1;33mhttp-nio-8889-exec-3[0;39m | [1;32morg.springframework.web.servlet.DispatcherServlet[0;39m | Initializing Servlet 'dispatcherServlet'
2024-04-29 22:32:00 | [34mINFO [0;39m | [1;33mhttp-nio-8889-exec-3[0;39m | [1;32morg.springframework.web.servlet.DispatcherServlet[0;39m | Completed initialization in 1 ms
2024-04-29 22:32:00 | [34mINFO [0;39m | [1;33mhttp-nio-8889-exec-6[0;39m | [1;32mcom.zaxxer.hikari.HikariDataSource[0;39m | HikariPool-1 - Starting...
2024-04-29 22:32:01 | [34mINFO [0;39m | [1;33mhttp-nio-8889-exec-6[0;39m | [1;32mcom.zaxxer.hikari.pool.HikariPool[0;39m | HikariPool-1 - Added connection com.mysql.cj.jdbc.ConnectionImpl@489aaa8f
2024-04-29 22:32:01 | [34mINFO [0;39m | [1;33mhttp-nio-8889-exec-6[0;39m | [1;32mcom.zaxxer.hikari.HikariDataSource[0;39m | HikariPool-1 - Start completed.
2024-04-29 22:36:49 | [34mINFO [0;39m | [1;33mFile Watcher[0;39m | [1;32morg.springframework.boot.devtools.autoconfigure.LocalDevToolsAutoConfiguration$RestartingClassPathChangeChangedEventListener[0;39m | Restarting due to 3 class path changes (0 additions, 3 deletions, 0 modifications)
2024-04-29 22:36:49 | [34mINFO [0;39m | [1;33mThread-5[0;39m | [1;32mcom.zaxxer.hikari.HikariDataSource[0;39m | HikariPool-1 - Shutdown initiated...
2024-04-29 22:36:49 | [34mINFO [0;39m | [1;33mThread-5[0;39m | [1;32mcom.zaxxer.hikari.HikariDataSource[0;39m | HikariPool-1 - Shutdown completed.
2024-04-29 22:36:49 | [34mINFO [0;39m | [1;33mrestartedMain[0;39m | [1;32mcom.manage.AcademicManageApplication[0;39m | Starting AcademicManageApplication using Java 17.0.7 with PID 22980 (D:\demo\academicManage\target\classes started by 16618 in D:\demo\academicManage)
2024-04-29 22:36:49 | [34mINFO [0;39m | [1;33mrestartedMain[0;39m | [1;32mcom.manage.AcademicManageApplication[0;39m | The following 1 profile is active: "jdbc"
2024-04-29 22:36:49 | [34mINFO [0;39m | [1;33mrestartedMain[0;39m | [1;32morg.springframework.boot.web.embedded.tomcat.TomcatWebServer[0;39m | Tomcat initialized with port 8889 (http)
2024-04-29 22:36:49 | [34mINFO [0;39m | [1;33mrestartedMain[0;39m | [1;32morg.apache.catalina.core.StandardService[0;39m | Starting service [Tomcat]
2024-04-29 22:36:49 | [34mINFO [0;39m | [1;33mrestartedMain[0;39m | [1;32morg.apache.catalina.core.StandardEngine[0;39m | Starting Servlet engine: [Apache Tomcat/10.1.18]
2024-04-29 22:36:49 | [34mINFO [0;39m | [1;33mrestartedMain[0;39m | [1;32morg.apache.catalina.core.ContainerBase.[Tomcat].[localhost].[/lyq][0;39m | Initializing Spring embedded WebApplicationContext
2024-04-29 22:36:49 | [34mINFO [0;39m | [1;33mrestartedMain[0;39m | [1;32morg.springframework.boot.web.servlet.context.ServletWebServerApplicationContext[0;39m | Root WebApplicationContext: initialization completed in 372 ms
2024-04-29 22:36:50 | [34mINFO [0;39m | [1;33mrestartedMain[0;39m | [1;32morg.springframework.security.web.DefaultSecurityFilterChain[0;39m | Will secure any request with [org.springframework.security.web.session.DisableEncodeUrlFilter@1b69325c, org.springframework.security.web.context.request.async.WebAsyncManagerIntegrationFilter@5779c38, org.springframework.security.web.context.SecurityContextHolderFilter@7c8ed4, org.springframework.security.web.header.HeaderWriterFilter@2bc6e2ec, org.springframework.web.filter.CorsFilter@2bb718e3, org.springframework.security.web.authentication.logout.LogoutFilter@2f4678dd, com.manage.security.JwtAuthorizationFilter@553e52f8, org.springframework.security.web.authentication.UsernamePasswordAuthenticationFilter@69f181b8, org.springframework.security.web.savedrequest.RequestCacheAwareFilter@2e9d0d80, org.springframework.security.web.servletapi.SecurityContextHolderAwareRequestFilter@32504b3d, org.springframework.security.web.authentication.rememberme.RememberMeAuthenticationFilter@59c82618, org.springframework.security.web.authentication.AnonymousAuthenticationFilter@41e3a82b, org.springframework.security.web.session.SessionManagementFilter@1a4c79bc, org.springframework.security.web.access.ExceptionTranslationFilter@75eb7497, org.springframework.security.web.access.intercept.FilterSecurityInterceptor@73430c8d]
2024-04-29 22:36:50 | [34mINFO [0;39m | [1;33mrestartedMain[0;39m | [1;32morg.springframework.boot.devtools.autoconfigure.OptionalLiveReloadServer[0;39m | LiveReload server is running on port 35729
2024-04-29 22:36:50 | [34mINFO [0;39m | [1;33mrestartedMain[0;39m | [1;32morg.springframework.boot.web.embedded.tomcat.TomcatWebServer[0;39m | Tomcat started on port 8889 (http) with context path '/lyq'
2024-04-29 22:36:50 | [34mINFO [0;39m | [1;33mrestartedMain[0;39m | [1;32mcom.manage.AcademicManageApplication[0;39m | Started AcademicManageApplication in 1.007 seconds (process running for 298.895)
2024-04-29 22:36:50 | [34mINFO [0;39m | [1;33mrestartedMain[0;39m | [1;32morg.springframework.boot.devtools.autoconfigure.ConditionEvaluationDeltaLoggingListener[0;39m | Condition evaluation unchanged
2024-04-29 22:36:51 | [34mINFO [0;39m | [1;33mFile Watcher[0;39m | [1;32morg.springframework.boot.devtools.autoconfigure.LocalDevToolsAutoConfiguration$RestartingClassPathChangeChangedEventListener[0;39m | Restarting due to 3 class path changes (3 additions, 0 deletions, 0 modifications)
2024-04-29 22:36:51 | [34mINFO [0;39m | [1;33mrestartedMain[0;39m | [1;32mcom.manage.AcademicManageApplication[0;39m | Starting AcademicManageApplication using Java 17.0.7 with PID 22980 (D:\demo\academicManage\target\classes started by 16618 in D:\demo\academicManage)
2024-04-29 22:36:51 | [34mINFO [0;39m | [1;33mrestartedMain[0;39m | [1;32mcom.manage.AcademicManageApplication[0;39m | The following 1 profile is active: "jdbc"
2024-04-29 22:36:52 | [34mINFO [0;39m | [1;33mrestartedMain[0;39m | [1;32morg.springframework.boot.web.embedded.tomcat.TomcatWebServer[0;39m | Tomcat initialized with port 8889 (http)
2024-04-29 22:36:52 | [34mINFO [0;39m | [1;33mrestartedMain[0;39m | [1;32morg.apache.catalina.core.StandardService[0;39m | Starting service [Tomcat]
2024-04-29 22:36:52 | [34mINFO [0;39m | [1;33mrestartedMain[0;39m | [1;32morg.apache.catalina.core.StandardEngine[0;39m | Starting Servlet engine: [Apache Tomcat/10.1.18]
2024-04-29 22:36:52 | [34mINFO [0;39m | [1;33mrestartedMain[0;39m | [1;32morg.apache.catalina.core.ContainerBase.[Tomcat].[localhost].[/lyq][0;39m | Initializing Spring embedded WebApplicationContext
2024-04-29 22:36:52 | [34mINFO [0;39m | [1;33mrestartedMain[0;39m | [1;32morg.springframework.boot.web.servlet.context.ServletWebServerApplicationContext[0;39m | Root WebApplicationContext: initialization completed in 242 ms
2024-04-29 22:36:52 | [34mINFO [0;39m | [1;33mrestartedMain[0;39m | [1;32morg.springframework.security.web.DefaultSecurityFilterChain[0;39m | Will secure any request with [org.springframework.security.web.session.DisableEncodeUrlFilter@49b9c24f, org.springframework.security.web.context.request.async.WebAsyncManagerIntegrationFilter@2552a4, org.springframework.security.web.context.SecurityContextHolderFilter@f94d8e9, org.springframework.security.web.header.HeaderWriterFilter@624578d6, org.springframework.web.filter.CorsFilter@9f81f37, org.springframework.security.web.authentication.logout.LogoutFilter@4e522b1c, com.manage.security.JwtAuthorizationFilter@2cf925a1, org.springframework.security.web.authentication.UsernamePasswordAuthenticationFilter@3f263eef, org.springframework.security.web.savedrequest.RequestCacheAwareFilter@31c809b0, org.springframework.security.web.servletapi.SecurityContextHolderAwareRequestFilter@78825497, org.springframework.security.web.authentication.rememberme.RememberMeAuthenticationFilter@556af370, org.springframework.security.web.authentication.AnonymousAuthenticationFilter@51ca47c5, org.springframework.security.web.session.SessionManagementFilter@14a1729d, org.springframework.security.web.access.ExceptionTranslationFilter@2932ea09, org.springframework.security.web.access.intercept.FilterSecurityInterceptor@158fc82b]
2024-04-29 22:36:52 | [34mINFO [0;39m | [1;33mrestartedMain[0;39m | [1;32morg.springframework.boot.devtools.autoconfigure.OptionalLiveReloadServer[0;39m | LiveReload server is running on port 35729
2024-04-29 22:36:52 | [34mINFO [0;39m | [1;33mrestartedMain[0;39m | [1;32morg.springframework.boot.web.embedded.tomcat.TomcatWebServer[0;39m | Tomcat started on port 8889 (http) with context path '/lyq'
2024-04-29 22:36:52 | [34mINFO [0;39m | [1;33mrestartedMain[0;39m | [1;32mcom.manage.AcademicManageApplication[0;39m | Started AcademicManageApplication in 0.747 seconds (process running for 301.082)
2024-04-29 22:36:52 | [34mINFO [0;39m | [1;33mrestartedMain[0;39m | [1;32morg.springframework.boot.devtools.autoconfigure.ConditionEvaluationDeltaLoggingListener[0;39m | Condition evaluation unchanged
2024-04-29 22:36:59 | [34mINFO [0;39m | [1;33mhttp-nio-8889-exec-2[0;39m | [1;32morg.apache.catalina.core.ContainerBase.[Tomcat].[localhost].[/lyq][0;39m | Initializing Spring DispatcherServlet 'dispatcherServlet'
2024-04-29 22:36:59 | [34mINFO [0;39m | [1;33mhttp-nio-8889-exec-2[0;39m | [1;32morg.springframework.web.servlet.DispatcherServlet[0;39m | Initializing Servlet 'dispatcherServlet'
2024-04-29 22:36:59 | [34mINFO [0;39m | [1;33mhttp-nio-8889-exec-2[0;39m | [1;32morg.springframework.web.servlet.DispatcherServlet[0;39m | Completed initialization in 1 ms
2024-04-29 22:37:16 | [34mINFO [0;39m | [1;33mrestartedMain[0;39m | [1;32mcom.manage.AcademicManageApplication[0;39m | Starting AcademicManageApplication using Java 17.0.7 with PID 18636 (D:\demo\academicManage\target\classes started by 16618 in D:\demo\academicManage)
2024-04-29 22:37:16 | [34mINFO [0;39m | [1;33mrestartedMain[0;39m | [1;32mcom.manage.AcademicManageApplication[0;39m | The following 1 profile is active: "jdbc"
2024-04-29 22:37:16 | [34mINFO [0;39m | [1;33mrestartedMain[0;39m | [1;32morg.springframework.boot.devtools.env.DevToolsPropertyDefaultsPostProcessor[0;39m | Devtools property defaults active! Set 'spring.devtools.add-properties' to 'false' to disable
2024-04-29 22:37:16 | [34mINFO [0;39m | [1;33mrestartedMain[0;39m | [1;32morg.springframework.boot.devtools.env.DevToolsPropertyDefaultsPostProcessor[0;39m | For additional web related logging consider setting the 'logging.level.web' property to 'DEBUG'
2024-04-29 22:37:17 | [34mINFO [0;39m | [1;33mrestartedMain[0;39m | [1;32morg.springframework.boot.web.embedded.tomcat.TomcatWebServer[0;39m | Tomcat initialized with port 8889 (http)
2024-04-29 22:37:17 | [34mINFO [0;39m | [1;33mrestartedMain[0;39m | [1;32morg.apache.catalina.core.StandardService[0;39m | Starting service [Tomcat]
2024-04-29 22:37:17 | [34mINFO [0;39m | [1;33mrestartedMain[0;39m | [1;32morg.apache.catalina.core.StandardEngine[0;39m | Starting Servlet engine: [Apache Tomcat/10.1.18]
2024-04-29 22:37:17 | [34mINFO [0;39m | [1;33mrestartedMain[0;39m | [1;32morg.apache.catalina.core.ContainerBase.[Tomcat].[localhost].[/lyq][0;39m | Initializing Spring embedded WebApplicationContext
2024-04-29 22:37:17 | [34mINFO [0;39m | [1;33mrestartedMain[0;39m | [1;32morg.springframework.boot.web.servlet.context.ServletWebServerApplicationContext[0;39m | Root WebApplicationContext: initialization completed in 1057 ms
2024-04-29 22:37:17 | [31mWARN [0;39m | [1;33mrestartedMain[0;39m | [1;32mcom.baomidou.mybatisplus.core.injector.DefaultSqlInjector[0;39m | class com.manage.entity.StuCourse ,Not found @TableId annotation, Cannot use Mybatis-Plus 'xxById' Method.
2024-04-29 22:37:17 | [31mWARN [0;39m | [1;33mrestartedMain[0;39m | [1;32mcom.baomidou.mybatisplus.core.injector.DefaultSqlInjector[0;39m | class com.manage.entity.vo.UserClassVo ,Not found @TableId annotation, Cannot use Mybatis-Plus 'xxById' Method.
2024-04-29 22:37:17 | [31mWARN [0;39m | [1;33mrestartedMain[0;39m | [1;32mcom.baomidou.mybatisplus.core.injector.DefaultSqlInjector[0;39m | class com.manage.entity.vo.UserRoleVo ,Not found @TableId annotation, Cannot use Mybatis-Plus 'xxById' Method.
2024-04-29 22:37:18 | [34mINFO [0;39m | [1;33mrestartedMain[0;39m | [1;32morg.springframework.security.web.DefaultSecurityFilterChain[0;39m | Will secure any request with [org.springframework.security.web.session.DisableEncodeUrlFilter@52010cf, org.springframework.security.web.context.request.async.WebAsyncManagerIntegrationFilter@20b0760d, org.springframework.security.web.context.SecurityContextHolderFilter@41a40a0e, org.springframework.security.web.header.HeaderWriterFilter@31afe112, org.springframework.web.filter.CorsFilter@39ec26b, org.springframework.security.web.authentication.logout.LogoutFilter@a3cb51b, com.manage.security.JwtAuthorizationFilter@422b7a36, org.springframework.security.web.authentication.UsernamePasswordAuthenticationFilter@2845ef14, org.springframework.security.web.savedrequest.RequestCacheAwareFilter@ef9bf58, org.springframework.security.web.servletapi.SecurityContextHolderAwareRequestFilter@45606c3b, org.springframework.security.web.authentication.rememberme.RememberMeAuthenticationFilter@7c147c67, org.springframework.security.web.authentication.AnonymousAuthenticationFilter@58ce632d, org.springframework.security.web.session.SessionManagementFilter@1d533e6d, org.springframework.security.web.access.ExceptionTranslationFilter@7b680a4f, org.springframework.security.web.access.intercept.FilterSecurityInterceptor@23dbf605]
2024-04-29 22:37:18 | [34mINFO [0;39m | [1;33mrestartedMain[0;39m | [1;32morg.springframework.boot.devtools.autoconfigure.OptionalLiveReloadServer[0;39m | LiveReload server is running on port 35729
2024-04-29 22:37:18 | [34mINFO [0;39m | [1;33mrestartedMain[0;39m | [1;32morg.springframework.boot.web.embedded.tomcat.TomcatWebServer[0;39m | Tomcat started on port 8889 (http) with context path '/lyq'
2024-04-29 22:37:18 | [34mINFO [0;39m | [1;33mrestartedMain[0;39m | [1;32mcom.manage.AcademicManageApplication[0;39m | Started AcademicManageApplication in 2.843 seconds (process running for 3.333)
2024-04-29 22:37:29 | [34mINFO [0;39m | [1;33mhttp-nio-8889-exec-1[0;39m | [1;32morg.apache.catalina.core.ContainerBase.[Tomcat].[localhost].[/lyq][0;39m | Initializing Spring DispatcherServlet 'dispatcherServlet'
2024-04-29 22:37:29 | [34mINFO [0;39m | [1;33mhttp-nio-8889-exec-1[0;39m | [1;32morg.springframework.web.servlet.DispatcherServlet[0;39m | Initializing Servlet 'dispatcherServlet'
2024-04-29 22:37:29 | [34mINFO [0;39m | [1;33mhttp-nio-8889-exec-1[0;39m | [1;32morg.springframework.web.servlet.DispatcherServlet[0;39m | Completed initialization in 1 ms
2024-04-29 22:37:37 | [34mINFO [0;39m | [1;33mhttp-nio-8889-exec-2[0;39m | [1;32mcom.zaxxer.hikari.HikariDataSource[0;39m | HikariPool-1 - Starting...
2024-04-29 22:37:37 | [34mINFO [0;39m | [1;33mhttp-nio-8889-exec-2[0;39m | [1;32mcom.zaxxer.hikari.pool.HikariPool[0;39m | HikariPool-1 - Added connection com.mysql.cj.jdbc.ConnectionImpl@7b4a4e17
2024-04-29 22:37:37 | [34mINFO [0;39m | [1;33mhttp-nio-8889-exec-2[0;39m | [1;32mcom.zaxxer.hikari.HikariDataSource[0;39m | HikariPool-1 - Start completed.
2024-04-29 23:09:28 | [34mINFO [0;39m | [1;33mFile Watcher[0;39m | [1;32morg.springframework.boot.devtools.autoconfigure.LocalDevToolsAutoConfiguration$RestartingClassPathChangeChangedEventListener[0;39m | Restarting due to 2 class path changes (0 additions, 1 deletion, 1 modification)
2024-04-29 23:09:28 | [34mINFO [0;39m | [1;33mThread-5[0;39m | [1;32mcom.zaxxer.hikari.HikariDataSource[0;39m | HikariPool-1 - Shutdown initiated...
2024-04-29 23:09:28 | [34mINFO [0;39m | [1;33mThread-5[0;39m | [1;32mcom.zaxxer.hikari.HikariDataSource[0;39m | HikariPool-1 - Shutdown completed.
2024-04-29 23:09:28 | [34mINFO [0;39m | [1;33mrestartedMain[0;39m | [1;32mcom.manage.AcademicManageApplication[0;39m | Starting AcademicManageApplication using Java 17.0.7 with PID 18636 (D:\demo\academicManage\target\classes started by 16618 in D:\demo\academicManage)
2024-04-29 23:09:29 | [34mINFO [0;39m | [1;33mrestartedMain[0;39m | [1;32mcom.manage.AcademicManageApplication[0;39m | The following 1 profile is active: "jdbc"
2024-04-29 23:09:29 | [34mINFO [0;39m | [1;33mrestartedMain[0;39m | [1;32morg.springframework.boot.web.embedded.tomcat.TomcatWebServer[0;39m | Tomcat initialized with port 8889 (http)
2024-04-29 23:09:29 | [34mINFO [0;39m | [1;33mrestartedMain[0;39m | [1;32morg.apache.catalina.core.StandardService[0;39m | Starting service [Tomcat]
2024-04-29 23:09:29 | [34mINFO [0;39m | [1;33mrestartedMain[0;39m | [1;32morg.apache.catalina.core.StandardEngine[0;39m | Starting Servlet engine: [Apache Tomcat/10.1.18]
2024-04-29 23:09:29 | [34mINFO [0;39m | [1;33mrestartedMain[0;39m | [1;32morg.apache.catalina.core.ContainerBase.[Tomcat].[localhost].[/lyq][0;39m | Initializing Spring embedded WebApplicationContext
2024-04-29 23:09:29 | [34mINFO [0;39m | [1;33mrestartedMain[0;39m | [1;32morg.springframework.boot.web.servlet.context.ServletWebServerApplicationContext[0;39m | Root WebApplicationContext: initialization completed in 318 ms
2024-04-29 23:09:29 | [31mWARN [0;39m | [1;33mrestartedMain[0;39m | [1;32morg.springframework.boot.web.servlet.context.AnnotationConfigServletWebServerApplicationContext[0;39m | Exception encountered during context initialization - cancelling refresh attempt: org.springframework.beans.factory.UnsatisfiedDependencyException: Error creating bean with name 'classController': Unsatisfied dependency expressed through field 'classService': No qualifying bean of type 'com.manage.service.ClassService' available: expected at least 1 bean which qualifies as autowire candidate. Dependency annotations: {@org.springframework.beans.factory.annotation.Autowired(required=true)}
2024-04-29 23:09:29 | [34mINFO [0;39m | [1;33mrestartedMain[0;39m | [1;32morg.apache.catalina.core.StandardService[0;39m | Stopping service [Tomcat]
2024-04-29 23:09:29 | [34mINFO [0;39m | [1;33mrestartedMain[0;39m | [1;32morg.springframework.boot.autoconfigure.logging.ConditionEvaluationReportLogger[0;39m | 

Error starting ApplicationContext. To display the condition evaluation report re-run your application with 'debug' enabled.
2024-04-29 23:15:40 | [34mINFO [0;39m | [1;33mrestartedMain[0;39m | [1;32mcom.manage.AcademicManageApplication[0;39m | Starting AcademicManageApplication using Java 17.0.7 with PID 19152 (D:\demo\academicManage\target\classes started by 16618 in D:\demo\academicManage)
2024-04-29 23:15:40 | [34mINFO [0;39m | [1;33mrestartedMain[0;39m | [1;32mcom.manage.AcademicManageApplication[0;39m | The following 1 profile is active: "jdbc"
2024-04-29 23:15:40 | [34mINFO [0;39m | [1;33mrestartedMain[0;39m | [1;32morg.springframework.boot.devtools.env.DevToolsPropertyDefaultsPostProcessor[0;39m | Devtools property defaults active! Set 'spring.devtools.add-properties' to 'false' to disable
2024-04-29 23:15:40 | [34mINFO [0;39m | [1;33mrestartedMain[0;39m | [1;32morg.springframework.boot.devtools.env.DevToolsPropertyDefaultsPostProcessor[0;39m | For additional web related logging consider setting the 'logging.level.web' property to 'DEBUG'
2024-04-29 23:15:41 | [34mINFO [0;39m | [1;33mrestartedMain[0;39m | [1;32morg.springframework.boot.web.embedded.tomcat.TomcatWebServer[0;39m | Tomcat initialized with port 8889 (http)
2024-04-29 23:15:41 | [34mINFO [0;39m | [1;33mrestartedMain[0;39m | [1;32morg.apache.catalina.core.StandardService[0;39m | Starting service [Tomcat]
2024-04-29 23:15:41 | [34mINFO [0;39m | [1;33mrestartedMain[0;39m | [1;32morg.apache.catalina.core.StandardEngine[0;39m | Starting Servlet engine: [Apache Tomcat/10.1.18]
2024-04-29 23:15:41 | [34mINFO [0;39m | [1;33mrestartedMain[0;39m | [1;32morg.apache.catalina.core.ContainerBase.[Tomcat].[localhost].[/lyq][0;39m | Initializing Spring embedded WebApplicationContext
2024-04-29 23:15:41 | [34mINFO [0;39m | [1;33mrestartedMain[0;39m | [1;32morg.springframework.boot.web.servlet.context.ServletWebServerApplicationContext[0;39m | Root WebApplicationContext: initialization completed in 929 ms
2024-04-29 23:15:41 | [31mWARN [0;39m | [1;33mrestartedMain[0;39m | [1;32mcom.baomidou.mybatisplus.core.injector.DefaultSqlInjector[0;39m | class com.manage.entity.StuCourse ,Not found @TableId annotation, Cannot use Mybatis-Plus 'xxById' Method.
2024-04-29 23:15:41 | [31mWARN [0;39m | [1;33mrestartedMain[0;39m | [1;32mcom.baomidou.mybatisplus.core.injector.DefaultSqlInjector[0;39m | class com.manage.entity.vo.UserClassVo ,Not found @TableId annotation, Cannot use Mybatis-Plus 'xxById' Method.
2024-04-29 23:15:41 | [31mWARN [0;39m | [1;33mrestartedMain[0;39m | [1;32mcom.baomidou.mybatisplus.core.injector.DefaultSqlInjector[0;39m | class com.manage.entity.vo.UserRoleVo ,Not found @TableId annotation, Cannot use Mybatis-Plus 'xxById' Method.
2024-04-29 23:15:41 | [34mINFO [0;39m | [1;33mrestartedMain[0;39m | [1;32morg.apache.catalina.core.StandardService[0;39m | Stopping service [Tomcat]
2024-04-29 23:15:41 | [31mWARN [0;39m | [1;33mrestartedMain[0;39m | [1;32morg.springframework.boot.web.servlet.context.AnnotationConfigServletWebServerApplicationContext[0;39m | Exception encountered during context initialization - cancelling refresh attempt: org.springframework.context.ApplicationContextException: Unable to start web server
2024-04-29 23:15:41 | [34mINFO [0;39m | [1;33mrestartedMain[0;39m | [1;32morg.springframework.boot.autoconfigure.logging.ConditionEvaluationReportLogger[0;39m | 

Error starting ApplicationContext. To display the condition evaluation report re-run your application with 'debug' enabled.
2024-04-29 23:21:01 | [34mINFO [0;39m | [1;33mrestartedMain[0;39m | [1;32mcom.manage.AcademicManageApplication[0;39m | Starting AcademicManageApplication using Java 17.0.7 with PID 7352 (D:\demo\academicManage\target\classes started by 16618 in D:\demo\academicManage)
2024-04-29 23:21:01 | [34mINFO [0;39m | [1;33mrestartedMain[0;39m | [1;32mcom.manage.AcademicManageApplication[0;39m | The following 1 profile is active: "jdbc"
2024-04-29 23:21:01 | [34mINFO [0;39m | [1;33mrestartedMain[0;39m | [1;32morg.springframework.boot.devtools.env.DevToolsPropertyDefaultsPostProcessor[0;39m | Devtools property defaults active! Set 'spring.devtools.add-properties' to 'false' to disable
2024-04-29 23:21:01 | [34mINFO [0;39m | [1;33mrestartedMain[0;39m | [1;32morg.springframework.boot.devtools.env.DevToolsPropertyDefaultsPostProcessor[0;39m | For additional web related logging consider setting the 'logging.level.web' property to 'DEBUG'
2024-04-29 23:21:02 | [34mINFO [0;39m | [1;33mrestartedMain[0;39m | [1;32morg.springframework.boot.web.embedded.tomcat.TomcatWebServer[0;39m | Tomcat initialized with port 8889 (http)
2024-04-29 23:21:02 | [34mINFO [0;39m | [1;33mrestartedMain[0;39m | [1;32morg.apache.catalina.core.StandardService[0;39m | Starting service [Tomcat]
2024-04-29 23:21:02 | [34mINFO [0;39m | [1;33mrestartedMain[0;39m | [1;32morg.apache.catalina.core.StandardEngine[0;39m | Starting Servlet engine: [Apache Tomcat/10.1.18]
2024-04-29 23:21:02 | [34mINFO [0;39m | [1;33mrestartedMain[0;39m | [1;32morg.apache.catalina.core.ContainerBase.[Tomcat].[localhost].[/lyq][0;39m | Initializing Spring embedded WebApplicationContext
2024-04-29 23:21:02 | [34mINFO [0;39m | [1;33mrestartedMain[0;39m | [1;32morg.springframework.boot.web.servlet.context.ServletWebServerApplicationContext[0;39m | Root WebApplicationContext: initialization completed in 914 ms
2024-04-29 23:21:03 | [31mWARN [0;39m | [1;33mrestartedMain[0;39m | [1;32mcom.baomidou.mybatisplus.core.injector.DefaultSqlInjector[0;39m | class com.manage.entity.StuCourse ,Not found @TableId annotation, Cannot use Mybatis-Plus 'xxById' Method.
2024-04-29 23:21:03 | [31mWARN [0;39m | [1;33mrestartedMain[0;39m | [1;32mcom.baomidou.mybatisplus.core.injector.DefaultSqlInjector[0;39m | class com.manage.entity.vo.UserClassVo ,Not found @TableId annotation, Cannot use Mybatis-Plus 'xxById' Method.
2024-04-29 23:21:03 | [31mWARN [0;39m | [1;33mrestartedMain[0;39m | [1;32mcom.baomidou.mybatisplus.core.injector.DefaultSqlInjector[0;39m | class com.manage.entity.vo.UserRoleVo ,Not found @TableId annotation, Cannot use Mybatis-Plus 'xxById' Method.
2024-04-29 23:21:03 | [34mINFO [0;39m | [1;33mrestartedMain[0;39m | [1;32morg.apache.catalina.core.StandardService[0;39m | Stopping service [Tomcat]
2024-04-29 23:21:03 | [31mWARN [0;39m | [1;33mrestartedMain[0;39m | [1;32morg.springframework.boot.web.servlet.context.AnnotationConfigServletWebServerApplicationContext[0;39m | Exception encountered during context initialization - cancelling refresh attempt: org.springframework.context.ApplicationContextException: Unable to start web server
2024-04-29 23:21:03 | [34mINFO [0;39m | [1;33mrestartedMain[0;39m | [1;32morg.springframework.boot.autoconfigure.logging.ConditionEvaluationReportLogger[0;39m | 

Error starting ApplicationContext. To display the condition evaluation report re-run your application with 'debug' enabled.
2024-04-29 23:23:09 | [34mINFO [0;39m | [1;33mrestartedMain[0;39m | [1;32mcom.manage.AcademicManageApplication[0;39m | Starting AcademicManageApplication using Java 17.0.7 with PID 22404 (D:\demo\academicManage\target\classes started by 16618 in D:\demo\academicManage)
2024-04-29 23:23:09 | [34mINFO [0;39m | [1;33mrestartedMain[0;39m | [1;32mcom.manage.AcademicManageApplication[0;39m | The following 1 profile is active: "jdbc"
2024-04-29 23:23:09 | [34mINFO [0;39m | [1;33mrestartedMain[0;39m | [1;32morg.springframework.boot.devtools.env.DevToolsPropertyDefaultsPostProcessor[0;39m | Devtools property defaults active! Set 'spring.devtools.add-properties' to 'false' to disable
2024-04-29 23:23:09 | [34mINFO [0;39m | [1;33mrestartedMain[0;39m | [1;32morg.springframework.boot.devtools.env.DevToolsPropertyDefaultsPostProcessor[0;39m | For additional web related logging consider setting the 'logging.level.web' property to 'DEBUG'
2024-04-29 23:23:10 | [34mINFO [0;39m | [1;33mrestartedMain[0;39m | [1;32morg.springframework.boot.web.embedded.tomcat.TomcatWebServer[0;39m | Tomcat initialized with port 8889 (http)
2024-04-29 23:23:10 | [34mINFO [0;39m | [1;33mrestartedMain[0;39m | [1;32morg.apache.catalina.core.StandardService[0;39m | Starting service [Tomcat]
2024-04-29 23:23:10 | [34mINFO [0;39m | [1;33mrestartedMain[0;39m | [1;32morg.apache.catalina.core.StandardEngine[0;39m | Starting Servlet engine: [Apache Tomcat/10.1.18]
2024-04-29 23:23:10 | [34mINFO [0;39m | [1;33mrestartedMain[0;39m | [1;32morg.apache.catalina.core.ContainerBase.[Tomcat].[localhost].[/lyq][0;39m | Initializing Spring embedded WebApplicationContext
2024-04-29 23:23:10 | [34mINFO [0;39m | [1;33mrestartedMain[0;39m | [1;32morg.springframework.boot.web.servlet.context.ServletWebServerApplicationContext[0;39m | Root WebApplicationContext: initialization completed in 911 ms
2024-04-29 23:23:10 | [31mWARN [0;39m | [1;33mrestartedMain[0;39m | [1;32mcom.baomidou.mybatisplus.core.injector.DefaultSqlInjector[0;39m | class com.manage.entity.StuCourse ,Not found @TableId annotation, Cannot use Mybatis-Plus 'xxById' Method.
2024-04-29 23:23:10 | [31mWARN [0;39m | [1;33mrestartedMain[0;39m | [1;32mcom.baomidou.mybatisplus.core.injector.DefaultSqlInjector[0;39m | class com.manage.entity.vo.UserClassVo ,Not found @TableId annotation, Cannot use Mybatis-Plus 'xxById' Method.
2024-04-29 23:23:10 | [31mWARN [0;39m | [1;33mrestartedMain[0;39m | [1;32mcom.baomidou.mybatisplus.core.injector.DefaultSqlInjector[0;39m | class com.manage.entity.vo.UserRoleVo ,Not found @TableId annotation, Cannot use Mybatis-Plus 'xxById' Method.
2024-04-29 23:23:11 | [34mINFO [0;39m | [1;33mrestartedMain[0;39m | [1;32morg.springframework.security.web.DefaultSecurityFilterChain[0;39m | Will secure any request with [org.springframework.security.web.session.DisableEncodeUrlFilter@ae69c28, org.springframework.security.web.context.request.async.WebAsyncManagerIntegrationFilter@f9cb565, org.springframework.security.web.context.SecurityContextHolderFilter@4cd0c7d1, org.springframework.security.web.header.HeaderWriterFilter@25574275, org.springframework.web.filter.CorsFilter@455b25c0, org.springframework.security.web.authentication.logout.LogoutFilter@dda384a, com.manage.security.JwtAuthorizationFilter@d304b9e, org.springframework.security.web.authentication.UsernamePasswordAuthenticationFilter@7d218a7e, org.springframework.security.web.savedrequest.RequestCacheAwareFilter@7257fecc, org.springframework.security.web.servletapi.SecurityContextHolderAwareRequestFilter@2f6b1270, org.springframework.security.web.authentication.rememberme.RememberMeAuthenticationFilter@2a787676, org.springframework.security.web.authentication.AnonymousAuthenticationFilter@754a173f, org.springframework.security.web.session.SessionManagementFilter@68392f23, org.springframework.security.web.access.ExceptionTranslationFilter@2475eae3, org.springframework.security.web.access.intercept.FilterSecurityInterceptor@68a4a48d]
2024-04-29 23:23:11 | [34mINFO [0;39m | [1;33mrestartedMain[0;39m | [1;32morg.springframework.boot.devtools.autoconfigure.OptionalLiveReloadServer[0;39m | LiveReload server is running on port 35729
2024-04-29 23:23:11 | [34mINFO [0;39m | [1;33mrestartedMain[0;39m | [1;32morg.springframework.boot.web.embedded.tomcat.TomcatWebServer[0;39m | Tomcat started on port 8889 (http) with context path '/lyq'
2024-04-29 23:23:11 | [34mINFO [0;39m | [1;33mrestartedMain[0;39m | [1;32mcom.manage.AcademicManageApplication[0;39m | Started AcademicManageApplication in 2.37 seconds (process running for 2.848)
2024-04-29 23:29:16 | [34mINFO [0;39m | [1;33mhttp-nio-8889-exec-2[0;39m | [1;32morg.apache.catalina.core.ContainerBase.[Tomcat].[localhost].[/lyq][0;39m | Initializing Spring DispatcherServlet 'dispatcherServlet'
2024-04-29 23:29:16 | [34mINFO [0;39m | [1;33mhttp-nio-8889-exec-2[0;39m | [1;32morg.springframework.web.servlet.DispatcherServlet[0;39m | Initializing Servlet 'dispatcherServlet'
2024-04-29 23:29:16 | [34mINFO [0;39m | [1;33mhttp-nio-8889-exec-2[0;39m | [1;32morg.springframework.web.servlet.DispatcherServlet[0;39m | Completed initialization in 0 ms
2024-04-29 23:29:40 | [34mINFO [0;39m | [1;33mhttp-nio-8889-exec-5[0;39m | [1;32mcom.zaxxer.hikari.HikariDataSource[0;39m | HikariPool-1 - Starting...
2024-04-29 23:29:40 | [34mINFO [0;39m | [1;33mhttp-nio-8889-exec-5[0;39m | [1;32mcom.zaxxer.hikari.pool.HikariPool[0;39m | HikariPool-1 - Added connection com.mysql.cj.jdbc.ConnectionImpl@6ab56093
2024-04-29 23:29:40 | [34mINFO [0;39m | [1;33mhttp-nio-8889-exec-5[0;39m | [1;32mcom.zaxxer.hikari.HikariDataSource[0;39m | HikariPool-1 - Start completed.
2024-04-29 23:31:52 | [34mINFO [0;39m | [1;33mSpringApplicationShutdownHook[0;39m | [1;32mcom.zaxxer.hikari.HikariDataSource[0;39m | HikariPool-1 - Shutdown initiated...
2024-04-29 23:31:52 | [34mINFO [0;39m | [1;33mSpringApplicationShutdownHook[0;39m | [1;32mcom.zaxxer.hikari.HikariDataSource[0;39m | HikariPool-1 - Shutdown completed.
2024-04-29 23:31:55 | [34mINFO [0;39m | [1;33mrestartedMain[0;39m | [1;32mcom.manage.AcademicManageApplication[0;39m | Starting AcademicManageApplication using Java 17.0.7 with PID 2636 (D:\demo\academicManage\target\classes started by 16618 in D:\demo\academicManage)
2024-04-29 23:31:55 | [34mINFO [0;39m | [1;33mrestartedMain[0;39m | [1;32mcom.manage.AcademicManageApplication[0;39m | The following 1 profile is active: "jdbc"
2024-04-29 23:31:55 | [34mINFO [0;39m | [1;33mrestartedMain[0;39m | [1;32morg.springframework.boot.devtools.env.DevToolsPropertyDefaultsPostProcessor[0;39m | Devtools property defaults active! Set 'spring.devtools.add-properties' to 'false' to disable
2024-04-29 23:31:55 | [34mINFO [0;39m | [1;33mrestartedMain[0;39m | [1;32morg.springframework.boot.devtools.env.DevToolsPropertyDefaultsPostProcessor[0;39m | For additional web related logging consider setting the 'logging.level.web' property to 'DEBUG'
2024-04-29 23:31:56 | [34mINFO [0;39m | [1;33mrestartedMain[0;39m | [1;32morg.springframework.boot.web.embedded.tomcat.TomcatWebServer[0;39m | Tomcat initialized with port 8889 (http)
2024-04-29 23:31:56 | [34mINFO [0;39m | [1;33mrestartedMain[0;39m | [1;32morg.apache.catalina.core.StandardService[0;39m | Starting service [Tomcat]
2024-04-29 23:31:56 | [34mINFO [0;39m | [1;33mrestartedMain[0;39m | [1;32morg.apache.catalina.core.StandardEngine[0;39m | Starting Servlet engine: [Apache Tomcat/10.1.18]
2024-04-29 23:31:56 | [34mINFO [0;39m | [1;33mrestartedMain[0;39m | [1;32morg.apache.catalina.core.ContainerBase.[Tomcat].[localhost].[/lyq][0;39m | Initializing Spring embedded WebApplicationContext
2024-04-29 23:31:56 | [34mINFO [0;39m | [1;33mrestartedMain[0;39m | [1;32morg.springframework.boot.web.servlet.context.ServletWebServerApplicationContext[0;39m | Root WebApplicationContext: initialization completed in 908 ms
2024-04-29 23:31:56 | [31mWARN [0;39m | [1;33mrestartedMain[0;39m | [1;32mcom.baomidou.mybatisplus.core.injector.DefaultSqlInjector[0;39m | class com.manage.entity.StuCourse ,Not found @TableId annotation, Cannot use Mybatis-Plus 'xxById' Method.
2024-04-29 23:31:56 | [31mWARN [0;39m | [1;33mrestartedMain[0;39m | [1;32mcom.baomidou.mybatisplus.core.injector.DefaultSqlInjector[0;39m | class com.manage.entity.vo.UserClassVo ,Not found @TableId annotation, Cannot use Mybatis-Plus 'xxById' Method.
2024-04-29 23:31:56 | [31mWARN [0;39m | [1;33mrestartedMain[0;39m | [1;32mcom.baomidou.mybatisplus.core.injector.DefaultSqlInjector[0;39m | class com.manage.entity.vo.UserRoleVo ,Not found @TableId annotation, Cannot use Mybatis-Plus 'xxById' Method.
2024-04-29 23:31:57 | [34mINFO [0;39m | [1;33mrestartedMain[0;39m | [1;32morg.springframework.security.web.DefaultSecurityFilterChain[0;39m | Will secure any request with [org.springframework.security.web.session.DisableEncodeUrlFilter@749a23, org.springframework.security.web.context.request.async.WebAsyncManagerIntegrationFilter@36cbd810, org.springframework.security.web.context.SecurityContextHolderFilter@faefb84, org.springframework.security.web.header.HeaderWriterFilter@f9f7afd, org.springframework.web.filter.CorsFilter@95554b9, org.springframework.security.web.authentication.logout.LogoutFilter@ef9bf58, com.manage.security.JwtAuthorizationFilter@327cb837, org.springframework.security.web.authentication.UsernamePasswordAuthenticationFilter@2475eae3, org.springframework.security.web.savedrequest.RequestCacheAwareFilter@7b3e2ae9, org.springframework.security.web.servletapi.SecurityContextHolderAwareRequestFilter@7f39af98, org.springframework.security.web.authentication.rememberme.RememberMeAuthenticationFilter@68392f23, org.springframework.security.web.authentication.AnonymousAuthenticationFilter@6dfdb2fd, org.springframework.security.web.session.SessionManagementFilter@3d1be78a, org.springframework.security.web.access.ExceptionTranslationFilter@b8925c, org.springframework.security.web.access.intercept.FilterSecurityInterceptor@91b2e99]
2024-04-29 23:31:57 | [34mINFO [0;39m | [1;33mrestartedMain[0;39m | [1;32morg.springframework.boot.devtools.autoconfigure.OptionalLiveReloadServer[0;39m | LiveReload server is running on port 35729
2024-04-29 23:31:57 | [34mINFO [0;39m | [1;33mrestartedMain[0;39m | [1;32morg.springframework.boot.web.embedded.tomcat.TomcatWebServer[0;39m | Tomcat started on port 8889 (http) with context path '/lyq'
2024-04-29 23:31:57 | [34mINFO [0;39m | [1;33mrestartedMain[0;39m | [1;32mcom.manage.AcademicManageApplication[0;39m | Started AcademicManageApplication in 2.4 seconds (process running for 2.901)
2024-04-29 23:32:02 | [34mINFO [0;39m | [1;33mhttp-nio-8889-exec-2[0;39m | [1;32morg.apache.catalina.core.ContainerBase.[Tomcat].[localhost].[/lyq][0;39m | Initializing Spring DispatcherServlet 'dispatcherServlet'
2024-04-29 23:32:02 | [34mINFO [0;39m | [1;33mhttp-nio-8889-exec-2[0;39m | [1;32morg.springframework.web.servlet.DispatcherServlet[0;39m | Initializing Servlet 'dispatcherServlet'
2024-04-29 23:32:02 | [34mINFO [0;39m | [1;33mhttp-nio-8889-exec-2[0;39m | [1;32morg.springframework.web.servlet.DispatcherServlet[0;39m | Completed initialization in 1 ms
2024-04-29 23:32:02 | [34mINFO [0;39m | [1;33mhttp-nio-8889-exec-4[0;39m | [1;32mcom.zaxxer.hikari.HikariDataSource[0;39m | HikariPool-1 - Starting...
2024-04-29 23:32:02 | [34mINFO [0;39m | [1;33mhttp-nio-8889-exec-4[0;39m | [1;32mcom.zaxxer.hikari.pool.HikariPool[0;39m | HikariPool-1 - Added connection com.mysql.cj.jdbc.ConnectionImpl@5f325893
2024-04-29 23:32:02 | [34mINFO [0;39m | [1;33mhttp-nio-8889-exec-4[0;39m | [1;32mcom.zaxxer.hikari.HikariDataSource[0;39m | HikariPool-1 - Start completed.
2024-04-29 23:36:53 | [34mINFO [0;39m | [1;33mSpringApplicationShutdownHook[0;39m | [1;32mcom.zaxxer.hikari.HikariDataSource[0;39m | HikariPool-1 - Shutdown initiated...
2024-04-29 23:36:53 | [34mINFO [0;39m | [1;33mSpringApplicationShutdownHook[0;39m | [1;32mcom.zaxxer.hikari.HikariDataSource[0;39m | HikariPool-1 - Shutdown completed.
