2024-04-16 18:47:24 | [34mINFO [0;39m | [1;33mrestartedMain[0;39m | [1;32mcom.manage.AcademicManageApplication[0;39m | Starting AcademicManageApplication using Java 17.0.7 with PID 2120 (D:\demo\academicManage\target\classes started by 16618 in D:\demo\academicManage)
2024-04-16 18:47:24 | [34mINFO [0;39m | [1;33mrestartedMain[0;39m | [1;32mcom.manage.AcademicManageApplication[0;39m | The following 1 profile is active: "jdbc"
2024-04-16 18:47:24 | [34mINFO [0;39m | [1;33mrestartedMain[0;39m | [1;32morg.springframework.boot.devtools.env.DevToolsPropertyDefaultsPostProcessor[0;39m | Devtools property defaults active! Set 'spring.devtools.add-properties' to 'false' to disable
2024-04-16 18:47:24 | [34mINFO [0;39m | [1;33mrestartedMain[0;39m | [1;32morg.springframework.boot.devtools.env.DevToolsPropertyDefaultsPostProcessor[0;39m | For additional web related logging consider setting the 'logging.level.web' property to 'DEBUG'
2024-04-16 18:47:25 | [34mINFO [0;39m | [1;33mrestartedMain[0;39m | [1;32morg.springframework.boot.web.embedded.tomcat.TomcatWebServer[0;39m | Tomcat initialized with port 8889 (http)
2024-04-16 18:47:25 | [34mINFO [0;39m | [1;33mrestartedMain[0;39m | [1;32morg.apache.catalina.core.StandardService[0;39m | Starting service [Tomcat]
2024-04-16 18:47:25 | [34mINFO [0;39m | [1;33mrestartedMain[0;39m | [1;32morg.apache.catalina.core.StandardEngine[0;39m | Starting Servlet engine: [Apache Tomcat/10.1.18]
2024-04-16 18:47:25 | [34mINFO [0;39m | [1;33mrestartedMain[0;39m | [1;32morg.apache.catalina.core.ContainerBase.[Tomcat].[localhost].[/lyq][0;39m | Initializing Spring embedded WebApplicationContext
2024-04-16 18:47:25 | [34mINFO [0;39m | [1;33mrestartedMain[0;39m | [1;32morg.springframework.boot.web.servlet.context.ServletWebServerApplicationContext[0;39m | Root WebApplicationContext: initialization completed in 1487 ms
2024-04-16 18:47:26 | [31mWARN [0;39m | [1;33mrestartedMain[0;39m | [1;32mcom.baomidou.mybatisplus.core.injector.DefaultSqlInjector[0;39m | class com.manage.entity.vo.UserClassVo ,Not found @TableId annotation, Cannot use Mybatis-Plus 'xxById' Method.
2024-04-16 18:47:26 | [31mWARN [0;39m | [1;33mrestartedMain[0;39m | [1;32mcom.baomidou.mybatisplus.core.injector.DefaultSqlInjector[0;39m | class com.manage.entity.vo.UserRoleVo ,Not found @TableId annotation, Cannot use Mybatis-Plus 'xxById' Method.
2024-04-16 18:47:26 | [34mINFO [0;39m | [1;33mrestartedMain[0;39m | [1;32morg.springframework.security.web.DefaultSecurityFilterChain[0;39m | Will secure any request with [org.springframework.security.web.session.DisableEncodeUrlFilter@6758390c, org.springframework.security.web.context.request.async.WebAsyncManagerIntegrationFilter@4db9d991, org.springframework.security.web.context.SecurityContextHolderFilter@6b96db82, org.springframework.security.web.header.HeaderWriterFilter@7966788c, org.springframework.web.filter.CorsFilter@297f2d3a, org.springframework.security.web.authentication.logout.LogoutFilter@31bcba80, com.manage.security.JwtAuthorizationFilter@7c25eb21, org.springframework.security.web.authentication.UsernamePasswordAuthenticationFilter@9288aa0, org.springframework.security.web.savedrequest.RequestCacheAwareFilter@31c5237e, org.springframework.security.web.servletapi.SecurityContextHolderAwareRequestFilter@73bac121, org.springframework.security.web.authentication.rememberme.RememberMeAuthenticationFilter@496176da, org.springframework.security.web.authentication.AnonymousAuthenticationFilter@4d1602fc, org.springframework.security.web.session.SessionManagementFilter@434a8964, org.springframework.security.web.access.ExceptionTranslationFilter@6c0d65aa, org.springframework.security.web.access.intercept.FilterSecurityInterceptor@7246dce1]
2024-04-16 18:47:26 | [34mINFO [0;39m | [1;33mrestartedMain[0;39m | [1;32morg.springframework.boot.devtools.autoconfigure.OptionalLiveReloadServer[0;39m | LiveReload server is running on port 35729
2024-04-16 18:47:26 | [34mINFO [0;39m | [1;33mrestartedMain[0;39m | [1;32morg.springframework.boot.web.embedded.tomcat.TomcatWebServer[0;39m | Tomcat started on port 8889 (http) with context path '/lyq'
2024-04-16 18:47:27 | [34mINFO [0;39m | [1;33mrestartedMain[0;39m | [1;32mcom.manage.AcademicManageApplication[0;39m | Started AcademicManageApplication in 3.313 seconds (process running for 4.467)
2024-04-16 18:58:30 | [34mINFO [0;39m | [1;33mhttp-nio-8889-exec-1[0;39m | [1;32morg.apache.catalina.core.ContainerBase.[Tomcat].[localhost].[/lyq][0;39m | Initializing Spring DispatcherServlet 'dispatcherServlet'
2024-04-16 18:58:30 | [34mINFO [0;39m | [1;33mhttp-nio-8889-exec-1[0;39m | [1;32morg.springframework.web.servlet.DispatcherServlet[0;39m | Initializing Servlet 'dispatcherServlet'
2024-04-16 18:58:30 | [34mINFO [0;39m | [1;33mhttp-nio-8889-exec-1[0;39m | [1;32morg.springframework.web.servlet.DispatcherServlet[0;39m | Completed initialization in 0 ms
2024-04-16 18:58:30 | [34mINFO [0;39m | [1;33mhttp-nio-8889-exec-1[0;39m | [1;32mcom.zaxxer.hikari.HikariDataSource[0;39m | HikariPool-1 - Starting...
2024-04-16 18:58:30 | [34mINFO [0;39m | [1;33mhttp-nio-8889-exec-1[0;39m | [1;32mcom.zaxxer.hikari.pool.HikariPool[0;39m | HikariPool-1 - Added connection com.mysql.cj.jdbc.ConnectionImpl@1f40cce1
2024-04-16 18:58:30 | [34mINFO [0;39m | [1;33mhttp-nio-8889-exec-1[0;39m | [1;32mcom.zaxxer.hikari.HikariDataSource[0;39m | HikariPool-1 - Start completed.
2024-04-16 19:05:50 | [34mINFO [0;39m | [1;33mSpringApplicationShutdownHook[0;39m | [1;32mcom.zaxxer.hikari.HikariDataSource[0;39m | HikariPool-1 - Shutdown initiated...
2024-04-16 19:05:50 | [34mINFO [0;39m | [1;33mSpringApplicationShutdownHook[0;39m | [1;32mcom.zaxxer.hikari.HikariDataSource[0;39m | HikariPool-1 - Shutdown completed.
2024-04-16 19:05:54 | [34mINFO [0;39m | [1;33mrestartedMain[0;39m | [1;32mcom.manage.AcademicManageApplication[0;39m | Starting AcademicManageApplication using Java 17.0.7 with PID 10868 (D:\demo\academicManage\target\classes started by 16618 in D:\demo\academicManage)
2024-04-16 19:05:54 | [34mINFO [0;39m | [1;33mrestartedMain[0;39m | [1;32mcom.manage.AcademicManageApplication[0;39m | The following 1 profile is active: "jdbc"
2024-04-16 19:05:54 | [34mINFO [0;39m | [1;33mrestartedMain[0;39m | [1;32morg.springframework.boot.devtools.env.DevToolsPropertyDefaultsPostProcessor[0;39m | Devtools property defaults active! Set 'spring.devtools.add-properties' to 'false' to disable
2024-04-16 19:05:54 | [34mINFO [0;39m | [1;33mrestartedMain[0;39m | [1;32morg.springframework.boot.devtools.env.DevToolsPropertyDefaultsPostProcessor[0;39m | For additional web related logging consider setting the 'logging.level.web' property to 'DEBUG'
2024-04-16 19:05:55 | [34mINFO [0;39m | [1;33mrestartedMain[0;39m | [1;32morg.springframework.boot.web.embedded.tomcat.TomcatWebServer[0;39m | Tomcat initialized with port 8889 (http)
2024-04-16 19:05:55 | [34mINFO [0;39m | [1;33mrestartedMain[0;39m | [1;32morg.apache.catalina.core.StandardService[0;39m | Starting service [Tomcat]
2024-04-16 19:05:55 | [34mINFO [0;39m | [1;33mrestartedMain[0;39m | [1;32morg.apache.catalina.core.StandardEngine[0;39m | Starting Servlet engine: [Apache Tomcat/10.1.18]
2024-04-16 19:05:55 | [34mINFO [0;39m | [1;33mrestartedMain[0;39m | [1;32morg.apache.catalina.core.ContainerBase.[Tomcat].[localhost].[/lyq][0;39m | Initializing Spring embedded WebApplicationContext
2024-04-16 19:05:55 | [34mINFO [0;39m | [1;33mrestartedMain[0;39m | [1;32morg.springframework.boot.web.servlet.context.ServletWebServerApplicationContext[0;39m | Root WebApplicationContext: initialization completed in 961 ms
2024-04-16 19:05:55 | [31mWARN [0;39m | [1;33mrestartedMain[0;39m | [1;32mcom.baomidou.mybatisplus.core.injector.DefaultSqlInjector[0;39m | class com.manage.entity.vo.UserClassVo ,Not found @TableId annotation, Cannot use Mybatis-Plus 'xxById' Method.
2024-04-16 19:05:55 | [31mWARN [0;39m | [1;33mrestartedMain[0;39m | [1;32mcom.baomidou.mybatisplus.core.injector.DefaultSqlInjector[0;39m | class com.manage.entity.vo.UserRoleVo ,Not found @TableId annotation, Cannot use Mybatis-Plus 'xxById' Method.
2024-04-16 19:05:56 | [34mINFO [0;39m | [1;33mrestartedMain[0;39m | [1;32morg.springframework.security.web.DefaultSecurityFilterChain[0;39m | Will secure any request with [org.springframework.security.web.session.DisableEncodeUrlFilter@24e6ccb5, org.springframework.security.web.context.request.async.WebAsyncManagerIntegrationFilter@4dc72d63, org.springframework.security.web.context.SecurityContextHolderFilter@683c8783, org.springframework.security.web.header.HeaderWriterFilter@76660503, org.springframework.web.filter.CorsFilter@1ded588d, org.springframework.security.web.authentication.logout.LogoutFilter@434a8964, com.manage.security.JwtAuthorizationFilter@44308fd3, org.springframework.security.web.authentication.UsernamePasswordAuthenticationFilter@437029be, org.springframework.security.web.savedrequest.RequestCacheAwareFilter@792b352e, org.springframework.security.web.servletapi.SecurityContextHolderAwareRequestFilter@74cc86ea, org.springframework.security.web.authentication.rememberme.RememberMeAuthenticationFilter@73bac121, org.springframework.security.web.authentication.AnonymousAuthenticationFilter@51b1681e, org.springframework.security.web.session.SessionManagementFilter@74ad9c2b, org.springframework.security.web.access.ExceptionTranslationFilter@2051ff6c, org.springframework.security.web.access.intercept.FilterSecurityInterceptor@5f3e6cb0]
2024-04-16 19:05:56 | [34mINFO [0;39m | [1;33mrestartedMain[0;39m | [1;32morg.springframework.boot.devtools.autoconfigure.OptionalLiveReloadServer[0;39m | LiveReload server is running on port 35729
2024-04-16 19:05:56 | [34mINFO [0;39m | [1;33mrestartedMain[0;39m | [1;32morg.springframework.boot.web.embedded.tomcat.TomcatWebServer[0;39m | Tomcat started on port 8889 (http) with context path '/lyq'
2024-04-16 19:05:56 | [34mINFO [0;39m | [1;33mrestartedMain[0;39m | [1;32mcom.manage.AcademicManageApplication[0;39m | Started AcademicManageApplication in 2.418 seconds (process running for 2.942)
2024-04-16 19:07:02 | [34mINFO [0;39m | [1;33mhttp-nio-8889-exec-2[0;39m | [1;32morg.apache.catalina.core.ContainerBase.[Tomcat].[localhost].[/lyq][0;39m | Initializing Spring DispatcherServlet 'dispatcherServlet'
2024-04-16 19:07:02 | [34mINFO [0;39m | [1;33mhttp-nio-8889-exec-2[0;39m | [1;32morg.springframework.web.servlet.DispatcherServlet[0;39m | Initializing Servlet 'dispatcherServlet'
2024-04-16 19:07:02 | [34mINFO [0;39m | [1;33mhttp-nio-8889-exec-2[0;39m | [1;32morg.springframework.web.servlet.DispatcherServlet[0;39m | Completed initialization in 1 ms
2024-04-16 19:07:02 | [34mINFO [0;39m | [1;33mhttp-nio-8889-exec-3[0;39m | [1;32mcom.zaxxer.hikari.HikariDataSource[0;39m | HikariPool-1 - Starting...
2024-04-16 19:07:02 | [34mINFO [0;39m | [1;33mhttp-nio-8889-exec-3[0;39m | [1;32mcom.zaxxer.hikari.pool.HikariPool[0;39m | HikariPool-1 - Added connection com.mysql.cj.jdbc.ConnectionImpl@63f4fe73
2024-04-16 19:07:02 | [34mINFO [0;39m | [1;33mhttp-nio-8889-exec-3[0;39m | [1;32mcom.zaxxer.hikari.HikariDataSource[0;39m | HikariPool-1 - Start completed.
2024-04-16 19:07:38 | [34mINFO [0;39m | [1;33mSpringApplicationShutdownHook[0;39m | [1;32mcom.zaxxer.hikari.HikariDataSource[0;39m | HikariPool-1 - Shutdown initiated...
2024-04-16 19:07:38 | [34mINFO [0;39m | [1;33mSpringApplicationShutdownHook[0;39m | [1;32mcom.zaxxer.hikari.HikariDataSource[0;39m | HikariPool-1 - Shutdown completed.
2024-04-16 19:07:42 | [34mINFO [0;39m | [1;33mrestartedMain[0;39m | [1;32mcom.manage.AcademicManageApplication[0;39m | Starting AcademicManageApplication using Java 17.0.7 with PID 9548 (D:\demo\academicManage\target\classes started by 16618 in D:\demo\academicManage)
2024-04-16 19:07:42 | [34mINFO [0;39m | [1;33mrestartedMain[0;39m | [1;32mcom.manage.AcademicManageApplication[0;39m | The following 1 profile is active: "jdbc"
2024-04-16 19:07:42 | [34mINFO [0;39m | [1;33mrestartedMain[0;39m | [1;32morg.springframework.boot.devtools.env.DevToolsPropertyDefaultsPostProcessor[0;39m | Devtools property defaults active! Set 'spring.devtools.add-properties' to 'false' to disable
2024-04-16 19:07:42 | [34mINFO [0;39m | [1;33mrestartedMain[0;39m | [1;32morg.springframework.boot.devtools.env.DevToolsPropertyDefaultsPostProcessor[0;39m | For additional web related logging consider setting the 'logging.level.web' property to 'DEBUG'
2024-04-16 19:07:43 | [34mINFO [0;39m | [1;33mrestartedMain[0;39m | [1;32morg.springframework.boot.web.embedded.tomcat.TomcatWebServer[0;39m | Tomcat initialized with port 8889 (http)
2024-04-16 19:07:43 | [34mINFO [0;39m | [1;33mrestartedMain[0;39m | [1;32morg.apache.catalina.core.StandardService[0;39m | Starting service [Tomcat]
2024-04-16 19:07:43 | [34mINFO [0;39m | [1;33mrestartedMain[0;39m | [1;32morg.apache.catalina.core.StandardEngine[0;39m | Starting Servlet engine: [Apache Tomcat/10.1.18]
2024-04-16 19:07:43 | [34mINFO [0;39m | [1;33mrestartedMain[0;39m | [1;32morg.apache.catalina.core.ContainerBase.[Tomcat].[localhost].[/lyq][0;39m | Initializing Spring embedded WebApplicationContext
2024-04-16 19:07:43 | [34mINFO [0;39m | [1;33mrestartedMain[0;39m | [1;32morg.springframework.boot.web.servlet.context.ServletWebServerApplicationContext[0;39m | Root WebApplicationContext: initialization completed in 1007 ms
2024-04-16 19:07:43 | [31mWARN [0;39m | [1;33mrestartedMain[0;39m | [1;32mcom.baomidou.mybatisplus.core.injector.DefaultSqlInjector[0;39m | class com.manage.entity.vo.UserClassVo ,Not found @TableId annotation, Cannot use Mybatis-Plus 'xxById' Method.
2024-04-16 19:07:43 | [31mWARN [0;39m | [1;33mrestartedMain[0;39m | [1;32mcom.baomidou.mybatisplus.core.injector.DefaultSqlInjector[0;39m | class com.manage.entity.vo.UserRoleVo ,Not found @TableId annotation, Cannot use Mybatis-Plus 'xxById' Method.
2024-04-16 19:07:44 | [34mINFO [0;39m | [1;33mrestartedMain[0;39m | [1;32morg.springframework.security.web.DefaultSecurityFilterChain[0;39m | Will secure any request with [org.springframework.security.web.session.DisableEncodeUrlFilter@16389f8d, org.springframework.security.web.context.request.async.WebAsyncManagerIntegrationFilter@462bca37, org.springframework.security.web.context.SecurityContextHolderFilter@6b97759f, org.springframework.security.web.header.HeaderWriterFilter@414c1d, org.springframework.web.filter.CorsFilter@7168bd0c, org.springframework.security.web.authentication.logout.LogoutFilter@b8925c, com.manage.security.JwtAuthorizationFilter@3554ebec, org.springframework.security.web.authentication.UsernamePasswordAuthenticationFilter@f9f7afd, org.springframework.security.web.savedrequest.RequestCacheAwareFilter@5f40b97, org.springframework.security.web.servletapi.SecurityContextHolderAwareRequestFilter@3b316ce7, org.springframework.security.web.authentication.rememberme.RememberMeAuthenticationFilter@5b0bf11f, org.springframework.security.web.authentication.AnonymousAuthenticationFilter@5cd9e68e, org.springframework.security.web.session.SessionManagementFilter@36260143, org.springframework.security.web.access.ExceptionTranslationFilter@6829773c, org.springframework.security.web.access.intercept.FilterSecurityInterceptor@2c454b69]
2024-04-16 19:07:44 | [34mINFO [0;39m | [1;33mrestartedMain[0;39m | [1;32morg.springframework.boot.devtools.autoconfigure.OptionalLiveReloadServer[0;39m | LiveReload server is running on port 35729
2024-04-16 19:07:44 | [34mINFO [0;39m | [1;33mrestartedMain[0;39m | [1;32morg.springframework.boot.web.embedded.tomcat.TomcatWebServer[0;39m | Tomcat started on port 8889 (http) with context path '/lyq'
2024-04-16 19:07:44 | [34mINFO [0;39m | [1;33mrestartedMain[0;39m | [1;32mcom.manage.AcademicManageApplication[0;39m | Started AcademicManageApplication in 2.629 seconds (process running for 3.177)
2024-04-16 19:08:12 | [34mINFO [0;39m | [1;33mhttp-nio-8889-exec-2[0;39m | [1;32morg.apache.catalina.core.ContainerBase.[Tomcat].[localhost].[/lyq][0;39m | Initializing Spring DispatcherServlet 'dispatcherServlet'
2024-04-16 19:08:12 | [34mINFO [0;39m | [1;33mhttp-nio-8889-exec-2[0;39m | [1;32morg.springframework.web.servlet.DispatcherServlet[0;39m | Initializing Servlet 'dispatcherServlet'
2024-04-16 19:08:12 | [34mINFO [0;39m | [1;33mhttp-nio-8889-exec-2[0;39m | [1;32morg.springframework.web.servlet.DispatcherServlet[0;39m | Completed initialization in 1 ms
2024-04-16 19:08:12 | [34mINFO [0;39m | [1;33mhttp-nio-8889-exec-4[0;39m | [1;32mcom.zaxxer.hikari.HikariDataSource[0;39m | HikariPool-1 - Starting...
2024-04-16 19:08:12 | [34mINFO [0;39m | [1;33mhttp-nio-8889-exec-4[0;39m | [1;32mcom.zaxxer.hikari.pool.HikariPool[0;39m | HikariPool-1 - Added connection com.mysql.cj.jdbc.ConnectionImpl@7794c2c1
2024-04-16 19:08:12 | [34mINFO [0;39m | [1;33mhttp-nio-8889-exec-4[0;39m | [1;32mcom.zaxxer.hikari.HikariDataSource[0;39m | HikariPool-1 - Start completed.
2024-04-16 19:09:41 | [34mINFO [0;39m | [1;33mSpringApplicationShutdownHook[0;39m | [1;32mcom.zaxxer.hikari.HikariDataSource[0;39m | HikariPool-1 - Shutdown initiated...
2024-04-16 19:09:41 | [34mINFO [0;39m | [1;33mSpringApplicationShutdownHook[0;39m | [1;32mcom.zaxxer.hikari.HikariDataSource[0;39m | HikariPool-1 - Shutdown completed.
2024-04-16 19:09:44 | [34mINFO [0;39m | [1;33mrestartedMain[0;39m | [1;32mcom.manage.AcademicManageApplication[0;39m | Starting AcademicManageApplication using Java 17.0.7 with PID 20224 (D:\demo\academicManage\target\classes started by 16618 in D:\demo\academicManage)
2024-04-16 19:09:44 | [34mINFO [0;39m | [1;33mrestartedMain[0;39m | [1;32mcom.manage.AcademicManageApplication[0;39m | The following 1 profile is active: "jdbc"
2024-04-16 19:09:44 | [34mINFO [0;39m | [1;33mrestartedMain[0;39m | [1;32morg.springframework.boot.devtools.env.DevToolsPropertyDefaultsPostProcessor[0;39m | Devtools property defaults active! Set 'spring.devtools.add-properties' to 'false' to disable
2024-04-16 19:09:44 | [34mINFO [0;39m | [1;33mrestartedMain[0;39m | [1;32morg.springframework.boot.devtools.env.DevToolsPropertyDefaultsPostProcessor[0;39m | For additional web related logging consider setting the 'logging.level.web' property to 'DEBUG'
2024-04-16 19:09:45 | [34mINFO [0;39m | [1;33mrestartedMain[0;39m | [1;32morg.springframework.boot.web.embedded.tomcat.TomcatWebServer[0;39m | Tomcat initialized with port 8889 (http)
2024-04-16 19:09:45 | [34mINFO [0;39m | [1;33mrestartedMain[0;39m | [1;32morg.apache.catalina.core.StandardService[0;39m | Starting service [Tomcat]
2024-04-16 19:09:45 | [34mINFO [0;39m | [1;33mrestartedMain[0;39m | [1;32morg.apache.catalina.core.StandardEngine[0;39m | Starting Servlet engine: [Apache Tomcat/10.1.18]
2024-04-16 19:09:45 | [34mINFO [0;39m | [1;33mrestartedMain[0;39m | [1;32morg.apache.catalina.core.ContainerBase.[Tomcat].[localhost].[/lyq][0;39m | Initializing Spring embedded WebApplicationContext
2024-04-16 19:09:45 | [34mINFO [0;39m | [1;33mrestartedMain[0;39m | [1;32morg.springframework.boot.web.servlet.context.ServletWebServerApplicationContext[0;39m | Root WebApplicationContext: initialization completed in 993 ms
2024-04-16 19:09:46 | [31mWARN [0;39m | [1;33mrestartedMain[0;39m | [1;32mcom.baomidou.mybatisplus.core.injector.DefaultSqlInjector[0;39m | class com.manage.entity.vo.UserClassVo ,Not found @TableId annotation, Cannot use Mybatis-Plus 'xxById' Method.
2024-04-16 19:09:46 | [31mWARN [0;39m | [1;33mrestartedMain[0;39m | [1;32mcom.baomidou.mybatisplus.core.injector.DefaultSqlInjector[0;39m | class com.manage.entity.vo.UserRoleVo ,Not found @TableId annotation, Cannot use Mybatis-Plus 'xxById' Method.
2024-04-16 19:09:46 | [34mINFO [0;39m | [1;33mrestartedMain[0;39m | [1;32morg.springframework.security.web.DefaultSecurityFilterChain[0;39m | Will secure any request with [org.springframework.security.web.session.DisableEncodeUrlFilter@5409cc30, org.springframework.security.web.context.request.async.WebAsyncManagerIntegrationFilter@102090e3, org.springframework.security.web.context.SecurityContextHolderFilter@5c3682fd, org.springframework.security.web.header.HeaderWriterFilter@6829773c, org.springframework.web.filter.CorsFilter@1e61532, org.springframework.security.web.authentication.logout.LogoutFilter@28ea2e0b, com.manage.security.JwtAuthorizationFilter@6b52b8ce, org.springframework.security.web.authentication.UsernamePasswordAuthenticationFilter@b8925c, org.springframework.security.web.savedrequest.RequestCacheAwareFilter@6b97759f, org.springframework.security.web.servletapi.SecurityContextHolderAwareRequestFilter@6dbd5db7, org.springframework.security.web.authentication.rememberme.RememberMeAuthenticationFilter@3d1be78a, org.springframework.security.web.authentication.AnonymousAuthenticationFilter@16389f8d, org.springframework.security.web.session.SessionManagementFilter@414c1d, org.springframework.security.web.access.ExceptionTranslationFilter@7840076f, org.springframework.security.web.access.intercept.FilterSecurityInterceptor@1c275588]
2024-04-16 19:09:46 | [34mINFO [0;39m | [1;33mrestartedMain[0;39m | [1;32morg.springframework.boot.devtools.autoconfigure.OptionalLiveReloadServer[0;39m | LiveReload server is running on port 35729
2024-04-16 19:09:47 | [34mINFO [0;39m | [1;33mrestartedMain[0;39m | [1;32morg.springframework.boot.web.embedded.tomcat.TomcatWebServer[0;39m | Tomcat started on port 8889 (http) with context path '/lyq'
2024-04-16 19:09:47 | [34mINFO [0;39m | [1;33mrestartedMain[0;39m | [1;32mcom.manage.AcademicManageApplication[0;39m | Started AcademicManageApplication in 2.487 seconds (process running for 2.99)
2024-04-16 19:10:06 | [34mINFO [0;39m | [1;33mhttp-nio-8889-exec-1[0;39m | [1;32morg.apache.catalina.core.ContainerBase.[Tomcat].[localhost].[/lyq][0;39m | Initializing Spring DispatcherServlet 'dispatcherServlet'
2024-04-16 19:10:06 | [34mINFO [0;39m | [1;33mhttp-nio-8889-exec-1[0;39m | [1;32morg.springframework.web.servlet.DispatcherServlet[0;39m | Initializing Servlet 'dispatcherServlet'
2024-04-16 19:10:06 | [34mINFO [0;39m | [1;33mhttp-nio-8889-exec-1[0;39m | [1;32morg.springframework.web.servlet.DispatcherServlet[0;39m | Completed initialization in 1 ms
2024-04-16 19:10:20 | [34mINFO [0;39m | [1;33mhttp-nio-8889-exec-2[0;39m | [1;32mcom.zaxxer.hikari.HikariDataSource[0;39m | HikariPool-1 - Starting...
2024-04-16 19:10:20 | [34mINFO [0;39m | [1;33mhttp-nio-8889-exec-2[0;39m | [1;32mcom.zaxxer.hikari.pool.HikariPool[0;39m | HikariPool-1 - Added connection com.mysql.cj.jdbc.ConnectionImpl@14909de0
2024-04-16 19:10:20 | [34mINFO [0;39m | [1;33mhttp-nio-8889-exec-2[0;39m | [1;32mcom.zaxxer.hikari.HikariDataSource[0;39m | HikariPool-1 - Start completed.
2024-04-16 19:10:50 | [34mINFO [0;39m | [1;33mSpringApplicationShutdownHook[0;39m | [1;32mcom.zaxxer.hikari.HikariDataSource[0;39m | HikariPool-1 - Shutdown initiated...
2024-04-16 19:10:50 | [34mINFO [0;39m | [1;33mSpringApplicationShutdownHook[0;39m | [1;32mcom.zaxxer.hikari.HikariDataSource[0;39m | HikariPool-1 - Shutdown completed.
2024-04-16 19:10:53 | [34mINFO [0;39m | [1;33mrestartedMain[0;39m | [1;32mcom.manage.AcademicManageApplication[0;39m | Starting AcademicManageApplication using Java 17.0.7 with PID 6604 (D:\demo\academicManage\target\classes started by 16618 in D:\demo\academicManage)
2024-04-16 19:10:53 | [34mINFO [0;39m | [1;33mrestartedMain[0;39m | [1;32mcom.manage.AcademicManageApplication[0;39m | The following 1 profile is active: "jdbc"
2024-04-16 19:10:53 | [34mINFO [0;39m | [1;33mrestartedMain[0;39m | [1;32morg.springframework.boot.devtools.env.DevToolsPropertyDefaultsPostProcessor[0;39m | Devtools property defaults active! Set 'spring.devtools.add-properties' to 'false' to disable
2024-04-16 19:10:53 | [34mINFO [0;39m | [1;33mrestartedMain[0;39m | [1;32morg.springframework.boot.devtools.env.DevToolsPropertyDefaultsPostProcessor[0;39m | For additional web related logging consider setting the 'logging.level.web' property to 'DEBUG'
2024-04-16 19:10:54 | [34mINFO [0;39m | [1;33mrestartedMain[0;39m | [1;32morg.springframework.boot.web.embedded.tomcat.TomcatWebServer[0;39m | Tomcat initialized with port 8889 (http)
2024-04-16 19:10:54 | [34mINFO [0;39m | [1;33mrestartedMain[0;39m | [1;32morg.apache.catalina.core.StandardService[0;39m | Starting service [Tomcat]
2024-04-16 19:10:54 | [34mINFO [0;39m | [1;33mrestartedMain[0;39m | [1;32morg.apache.catalina.core.StandardEngine[0;39m | Starting Servlet engine: [Apache Tomcat/10.1.18]
2024-04-16 19:10:54 | [34mINFO [0;39m | [1;33mrestartedMain[0;39m | [1;32morg.apache.catalina.core.ContainerBase.[Tomcat].[localhost].[/lyq][0;39m | Initializing Spring embedded WebApplicationContext
2024-04-16 19:10:54 | [34mINFO [0;39m | [1;33mrestartedMain[0;39m | [1;32morg.springframework.boot.web.servlet.context.ServletWebServerApplicationContext[0;39m | Root WebApplicationContext: initialization completed in 913 ms
2024-04-16 19:10:54 | [31mWARN [0;39m | [1;33mrestartedMain[0;39m | [1;32mcom.baomidou.mybatisplus.core.injector.DefaultSqlInjector[0;39m | class com.manage.entity.vo.UserClassVo ,Not found @TableId annotation, Cannot use Mybatis-Plus 'xxById' Method.
2024-04-16 19:10:54 | [31mWARN [0;39m | [1;33mrestartedMain[0;39m | [1;32mcom.baomidou.mybatisplus.core.injector.DefaultSqlInjector[0;39m | class com.manage.entity.vo.UserRoleVo ,Not found @TableId annotation, Cannot use Mybatis-Plus 'xxById' Method.
2024-04-16 19:10:55 | [34mINFO [0;39m | [1;33mrestartedMain[0;39m | [1;32morg.springframework.security.web.DefaultSecurityFilterChain[0;39m | Will secure any request with [org.springframework.security.web.session.DisableEncodeUrlFilter@72a44cf9, org.springframework.security.web.context.request.async.WebAsyncManagerIntegrationFilter@5409cc30, org.springframework.security.web.context.SecurityContextHolderFilter@36260143, org.springframework.security.web.header.HeaderWriterFilter@480ba956, org.springframework.web.filter.CorsFilter@68ea6da1, org.springframework.security.web.authentication.logout.LogoutFilter@6c73482c, com.manage.security.JwtAuthorizationFilter@422b7a36, org.springframework.security.web.authentication.UsernamePasswordAuthenticationFilter@6062dfd3, org.springframework.security.web.savedrequest.RequestCacheAwareFilter@569d1cc2, org.springframework.security.web.servletapi.SecurityContextHolderAwareRequestFilter@6b97759f, org.springframework.security.web.authentication.rememberme.RememberMeAuthenticationFilter@79f5b09a, org.springframework.security.web.authentication.AnonymousAuthenticationFilter@102090e3, org.springframework.security.web.session.SessionManagementFilter@78425705, org.springframework.security.web.access.ExceptionTranslationFilter@74cc86ea, org.springframework.security.web.access.intercept.FilterSecurityInterceptor@6e961525]
2024-04-16 19:10:55 | [34mINFO [0;39m | [1;33mrestartedMain[0;39m | [1;32morg.springframework.boot.devtools.autoconfigure.OptionalLiveReloadServer[0;39m | LiveReload server is running on port 35729
2024-04-16 19:10:55 | [34mINFO [0;39m | [1;33mrestartedMain[0;39m | [1;32morg.springframework.boot.web.embedded.tomcat.TomcatWebServer[0;39m | Tomcat started on port 8889 (http) with context path '/lyq'
2024-04-16 19:10:55 | [34mINFO [0;39m | [1;33mrestartedMain[0;39m | [1;32mcom.manage.AcademicManageApplication[0;39m | Started AcademicManageApplication in 2.309 seconds (process running for 2.803)
2024-04-16 19:11:04 | [34mINFO [0;39m | [1;33mhttp-nio-8889-exec-2[0;39m | [1;32morg.apache.catalina.core.ContainerBase.[Tomcat].[localhost].[/lyq][0;39m | Initializing Spring DispatcherServlet 'dispatcherServlet'
2024-04-16 19:11:04 | [34mINFO [0;39m | [1;33mhttp-nio-8889-exec-2[0;39m | [1;32morg.springframework.web.servlet.DispatcherServlet[0;39m | Initializing Servlet 'dispatcherServlet'
2024-04-16 19:11:04 | [34mINFO [0;39m | [1;33mhttp-nio-8889-exec-2[0;39m | [1;32morg.springframework.web.servlet.DispatcherServlet[0;39m | Completed initialization in 0 ms
2024-04-16 19:11:04 | [34mINFO [0;39m | [1;33mhttp-nio-8889-exec-4[0;39m | [1;32mcom.zaxxer.hikari.HikariDataSource[0;39m | HikariPool-1 - Starting...
2024-04-16 19:11:04 | [34mINFO [0;39m | [1;33mhttp-nio-8889-exec-4[0;39m | [1;32mcom.zaxxer.hikari.pool.HikariPool[0;39m | HikariPool-1 - Added connection com.mysql.cj.jdbc.ConnectionImpl@3567c13a
2024-04-16 19:11:04 | [34mINFO [0;39m | [1;33mhttp-nio-8889-exec-4[0;39m | [1;32mcom.zaxxer.hikari.HikariDataSource[0;39m | HikariPool-1 - Start completed.
2024-04-16 20:11:22 | [34mINFO [0;39m | [1;33mSpringApplicationShutdownHook[0;39m | [1;32mcom.zaxxer.hikari.HikariDataSource[0;39m | HikariPool-1 - Shutdown initiated...
2024-04-16 20:11:22 | [34mINFO [0;39m | [1;33mSpringApplicationShutdownHook[0;39m | [1;32mcom.zaxxer.hikari.HikariDataSource[0;39m | HikariPool-1 - Shutdown completed.
2024-04-16 20:11:26 | [34mINFO [0;39m | [1;33mrestartedMain[0;39m | [1;32mcom.manage.AcademicManageApplication[0;39m | Starting AcademicManageApplication using Java 17.0.7 with PID 18232 (D:\demo\academicManage\target\classes started by 16618 in D:\demo\academicManage)
2024-04-16 20:11:26 | [34mINFO [0;39m | [1;33mrestartedMain[0;39m | [1;32mcom.manage.AcademicManageApplication[0;39m | The following 1 profile is active: "jdbc"
2024-04-16 20:11:26 | [34mINFO [0;39m | [1;33mrestartedMain[0;39m | [1;32morg.springframework.boot.devtools.env.DevToolsPropertyDefaultsPostProcessor[0;39m | Devtools property defaults active! Set 'spring.devtools.add-properties' to 'false' to disable
2024-04-16 20:11:26 | [34mINFO [0;39m | [1;33mrestartedMain[0;39m | [1;32morg.springframework.boot.devtools.env.DevToolsPropertyDefaultsPostProcessor[0;39m | For additional web related logging consider setting the 'logging.level.web' property to 'DEBUG'
2024-04-16 20:11:27 | [34mINFO [0;39m | [1;33mrestartedMain[0;39m | [1;32morg.springframework.boot.web.embedded.tomcat.TomcatWebServer[0;39m | Tomcat initialized with port 8889 (http)
2024-04-16 20:11:27 | [34mINFO [0;39m | [1;33mrestartedMain[0;39m | [1;32morg.apache.catalina.core.StandardService[0;39m | Starting service [Tomcat]
2024-04-16 20:11:27 | [34mINFO [0;39m | [1;33mrestartedMain[0;39m | [1;32morg.apache.catalina.core.StandardEngine[0;39m | Starting Servlet engine: [Apache Tomcat/10.1.18]
2024-04-16 20:11:27 | [34mINFO [0;39m | [1;33mrestartedMain[0;39m | [1;32morg.apache.catalina.core.ContainerBase.[Tomcat].[localhost].[/lyq][0;39m | Initializing Spring embedded WebApplicationContext
2024-04-16 20:11:27 | [34mINFO [0;39m | [1;33mrestartedMain[0;39m | [1;32morg.springframework.boot.web.servlet.context.ServletWebServerApplicationContext[0;39m | Root WebApplicationContext: initialization completed in 1030 ms
2024-04-16 20:11:27 | [31mWARN [0;39m | [1;33mrestartedMain[0;39m | [1;32mcom.baomidou.mybatisplus.core.injector.DefaultSqlInjector[0;39m | class com.manage.entity.vo.UserClassVo ,Not found @TableId annotation, Cannot use Mybatis-Plus 'xxById' Method.
2024-04-16 20:11:27 | [31mWARN [0;39m | [1;33mrestartedMain[0;39m | [1;32mcom.baomidou.mybatisplus.core.injector.DefaultSqlInjector[0;39m | class com.manage.entity.vo.UserRoleVo ,Not found @TableId annotation, Cannot use Mybatis-Plus 'xxById' Method.
2024-04-16 20:11:28 | [34mINFO [0;39m | [1;33mrestartedMain[0;39m | [1;32morg.springframework.security.web.DefaultSecurityFilterChain[0;39m | Will secure any request with [org.springframework.security.web.session.DisableEncodeUrlFilter@102090e3, org.springframework.security.web.context.request.async.WebAsyncManagerIntegrationFilter@16389f8d, org.springframework.security.web.context.SecurityContextHolderFilter@569d1cc2, org.springframework.security.web.header.HeaderWriterFilter@78425705, org.springframework.web.filter.CorsFilter@1fcafd, org.springframework.security.web.authentication.logout.LogoutFilter@6062dfd3, com.manage.security.JwtAuthorizationFilter@51010fb3, org.springframework.security.web.authentication.UsernamePasswordAuthenticationFilter@767c884f, org.springframework.security.web.savedrequest.RequestCacheAwareFilter@6dbd5db7, org.springframework.security.web.servletapi.SecurityContextHolderAwareRequestFilter@5f40b97, org.springframework.security.web.authentication.rememberme.RememberMeAuthenticationFilter@2f373e96, org.springframework.security.web.authentication.AnonymousAuthenticationFilter@462bca37, org.springframework.security.web.session.SessionManagementFilter@1595045a, org.springframework.security.web.access.ExceptionTranslationFilter@480ba956, org.springframework.security.web.access.intercept.FilterSecurityInterceptor@7376e379]
2024-04-16 20:11:28 | [34mINFO [0;39m | [1;33mrestartedMain[0;39m | [1;32morg.springframework.boot.devtools.autoconfigure.OptionalLiveReloadServer[0;39m | LiveReload server is running on port 35729
2024-04-16 20:11:28 | [34mINFO [0;39m | [1;33mrestartedMain[0;39m | [1;32morg.springframework.boot.web.embedded.tomcat.TomcatWebServer[0;39m | Tomcat started on port 8889 (http) with context path '/lyq'
2024-04-16 20:11:28 | [34mINFO [0;39m | [1;33mrestartedMain[0;39m | [1;32mcom.manage.AcademicManageApplication[0;39m | Started AcademicManageApplication in 2.561 seconds (process running for 3.072)
2024-04-16 20:14:49 | [34mINFO [0;39m | [1;33mhttp-nio-8889-exec-1[0;39m | [1;32morg.apache.catalina.core.ContainerBase.[Tomcat].[localhost].[/lyq][0;39m | Initializing Spring DispatcherServlet 'dispatcherServlet'
2024-04-16 20:14:49 | [34mINFO [0;39m | [1;33mhttp-nio-8889-exec-1[0;39m | [1;32morg.springframework.web.servlet.DispatcherServlet[0;39m | Initializing Servlet 'dispatcherServlet'
2024-04-16 20:14:49 | [34mINFO [0;39m | [1;33mhttp-nio-8889-exec-1[0;39m | [1;32morg.springframework.web.servlet.DispatcherServlet[0;39m | Completed initialization in 0 ms
2024-04-16 20:18:14 | [34mINFO [0;39m | [1;33mhttp-nio-8889-exec-6[0;39m | [1;32mcom.zaxxer.hikari.HikariDataSource[0;39m | HikariPool-1 - Starting...
2024-04-16 20:18:14 | [34mINFO [0;39m | [1;33mhttp-nio-8889-exec-6[0;39m | [1;32mcom.zaxxer.hikari.pool.HikariPool[0;39m | HikariPool-1 - Added connection com.mysql.cj.jdbc.ConnectionImpl@40e1de8
2024-04-16 20:18:14 | [34mINFO [0;39m | [1;33mhttp-nio-8889-exec-6[0;39m | [1;32mcom.zaxxer.hikari.HikariDataSource[0;39m | HikariPool-1 - Start completed.
2024-04-16 20:34:59 | [34mINFO [0;39m | [1;33mSpringApplicationShutdownHook[0;39m | [1;32mcom.zaxxer.hikari.HikariDataSource[0;39m | HikariPool-1 - Shutdown initiated...
2024-04-16 20:35:00 | [34mINFO [0;39m | [1;33mSpringApplicationShutdownHook[0;39m | [1;32mcom.zaxxer.hikari.HikariDataSource[0;39m | HikariPool-1 - Shutdown completed.
2024-04-16 20:35:03 | [34mINFO [0;39m | [1;33mrestartedMain[0;39m | [1;32mcom.manage.AcademicManageApplication[0;39m | Starting AcademicManageApplication using Java 17.0.7 with PID 15048 (D:\demo\academicManage\target\classes started by 16618 in D:\demo\academicManage)
2024-04-16 20:35:03 | [34mINFO [0;39m | [1;33mrestartedMain[0;39m | [1;32mcom.manage.AcademicManageApplication[0;39m | The following 1 profile is active: "jdbc"
2024-04-16 20:35:03 | [34mINFO [0;39m | [1;33mrestartedMain[0;39m | [1;32morg.springframework.boot.devtools.env.DevToolsPropertyDefaultsPostProcessor[0;39m | Devtools property defaults active! Set 'spring.devtools.add-properties' to 'false' to disable
2024-04-16 20:35:03 | [34mINFO [0;39m | [1;33mrestartedMain[0;39m | [1;32morg.springframework.boot.devtools.env.DevToolsPropertyDefaultsPostProcessor[0;39m | For additional web related logging consider setting the 'logging.level.web' property to 'DEBUG'
2024-04-16 20:35:04 | [34mINFO [0;39m | [1;33mrestartedMain[0;39m | [1;32morg.springframework.boot.web.embedded.tomcat.TomcatWebServer[0;39m | Tomcat initialized with port 8889 (http)
2024-04-16 20:35:04 | [34mINFO [0;39m | [1;33mrestartedMain[0;39m | [1;32morg.apache.catalina.core.StandardService[0;39m | Starting service [Tomcat]
2024-04-16 20:35:04 | [34mINFO [0;39m | [1;33mrestartedMain[0;39m | [1;32morg.apache.catalina.core.StandardEngine[0;39m | Starting Servlet engine: [Apache Tomcat/10.1.18]
2024-04-16 20:35:04 | [34mINFO [0;39m | [1;33mrestartedMain[0;39m | [1;32morg.apache.catalina.core.ContainerBase.[Tomcat].[localhost].[/lyq][0;39m | Initializing Spring embedded WebApplicationContext
2024-04-16 20:35:04 | [34mINFO [0;39m | [1;33mrestartedMain[0;39m | [1;32morg.springframework.boot.web.servlet.context.ServletWebServerApplicationContext[0;39m | Root WebApplicationContext: initialization completed in 928 ms
2024-04-16 20:35:04 | [31mWARN [0;39m | [1;33mrestartedMain[0;39m | [1;32mcom.baomidou.mybatisplus.core.injector.DefaultSqlInjector[0;39m | class com.manage.entity.vo.UserClassVo ,Not found @TableId annotation, Cannot use Mybatis-Plus 'xxById' Method.
2024-04-16 20:35:04 | [31mWARN [0;39m | [1;33mrestartedMain[0;39m | [1;32mcom.baomidou.mybatisplus.core.injector.DefaultSqlInjector[0;39m | class com.manage.entity.vo.UserRoleVo ,Not found @TableId annotation, Cannot use Mybatis-Plus 'xxById' Method.
2024-04-16 20:35:04 | [34mINFO [0;39m | [1;33mrestartedMain[0;39m | [1;32morg.springframework.security.web.DefaultSecurityFilterChain[0;39m | Will secure any request with [org.springframework.security.web.session.DisableEncodeUrlFilter@21ee313, org.springframework.security.web.context.request.async.WebAsyncManagerIntegrationFilter@11e09848, org.springframework.security.web.context.SecurityContextHolderFilter@6c0d65aa, org.springframework.security.web.header.HeaderWriterFilter@6b97759f, org.springframework.web.filter.CorsFilter@19d572b3, org.springframework.security.web.authentication.logout.LogoutFilter@2f373e96, com.manage.security.JwtAuthorizationFilter@64ffa3c4, org.springframework.security.web.authentication.UsernamePasswordAuthenticationFilter@faefb84, org.springframework.security.web.savedrequest.RequestCacheAwareFilter@7966788c, org.springframework.security.web.servletapi.SecurityContextHolderAwareRequestFilter@446d9476, org.springframework.security.web.authentication.rememberme.RememberMeAuthenticationFilter@7331920, org.springframework.security.web.authentication.AnonymousAuthenticationFilter@f87c128, org.springframework.security.web.session.SessionManagementFilter@5f40b97, org.springframework.security.web.access.ExceptionTranslationFilter@5c3682fd, org.springframework.security.web.access.intercept.FilterSecurityInterceptor@462bca37]
2024-04-16 20:35:05 | [34mINFO [0;39m | [1;33mrestartedMain[0;39m | [1;32morg.springframework.boot.devtools.autoconfigure.OptionalLiveReloadServer[0;39m | LiveReload server is running on port 35729
2024-04-16 20:35:05 | [34mINFO [0;39m | [1;33mrestartedMain[0;39m | [1;32morg.springframework.boot.web.embedded.tomcat.TomcatWebServer[0;39m | Tomcat started on port 8889 (http) with context path '/lyq'
2024-04-16 20:35:05 | [34mINFO [0;39m | [1;33mrestartedMain[0;39m | [1;32mcom.manage.AcademicManageApplication[0;39m | Started AcademicManageApplication in 2.355 seconds (process running for 2.856)
2024-04-16 20:35:49 | [34mINFO [0;39m | [1;33mrestartedMain[0;39m | [1;32mcom.manage.AcademicManageApplication[0;39m | Starting AcademicManageApplication using Java 17.0.7 with PID 20168 (D:\demo\academicManage\target\classes started by 16618 in D:\demo\academicManage)
2024-04-16 20:35:49 | [34mINFO [0;39m | [1;33mrestartedMain[0;39m | [1;32mcom.manage.AcademicManageApplication[0;39m | The following 1 profile is active: "jdbc"
2024-04-16 20:35:49 | [34mINFO [0;39m | [1;33mrestartedMain[0;39m | [1;32morg.springframework.boot.devtools.env.DevToolsPropertyDefaultsPostProcessor[0;39m | Devtools property defaults active! Set 'spring.devtools.add-properties' to 'false' to disable
2024-04-16 20:35:49 | [34mINFO [0;39m | [1;33mrestartedMain[0;39m | [1;32morg.springframework.boot.devtools.env.DevToolsPropertyDefaultsPostProcessor[0;39m | For additional web related logging consider setting the 'logging.level.web' property to 'DEBUG'
2024-04-16 20:35:50 | [34mINFO [0;39m | [1;33mrestartedMain[0;39m | [1;32morg.springframework.boot.web.embedded.tomcat.TomcatWebServer[0;39m | Tomcat initialized with port 8889 (http)
2024-04-16 20:35:50 | [34mINFO [0;39m | [1;33mrestartedMain[0;39m | [1;32morg.apache.catalina.core.StandardService[0;39m | Starting service [Tomcat]
2024-04-16 20:35:50 | [34mINFO [0;39m | [1;33mrestartedMain[0;39m | [1;32morg.apache.catalina.core.StandardEngine[0;39m | Starting Servlet engine: [Apache Tomcat/10.1.18]
2024-04-16 20:35:50 | [34mINFO [0;39m | [1;33mrestartedMain[0;39m | [1;32morg.apache.catalina.core.ContainerBase.[Tomcat].[localhost].[/lyq][0;39m | Initializing Spring embedded WebApplicationContext
2024-04-16 20:35:50 | [34mINFO [0;39m | [1;33mrestartedMain[0;39m | [1;32morg.springframework.boot.web.servlet.context.ServletWebServerApplicationContext[0;39m | Root WebApplicationContext: initialization completed in 970 ms
2024-04-16 20:35:51 | [31mWARN [0;39m | [1;33mrestartedMain[0;39m | [1;32mcom.baomidou.mybatisplus.core.injector.DefaultSqlInjector[0;39m | class com.manage.entity.vo.UserClassVo ,Not found @TableId annotation, Cannot use Mybatis-Plus 'xxById' Method.
2024-04-16 20:35:51 | [31mWARN [0;39m | [1;33mrestartedMain[0;39m | [1;32mcom.baomidou.mybatisplus.core.injector.DefaultSqlInjector[0;39m | class com.manage.entity.vo.UserRoleVo ,Not found @TableId annotation, Cannot use Mybatis-Plus 'xxById' Method.
2024-04-16 20:35:51 | [34mINFO [0;39m | [1;33mrestartedMain[0;39m | [1;32morg.springframework.security.web.DefaultSecurityFilterChain[0;39m | Will secure any request with [org.springframework.security.web.session.DisableEncodeUrlFilter@21ee313, org.springframework.security.web.context.request.async.WebAsyncManagerIntegrationFilter@11e09848, org.springframework.security.web.context.SecurityContextHolderFilter@6c0d65aa, org.springframework.security.web.header.HeaderWriterFilter@6b97759f, org.springframework.web.filter.CorsFilter@68ea6da1, org.springframework.security.web.authentication.logout.LogoutFilter@2f373e96, com.manage.security.JwtAuthorizationFilter@422b7a36, org.springframework.security.web.authentication.UsernamePasswordAuthenticationFilter@faefb84, org.springframework.security.web.savedrequest.RequestCacheAwareFilter@7966788c, org.springframework.security.web.servletapi.SecurityContextHolderAwareRequestFilter@446d9476, org.springframework.security.web.authentication.rememberme.RememberMeAuthenticationFilter@7331920, org.springframework.security.web.authentication.AnonymousAuthenticationFilter@f87c128, org.springframework.security.web.session.SessionManagementFilter@5f40b97, org.springframework.security.web.access.ExceptionTranslationFilter@5c3682fd, org.springframework.security.web.access.intercept.FilterSecurityInterceptor@462bca37]
2024-04-16 20:35:52 | [34mINFO [0;39m | [1;33mrestartedMain[0;39m | [1;32morg.springframework.boot.devtools.autoconfigure.OptionalLiveReloadServer[0;39m | LiveReload server is running on port 35729
2024-04-16 20:35:52 | [34mINFO [0;39m | [1;33mrestartedMain[0;39m | [1;32morg.springframework.boot.web.embedded.tomcat.TomcatWebServer[0;39m | Tomcat started on port 8889 (http) with context path '/lyq'
2024-04-16 20:35:52 | [34mINFO [0;39m | [1;33mrestartedMain[0;39m | [1;32mcom.manage.AcademicManageApplication[0;39m | Started AcademicManageApplication in 2.553 seconds (process running for 3.06)
2024-04-16 20:36:24 | [34mINFO [0;39m | [1;33mhttp-nio-8889-exec-1[0;39m | [1;32morg.apache.catalina.core.ContainerBase.[Tomcat].[localhost].[/lyq][0;39m | Initializing Spring DispatcherServlet 'dispatcherServlet'
2024-04-16 20:36:24 | [34mINFO [0;39m | [1;33mhttp-nio-8889-exec-1[0;39m | [1;32morg.springframework.web.servlet.DispatcherServlet[0;39m | Initializing Servlet 'dispatcherServlet'
2024-04-16 20:36:24 | [34mINFO [0;39m | [1;33mhttp-nio-8889-exec-1[0;39m | [1;32morg.springframework.web.servlet.DispatcherServlet[0;39m | Completed initialization in 0 ms
2024-04-16 20:36:24 | [34mINFO [0;39m | [1;33mhttp-nio-8889-exec-5[0;39m | [1;32mcom.zaxxer.hikari.HikariDataSource[0;39m | HikariPool-1 - Starting...
2024-04-16 20:36:25 | [34mINFO [0;39m | [1;33mhttp-nio-8889-exec-5[0;39m | [1;32mcom.zaxxer.hikari.pool.HikariPool[0;39m | HikariPool-1 - Added connection com.mysql.cj.jdbc.ConnectionImpl@6c523322
2024-04-16 20:36:25 | [34mINFO [0;39m | [1;33mhttp-nio-8889-exec-5[0;39m | [1;32mcom.zaxxer.hikari.HikariDataSource[0;39m | HikariPool-1 - Start completed.
2024-04-16 20:39:26 | [34mINFO [0;39m | [1;33mSpringApplicationShutdownHook[0;39m | [1;32mcom.zaxxer.hikari.HikariDataSource[0;39m | HikariPool-1 - Shutdown initiated...
2024-04-16 20:39:26 | [34mINFO [0;39m | [1;33mSpringApplicationShutdownHook[0;39m | [1;32mcom.zaxxer.hikari.HikariDataSource[0;39m | HikariPool-1 - Shutdown completed.
2024-04-16 20:39:30 | [34mINFO [0;39m | [1;33mrestartedMain[0;39m | [1;32mcom.manage.AcademicManageApplication[0;39m | Starting AcademicManageApplication using Java 17.0.7 with PID 16116 (D:\demo\academicManage\target\classes started by 16618 in D:\demo\academicManage)
2024-04-16 20:39:30 | [34mINFO [0;39m | [1;33mrestartedMain[0;39m | [1;32mcom.manage.AcademicManageApplication[0;39m | The following 1 profile is active: "jdbc"
2024-04-16 20:39:30 | [34mINFO [0;39m | [1;33mrestartedMain[0;39m | [1;32morg.springframework.boot.devtools.env.DevToolsPropertyDefaultsPostProcessor[0;39m | Devtools property defaults active! Set 'spring.devtools.add-properties' to 'false' to disable
2024-04-16 20:39:30 | [34mINFO [0;39m | [1;33mrestartedMain[0;39m | [1;32morg.springframework.boot.devtools.env.DevToolsPropertyDefaultsPostProcessor[0;39m | For additional web related logging consider setting the 'logging.level.web' property to 'DEBUG'
2024-04-16 20:39:31 | [34mINFO [0;39m | [1;33mrestartedMain[0;39m | [1;32morg.springframework.boot.web.embedded.tomcat.TomcatWebServer[0;39m | Tomcat initialized with port 8889 (http)
2024-04-16 20:39:31 | [34mINFO [0;39m | [1;33mrestartedMain[0;39m | [1;32morg.apache.catalina.core.StandardService[0;39m | Starting service [Tomcat]
2024-04-16 20:39:31 | [34mINFO [0;39m | [1;33mrestartedMain[0;39m | [1;32morg.apache.catalina.core.StandardEngine[0;39m | Starting Servlet engine: [Apache Tomcat/10.1.18]
2024-04-16 20:39:31 | [34mINFO [0;39m | [1;33mrestartedMain[0;39m | [1;32morg.apache.catalina.core.ContainerBase.[Tomcat].[localhost].[/lyq][0;39m | Initializing Spring embedded WebApplicationContext
2024-04-16 20:39:31 | [34mINFO [0;39m | [1;33mrestartedMain[0;39m | [1;32morg.springframework.boot.web.servlet.context.ServletWebServerApplicationContext[0;39m | Root WebApplicationContext: initialization completed in 930 ms
2024-04-16 20:39:31 | [31mWARN [0;39m | [1;33mrestartedMain[0;39m | [1;32mcom.baomidou.mybatisplus.core.injector.DefaultSqlInjector[0;39m | class com.manage.entity.vo.UserClassVo ,Not found @TableId annotation, Cannot use Mybatis-Plus 'xxById' Method.
2024-04-16 20:39:31 | [31mWARN [0;39m | [1;33mrestartedMain[0;39m | [1;32mcom.baomidou.mybatisplus.core.injector.DefaultSqlInjector[0;39m | class com.manage.entity.vo.UserRoleVo ,Not found @TableId annotation, Cannot use Mybatis-Plus 'xxById' Method.
2024-04-16 20:39:31 | [34mINFO [0;39m | [1;33mrestartedMain[0;39m | [1;32morg.springframework.security.web.DefaultSecurityFilterChain[0;39m | Will secure any request with [org.springframework.security.web.session.DisableEncodeUrlFilter@cccd60a, org.springframework.security.web.context.request.async.WebAsyncManagerIntegrationFilter@5cef8989, org.springframework.security.web.context.SecurityContextHolderFilter@740f5114, org.springframework.security.web.header.HeaderWriterFilter@723caea7, org.springframework.web.filter.CorsFilter@2c9397a8, org.springframework.security.web.authentication.logout.LogoutFilter@30173bbb, com.manage.security.JwtAuthorizationFilter@1f3a1d6a, org.springframework.security.web.authentication.UsernamePasswordAuthenticationFilter@683c8783, org.springframework.security.web.savedrequest.RequestCacheAwareFilter@a61a554, org.springframework.security.web.servletapi.SecurityContextHolderAwareRequestFilter@2d3f5a35, org.springframework.security.web.authentication.rememberme.RememberMeAuthenticationFilter@7840076f, org.springframework.security.web.authentication.AnonymousAuthenticationFilter@2218e08c, org.springframework.security.web.session.SessionManagementFilter@21533563, org.springframework.security.web.access.ExceptionTranslationFilter@5f44b55, org.springframework.security.web.access.intercept.FilterSecurityInterceptor@4eb51470]
2024-04-16 20:39:32 | [34mINFO [0;39m | [1;33mrestartedMain[0;39m | [1;32morg.springframework.boot.devtools.autoconfigure.OptionalLiveReloadServer[0;39m | LiveReload server is running on port 35729
2024-04-16 20:39:32 | [34mINFO [0;39m | [1;33mrestartedMain[0;39m | [1;32morg.springframework.boot.web.embedded.tomcat.TomcatWebServer[0;39m | Tomcat started on port 8889 (http) with context path '/lyq'
2024-04-16 20:39:32 | [34mINFO [0;39m | [1;33mrestartedMain[0;39m | [1;32mcom.manage.AcademicManageApplication[0;39m | Started AcademicManageApplication in 2.345 seconds (process running for 2.829)
2024-04-16 20:40:20 | [34mINFO [0;39m | [1;33mhttp-nio-8889-exec-1[0;39m | [1;32morg.apache.catalina.core.ContainerBase.[Tomcat].[localhost].[/lyq][0;39m | Initializing Spring DispatcherServlet 'dispatcherServlet'
2024-04-16 20:40:20 | [34mINFO [0;39m | [1;33mhttp-nio-8889-exec-1[0;39m | [1;32morg.springframework.web.servlet.DispatcherServlet[0;39m | Initializing Servlet 'dispatcherServlet'
2024-04-16 20:40:20 | [34mINFO [0;39m | [1;33mhttp-nio-8889-exec-1[0;39m | [1;32morg.springframework.web.servlet.DispatcherServlet[0;39m | Completed initialization in 1 ms
2024-04-16 20:40:31 | [34mINFO [0;39m | [1;33mhttp-nio-8889-exec-9[0;39m | [1;32mcom.zaxxer.hikari.HikariDataSource[0;39m | HikariPool-1 - Starting...
2024-04-16 20:40:31 | [34mINFO [0;39m | [1;33mhttp-nio-8889-exec-9[0;39m | [1;32mcom.zaxxer.hikari.pool.HikariPool[0;39m | HikariPool-1 - Added connection com.mysql.cj.jdbc.ConnectionImpl@495098a0
2024-04-16 20:40:31 | [34mINFO [0;39m | [1;33mhttp-nio-8889-exec-9[0;39m | [1;32mcom.zaxxer.hikari.HikariDataSource[0;39m | HikariPool-1 - Start completed.
2024-04-16 20:46:21 | [31mWARN [0;39m | [1;33mHikariPool-1 housekeeper[0;39m | [1;32mcom.zaxxer.hikari.pool.HikariPool[0;39m | HikariPool-1 - Thread starvation or clock leap detected (housekeeper delta=3m19s599ms383µs600ns).
2024-04-16 20:46:28 | [34mINFO [0;39m | [1;33mFile Watcher[0;39m | [1;32morg.springframework.boot.devtools.autoconfigure.LocalDevToolsAutoConfiguration$RestartingClassPathChangeChangedEventListener[0;39m | Restarting due to 1 class path change (0 additions, 1 deletion, 0 modifications)
2024-04-16 20:46:28 | [34mINFO [0;39m | [1;33mThread-5[0;39m | [1;32mcom.zaxxer.hikari.HikariDataSource[0;39m | HikariPool-1 - Shutdown initiated...
2024-04-16 20:46:28 | [34mINFO [0;39m | [1;33mThread-5[0;39m | [1;32mcom.zaxxer.hikari.HikariDataSource[0;39m | HikariPool-1 - Shutdown completed.
2024-04-16 20:46:28 | [34mINFO [0;39m | [1;33mrestartedMain[0;39m | [1;32mcom.manage.AcademicManageApplication[0;39m | Starting AcademicManageApplication using Java 17.0.7 with PID 16116 (D:\demo\academicManage\target\classes started by 16618 in D:\demo\academicManage)
2024-04-16 20:46:28 | [34mINFO [0;39m | [1;33mrestartedMain[0;39m | [1;32mcom.manage.AcademicManageApplication[0;39m | The following 1 profile is active: "jdbc"
2024-04-16 20:46:28 | [34mINFO [0;39m | [1;33mrestartedMain[0;39m | [1;32morg.springframework.boot.web.embedded.tomcat.TomcatWebServer[0;39m | Tomcat initialized with port 8889 (http)
2024-04-16 20:46:28 | [34mINFO [0;39m | [1;33mrestartedMain[0;39m | [1;32morg.apache.catalina.core.StandardService[0;39m | Starting service [Tomcat]
2024-04-16 20:46:28 | [34mINFO [0;39m | [1;33mrestartedMain[0;39m | [1;32morg.apache.catalina.core.StandardEngine[0;39m | Starting Servlet engine: [Apache Tomcat/10.1.18]
2024-04-16 20:46:28 | [34mINFO [0;39m | [1;33mrestartedMain[0;39m | [1;32morg.apache.catalina.core.ContainerBase.[Tomcat].[localhost].[/lyq][0;39m | Initializing Spring embedded WebApplicationContext
2024-04-16 20:46:28 | [34mINFO [0;39m | [1;33mrestartedMain[0;39m | [1;32morg.springframework.boot.web.servlet.context.ServletWebServerApplicationContext[0;39m | Root WebApplicationContext: initialization completed in 366 ms
2024-04-16 20:46:29 | [34mINFO [0;39m | [1;33mrestartedMain[0;39m | [1;32morg.springframework.security.web.DefaultSecurityFilterChain[0;39m | Will secure any request with [org.springframework.security.web.session.DisableEncodeUrlFilter@32d0575b, org.springframework.security.web.context.request.async.WebAsyncManagerIntegrationFilter@370f2321, org.springframework.security.web.context.SecurityContextHolderFilter@7c41599d, org.springframework.security.web.header.HeaderWriterFilter@18898521, org.springframework.web.filter.CorsFilter@5fcdbbad, org.springframework.security.web.authentication.logout.LogoutFilter@433bcddd, com.manage.security.JwtAuthorizationFilter@72b89c87, org.springframework.security.web.authentication.UsernamePasswordAuthenticationFilter@2589d2b7, org.springframework.security.web.savedrequest.RequestCacheAwareFilter@17ce334e, org.springframework.security.web.servletapi.SecurityContextHolderAwareRequestFilter@43ba0c1b, org.springframework.security.web.authentication.rememberme.RememberMeAuthenticationFilter@36c0c8c9, org.springframework.security.web.authentication.AnonymousAuthenticationFilter@3c7269f3, org.springframework.security.web.session.SessionManagementFilter@67f23fda, org.springframework.security.web.access.ExceptionTranslationFilter@3deac1ca, org.springframework.security.web.access.intercept.FilterSecurityInterceptor@9967e9b]
2024-04-16 20:46:29 | [34mINFO [0;39m | [1;33mrestartedMain[0;39m | [1;32morg.springframework.boot.devtools.autoconfigure.OptionalLiveReloadServer[0;39m | LiveReload server is running on port 35729
2024-04-16 20:46:29 | [34mINFO [0;39m | [1;33mrestartedMain[0;39m | [1;32morg.springframework.boot.web.embedded.tomcat.TomcatWebServer[0;39m | Tomcat started on port 8889 (http) with context path '/lyq'
2024-04-16 20:46:29 | [34mINFO [0;39m | [1;33mrestartedMain[0;39m | [1;32mcom.manage.AcademicManageApplication[0;39m | Started AcademicManageApplication in 0.936 seconds (process running for 419.823)
2024-04-16 20:46:29 | [34mINFO [0;39m | [1;33mrestartedMain[0;39m | [1;32morg.springframework.boot.devtools.autoconfigure.ConditionEvaluationDeltaLoggingListener[0;39m | Condition evaluation unchanged
2024-04-16 20:46:30 | [34mINFO [0;39m | [1;33mFile Watcher[0;39m | [1;32morg.springframework.boot.devtools.autoconfigure.LocalDevToolsAutoConfiguration$RestartingClassPathChangeChangedEventListener[0;39m | Restarting due to 1 class path change (1 addition, 0 deletions, 0 modifications)
2024-04-16 20:46:30 | [34mINFO [0;39m | [1;33mrestartedMain[0;39m | [1;32mcom.manage.AcademicManageApplication[0;39m | Starting AcademicManageApplication using Java 17.0.7 with PID 16116 (D:\demo\academicManage\target\classes started by 16618 in D:\demo\academicManage)
2024-04-16 20:46:30 | [34mINFO [0;39m | [1;33mrestartedMain[0;39m | [1;32mcom.manage.AcademicManageApplication[0;39m | The following 1 profile is active: "jdbc"
2024-04-16 20:46:30 | [34mINFO [0;39m | [1;33mrestartedMain[0;39m | [1;32morg.springframework.boot.web.embedded.tomcat.TomcatWebServer[0;39m | Tomcat initialized with port 8889 (http)
2024-04-16 20:46:30 | [34mINFO [0;39m | [1;33mrestartedMain[0;39m | [1;32morg.apache.catalina.core.StandardService[0;39m | Starting service [Tomcat]
2024-04-16 20:46:30 | [34mINFO [0;39m | [1;33mrestartedMain[0;39m | [1;32morg.apache.catalina.core.StandardEngine[0;39m | Starting Servlet engine: [Apache Tomcat/10.1.18]
2024-04-16 20:46:30 | [34mINFO [0;39m | [1;33mrestartedMain[0;39m | [1;32morg.apache.catalina.core.ContainerBase.[Tomcat].[localhost].[/lyq][0;39m | Initializing Spring embedded WebApplicationContext
2024-04-16 20:46:30 | [34mINFO [0;39m | [1;33mrestartedMain[0;39m | [1;32morg.springframework.boot.web.servlet.context.ServletWebServerApplicationContext[0;39m | Root WebApplicationContext: initialization completed in 222 ms
2024-04-16 20:46:31 | [34mINFO [0;39m | [1;33mrestartedMain[0;39m | [1;32morg.springframework.security.web.DefaultSecurityFilterChain[0;39m | Will secure any request with [org.springframework.security.web.session.DisableEncodeUrlFilter@76e2e4c3, org.springframework.security.web.context.request.async.WebAsyncManagerIntegrationFilter@5a765829, org.springframework.security.web.context.SecurityContextHolderFilter@7ea83d47, org.springframework.security.web.header.HeaderWriterFilter@3e7c5c4a, org.springframework.web.filter.CorsFilter@4bc313b1, org.springframework.security.web.authentication.logout.LogoutFilter@34122ddd, com.manage.security.JwtAuthorizationFilter@61e74dc5, org.springframework.security.web.authentication.UsernamePasswordAuthenticationFilter@4eded9a4, org.springframework.security.web.savedrequest.RequestCacheAwareFilter@4757ac2f, org.springframework.security.web.servletapi.SecurityContextHolderAwareRequestFilter@1b953683, org.springframework.security.web.authentication.rememberme.RememberMeAuthenticationFilter@7c4ddfd2, org.springframework.security.web.authentication.AnonymousAuthenticationFilter@6bf738dd, org.springframework.security.web.session.SessionManagementFilter@480b0c27, org.springframework.security.web.access.ExceptionTranslationFilter@12456075, org.springframework.security.web.access.intercept.FilterSecurityInterceptor@deec14]
2024-04-16 20:46:31 | [34mINFO [0;39m | [1;33mrestartedMain[0;39m | [1;32morg.springframework.boot.devtools.autoconfigure.OptionalLiveReloadServer[0;39m | LiveReload server is running on port 35729
2024-04-16 20:46:31 | [34mINFO [0;39m | [1;33mrestartedMain[0;39m | [1;32morg.springframework.boot.web.embedded.tomcat.TomcatWebServer[0;39m | Tomcat started on port 8889 (http) with context path '/lyq'
2024-04-16 20:46:31 | [34mINFO [0;39m | [1;33mrestartedMain[0;39m | [1;32mcom.manage.AcademicManageApplication[0;39m | Started AcademicManageApplication in 0.623 seconds (process running for 421.907)
2024-04-16 20:46:31 | [34mINFO [0;39m | [1;33mrestartedMain[0;39m | [1;32morg.springframework.boot.devtools.autoconfigure.ConditionEvaluationDeltaLoggingListener[0;39m | Condition evaluation unchanged
2024-04-16 20:46:54 | [34mINFO [0;39m | [1;33mrestartedMain[0;39m | [1;32mcom.manage.AcademicManageApplication[0;39m | Starting AcademicManageApplication using Java 17.0.7 with PID 4796 (D:\demo\academicManage\target\classes started by 16618 in D:\demo\academicManage)
2024-04-16 20:46:54 | [34mINFO [0;39m | [1;33mrestartedMain[0;39m | [1;32mcom.manage.AcademicManageApplication[0;39m | The following 1 profile is active: "jdbc"
2024-04-16 20:46:54 | [34mINFO [0;39m | [1;33mrestartedMain[0;39m | [1;32morg.springframework.boot.devtools.env.DevToolsPropertyDefaultsPostProcessor[0;39m | Devtools property defaults active! Set 'spring.devtools.add-properties' to 'false' to disable
2024-04-16 20:46:54 | [34mINFO [0;39m | [1;33mrestartedMain[0;39m | [1;32morg.springframework.boot.devtools.env.DevToolsPropertyDefaultsPostProcessor[0;39m | For additional web related logging consider setting the 'logging.level.web' property to 'DEBUG'
2024-04-16 20:46:55 | [34mINFO [0;39m | [1;33mrestartedMain[0;39m | [1;32morg.springframework.boot.web.embedded.tomcat.TomcatWebServer[0;39m | Tomcat initialized with port 8889 (http)
2024-04-16 20:46:55 | [34mINFO [0;39m | [1;33mrestartedMain[0;39m | [1;32morg.apache.catalina.core.StandardService[0;39m | Starting service [Tomcat]
2024-04-16 20:46:55 | [34mINFO [0;39m | [1;33mrestartedMain[0;39m | [1;32morg.apache.catalina.core.StandardEngine[0;39m | Starting Servlet engine: [Apache Tomcat/10.1.18]
2024-04-16 20:46:55 | [34mINFO [0;39m | [1;33mrestartedMain[0;39m | [1;32morg.apache.catalina.core.ContainerBase.[Tomcat].[localhost].[/lyq][0;39m | Initializing Spring embedded WebApplicationContext
2024-04-16 20:46:55 | [34mINFO [0;39m | [1;33mrestartedMain[0;39m | [1;32morg.springframework.boot.web.servlet.context.ServletWebServerApplicationContext[0;39m | Root WebApplicationContext: initialization completed in 960 ms
2024-04-16 20:46:55 | [31mWARN [0;39m | [1;33mrestartedMain[0;39m | [1;32mcom.baomidou.mybatisplus.core.injector.DefaultSqlInjector[0;39m | class com.manage.entity.vo.UserClassVo ,Not found @TableId annotation, Cannot use Mybatis-Plus 'xxById' Method.
2024-04-16 20:46:55 | [31mWARN [0;39m | [1;33mrestartedMain[0;39m | [1;32mcom.baomidou.mybatisplus.core.injector.DefaultSqlInjector[0;39m | class com.manage.entity.vo.UserRoleVo ,Not found @TableId annotation, Cannot use Mybatis-Plus 'xxById' Method.
2024-04-16 20:46:55 | [34mINFO [0;39m | [1;33mrestartedMain[0;39m | [1;32morg.springframework.security.web.DefaultSecurityFilterChain[0;39m | Will secure any request with [org.springframework.security.web.session.DisableEncodeUrlFilter@4db9d991, org.springframework.security.web.context.request.async.WebAsyncManagerIntegrationFilter@4d1602fc, org.springframework.security.web.context.SecurityContextHolderFilter@434a8964, org.springframework.security.web.header.HeaderWriterFilter@6b5add93, org.springframework.web.filter.CorsFilter@297f2d3a, org.springframework.security.web.authentication.logout.LogoutFilter@7b3e2ae9, com.manage.security.JwtAuthorizationFilter@afcc852, org.springframework.security.web.authentication.UsernamePasswordAuthenticationFilter@7331920, org.springframework.security.web.savedrequest.RequestCacheAwareFilter@437029be, org.springframework.security.web.servletapi.SecurityContextHolderAwareRequestFilter@6b96db82, org.springframework.security.web.authentication.rememberme.RememberMeAuthenticationFilter@34946fc2, org.springframework.security.web.authentication.AnonymousAuthenticationFilter@4a0ccb8, org.springframework.security.web.session.SessionManagementFilter@4980730f, org.springframework.security.web.access.ExceptionTranslationFilter@5f40b97, org.springframework.security.web.access.intercept.FilterSecurityInterceptor@7b5bfc1]
2024-04-16 20:46:56 | [34mINFO [0;39m | [1;33mrestartedMain[0;39m | [1;32morg.springframework.boot.devtools.autoconfigure.OptionalLiveReloadServer[0;39m | LiveReload server is running on port 35729
2024-04-16 20:46:56 | [34mINFO [0;39m | [1;33mrestartedMain[0;39m | [1;32morg.springframework.boot.web.embedded.tomcat.TomcatWebServer[0;39m | Tomcat started on port 8889 (http) with context path '/lyq'
2024-04-16 20:46:56 | [34mINFO [0;39m | [1;33mrestartedMain[0;39m | [1;32mcom.manage.AcademicManageApplication[0;39m | Started AcademicManageApplication in 2.421 seconds (process running for 2.903)
2024-04-16 20:47:08 | [34mINFO [0;39m | [1;33mhttp-nio-8889-exec-1[0;39m | [1;32morg.apache.catalina.core.ContainerBase.[Tomcat].[localhost].[/lyq][0;39m | Initializing Spring DispatcherServlet 'dispatcherServlet'
2024-04-16 20:47:08 | [34mINFO [0;39m | [1;33mhttp-nio-8889-exec-1[0;39m | [1;32morg.springframework.web.servlet.DispatcherServlet[0;39m | Initializing Servlet 'dispatcherServlet'
2024-04-16 20:47:08 | [34mINFO [0;39m | [1;33mhttp-nio-8889-exec-1[0;39m | [1;32morg.springframework.web.servlet.DispatcherServlet[0;39m | Completed initialization in 1 ms
2024-04-16 20:47:08 | [34mINFO [0;39m | [1;33mhttp-nio-8889-exec-6[0;39m | [1;32mcom.zaxxer.hikari.HikariDataSource[0;39m | HikariPool-1 - Starting...
2024-04-16 20:47:08 | [34mINFO [0;39m | [1;33mhttp-nio-8889-exec-6[0;39m | [1;32mcom.zaxxer.hikari.pool.HikariPool[0;39m | HikariPool-1 - Added connection com.mysql.cj.jdbc.ConnectionImpl@31fdc122
2024-04-16 20:47:08 | [34mINFO [0;39m | [1;33mhttp-nio-8889-exec-6[0;39m | [1;32mcom.zaxxer.hikari.HikariDataSource[0;39m | HikariPool-1 - Start completed.
2024-04-16 20:50:44 | [31mWARN [0;39m | [1;33mHikariPool-1 housekeeper[0;39m | [1;32mcom.zaxxer.hikari.pool.HikariPool[0;39m | HikariPool-1 - Thread starvation or clock leap detected (housekeeper delta=3m34s999ms19µs).
2024-04-16 20:50:45 | [34mINFO [0;39m | [1;33mFile Watcher[0;39m | [1;32morg.springframework.boot.devtools.autoconfigure.LocalDevToolsAutoConfiguration$RestartingClassPathChangeChangedEventListener[0;39m | Restarting due to 1 class path change (0 additions, 0 deletions, 1 modification)
2024-04-16 20:50:45 | [34mINFO [0;39m | [1;33mThread-5[0;39m | [1;32mcom.zaxxer.hikari.HikariDataSource[0;39m | HikariPool-1 - Shutdown initiated...
2024-04-16 20:50:45 | [34mINFO [0;39m | [1;33mThread-5[0;39m | [1;32mcom.zaxxer.hikari.HikariDataSource[0;39m | HikariPool-1 - Shutdown completed.
2024-04-16 20:50:45 | [34mINFO [0;39m | [1;33mrestartedMain[0;39m | [1;32mcom.manage.AcademicManageApplication[0;39m | Starting AcademicManageApplication using Java 17.0.7 with PID 4796 (D:\demo\academicManage\target\classes started by 16618 in D:\demo\academicManage)
2024-04-16 20:50:45 | [34mINFO [0;39m | [1;33mrestartedMain[0;39m | [1;32mcom.manage.AcademicManageApplication[0;39m | The following 1 profile is active: "jdbc"
2024-04-16 20:50:45 | [34mINFO [0;39m | [1;33mrestartedMain[0;39m | [1;32morg.springframework.boot.web.embedded.tomcat.TomcatWebServer[0;39m | Tomcat initialized with port 8889 (http)
2024-04-16 20:50:45 | [34mINFO [0;39m | [1;33mrestartedMain[0;39m | [1;32morg.apache.catalina.core.StandardService[0;39m | Starting service [Tomcat]
2024-04-16 20:50:45 | [34mINFO [0;39m | [1;33mrestartedMain[0;39m | [1;32morg.apache.catalina.core.StandardEngine[0;39m | Starting Servlet engine: [Apache Tomcat/10.1.18]
2024-04-16 20:50:45 | [34mINFO [0;39m | [1;33mrestartedMain[0;39m | [1;32morg.apache.catalina.core.ContainerBase.[Tomcat].[localhost].[/lyq][0;39m | Initializing Spring embedded WebApplicationContext
2024-04-16 20:50:45 | [34mINFO [0;39m | [1;33mrestartedMain[0;39m | [1;32morg.springframework.boot.web.servlet.context.ServletWebServerApplicationContext[0;39m | Root WebApplicationContext: initialization completed in 277 ms
2024-04-16 20:50:46 | [34mINFO [0;39m | [1;33mrestartedMain[0;39m | [1;32morg.springframework.security.web.DefaultSecurityFilterChain[0;39m | Will secure any request with [org.springframework.security.web.session.DisableEncodeUrlFilter@431e2d0, org.springframework.security.web.context.request.async.WebAsyncManagerIntegrationFilter@7a1c5040, org.springframework.security.web.context.SecurityContextHolderFilter@13937a0f, org.springframework.security.web.header.HeaderWriterFilter@588e5add, org.springframework.web.filter.CorsFilter@523e4717, org.springframework.security.web.authentication.logout.LogoutFilter@2ee0bb27, com.manage.security.JwtAuthorizationFilter@41de3372, org.springframework.security.web.authentication.UsernamePasswordAuthenticationFilter@33f090ee, org.springframework.security.web.savedrequest.RequestCacheAwareFilter@1144302e, org.springframework.security.web.servletapi.SecurityContextHolderAwareRequestFilter@3b36c869, org.springframework.security.web.authentication.rememberme.RememberMeAuthenticationFilter@2edd509, org.springframework.security.web.authentication.AnonymousAuthenticationFilter@244dca28, org.springframework.security.web.session.SessionManagementFilter@55bbdc8e, org.springframework.security.web.access.ExceptionTranslationFilter@793f6d4e, org.springframework.security.web.access.intercept.FilterSecurityInterceptor@56ac973a]
2024-04-16 20:50:46 | [34mINFO [0;39m | [1;33mrestartedMain[0;39m | [1;32morg.springframework.boot.devtools.autoconfigure.OptionalLiveReloadServer[0;39m | LiveReload server is running on port 35729
2024-04-16 20:50:46 | [34mINFO [0;39m | [1;33mrestartedMain[0;39m | [1;32morg.springframework.boot.web.embedded.tomcat.TomcatWebServer[0;39m | Tomcat started on port 8889 (http) with context path '/lyq'
2024-04-16 20:50:46 | [34mINFO [0;39m | [1;33mrestartedMain[0;39m | [1;32mcom.manage.AcademicManageApplication[0;39m | Started AcademicManageApplication in 0.776 seconds (process running for 233.125)
2024-04-16 20:50:46 | [34mINFO [0;39m | [1;33mrestartedMain[0;39m | [1;32morg.springframework.boot.devtools.autoconfigure.ConditionEvaluationDeltaLoggingListener[0;39m | Condition evaluation unchanged
2024-04-16 20:50:49 | [34mINFO [0;39m | [1;33mhttp-nio-8889-exec-1[0;39m | [1;32morg.apache.catalina.core.ContainerBase.[Tomcat].[localhost].[/lyq][0;39m | Initializing Spring DispatcherServlet 'dispatcherServlet'
2024-04-16 20:50:49 | [34mINFO [0;39m | [1;33mhttp-nio-8889-exec-1[0;39m | [1;32morg.springframework.web.servlet.DispatcherServlet[0;39m | Initializing Servlet 'dispatcherServlet'
2024-04-16 20:50:49 | [34mINFO [0;39m | [1;33mhttp-nio-8889-exec-1[0;39m | [1;32morg.springframework.web.servlet.DispatcherServlet[0;39m | Completed initialization in 1 ms
2024-04-16 20:50:49 | [34mINFO [0;39m | [1;33mhttp-nio-8889-exec-4[0;39m | [1;32mcom.zaxxer.hikari.HikariDataSource[0;39m | HikariPool-2 - Starting...
2024-04-16 20:50:49 | [34mINFO [0;39m | [1;33mhttp-nio-8889-exec-4[0;39m | [1;32mcom.zaxxer.hikari.pool.HikariPool[0;39m | HikariPool-2 - Added connection com.mysql.cj.jdbc.ConnectionImpl@6edc8ce6
2024-04-16 20:50:49 | [34mINFO [0;39m | [1;33mhttp-nio-8889-exec-4[0;39m | [1;32mcom.zaxxer.hikari.HikariDataSource[0;39m | HikariPool-2 - Start completed.
2024-04-16 21:45:28 | [34mINFO [0;39m | [1;33mSpringApplicationShutdownHook[0;39m | [1;32mcom.zaxxer.hikari.HikariDataSource[0;39m | HikariPool-2 - Shutdown initiated...
2024-04-16 21:45:28 | [34mINFO [0;39m | [1;33mSpringApplicationShutdownHook[0;39m | [1;32mcom.zaxxer.hikari.HikariDataSource[0;39m | HikariPool-2 - Shutdown completed.
2024-04-16 22:32:13 | [34mINFO [0;39m | [1;33mrestartedMain[0;39m | [1;32mcom.manage.AcademicManageApplication[0;39m | Starting AcademicManageApplication using Java 17.0.7 with PID 23124 (D:\demo\academicManage\target\classes started by 16618 in D:\demo\academicManage)
2024-04-16 22:32:13 | [34mINFO [0;39m | [1;33mrestartedMain[0;39m | [1;32mcom.manage.AcademicManageApplication[0;39m | The following 1 profile is active: "jdbc"
2024-04-16 22:32:13 | [34mINFO [0;39m | [1;33mrestartedMain[0;39m | [1;32morg.springframework.boot.devtools.env.DevToolsPropertyDefaultsPostProcessor[0;39m | Devtools property defaults active! Set 'spring.devtools.add-properties' to 'false' to disable
2024-04-16 22:32:13 | [34mINFO [0;39m | [1;33mrestartedMain[0;39m | [1;32morg.springframework.boot.devtools.env.DevToolsPropertyDefaultsPostProcessor[0;39m | For additional web related logging consider setting the 'logging.level.web' property to 'DEBUG'
2024-04-16 22:32:15 | [34mINFO [0;39m | [1;33mrestartedMain[0;39m | [1;32morg.springframework.boot.web.embedded.tomcat.TomcatWebServer[0;39m | Tomcat initialized with port 8889 (http)
2024-04-16 22:32:15 | [34mINFO [0;39m | [1;33mrestartedMain[0;39m | [1;32morg.apache.catalina.core.StandardService[0;39m | Starting service [Tomcat]
2024-04-16 22:32:15 | [34mINFO [0;39m | [1;33mrestartedMain[0;39m | [1;32morg.apache.catalina.core.StandardEngine[0;39m | Starting Servlet engine: [Apache Tomcat/10.1.18]
2024-04-16 22:32:15 | [34mINFO [0;39m | [1;33mrestartedMain[0;39m | [1;32morg.apache.catalina.core.ContainerBase.[Tomcat].[localhost].[/lyq][0;39m | Initializing Spring embedded WebApplicationContext
2024-04-16 22:32:15 | [34mINFO [0;39m | [1;33mrestartedMain[0;39m | [1;32morg.springframework.boot.web.servlet.context.ServletWebServerApplicationContext[0;39m | Root WebApplicationContext: initialization completed in 1312 ms
2024-04-16 22:32:15 | [31mWARN [0;39m | [1;33mrestartedMain[0;39m | [1;32mcom.baomidou.mybatisplus.core.injector.DefaultSqlInjector[0;39m | class com.manage.entity.vo.UserClassVo ,Not found @TableId annotation, Cannot use Mybatis-Plus 'xxById' Method.
2024-04-16 22:32:15 | [31mWARN [0;39m | [1;33mrestartedMain[0;39m | [1;32mcom.baomidou.mybatisplus.core.injector.DefaultSqlInjector[0;39m | class com.manage.entity.vo.UserRoleVo ,Not found @TableId annotation, Cannot use Mybatis-Plus 'xxById' Method.
2024-04-16 22:32:16 | [34mINFO [0;39m | [1;33mrestartedMain[0;39m | [1;32morg.springframework.security.web.DefaultSecurityFilterChain[0;39m | Will secure any request with [org.springframework.security.web.session.DisableEncodeUrlFilter@c54dc98, org.springframework.security.web.context.request.async.WebAsyncManagerIntegrationFilter@ab2a24c, org.springframework.security.web.context.SecurityContextHolderFilter@560f6738, org.springframework.security.web.header.HeaderWriterFilter@4ef6e958, org.springframework.web.filter.CorsFilter@34cdd7b3, org.springframework.security.web.authentication.logout.LogoutFilter@48726ee9, com.manage.security.JwtAuthorizationFilter@61cbf84c, org.springframework.security.web.authentication.UsernamePasswordAuthenticationFilter@69ed4ac9, org.springframework.security.web.savedrequest.RequestCacheAwareFilter@4c94236c, org.springframework.security.web.servletapi.SecurityContextHolderAwareRequestFilter@68274c17, org.springframework.security.web.authentication.rememberme.RememberMeAuthenticationFilter@4347c2fb, org.springframework.security.web.authentication.AnonymousAuthenticationFilter@32acb4a2, org.springframework.security.web.session.SessionManagementFilter@2f988c1c, org.springframework.security.web.access.ExceptionTranslationFilter@7b739c0c, org.springframework.security.web.access.intercept.FilterSecurityInterceptor@6ede043]
2024-04-16 22:32:16 | [34mINFO [0;39m | [1;33mrestartedMain[0;39m | [1;32morg.springframework.boot.devtools.autoconfigure.OptionalLiveReloadServer[0;39m | LiveReload server is running on port 35729
2024-04-16 22:32:16 | [34mINFO [0;39m | [1;33mrestartedMain[0;39m | [1;32morg.springframework.boot.web.embedded.tomcat.TomcatWebServer[0;39m | Tomcat started on port 8889 (http) with context path '/lyq'
2024-04-16 22:32:16 | [34mINFO [0;39m | [1;33mrestartedMain[0;39m | [1;32mcom.manage.AcademicManageApplication[0;39m | Started AcademicManageApplication in 2.97 seconds (process running for 4.128)
