2024-04-28 00:06:31 | [34mINFO [0;39m | [1;33mSpringApplicationShutdownHook[0;39m | [1;32mcom.zaxxer.hikari.HikariDataSource[0;39m | HikariPool-1 - Shutdown initiated...
2024-04-28 00:06:31 | [34mINFO [0;39m | [1;33mSpringApplicationShutdownHook[0;39m | [1;32mcom.zaxxer.hikari.HikariDataSource[0;39m | HikariPool-1 - Shutdown completed.
2024-04-28 00:06:34 | [34mINFO [0;39m | [1;33mrestartedMain[0;39m | [1;32mcom.manage.AcademicManageApplication[0;39m | Starting AcademicManageApplication using Java 17.0.7 with PID 24856 (D:\demo\academicManage\target\classes started by 16618 in D:\demo\academicManage)
2024-04-28 00:06:34 | [34mINFO [0;39m | [1;33mrestartedMain[0;39m | [1;32mcom.manage.AcademicManageApplication[0;39m | The following 1 profile is active: "jdbc"
2024-04-28 00:06:34 | [34mINFO [0;39m | [1;33mrestartedMain[0;39m | [1;32morg.springframework.boot.devtools.env.DevToolsPropertyDefaultsPostProcessor[0;39m | Devtools property defaults active! Set 'spring.devtools.add-properties' to 'false' to disable
2024-04-28 00:06:34 | [34mINFO [0;39m | [1;33mrestartedMain[0;39m | [1;32morg.springframework.boot.devtools.env.DevToolsPropertyDefaultsPostProcessor[0;39m | For additional web related logging consider setting the 'logging.level.web' property to 'DEBUG'
2024-04-28 00:06:35 | [34mINFO [0;39m | [1;33mrestartedMain[0;39m | [1;32morg.springframework.boot.web.embedded.tomcat.TomcatWebServer[0;39m | Tomcat initialized with port 8889 (http)
2024-04-28 00:06:35 | [34mINFO [0;39m | [1;33mrestartedMain[0;39m | [1;32morg.apache.catalina.core.StandardService[0;39m | Starting service [Tomcat]
2024-04-28 00:06:35 | [34mINFO [0;39m | [1;33mrestartedMain[0;39m | [1;32morg.apache.catalina.core.StandardEngine[0;39m | Starting Servlet engine: [Apache Tomcat/10.1.18]
2024-04-28 00:06:35 | [34mINFO [0;39m | [1;33mrestartedMain[0;39m | [1;32morg.apache.catalina.core.ContainerBase.[Tomcat].[localhost].[/lyq][0;39m | Initializing Spring embedded WebApplicationContext
2024-04-28 00:06:35 | [34mINFO [0;39m | [1;33mrestartedMain[0;39m | [1;32morg.springframework.boot.web.servlet.context.ServletWebServerApplicationContext[0;39m | Root WebApplicationContext: initialization completed in 978 ms
2024-04-28 00:06:36 | [31mWARN [0;39m | [1;33mrestartedMain[0;39m | [1;32mcom.baomidou.mybatisplus.core.injector.DefaultSqlInjector[0;39m | class com.manage.entity.StuCourse ,Not found @TableId annotation, Cannot use Mybatis-Plus 'xxById' Method.
2024-04-28 00:06:36 | [31mWARN [0;39m | [1;33mrestartedMain[0;39m | [1;32mcom.baomidou.mybatisplus.core.injector.DefaultSqlInjector[0;39m | class com.manage.entity.vo.UserClassVo ,Not found @TableId annotation, Cannot use Mybatis-Plus 'xxById' Method.
2024-04-28 00:06:36 | [31mWARN [0;39m | [1;33mrestartedMain[0;39m | [1;32mcom.baomidou.mybatisplus.core.injector.DefaultSqlInjector[0;39m | class com.manage.entity.vo.UserRoleVo ,Not found @TableId annotation, Cannot use Mybatis-Plus 'xxById' Method.
2024-04-28 00:06:36 | [34mINFO [0;39m | [1;33mrestartedMain[0;39m | [1;32morg.springframework.security.web.DefaultSecurityFilterChain[0;39m | Will secure any request with [org.springframework.security.web.session.DisableEncodeUrlFilter@11e09848, org.springframework.security.web.context.request.async.WebAsyncManagerIntegrationFilter@f87c128, org.springframework.security.web.context.SecurityContextHolderFilter@4980730f, org.springframework.security.web.header.HeaderWriterFilter@6dbd5db7, org.springframework.web.filter.CorsFilter@5e212f43, org.springframework.security.web.authentication.logout.LogoutFilter@5b0bf11f, com.manage.security.JwtAuthorizationFilter@51010fb3, org.springframework.security.web.authentication.UsernamePasswordAuthenticationFilter@6deb6a4c, org.springframework.security.web.savedrequest.RequestCacheAwareFilter@446d9476, org.springframework.security.web.servletapi.SecurityContextHolderAwareRequestFilter@434a8964, org.springframework.security.web.authentication.rememberme.RememberMeAuthenticationFilter@31bcba80, org.springframework.security.web.authentication.AnonymousAuthenticationFilter@7246dce1, org.springframework.security.web.session.SessionManagementFilter@3b316ce7, org.springframework.security.web.access.ExceptionTranslationFilter@569d1cc2, org.springframework.security.web.access.intercept.FilterSecurityInterceptor@5cd9e68e]
2024-04-28 00:06:37 | [34mINFO [0;39m | [1;33mrestartedMain[0;39m | [1;32morg.springframework.boot.devtools.autoconfigure.OptionalLiveReloadServer[0;39m | LiveReload server is running on port 35729
2024-04-28 00:06:37 | [34mINFO [0;39m | [1;33mrestartedMain[0;39m | [1;32morg.springframework.boot.web.embedded.tomcat.TomcatWebServer[0;39m | Tomcat started on port 8889 (http) with context path '/lyq'
2024-04-28 00:06:37 | [34mINFO [0;39m | [1;33mrestartedMain[0;39m | [1;32mcom.manage.AcademicManageApplication[0;39m | Started AcademicManageApplication in 2.727 seconds (process running for 3.242)
2024-04-28 00:08:18 | [34mINFO [0;39m | [1;33mhttp-nio-8889-exec-1[0;39m | [1;32morg.apache.catalina.core.ContainerBase.[Tomcat].[localhost].[/lyq][0;39m | Initializing Spring DispatcherServlet 'dispatcherServlet'
2024-04-28 00:08:18 | [34mINFO [0;39m | [1;33mhttp-nio-8889-exec-1[0;39m | [1;32morg.springframework.web.servlet.DispatcherServlet[0;39m | Initializing Servlet 'dispatcherServlet'
2024-04-28 00:08:18 | [34mINFO [0;39m | [1;33mhttp-nio-8889-exec-1[0;39m | [1;32morg.springframework.web.servlet.DispatcherServlet[0;39m | Completed initialization in 0 ms
2024-04-28 00:10:30 | [34mINFO [0;39m | [1;33mhttp-nio-8889-exec-6[0;39m | [1;32mcom.zaxxer.hikari.HikariDataSource[0;39m | HikariPool-1 - Starting...
2024-04-28 00:10:30 | [34mINFO [0;39m | [1;33mhttp-nio-8889-exec-6[0;39m | [1;32mcom.zaxxer.hikari.pool.HikariPool[0;39m | HikariPool-1 - Added connection com.mysql.cj.jdbc.ConnectionImpl@52123c0b
2024-04-28 00:10:30 | [34mINFO [0;39m | [1;33mhttp-nio-8889-exec-6[0;39m | [1;32mcom.zaxxer.hikari.HikariDataSource[0;39m | HikariPool-1 - Start completed.
2024-04-28 00:10:51 | [31mWARN [0;39m | [1;33mhttp-nio-8889-exec-4[0;39m | [1;32morg.springframework.web.servlet.mvc.support.DefaultHandlerExceptionResolver[0;39m | Resolved [org.springframework.web.HttpRequestMethodNotSupportedException: Request method 'POST' is not supported]
2024-04-28 00:10:54 | [31mWARN [0;39m | [1;33mhttp-nio-8889-exec-5[0;39m | [1;32morg.springframework.web.servlet.mvc.support.DefaultHandlerExceptionResolver[0;39m | Resolved [org.springframework.web.HttpRequestMethodNotSupportedException: Request method 'POST' is not supported]
2024-04-28 00:30:34 | [34mINFO [0;39m | [1;33mFile Watcher[0;39m | [1;32morg.springframework.boot.devtools.autoconfigure.LocalDevToolsAutoConfiguration$RestartingClassPathChangeChangedEventListener[0;39m | Restarting due to 3 class path changes (0 additions, 3 deletions, 0 modifications)
2024-04-28 00:30:34 | [34mINFO [0;39m | [1;33mThread-5[0;39m | [1;32mcom.zaxxer.hikari.HikariDataSource[0;39m | HikariPool-1 - Shutdown initiated...
2024-04-28 00:30:34 | [34mINFO [0;39m | [1;33mThread-5[0;39m | [1;32mcom.zaxxer.hikari.HikariDataSource[0;39m | HikariPool-1 - Shutdown completed.
2024-04-28 00:30:34 | [34mINFO [0;39m | [1;33mrestartedMain[0;39m | [1;32mcom.manage.AcademicManageApplication[0;39m | Starting AcademicManageApplication using Java 17.0.7 with PID 24856 (D:\demo\academicManage\target\classes started by 16618 in D:\demo\academicManage)
2024-04-28 00:30:34 | [34mINFO [0;39m | [1;33mrestartedMain[0;39m | [1;32mcom.manage.AcademicManageApplication[0;39m | The following 1 profile is active: "jdbc"
2024-04-28 00:30:35 | [34mINFO [0;39m | [1;33mrestartedMain[0;39m | [1;32morg.springframework.boot.web.embedded.tomcat.TomcatWebServer[0;39m | Tomcat initialized with port 8889 (http)
2024-04-28 00:30:35 | [34mINFO [0;39m | [1;33mrestartedMain[0;39m | [1;32morg.apache.catalina.core.StandardService[0;39m | Starting service [Tomcat]
2024-04-28 00:30:35 | [34mINFO [0;39m | [1;33mrestartedMain[0;39m | [1;32morg.apache.catalina.core.StandardEngine[0;39m | Starting Servlet engine: [Apache Tomcat/10.1.18]
2024-04-28 00:30:35 | [34mINFO [0;39m | [1;33mrestartedMain[0;39m | [1;32morg.apache.catalina.core.ContainerBase.[Tomcat].[localhost].[/lyq][0;39m | Initializing Spring embedded WebApplicationContext
2024-04-28 00:30:35 | [34mINFO [0;39m | [1;33mrestartedMain[0;39m | [1;32morg.springframework.boot.web.servlet.context.ServletWebServerApplicationContext[0;39m | Root WebApplicationContext: initialization completed in 365 ms
2024-04-28 00:30:35 | [34mINFO [0;39m | [1;33mrestartedMain[0;39m | [1;32morg.springframework.security.web.DefaultSecurityFilterChain[0;39m | Will secure any request with [org.springframework.security.web.session.DisableEncodeUrlFilter@338c65af, org.springframework.security.web.context.request.async.WebAsyncManagerIntegrationFilter@380f7b29, org.springframework.security.web.context.SecurityContextHolderFilter@2c60ac8b, org.springframework.security.web.header.HeaderWriterFilter@6f768917, org.springframework.web.filter.CorsFilter@4d6c15b, org.springframework.security.web.authentication.logout.LogoutFilter@4efb8dd9, com.manage.security.JwtAuthorizationFilter@54711d41, org.springframework.security.web.authentication.UsernamePasswordAuthenticationFilter@2e5695f2, org.springframework.security.web.savedrequest.RequestCacheAwareFilter@ac0c38, org.springframework.security.web.servletapi.SecurityContextHolderAwareRequestFilter@5bc9030b, org.springframework.security.web.authentication.rememberme.RememberMeAuthenticationFilter@3d940a68, org.springframework.security.web.authentication.AnonymousAuthenticationFilter@5966ba1e, org.springframework.security.web.session.SessionManagementFilter@1b74fae4, org.springframework.security.web.access.ExceptionTranslationFilter@504f85ea, org.springframework.security.web.access.intercept.FilterSecurityInterceptor@46977a4d]
2024-04-28 00:30:35 | [34mINFO [0;39m | [1;33mrestartedMain[0;39m | [1;32morg.springframework.boot.devtools.autoconfigure.OptionalLiveReloadServer[0;39m | LiveReload server is running on port 35729
2024-04-28 00:30:35 | [34mINFO [0;39m | [1;33mrestartedMain[0;39m | [1;32morg.springframework.boot.web.embedded.tomcat.TomcatWebServer[0;39m | Tomcat started on port 8889 (http) with context path '/lyq'
2024-04-28 00:30:35 | [34mINFO [0;39m | [1;33mrestartedMain[0;39m | [1;32mcom.manage.AcademicManageApplication[0;39m | Started AcademicManageApplication in 0.989 seconds (process running for 1441.814)
2024-04-28 00:30:35 | [34mINFO [0;39m | [1;33mrestartedMain[0;39m | [1;32morg.springframework.boot.devtools.autoconfigure.ConditionEvaluationDeltaLoggingListener[0;39m | Condition evaluation unchanged
2024-04-28 00:30:37 | [34mINFO [0;39m | [1;33mFile Watcher[0;39m | [1;32morg.springframework.boot.devtools.autoconfigure.LocalDevToolsAutoConfiguration$RestartingClassPathChangeChangedEventListener[0;39m | Restarting due to 3 class path changes (3 additions, 0 deletions, 0 modifications)
2024-04-28 00:30:37 | [34mINFO [0;39m | [1;33mrestartedMain[0;39m | [1;32mcom.manage.AcademicManageApplication[0;39m | Starting AcademicManageApplication using Java 17.0.7 with PID 24856 (D:\demo\academicManage\target\classes started by 16618 in D:\demo\academicManage)
2024-04-28 00:30:37 | [34mINFO [0;39m | [1;33mrestartedMain[0;39m | [1;32mcom.manage.AcademicManageApplication[0;39m | The following 1 profile is active: "jdbc"
2024-04-28 00:30:37 | [34mINFO [0;39m | [1;33mrestartedMain[0;39m | [1;32morg.springframework.boot.web.embedded.tomcat.TomcatWebServer[0;39m | Tomcat initialized with port 8889 (http)
2024-04-28 00:30:37 | [34mINFO [0;39m | [1;33mrestartedMain[0;39m | [1;32morg.apache.catalina.core.StandardService[0;39m | Starting service [Tomcat]
2024-04-28 00:30:37 | [34mINFO [0;39m | [1;33mrestartedMain[0;39m | [1;32morg.apache.catalina.core.StandardEngine[0;39m | Starting Servlet engine: [Apache Tomcat/10.1.18]
2024-04-28 00:30:37 | [34mINFO [0;39m | [1;33mrestartedMain[0;39m | [1;32morg.apache.catalina.core.ContainerBase.[Tomcat].[localhost].[/lyq][0;39m | Initializing Spring embedded WebApplicationContext
2024-04-28 00:30:37 | [34mINFO [0;39m | [1;33mrestartedMain[0;39m | [1;32morg.springframework.boot.web.servlet.context.ServletWebServerApplicationContext[0;39m | Root WebApplicationContext: initialization completed in 227 ms
2024-04-28 00:30:37 | [34mINFO [0;39m | [1;33mrestartedMain[0;39m | [1;32morg.springframework.security.web.DefaultSecurityFilterChain[0;39m | Will secure any request with [org.springframework.security.web.session.DisableEncodeUrlFilter@3f3e69c3, org.springframework.security.web.context.request.async.WebAsyncManagerIntegrationFilter@5dcd0708, org.springframework.security.web.context.SecurityContextHolderFilter@71963341, org.springframework.security.web.header.HeaderWriterFilter@4056f922, org.springframework.web.filter.CorsFilter@52611e17, org.springframework.security.web.authentication.logout.LogoutFilter@691ce0b6, com.manage.security.JwtAuthorizationFilter@6dc9bf63, org.springframework.security.web.authentication.UsernamePasswordAuthenticationFilter@46108839, org.springframework.security.web.savedrequest.RequestCacheAwareFilter@f9416ea, org.springframework.security.web.servletapi.SecurityContextHolderAwareRequestFilter@542ced78, org.springframework.security.web.authentication.rememberme.RememberMeAuthenticationFilter@7564eaae, org.springframework.security.web.authentication.AnonymousAuthenticationFilter@437ddc3b, org.springframework.security.web.session.SessionManagementFilter@7fe05c2f, org.springframework.security.web.access.ExceptionTranslationFilter@1388738b, org.springframework.security.web.access.intercept.FilterSecurityInterceptor@2645cee4]
2024-04-28 00:30:37 | [34mINFO [0;39m | [1;33mrestartedMain[0;39m | [1;32morg.springframework.boot.devtools.autoconfigure.OptionalLiveReloadServer[0;39m | LiveReload server is running on port 35729
2024-04-28 00:30:37 | [34mINFO [0;39m | [1;33mrestartedMain[0;39m | [1;32morg.springframework.boot.web.embedded.tomcat.TomcatWebServer[0;39m | Tomcat started on port 8889 (http) with context path '/lyq'
2024-04-28 00:30:37 | [34mINFO [0;39m | [1;33mrestartedMain[0;39m | [1;32mcom.manage.AcademicManageApplication[0;39m | Started AcademicManageApplication in 0.653 seconds (process running for 1443.917)
2024-04-28 00:30:37 | [34mINFO [0;39m | [1;33mrestartedMain[0;39m | [1;32morg.springframework.boot.devtools.autoconfigure.ConditionEvaluationDeltaLoggingListener[0;39m | Condition evaluation unchanged
2024-04-28 00:30:40 | [34mINFO [0;39m | [1;33mrestartedMain[0;39m | [1;32mcom.manage.AcademicManageApplication[0;39m | Starting AcademicManageApplication using Java 17.0.7 with PID 25696 (D:\demo\academicManage\target\classes started by 16618 in D:\demo\academicManage)
2024-04-28 00:30:40 | [34mINFO [0;39m | [1;33mrestartedMain[0;39m | [1;32mcom.manage.AcademicManageApplication[0;39m | The following 1 profile is active: "jdbc"
2024-04-28 00:30:40 | [34mINFO [0;39m | [1;33mrestartedMain[0;39m | [1;32morg.springframework.boot.devtools.env.DevToolsPropertyDefaultsPostProcessor[0;39m | Devtools property defaults active! Set 'spring.devtools.add-properties' to 'false' to disable
2024-04-28 00:30:40 | [34mINFO [0;39m | [1;33mrestartedMain[0;39m | [1;32morg.springframework.boot.devtools.env.DevToolsPropertyDefaultsPostProcessor[0;39m | For additional web related logging consider setting the 'logging.level.web' property to 'DEBUG'
2024-04-28 00:30:41 | [34mINFO [0;39m | [1;33mrestartedMain[0;39m | [1;32morg.springframework.boot.web.embedded.tomcat.TomcatWebServer[0;39m | Tomcat initialized with port 8889 (http)
2024-04-28 00:30:41 | [34mINFO [0;39m | [1;33mrestartedMain[0;39m | [1;32morg.apache.catalina.core.StandardService[0;39m | Starting service [Tomcat]
2024-04-28 00:30:41 | [34mINFO [0;39m | [1;33mrestartedMain[0;39m | [1;32morg.apache.catalina.core.StandardEngine[0;39m | Starting Servlet engine: [Apache Tomcat/10.1.18]
2024-04-28 00:30:41 | [34mINFO [0;39m | [1;33mrestartedMain[0;39m | [1;32morg.apache.catalina.core.ContainerBase.[Tomcat].[localhost].[/lyq][0;39m | Initializing Spring embedded WebApplicationContext
2024-04-28 00:30:41 | [34mINFO [0;39m | [1;33mrestartedMain[0;39m | [1;32morg.springframework.boot.web.servlet.context.ServletWebServerApplicationContext[0;39m | Root WebApplicationContext: initialization completed in 953 ms
2024-04-28 00:30:41 | [31mWARN [0;39m | [1;33mrestartedMain[0;39m | [1;32mcom.baomidou.mybatisplus.core.injector.DefaultSqlInjector[0;39m | class com.manage.entity.StuCourse ,Not found @TableId annotation, Cannot use Mybatis-Plus 'xxById' Method.
2024-04-28 00:30:41 | [31mWARN [0;39m | [1;33mrestartedMain[0;39m | [1;32mcom.baomidou.mybatisplus.core.injector.DefaultSqlInjector[0;39m | class com.manage.entity.vo.UserClassVo ,Not found @TableId annotation, Cannot use Mybatis-Plus 'xxById' Method.
2024-04-28 00:30:41 | [31mWARN [0;39m | [1;33mrestartedMain[0;39m | [1;32mcom.baomidou.mybatisplus.core.injector.DefaultSqlInjector[0;39m | class com.manage.entity.vo.UserRoleVo ,Not found @TableId annotation, Cannot use Mybatis-Plus 'xxById' Method.
2024-04-28 00:30:41 | [34mINFO [0;39m | [1;33mrestartedMain[0;39m | [1;32morg.springframework.security.web.DefaultSecurityFilterChain[0;39m | Will secure any request with [org.springframework.security.web.session.DisableEncodeUrlFilter@462bca37, org.springframework.security.web.context.request.async.WebAsyncManagerIntegrationFilter@5cd9e68e, org.springframework.security.web.context.SecurityContextHolderFilter@6dbd5db7, org.springframework.security.web.header.HeaderWriterFilter@1595045a, org.springframework.web.filter.CorsFilter@6e0f0fb6, org.springframework.security.web.authentication.logout.LogoutFilter@767c884f, com.manage.security.JwtAuthorizationFilter@7c25eb21, org.springframework.security.web.authentication.UsernamePasswordAuthenticationFilter@79f5b09a, org.springframework.security.web.savedrequest.RequestCacheAwareFilter@3b316ce7, org.springframework.security.web.servletapi.SecurityContextHolderAwareRequestFilter@6b5add93, org.springframework.security.web.authentication.rememberme.RememberMeAuthenticationFilter@faefb84, org.springframework.security.web.authentication.AnonymousAuthenticationFilter@48ead27e, org.springframework.security.web.session.SessionManagementFilter@5c3682fd, org.springframework.security.web.access.ExceptionTranslationFilter@78425705, org.springframework.security.web.access.intercept.FilterSecurityInterceptor@72a44cf9]
2024-04-28 00:30:42 | [34mINFO [0;39m | [1;33mrestartedMain[0;39m | [1;32morg.springframework.boot.devtools.autoconfigure.OptionalLiveReloadServer[0;39m | LiveReload server is running on port 35729
2024-04-28 00:30:42 | [34mINFO [0;39m | [1;33mrestartedMain[0;39m | [1;32morg.springframework.boot.web.embedded.tomcat.TomcatWebServer[0;39m | Tomcat started on port 8889 (http) with context path '/lyq'
2024-04-28 00:30:42 | [34mINFO [0;39m | [1;33mrestartedMain[0;39m | [1;32mcom.manage.AcademicManageApplication[0;39m | Started AcademicManageApplication in 2.394 seconds (process running for 2.928)
2024-04-28 00:30:59 | [34mINFO [0;39m | [1;33mhttp-nio-8889-exec-1[0;39m | [1;32morg.apache.catalina.core.ContainerBase.[Tomcat].[localhost].[/lyq][0;39m | Initializing Spring DispatcherServlet 'dispatcherServlet'
2024-04-28 00:30:59 | [34mINFO [0;39m | [1;33mhttp-nio-8889-exec-1[0;39m | [1;32morg.springframework.web.servlet.DispatcherServlet[0;39m | Initializing Servlet 'dispatcherServlet'
2024-04-28 00:30:59 | [34mINFO [0;39m | [1;33mhttp-nio-8889-exec-1[0;39m | [1;32morg.springframework.web.servlet.DispatcherServlet[0;39m | Completed initialization in 1 ms
2024-04-28 00:30:59 | [34mINFO [0;39m | [1;33mhttp-nio-8889-exec-3[0;39m | [1;32mcom.zaxxer.hikari.HikariDataSource[0;39m | HikariPool-1 - Starting...
2024-04-28 00:30:59 | [34mINFO [0;39m | [1;33mhttp-nio-8889-exec-3[0;39m | [1;32mcom.zaxxer.hikari.pool.HikariPool[0;39m | HikariPool-1 - Added connection com.mysql.cj.jdbc.ConnectionImpl@1304b94a
2024-04-28 00:30:59 | [34mINFO [0;39m | [1;33mhttp-nio-8889-exec-3[0;39m | [1;32mcom.zaxxer.hikari.HikariDataSource[0;39m | HikariPool-1 - Start completed.
2024-04-28 00:31:22 | [34mINFO [0;39m | [1;33mSpringApplicationShutdownHook[0;39m | [1;32mcom.zaxxer.hikari.HikariDataSource[0;39m | HikariPool-1 - Shutdown initiated...
2024-04-28 00:31:22 | [34mINFO [0;39m | [1;33mSpringApplicationShutdownHook[0;39m | [1;32mcom.zaxxer.hikari.HikariDataSource[0;39m | HikariPool-1 - Shutdown completed.
