2024-04-27 22:41:42 | [34mINFO [0;39m | [1;33mrestartedMain[0;39m | [1;32mcom.manage.AcademicManageApplication[0;39m | Starting AcademicManageApplication using Java 17.0.7 with PID 17652 (D:\demo\academicManage\target\classes started by 16618 in D:\demo\academicManage)
2024-04-27 22:41:42 | [34mINFO [0;39m | [1;33mrestartedMain[0;39m | [1;32mcom.manage.AcademicManageApplication[0;39m | The following 1 profile is active: "jdbc"
2024-04-27 22:41:42 | [34mINFO [0;39m | [1;33mrestartedMain[0;39m | [1;32morg.springframework.boot.devtools.env.DevToolsPropertyDefaultsPostProcessor[0;39m | Devtools property defaults active! Set 'spring.devtools.add-properties' to 'false' to disable
2024-04-27 22:41:42 | [34mINFO [0;39m | [1;33mrestartedMain[0;39m | [1;32morg.springframework.boot.devtools.env.DevToolsPropertyDefaultsPostProcessor[0;39m | For additional web related logging consider setting the 'logging.level.web' property to 'DEBUG'
2024-04-27 22:41:44 | [34mINFO [0;39m | [1;33mrestartedMain[0;39m | [1;32morg.springframework.boot.web.embedded.tomcat.TomcatWebServer[0;39m | Tomcat initialized with port 8889 (http)
2024-04-27 22:41:44 | [34mINFO [0;39m | [1;33mrestartedMain[0;39m | [1;32morg.apache.catalina.core.StandardService[0;39m | Starting service [Tomcat]
2024-04-27 22:41:44 | [34mINFO [0;39m | [1;33mrestartedMain[0;39m | [1;32morg.apache.catalina.core.StandardEngine[0;39m | Starting Servlet engine: [Apache Tomcat/10.1.18]
2024-04-27 22:41:44 | [34mINFO [0;39m | [1;33mrestartedMain[0;39m | [1;32morg.apache.catalina.core.ContainerBase.[Tomcat].[localhost].[/lyq][0;39m | Initializing Spring embedded WebApplicationContext
2024-04-27 22:41:44 | [34mINFO [0;39m | [1;33mrestartedMain[0;39m | [1;32morg.springframework.boot.web.servlet.context.ServletWebServerApplicationContext[0;39m | Root WebApplicationContext: initialization completed in 1855 ms
2024-04-27 22:41:44 | [31mWARN [0;39m | [1;33mrestartedMain[0;39m | [1;32mcom.baomidou.mybatisplus.core.injector.DefaultSqlInjector[0;39m | class com.manage.entity.vo.UserClassVo ,Not found @TableId annotation, Cannot use Mybatis-Plus 'xxById' Method.
2024-04-27 22:41:44 | [31mWARN [0;39m | [1;33mrestartedMain[0;39m | [1;32mcom.baomidou.mybatisplus.core.injector.DefaultSqlInjector[0;39m | class com.manage.entity.vo.UserRoleVo ,Not found @TableId annotation, Cannot use Mybatis-Plus 'xxById' Method.
2024-04-27 22:41:45 | [34mINFO [0;39m | [1;33mrestartedMain[0;39m | [1;32morg.springframework.security.web.DefaultSecurityFilterChain[0;39m | Will secure any request with [org.springframework.security.web.session.DisableEncodeUrlFilter@711daef3, org.springframework.security.web.context.request.async.WebAsyncManagerIntegrationFilter@8116aeb, org.springframework.security.web.context.SecurityContextHolderFilter@30173bbb, org.springframework.security.web.header.HeaderWriterFilter@2051ff6c, org.springframework.web.filter.CorsFilter@399d631b, org.springframework.security.web.authentication.logout.LogoutFilter@7966788c, com.manage.security.JwtAuthorizationFilter@64ffa3c4, org.springframework.security.web.authentication.UsernamePasswordAuthenticationFilter@434a8964, org.springframework.security.web.savedrequest.RequestCacheAwareFilter@683c8783, org.springframework.security.web.servletapi.SecurityContextHolderAwareRequestFilter@70e8026b, org.springframework.security.web.authentication.rememberme.RememberMeAuthenticationFilter@7c806e3d, org.springframework.security.web.authentication.AnonymousAuthenticationFilter@24e6ccb5, org.springframework.security.web.session.SessionManagementFilter@76660503, org.springframework.security.web.access.ExceptionTranslationFilter@3a1544e5, org.springframework.security.web.access.intercept.FilterSecurityInterceptor@2e65c363]
2024-04-27 22:41:45 | [34mINFO [0;39m | [1;33mrestartedMain[0;39m | [1;32morg.springframework.boot.devtools.autoconfigure.OptionalLiveReloadServer[0;39m | LiveReload server is running on port 35729
2024-04-27 22:41:45 | [34mINFO [0;39m | [1;33mrestartedMain[0;39m | [1;32morg.springframework.boot.web.embedded.tomcat.TomcatWebServer[0;39m | Tomcat started on port 8889 (http) with context path '/lyq'
2024-04-27 22:41:45 | [34mINFO [0;39m | [1;33mrestartedMain[0;39m | [1;32mcom.manage.AcademicManageApplication[0;39m | Started AcademicManageApplication in 3.844 seconds (process running for 5.041)
2024-04-27 22:43:09 | [34mINFO [0;39m | [1;33mhttp-nio-8889-exec-1[0;39m | [1;32morg.apache.catalina.core.ContainerBase.[Tomcat].[localhost].[/lyq][0;39m | Initializing Spring DispatcherServlet 'dispatcherServlet'
2024-04-27 22:43:09 | [34mINFO [0;39m | [1;33mhttp-nio-8889-exec-1[0;39m | [1;32morg.springframework.web.servlet.DispatcherServlet[0;39m | Initializing Servlet 'dispatcherServlet'
2024-04-27 22:43:09 | [34mINFO [0;39m | [1;33mhttp-nio-8889-exec-1[0;39m | [1;32morg.springframework.web.servlet.DispatcherServlet[0;39m | Completed initialization in 0 ms
2024-04-27 22:43:10 | [34mINFO [0;39m | [1;33mhttp-nio-8889-exec-1[0;39m | [1;32mcom.zaxxer.hikari.HikariDataSource[0;39m | HikariPool-1 - Starting...
2024-04-27 22:43:10 | [34mINFO [0;39m | [1;33mhttp-nio-8889-exec-1[0;39m | [1;32mcom.zaxxer.hikari.pool.HikariPool[0;39m | HikariPool-1 - Added connection com.mysql.cj.jdbc.ConnectionImpl@5ae91fe3
2024-04-27 22:43:10 | [34mINFO [0;39m | [1;33mhttp-nio-8889-exec-1[0;39m | [1;32mcom.zaxxer.hikari.HikariDataSource[0;39m | HikariPool-1 - Start completed.
2024-04-27 23:09:21 | [34mINFO [0;39m | [1;33mFile Watcher[0;39m | [1;32morg.springframework.boot.devtools.autoconfigure.LocalDevToolsAutoConfiguration$RestartingClassPathChangeChangedEventListener[0;39m | Restarting due to 1 class path change (1 addition, 0 deletions, 0 modifications)
2024-04-27 23:09:21 | [34mINFO [0;39m | [1;33mThread-5[0;39m | [1;32mcom.zaxxer.hikari.HikariDataSource[0;39m | HikariPool-1 - Shutdown initiated...
2024-04-27 23:09:21 | [34mINFO [0;39m | [1;33mThread-5[0;39m | [1;32mcom.zaxxer.hikari.HikariDataSource[0;39m | HikariPool-1 - Shutdown completed.
2024-04-27 23:09:21 | [34mINFO [0;39m | [1;33mrestartedMain[0;39m | [1;32mcom.manage.AcademicManageApplication[0;39m | Starting AcademicManageApplication using Java 17.0.7 with PID 17652 (D:\demo\academicManage\target\classes started by 16618 in D:\demo\academicManage)
2024-04-27 23:09:21 | [34mINFO [0;39m | [1;33mrestartedMain[0;39m | [1;32mcom.manage.AcademicManageApplication[0;39m | The following 1 profile is active: "jdbc"
2024-04-27 23:09:22 | [34mINFO [0;39m | [1;33mrestartedMain[0;39m | [1;32morg.springframework.boot.web.embedded.tomcat.TomcatWebServer[0;39m | Tomcat initialized with port 8889 (http)
2024-04-27 23:09:22 | [34mINFO [0;39m | [1;33mrestartedMain[0;39m | [1;32morg.apache.catalina.core.StandardService[0;39m | Starting service [Tomcat]
2024-04-27 23:09:22 | [34mINFO [0;39m | [1;33mrestartedMain[0;39m | [1;32morg.apache.catalina.core.StandardEngine[0;39m | Starting Servlet engine: [Apache Tomcat/10.1.18]
2024-04-27 23:09:22 | [34mINFO [0;39m | [1;33mrestartedMain[0;39m | [1;32morg.apache.catalina.core.ContainerBase.[Tomcat].[localhost].[/lyq][0;39m | Initializing Spring embedded WebApplicationContext
2024-04-27 23:09:22 | [34mINFO [0;39m | [1;33mrestartedMain[0;39m | [1;32morg.springframework.boot.web.servlet.context.ServletWebServerApplicationContext[0;39m | Root WebApplicationContext: initialization completed in 589 ms
2024-04-27 23:09:22 | [34mINFO [0;39m | [1;33mrestartedMain[0;39m | [1;32morg.springframework.security.web.DefaultSecurityFilterChain[0;39m | Will secure any request with [org.springframework.security.web.session.DisableEncodeUrlFilter@c6aa844, org.springframework.security.web.context.request.async.WebAsyncManagerIntegrationFilter@2fb629c0, org.springframework.security.web.context.SecurityContextHolderFilter@643177e3, org.springframework.security.web.header.HeaderWriterFilter@25d5cf37, org.springframework.web.filter.CorsFilter@53e0eb54, org.springframework.security.web.authentication.logout.LogoutFilter@226e8dee, com.manage.security.JwtAuthorizationFilter@464cc581, org.springframework.security.web.authentication.UsernamePasswordAuthenticationFilter@20ad7939, org.springframework.security.web.savedrequest.RequestCacheAwareFilter@618c69ab, org.springframework.security.web.servletapi.SecurityContextHolderAwareRequestFilter@6aabbeda, org.springframework.security.web.authentication.rememberme.RememberMeAuthenticationFilter@17474e98, org.springframework.security.web.authentication.AnonymousAuthenticationFilter@5572d6d1, org.springframework.security.web.session.SessionManagementFilter@7beb8d19, org.springframework.security.web.access.ExceptionTranslationFilter@79ef9af4, org.springframework.security.web.access.intercept.FilterSecurityInterceptor@3dcb4c25]
2024-04-27 23:09:22 | [34mINFO [0;39m | [1;33mrestartedMain[0;39m | [1;32morg.springframework.boot.devtools.autoconfigure.OptionalLiveReloadServer[0;39m | LiveReload server is running on port 35729
2024-04-27 23:09:22 | [34mINFO [0;39m | [1;33mrestartedMain[0;39m | [1;32morg.springframework.boot.web.embedded.tomcat.TomcatWebServer[0;39m | Tomcat started on port 8889 (http) with context path '/lyq'
2024-04-27 23:09:22 | [34mINFO [0;39m | [1;33mrestartedMain[0;39m | [1;32mcom.manage.AcademicManageApplication[0;39m | Started AcademicManageApplication in 1.154 seconds (process running for 1662.043)
2024-04-27 23:09:22 | [34mINFO [0;39m | [1;33mrestartedMain[0;39m | [1;32morg.springframework.boot.devtools.autoconfigure.ConditionEvaluationDeltaLoggingListener[0;39m | Condition evaluation unchanged
2024-04-27 23:09:45 | [34mINFO [0;39m | [1;33mFile Watcher[0;39m | [1;32morg.springframework.boot.devtools.autoconfigure.LocalDevToolsAutoConfiguration$RestartingClassPathChangeChangedEventListener[0;39m | Restarting due to 1 class path change (0 additions, 0 deletions, 1 modification)
2024-04-27 23:09:45 | [34mINFO [0;39m | [1;33mrestartedMain[0;39m | [1;32mcom.manage.AcademicManageApplication[0;39m | Starting AcademicManageApplication using Java 17.0.7 with PID 17652 (D:\demo\academicManage\target\classes started by 16618 in D:\demo\academicManage)
2024-04-27 23:09:45 | [34mINFO [0;39m | [1;33mrestartedMain[0;39m | [1;32mcom.manage.AcademicManageApplication[0;39m | The following 1 profile is active: "jdbc"
2024-04-27 23:09:45 | [34mINFO [0;39m | [1;33mrestartedMain[0;39m | [1;32morg.springframework.boot.web.embedded.tomcat.TomcatWebServer[0;39m | Tomcat initialized with port 8889 (http)
2024-04-27 23:09:45 | [34mINFO [0;39m | [1;33mrestartedMain[0;39m | [1;32morg.apache.catalina.core.StandardService[0;39m | Starting service [Tomcat]
2024-04-27 23:09:45 | [34mINFO [0;39m | [1;33mrestartedMain[0;39m | [1;32morg.apache.catalina.core.StandardEngine[0;39m | Starting Servlet engine: [Apache Tomcat/10.1.18]
2024-04-27 23:09:45 | [34mINFO [0;39m | [1;33mrestartedMain[0;39m | [1;32morg.apache.catalina.core.ContainerBase.[Tomcat].[localhost].[/lyq][0;39m | Initializing Spring embedded WebApplicationContext
2024-04-27 23:09:45 | [34mINFO [0;39m | [1;33mrestartedMain[0;39m | [1;32morg.springframework.boot.web.servlet.context.ServletWebServerApplicationContext[0;39m | Root WebApplicationContext: initialization completed in 237 ms
2024-04-27 23:09:45 | [34mINFO [0;39m | [1;33mrestartedMain[0;39m | [1;32morg.springframework.security.web.DefaultSecurityFilterChain[0;39m | Will secure any request with [org.springframework.security.web.session.DisableEncodeUrlFilter@32a0642d, org.springframework.security.web.context.request.async.WebAsyncManagerIntegrationFilter@ad0c6ab, org.springframework.security.web.context.SecurityContextHolderFilter@8610082, org.springframework.security.web.header.HeaderWriterFilter@21b5a030, org.springframework.web.filter.CorsFilter@43ac7660, org.springframework.security.web.authentication.logout.LogoutFilter@4b5c1b8, com.manage.security.JwtAuthorizationFilter@cd87e1f, org.springframework.security.web.authentication.UsernamePasswordAuthenticationFilter@33246ac0, org.springframework.security.web.savedrequest.RequestCacheAwareFilter@5b8d9563, org.springframework.security.web.servletapi.SecurityContextHolderAwareRequestFilter@57b51a02, org.springframework.security.web.authentication.rememberme.RememberMeAuthenticationFilter@4cbe13ac, org.springframework.security.web.authentication.AnonymousAuthenticationFilter@3ae8e7de, org.springframework.security.web.session.SessionManagementFilter@522022d6, org.springframework.security.web.access.ExceptionTranslationFilter@7fe59b46, org.springframework.security.web.access.intercept.FilterSecurityInterceptor@54edd4e7]
2024-04-27 23:09:45 | [34mINFO [0;39m | [1;33mrestartedMain[0;39m | [1;32morg.springframework.boot.devtools.autoconfigure.OptionalLiveReloadServer[0;39m | LiveReload server is running on port 35729
2024-04-27 23:09:45 | [34mINFO [0;39m | [1;33mrestartedMain[0;39m | [1;32morg.springframework.boot.web.embedded.tomcat.TomcatWebServer[0;39m | Tomcat started on port 8889 (http) with context path '/lyq'
2024-04-27 23:09:45 | [34mINFO [0;39m | [1;33mrestartedMain[0;39m | [1;32mcom.manage.AcademicManageApplication[0;39m | Started AcademicManageApplication in 0.649 seconds (process running for 1685.103)
2024-04-27 23:09:45 | [34mINFO [0;39m | [1;33mrestartedMain[0;39m | [1;32morg.springframework.boot.devtools.autoconfigure.ConditionEvaluationDeltaLoggingListener[0;39m | Condition evaluation unchanged
2024-04-27 23:09:54 | [34mINFO [0;39m | [1;33mFile Watcher[0;39m | [1;32morg.springframework.boot.devtools.autoconfigure.LocalDevToolsAutoConfiguration$RestartingClassPathChangeChangedEventListener[0;39m | Restarting due to 1 class path change (0 additions, 1 deletion, 0 modifications)
2024-04-27 23:09:54 | [34mINFO [0;39m | [1;33mrestartedMain[0;39m | [1;32mcom.manage.AcademicManageApplication[0;39m | Starting AcademicManageApplication using Java 17.0.7 with PID 17652 (D:\demo\academicManage\target\classes started by 16618 in D:\demo\academicManage)
2024-04-27 23:09:54 | [34mINFO [0;39m | [1;33mrestartedMain[0;39m | [1;32mcom.manage.AcademicManageApplication[0;39m | The following 1 profile is active: "jdbc"
2024-04-27 23:09:54 | [34mINFO [0;39m | [1;33mrestartedMain[0;39m | [1;32morg.springframework.boot.web.embedded.tomcat.TomcatWebServer[0;39m | Tomcat initialized with port 8889 (http)
2024-04-27 23:09:54 | [34mINFO [0;39m | [1;33mrestartedMain[0;39m | [1;32morg.apache.catalina.core.StandardService[0;39m | Starting service [Tomcat]
2024-04-27 23:09:54 | [34mINFO [0;39m | [1;33mrestartedMain[0;39m | [1;32morg.apache.catalina.core.StandardEngine[0;39m | Starting Servlet engine: [Apache Tomcat/10.1.18]
2024-04-27 23:09:54 | [34mINFO [0;39m | [1;33mrestartedMain[0;39m | [1;32morg.apache.catalina.core.ContainerBase.[Tomcat].[localhost].[/lyq][0;39m | Initializing Spring embedded WebApplicationContext
2024-04-27 23:09:54 | [34mINFO [0;39m | [1;33mrestartedMain[0;39m | [1;32morg.springframework.boot.web.servlet.context.ServletWebServerApplicationContext[0;39m | Root WebApplicationContext: initialization completed in 286 ms
2024-04-27 23:09:55 | [34mINFO [0;39m | [1;33mrestartedMain[0;39m | [1;32morg.springframework.security.web.DefaultSecurityFilterChain[0;39m | Will secure any request with [org.springframework.security.web.session.DisableEncodeUrlFilter@3c528a, org.springframework.security.web.context.request.async.WebAsyncManagerIntegrationFilter@1f0a1dc1, org.springframework.security.web.context.SecurityContextHolderFilter@2532bbf4, org.springframework.security.web.header.HeaderWriterFilter@42ec36fc, org.springframework.web.filter.CorsFilter@2e99c2c9, org.springframework.security.web.authentication.logout.LogoutFilter@67f34eb1, com.manage.security.JwtAuthorizationFilter@45156da1, org.springframework.security.web.authentication.UsernamePasswordAuthenticationFilter@9780bc0, org.springframework.security.web.savedrequest.RequestCacheAwareFilter@6fc034a3, org.springframework.security.web.servletapi.SecurityContextHolderAwareRequestFilter@4c38a471, org.springframework.security.web.authentication.rememberme.RememberMeAuthenticationFilter@ea2db2, org.springframework.security.web.authentication.AnonymousAuthenticationFilter@18f8fc09, org.springframework.security.web.session.SessionManagementFilter@64dffa5f, org.springframework.security.web.access.ExceptionTranslationFilter@5f22a342, org.springframework.security.web.access.intercept.FilterSecurityInterceptor@4ef28dbc]
2024-04-27 23:09:55 | [34mINFO [0;39m | [1;33mrestartedMain[0;39m | [1;32morg.springframework.boot.devtools.autoconfigure.OptionalLiveReloadServer[0;39m | LiveReload server is running on port 35729
2024-04-27 23:09:55 | [34mINFO [0;39m | [1;33mrestartedMain[0;39m | [1;32morg.springframework.boot.web.embedded.tomcat.TomcatWebServer[0;39m | Tomcat started on port 8889 (http) with context path '/lyq'
2024-04-27 23:09:55 | [34mINFO [0;39m | [1;33mrestartedMain[0;39m | [1;32mcom.manage.AcademicManageApplication[0;39m | Started AcademicManageApplication in 0.759 seconds (process running for 1694.53)
2024-04-27 23:09:55 | [34mINFO [0;39m | [1;33mrestartedMain[0;39m | [1;32morg.springframework.boot.devtools.autoconfigure.ConditionEvaluationDeltaLoggingListener[0;39m | Condition evaluation unchanged
2024-04-27 23:09:56 | [34mINFO [0;39m | [1;33mFile Watcher[0;39m | [1;32morg.springframework.boot.devtools.autoconfigure.LocalDevToolsAutoConfiguration$RestartingClassPathChangeChangedEventListener[0;39m | Restarting due to 1 class path change (1 addition, 0 deletions, 0 modifications)
2024-04-27 23:09:56 | [34mINFO [0;39m | [1;33mrestartedMain[0;39m | [1;32mcom.manage.AcademicManageApplication[0;39m | Starting AcademicManageApplication using Java 17.0.7 with PID 17652 (D:\demo\academicManage\target\classes started by 16618 in D:\demo\academicManage)
2024-04-27 23:09:56 | [34mINFO [0;39m | [1;33mrestartedMain[0;39m | [1;32mcom.manage.AcademicManageApplication[0;39m | The following 1 profile is active: "jdbc"
2024-04-27 23:09:57 | [34mINFO [0;39m | [1;33mrestartedMain[0;39m | [1;32morg.springframework.boot.web.embedded.tomcat.TomcatWebServer[0;39m | Tomcat initialized with port 8889 (http)
2024-04-27 23:09:57 | [34mINFO [0;39m | [1;33mrestartedMain[0;39m | [1;32morg.apache.catalina.core.StandardService[0;39m | Starting service [Tomcat]
2024-04-27 23:09:57 | [34mINFO [0;39m | [1;33mrestartedMain[0;39m | [1;32morg.apache.catalina.core.StandardEngine[0;39m | Starting Servlet engine: [Apache Tomcat/10.1.18]
2024-04-27 23:09:57 | [34mINFO [0;39m | [1;33mrestartedMain[0;39m | [1;32morg.apache.catalina.core.ContainerBase.[Tomcat].[localhost].[/lyq][0;39m | Initializing Spring embedded WebApplicationContext
2024-04-27 23:09:57 | [34mINFO [0;39m | [1;33mrestartedMain[0;39m | [1;32morg.springframework.boot.web.servlet.context.ServletWebServerApplicationContext[0;39m | Root WebApplicationContext: initialization completed in 213 ms
2024-04-27 23:09:57 | [34mINFO [0;39m | [1;33mrestartedMain[0;39m | [1;32morg.springframework.security.web.DefaultSecurityFilterChain[0;39m | Will secure any request with [org.springframework.security.web.session.DisableEncodeUrlFilter@17c7456b, org.springframework.security.web.context.request.async.WebAsyncManagerIntegrationFilter@1301c7c6, org.springframework.security.web.context.SecurityContextHolderFilter@6f4b2efb, org.springframework.security.web.header.HeaderWriterFilter@3c0ddfee, org.springframework.web.filter.CorsFilter@5c819793, org.springframework.security.web.authentication.logout.LogoutFilter@127f4f2, com.manage.security.JwtAuthorizationFilter@a3f908b, org.springframework.security.web.authentication.UsernamePasswordAuthenticationFilter@495536ff, org.springframework.security.web.savedrequest.RequestCacheAwareFilter@2f3ce0c1, org.springframework.security.web.servletapi.SecurityContextHolderAwareRequestFilter@7d9ca867, org.springframework.security.web.authentication.rememberme.RememberMeAuthenticationFilter@51926022, org.springframework.security.web.authentication.AnonymousAuthenticationFilter@4c01cb08, org.springframework.security.web.session.SessionManagementFilter@3b5e34aa, org.springframework.security.web.access.ExceptionTranslationFilter@52d24ca7, org.springframework.security.web.access.intercept.FilterSecurityInterceptor@62310b8f]
2024-04-27 23:09:57 | [34mINFO [0;39m | [1;33mrestartedMain[0;39m | [1;32morg.springframework.boot.devtools.autoconfigure.OptionalLiveReloadServer[0;39m | LiveReload server is running on port 35729
2024-04-27 23:09:57 | [34mINFO [0;39m | [1;33mrestartedMain[0;39m | [1;32morg.springframework.boot.web.embedded.tomcat.TomcatWebServer[0;39m | Tomcat started on port 8889 (http) with context path '/lyq'
2024-04-27 23:09:57 | [34mINFO [0;39m | [1;33mrestartedMain[0;39m | [1;32mcom.manage.AcademicManageApplication[0;39m | Started AcademicManageApplication in 0.6 seconds (process running for 1696.609)
2024-04-27 23:09:57 | [34mINFO [0;39m | [1;33mrestartedMain[0;39m | [1;32morg.springframework.boot.devtools.autoconfigure.ConditionEvaluationDeltaLoggingListener[0;39m | Condition evaluation unchanged
2024-04-27 23:10:30 | [34mINFO [0;39m | [1;33mFile Watcher[0;39m | [1;32morg.springframework.boot.devtools.autoconfigure.LocalDevToolsAutoConfiguration$RestartingClassPathChangeChangedEventListener[0;39m | Restarting due to 1 class path change (0 additions, 1 deletion, 0 modifications)
2024-04-27 23:10:30 | [34mINFO [0;39m | [1;33mrestartedMain[0;39m | [1;32mcom.manage.AcademicManageApplication[0;39m | Starting AcademicManageApplication using Java 17.0.7 with PID 17652 (D:\demo\academicManage\target\classes started by 16618 in D:\demo\academicManage)
2024-04-27 23:10:30 | [34mINFO [0;39m | [1;33mrestartedMain[0;39m | [1;32mcom.manage.AcademicManageApplication[0;39m | The following 1 profile is active: "jdbc"
2024-04-27 23:10:30 | [34mINFO [0;39m | [1;33mrestartedMain[0;39m | [1;32morg.springframework.boot.web.embedded.tomcat.TomcatWebServer[0;39m | Tomcat initialized with port 8889 (http)
2024-04-27 23:10:30 | [34mINFO [0;39m | [1;33mrestartedMain[0;39m | [1;32morg.apache.catalina.core.StandardService[0;39m | Starting service [Tomcat]
2024-04-27 23:10:30 | [34mINFO [0;39m | [1;33mrestartedMain[0;39m | [1;32morg.apache.catalina.core.StandardEngine[0;39m | Starting Servlet engine: [Apache Tomcat/10.1.18]
2024-04-27 23:10:30 | [34mINFO [0;39m | [1;33mrestartedMain[0;39m | [1;32morg.apache.catalina.core.ContainerBase.[Tomcat].[localhost].[/lyq][0;39m | Initializing Spring embedded WebApplicationContext
2024-04-27 23:10:30 | [34mINFO [0;39m | [1;33mrestartedMain[0;39m | [1;32morg.springframework.boot.web.servlet.context.ServletWebServerApplicationContext[0;39m | Root WebApplicationContext: initialization completed in 274 ms
2024-04-27 23:10:31 | [34mINFO [0;39m | [1;33mrestartedMain[0;39m | [1;32morg.springframework.security.web.DefaultSecurityFilterChain[0;39m | Will secure any request with [org.springframework.security.web.session.DisableEncodeUrlFilter@7eb7f513, org.springframework.security.web.context.request.async.WebAsyncManagerIntegrationFilter@72c3a7d2, org.springframework.security.web.context.SecurityContextHolderFilter@12ea642a, org.springframework.security.web.header.HeaderWriterFilter@d7fe52d, org.springframework.web.filter.CorsFilter@4e5f7e68, org.springframework.security.web.authentication.logout.LogoutFilter@2db6ebec, com.manage.security.JwtAuthorizationFilter@26598218, org.springframework.security.web.authentication.UsernamePasswordAuthenticationFilter@4f0a693c, org.springframework.security.web.savedrequest.RequestCacheAwareFilter@7fd3b1af, org.springframework.security.web.servletapi.SecurityContextHolderAwareRequestFilter@df765f5, org.springframework.security.web.authentication.rememberme.RememberMeAuthenticationFilter@796475e5, org.springframework.security.web.authentication.AnonymousAuthenticationFilter@68d5aa4c, org.springframework.security.web.session.SessionManagementFilter@6dd19f79, org.springframework.security.web.access.ExceptionTranslationFilter@3f8a4bcb, org.springframework.security.web.access.intercept.FilterSecurityInterceptor@47d25641]
2024-04-27 23:10:31 | [34mINFO [0;39m | [1;33mrestartedMain[0;39m | [1;32morg.springframework.boot.devtools.autoconfigure.OptionalLiveReloadServer[0;39m | LiveReload server is running on port 35729
2024-04-27 23:10:31 | [34mINFO [0;39m | [1;33mrestartedMain[0;39m | [1;32morg.springframework.boot.web.embedded.tomcat.TomcatWebServer[0;39m | Tomcat started on port 8889 (http) with context path '/lyq'
2024-04-27 23:10:31 | [34mINFO [0;39m | [1;33mrestartedMain[0;39m | [1;32mcom.manage.AcademicManageApplication[0;39m | Started AcademicManageApplication in 0.832 seconds (process running for 1730.694)
2024-04-27 23:10:31 | [34mINFO [0;39m | [1;33mrestartedMain[0;39m | [1;32morg.springframework.boot.devtools.autoconfigure.ConditionEvaluationDeltaLoggingListener[0;39m | Condition evaluation unchanged
2024-04-27 23:10:32 | [34mINFO [0;39m | [1;33mFile Watcher[0;39m | [1;32morg.springframework.boot.devtools.autoconfigure.LocalDevToolsAutoConfiguration$RestartingClassPathChangeChangedEventListener[0;39m | Restarting due to 1 class path change (1 addition, 0 deletions, 0 modifications)
2024-04-27 23:10:33 | [34mINFO [0;39m | [1;33mrestartedMain[0;39m | [1;32mcom.manage.AcademicManageApplication[0;39m | Starting AcademicManageApplication using Java 17.0.7 with PID 17652 (D:\demo\academicManage\target\classes started by 16618 in D:\demo\academicManage)
2024-04-27 23:10:33 | [34mINFO [0;39m | [1;33mrestartedMain[0;39m | [1;32mcom.manage.AcademicManageApplication[0;39m | The following 1 profile is active: "jdbc"
2024-04-27 23:10:33 | [34mINFO [0;39m | [1;33mrestartedMain[0;39m | [1;32morg.springframework.boot.web.embedded.tomcat.TomcatWebServer[0;39m | Tomcat initialized with port 8889 (http)
2024-04-27 23:10:33 | [34mINFO [0;39m | [1;33mrestartedMain[0;39m | [1;32morg.apache.catalina.core.StandardService[0;39m | Starting service [Tomcat]
2024-04-27 23:10:33 | [34mINFO [0;39m | [1;33mrestartedMain[0;39m | [1;32morg.apache.catalina.core.StandardEngine[0;39m | Starting Servlet engine: [Apache Tomcat/10.1.18]
2024-04-27 23:10:33 | [34mINFO [0;39m | [1;33mrestartedMain[0;39m | [1;32morg.apache.catalina.core.ContainerBase.[Tomcat].[localhost].[/lyq][0;39m | Initializing Spring embedded WebApplicationContext
2024-04-27 23:10:33 | [34mINFO [0;39m | [1;33mrestartedMain[0;39m | [1;32morg.springframework.boot.web.servlet.context.ServletWebServerApplicationContext[0;39m | Root WebApplicationContext: initialization completed in 219 ms
2024-04-27 23:10:33 | [34mINFO [0;39m | [1;33mrestartedMain[0;39m | [1;32morg.springframework.security.web.DefaultSecurityFilterChain[0;39m | Will secure any request with [org.springframework.security.web.session.DisableEncodeUrlFilter@42874551, org.springframework.security.web.context.request.async.WebAsyncManagerIntegrationFilter@249bd1e2, org.springframework.security.web.context.SecurityContextHolderFilter@5caa41ef, org.springframework.security.web.header.HeaderWriterFilter@13e53927, org.springframework.web.filter.CorsFilter@13753a28, org.springframework.security.web.authentication.logout.LogoutFilter@2b1b376b, com.manage.security.JwtAuthorizationFilter@30c65c00, org.springframework.security.web.authentication.UsernamePasswordAuthenticationFilter@3cf7779a, org.springframework.security.web.savedrequest.RequestCacheAwareFilter@410ade2c, org.springframework.security.web.servletapi.SecurityContextHolderAwareRequestFilter@7b1cfb2b, org.springframework.security.web.authentication.rememberme.RememberMeAuthenticationFilter@20ae168c, org.springframework.security.web.authentication.AnonymousAuthenticationFilter@66fcaff, org.springframework.security.web.session.SessionManagementFilter@313df9ea, org.springframework.security.web.access.ExceptionTranslationFilter@2b36d17f, org.springframework.security.web.access.intercept.FilterSecurityInterceptor@743191ca]
2024-04-27 23:10:33 | [34mINFO [0;39m | [1;33mrestartedMain[0;39m | [1;32morg.springframework.boot.devtools.autoconfigure.OptionalLiveReloadServer[0;39m | LiveReload server is running on port 35729
2024-04-27 23:10:33 | [34mINFO [0;39m | [1;33mrestartedMain[0;39m | [1;32morg.springframework.boot.web.embedded.tomcat.TomcatWebServer[0;39m | Tomcat started on port 8889 (http) with context path '/lyq'
2024-04-27 23:10:33 | [34mINFO [0;39m | [1;33mrestartedMain[0;39m | [1;32mcom.manage.AcademicManageApplication[0;39m | Started AcademicManageApplication in 0.612 seconds (process running for 1732.78)
2024-04-27 23:10:33 | [34mINFO [0;39m | [1;33mrestartedMain[0;39m | [1;32morg.springframework.boot.devtools.autoconfigure.ConditionEvaluationDeltaLoggingListener[0;39m | Condition evaluation unchanged
2024-04-27 23:20:05 | [34mINFO [0;39m | [1;33mFile Watcher[0;39m | [1;32morg.springframework.boot.devtools.autoconfigure.LocalDevToolsAutoConfiguration$RestartingClassPathChangeChangedEventListener[0;39m | Restarting due to 9 class path changes (1 addition, 8 deletions, 0 modifications)
2024-04-27 23:20:05 | [34mINFO [0;39m | [1;33mrestartedMain[0;39m | [1;32mcom.manage.AcademicManageApplication[0;39m | Starting AcademicManageApplication using Java 17.0.7 with PID 17652 (D:\demo\academicManage\target\classes started by 16618 in D:\demo\academicManage)
2024-04-27 23:20:05 | [34mINFO [0;39m | [1;33mrestartedMain[0;39m | [1;32mcom.manage.AcademicManageApplication[0;39m | The following 1 profile is active: "jdbc"
2024-04-27 23:20:06 | [34mINFO [0;39m | [1;33mrestartedMain[0;39m | [1;32morg.springframework.boot.web.embedded.tomcat.TomcatWebServer[0;39m | Tomcat initialized with port 8889 (http)
2024-04-27 23:20:06 | [34mINFO [0;39m | [1;33mrestartedMain[0;39m | [1;32morg.apache.catalina.core.StandardService[0;39m | Starting service [Tomcat]
2024-04-27 23:20:06 | [34mINFO [0;39m | [1;33mrestartedMain[0;39m | [1;32morg.apache.catalina.core.StandardEngine[0;39m | Starting Servlet engine: [Apache Tomcat/10.1.18]
2024-04-27 23:20:06 | [34mINFO [0;39m | [1;33mrestartedMain[0;39m | [1;32morg.apache.catalina.core.ContainerBase.[Tomcat].[localhost].[/lyq][0;39m | Initializing Spring embedded WebApplicationContext
2024-04-27 23:20:06 | [34mINFO [0;39m | [1;33mrestartedMain[0;39m | [1;32morg.springframework.boot.web.servlet.context.ServletWebServerApplicationContext[0;39m | Root WebApplicationContext: initialization completed in 352 ms
2024-04-27 23:20:06 | [34mINFO [0;39m | [1;33mrestartedMain[0;39m | [1;32morg.apache.catalina.core.StandardService[0;39m | Stopping service [Tomcat]
2024-04-27 23:20:06 | [31mWARN [0;39m | [1;33mrestartedMain[0;39m | [1;32morg.springframework.boot.web.servlet.context.AnnotationConfigServletWebServerApplicationContext[0;39m | Exception encountered during context initialization - cancelling refresh attempt: org.springframework.context.ApplicationContextException: Unable to start web server
2024-04-27 23:20:06 | [34mINFO [0;39m | [1;33mrestartedMain[0;39m | [1;32morg.springframework.boot.autoconfigure.logging.ConditionEvaluationReportLogger[0;39m | 

Error starting ApplicationContext. To display the condition evaluation report re-run your application with 'debug' enabled.
2024-04-27 23:20:33 | [34mINFO [0;39m | [1;33mrestartedMain[0;39m | [1;32mcom.manage.AcademicManageApplication[0;39m | Starting AcademicManageApplication using Java 17.0.7 with PID 17652 (D:\demo\academicManage\target\classes started by 16618 in D:\demo\academicManage)
2024-04-27 23:20:33 | [34mINFO [0;39m | [1;33mrestartedMain[0;39m | [1;32mcom.manage.AcademicManageApplication[0;39m | The following 1 profile is active: "jdbc"
2024-04-27 23:20:33 | [31mWARN [0;39m | [1;33mrestartedMain[0;39m | [1;32morg.springframework.boot.web.servlet.context.AnnotationConfigServletWebServerApplicationContext[0;39m | Exception encountered during context initialization - cancelling refresh attempt: java.lang.IllegalStateException: Error processing condition on org.springframework.boot.autoconfigure.context.PropertyPlaceholderAutoConfiguration.propertySourcesPlaceholderConfigurer
2024-04-27 23:20:33 | [34mINFO [0;39m | [1;33mrestartedMain[0;39m | [1;32morg.springframework.boot.autoconfigure.logging.ConditionEvaluationReportLogger[0;39m | 

Error starting ApplicationContext. To display the condition evaluation report re-run your application with 'debug' enabled.
2024-04-27 23:20:57 | [34mINFO [0;39m | [1;33mrestartedMain[0;39m | [1;32mcom.manage.AcademicManageApplication[0;39m | Starting AcademicManageApplication using Java 17.0.7 with PID 17652 (D:\demo\academicManage\target\classes started by 16618 in D:\demo\academicManage)
2024-04-27 23:20:57 | [34mINFO [0;39m | [1;33mrestartedMain[0;39m | [1;32mcom.manage.AcademicManageApplication[0;39m | The following 1 profile is active: "jdbc"
2024-04-27 23:20:57 | [34mINFO [0;39m | [1;33mrestartedMain[0;39m | [1;32morg.springframework.boot.web.embedded.tomcat.TomcatWebServer[0;39m | Tomcat initialized with port 8889 (http)
2024-04-27 23:20:57 | [34mINFO [0;39m | [1;33mrestartedMain[0;39m | [1;32morg.apache.catalina.core.StandardService[0;39m | Starting service [Tomcat]
2024-04-27 23:20:57 | [34mINFO [0;39m | [1;33mrestartedMain[0;39m | [1;32morg.apache.catalina.core.StandardEngine[0;39m | Starting Servlet engine: [Apache Tomcat/10.1.18]
2024-04-27 23:20:57 | [34mINFO [0;39m | [1;33mrestartedMain[0;39m | [1;32morg.apache.catalina.core.ContainerBase.[Tomcat-1].[localhost].[/lyq][0;39m | Initializing Spring embedded WebApplicationContext
2024-04-27 23:20:57 | [34mINFO [0;39m | [1;33mrestartedMain[0;39m | [1;32morg.springframework.boot.web.servlet.context.ServletWebServerApplicationContext[0;39m | Root WebApplicationContext: initialization completed in 353 ms
2024-04-27 23:20:58 | [31mWARN [0;39m | [1;33mrestartedMain[0;39m | [1;32morg.springframework.boot.web.servlet.context.AnnotationConfigServletWebServerApplicationContext[0;39m | Exception encountered during context initialization - cancelling refresh attempt: org.springframework.beans.factory.UnsatisfiedDependencyException: Error creating bean with name 'classController': Unsatisfied dependency expressed through field 'classService': No qualifying bean of type 'com.manage.service.ClassService' available: expected at least 1 bean which qualifies as autowire candidate. Dependency annotations: {@org.springframework.beans.factory.annotation.Autowired(required=true)}
2024-04-27 23:20:58 | [34mINFO [0;39m | [1;33mrestartedMain[0;39m | [1;32morg.apache.catalina.core.StandardService[0;39m | Stopping service [Tomcat]
2024-04-27 23:20:58 | [34mINFO [0;39m | [1;33mrestartedMain[0;39m | [1;32morg.springframework.boot.autoconfigure.logging.ConditionEvaluationReportLogger[0;39m | 

Error starting ApplicationContext. To display the condition evaluation report re-run your application with 'debug' enabled.
2024-04-27 23:23:56 | [34mINFO [0;39m | [1;33mrestartedMain[0;39m | [1;32mcom.manage.AcademicManageApplication[0;39m | Starting AcademicManageApplication using Java 17.0.7 with PID 17652 (D:\demo\academicManage\target\classes started by 16618 in D:\demo\academicManage)
2024-04-27 23:23:56 | [34mINFO [0;39m | [1;33mrestartedMain[0;39m | [1;32mcom.manage.AcademicManageApplication[0;39m | The following 1 profile is active: "jdbc"
2024-04-27 23:23:56 | [34mINFO [0;39m | [1;33mrestartedMain[0;39m | [1;32morg.springframework.boot.web.embedded.tomcat.TomcatWebServer[0;39m | Tomcat initialized with port 8889 (http)
2024-04-27 23:23:56 | [34mINFO [0;39m | [1;33mrestartedMain[0;39m | [1;32morg.apache.catalina.core.StandardService[0;39m | Starting service [Tomcat]
2024-04-27 23:23:56 | [34mINFO [0;39m | [1;33mrestartedMain[0;39m | [1;32morg.apache.catalina.core.StandardEngine[0;39m | Starting Servlet engine: [Apache Tomcat/10.1.18]
2024-04-27 23:23:56 | [34mINFO [0;39m | [1;33mrestartedMain[0;39m | [1;32morg.apache.catalina.core.ContainerBase.[Tomcat-2].[localhost].[/lyq][0;39m | Initializing Spring embedded WebApplicationContext
2024-04-27 23:23:56 | [34mINFO [0;39m | [1;33mrestartedMain[0;39m | [1;32morg.springframework.boot.web.servlet.context.ServletWebServerApplicationContext[0;39m | Root WebApplicationContext: initialization completed in 191 ms
2024-04-27 23:23:56 | [31mWARN [0;39m | [1;33mrestartedMain[0;39m | [1;32morg.springframework.boot.web.servlet.context.AnnotationConfigServletWebServerApplicationContext[0;39m | Exception encountered during context initialization - cancelling refresh attempt: org.springframework.beans.factory.UnsatisfiedDependencyException: Error creating bean with name 'classController': Unsatisfied dependency expressed through field 'classService': No qualifying bean of type 'com.manage.service.ClassService' available: expected at least 1 bean which qualifies as autowire candidate. Dependency annotations: {@org.springframework.beans.factory.annotation.Autowired(required=true)}
2024-04-27 23:23:56 | [34mINFO [0;39m | [1;33mrestartedMain[0;39m | [1;32morg.apache.catalina.core.StandardService[0;39m | Stopping service [Tomcat]
2024-04-27 23:23:56 | [34mINFO [0;39m | [1;33mrestartedMain[0;39m | [1;32morg.springframework.boot.autoconfigure.logging.ConditionEvaluationReportLogger[0;39m | 

Error starting ApplicationContext. To display the condition evaluation report re-run your application with 'debug' enabled.
2024-04-27 23:25:03 | [34mINFO [0;39m | [1;33mrestartedMain[0;39m | [1;32mcom.manage.AcademicManageApplication[0;39m | Starting AcademicManageApplication using Java 17.0.7 with PID 29944 (D:\demo\academicManage\target\classes started by 16618 in D:\demo\academicManage)
2024-04-27 23:25:03 | [34mINFO [0;39m | [1;33mrestartedMain[0;39m | [1;32mcom.manage.AcademicManageApplication[0;39m | The following 1 profile is active: "jdbc"
2024-04-27 23:25:03 | [34mINFO [0;39m | [1;33mrestartedMain[0;39m | [1;32morg.springframework.boot.devtools.env.DevToolsPropertyDefaultsPostProcessor[0;39m | Devtools property defaults active! Set 'spring.devtools.add-properties' to 'false' to disable
2024-04-27 23:25:03 | [34mINFO [0;39m | [1;33mrestartedMain[0;39m | [1;32morg.springframework.boot.devtools.env.DevToolsPropertyDefaultsPostProcessor[0;39m | For additional web related logging consider setting the 'logging.level.web' property to 'DEBUG'
2024-04-27 23:25:04 | [34mINFO [0;39m | [1;33mrestartedMain[0;39m | [1;32morg.springframework.boot.web.embedded.tomcat.TomcatWebServer[0;39m | Tomcat initialized with port 8889 (http)
2024-04-27 23:25:04 | [34mINFO [0;39m | [1;33mrestartedMain[0;39m | [1;32morg.apache.catalina.core.StandardService[0;39m | Starting service [Tomcat]
2024-04-27 23:25:04 | [34mINFO [0;39m | [1;33mrestartedMain[0;39m | [1;32morg.apache.catalina.core.StandardEngine[0;39m | Starting Servlet engine: [Apache Tomcat/10.1.18]
2024-04-27 23:25:05 | [34mINFO [0;39m | [1;33mrestartedMain[0;39m | [1;32morg.apache.catalina.core.ContainerBase.[Tomcat].[localhost].[/lyq][0;39m | Initializing Spring embedded WebApplicationContext
2024-04-27 23:25:05 | [34mINFO [0;39m | [1;33mrestartedMain[0;39m | [1;32morg.springframework.boot.web.servlet.context.ServletWebServerApplicationContext[0;39m | Root WebApplicationContext: initialization completed in 1177 ms
2024-04-27 23:25:05 | [31mWARN [0;39m | [1;33mrestartedMain[0;39m | [1;32mcom.baomidou.mybatisplus.core.injector.DefaultSqlInjector[0;39m | class com.manage.entity.StuCourse ,Not found @TableId annotation, Cannot use Mybatis-Plus 'xxById' Method.
2024-04-27 23:25:05 | [31mWARN [0;39m | [1;33mrestartedMain[0;39m | [1;32mcom.baomidou.mybatisplus.core.injector.DefaultSqlInjector[0;39m | class com.manage.entity.vo.UserClassVo ,Not found @TableId annotation, Cannot use Mybatis-Plus 'xxById' Method.
2024-04-27 23:25:05 | [31mWARN [0;39m | [1;33mrestartedMain[0;39m | [1;32mcom.baomidou.mybatisplus.core.injector.DefaultSqlInjector[0;39m | class com.manage.entity.vo.UserRoleVo ,Not found @TableId annotation, Cannot use Mybatis-Plus 'xxById' Method.
2024-04-27 23:25:05 | [34mINFO [0;39m | [1;33mrestartedMain[0;39m | [1;32morg.springframework.security.web.DefaultSecurityFilterChain[0;39m | Will secure any request with [org.springframework.security.web.session.DisableEncodeUrlFilter@4db9d991, org.springframework.security.web.context.request.async.WebAsyncManagerIntegrationFilter@4d1602fc, org.springframework.security.web.context.SecurityContextHolderFilter@7c806e3d, org.springframework.security.web.header.HeaderWriterFilter@446d9476, org.springframework.web.filter.CorsFilter@39ec26b, org.springframework.security.web.authentication.logout.LogoutFilter@3b5fa73c, com.manage.security.JwtAuthorizationFilter@422b7a36, org.springframework.security.web.authentication.UsernamePasswordAuthenticationFilter@16cd68bc, org.springframework.security.web.savedrequest.RequestCacheAwareFilter@73bac121, org.springframework.security.web.servletapi.SecurityContextHolderAwareRequestFilter@2ead4e1f, org.springframework.security.web.authentication.rememberme.RememberMeAuthenticationFilter@34946fc2, org.springframework.security.web.authentication.AnonymousAuthenticationFilter@4a0ccb8, org.springframework.security.web.session.SessionManagementFilter@9189209, org.springframework.security.web.access.ExceptionTranslationFilter@4980730f, org.springframework.security.web.access.intercept.FilterSecurityInterceptor@7b5bfc1]
2024-04-27 23:25:06 | [34mINFO [0;39m | [1;33mrestartedMain[0;39m | [1;32morg.springframework.boot.devtools.autoconfigure.OptionalLiveReloadServer[0;39m | LiveReload server is running on port 35729
2024-04-27 23:25:06 | [34mINFO [0;39m | [1;33mrestartedMain[0;39m | [1;32morg.springframework.boot.web.embedded.tomcat.TomcatWebServer[0;39m | Tomcat started on port 8889 (http) with context path '/lyq'
2024-04-27 23:25:06 | [34mINFO [0;39m | [1;33mrestartedMain[0;39m | [1;32mcom.manage.AcademicManageApplication[0;39m | Started AcademicManageApplication in 2.745 seconds (process running for 3.512)
2024-04-27 23:25:36 | [34mINFO [0;39m | [1;33mhttp-nio-8889-exec-2[0;39m | [1;32morg.apache.catalina.core.ContainerBase.[Tomcat].[localhost].[/lyq][0;39m | Initializing Spring DispatcherServlet 'dispatcherServlet'
2024-04-27 23:25:36 | [34mINFO [0;39m | [1;33mhttp-nio-8889-exec-2[0;39m | [1;32morg.springframework.web.servlet.DispatcherServlet[0;39m | Initializing Servlet 'dispatcherServlet'
2024-04-27 23:25:36 | [34mINFO [0;39m | [1;33mhttp-nio-8889-exec-2[0;39m | [1;32morg.springframework.web.servlet.DispatcherServlet[0;39m | Completed initialization in 1 ms
2024-04-27 23:26:49 | [34mINFO [0;39m | [1;33mrestartedMain[0;39m | [1;32mcom.manage.AcademicManageApplication[0;39m | Starting AcademicManageApplication using Java 17.0.7 with PID 17324 (D:\demo\academicManage\target\classes started by 16618 in D:\demo\academicManage)
2024-04-27 23:26:49 | [34mINFO [0;39m | [1;33mrestartedMain[0;39m | [1;32mcom.manage.AcademicManageApplication[0;39m | The following 1 profile is active: "jdbc"
2024-04-27 23:26:49 | [34mINFO [0;39m | [1;33mrestartedMain[0;39m | [1;32morg.springframework.boot.devtools.env.DevToolsPropertyDefaultsPostProcessor[0;39m | Devtools property defaults active! Set 'spring.devtools.add-properties' to 'false' to disable
2024-04-27 23:26:49 | [34mINFO [0;39m | [1;33mrestartedMain[0;39m | [1;32morg.springframework.boot.devtools.env.DevToolsPropertyDefaultsPostProcessor[0;39m | For additional web related logging consider setting the 'logging.level.web' property to 'DEBUG'
2024-04-27 23:26:50 | [34mINFO [0;39m | [1;33mrestartedMain[0;39m | [1;32morg.springframework.boot.web.embedded.tomcat.TomcatWebServer[0;39m | Tomcat initialized with port 8889 (http)
2024-04-27 23:26:50 | [34mINFO [0;39m | [1;33mrestartedMain[0;39m | [1;32morg.apache.catalina.core.StandardService[0;39m | Starting service [Tomcat]
2024-04-27 23:26:50 | [34mINFO [0;39m | [1;33mrestartedMain[0;39m | [1;32morg.apache.catalina.core.StandardEngine[0;39m | Starting Servlet engine: [Apache Tomcat/10.1.18]
2024-04-27 23:26:50 | [34mINFO [0;39m | [1;33mrestartedMain[0;39m | [1;32morg.apache.catalina.core.ContainerBase.[Tomcat].[localhost].[/lyq][0;39m | Initializing Spring embedded WebApplicationContext
2024-04-27 23:26:50 | [34mINFO [0;39m | [1;33mrestartedMain[0;39m | [1;32morg.springframework.boot.web.servlet.context.ServletWebServerApplicationContext[0;39m | Root WebApplicationContext: initialization completed in 1061 ms
2024-04-27 23:26:50 | [31mWARN [0;39m | [1;33mrestartedMain[0;39m | [1;32mcom.baomidou.mybatisplus.core.injector.DefaultSqlInjector[0;39m | class com.manage.entity.StuCourse ,Not found @TableId annotation, Cannot use Mybatis-Plus 'xxById' Method.
2024-04-27 23:26:50 | [31mWARN [0;39m | [1;33mrestartedMain[0;39m | [1;32mcom.baomidou.mybatisplus.core.injector.DefaultSqlInjector[0;39m | class com.manage.entity.vo.UserClassVo ,Not found @TableId annotation, Cannot use Mybatis-Plus 'xxById' Method.
2024-04-27 23:26:50 | [31mWARN [0;39m | [1;33mrestartedMain[0;39m | [1;32mcom.baomidou.mybatisplus.core.injector.DefaultSqlInjector[0;39m | class com.manage.entity.vo.UserRoleVo ,Not found @TableId annotation, Cannot use Mybatis-Plus 'xxById' Method.
2024-04-27 23:26:51 | [34mINFO [0;39m | [1;33mrestartedMain[0;39m | [1;32morg.springframework.security.web.DefaultSecurityFilterChain[0;39m | Will secure any request with [org.springframework.security.web.session.DisableEncodeUrlFilter@5071fb02, org.springframework.security.web.context.request.async.WebAsyncManagerIntegrationFilter@3fb6bafe, org.springframework.security.web.context.SecurityContextHolderFilter@767c884f, org.springframework.security.web.header.HeaderWriterFilter@49652be8, org.springframework.web.filter.CorsFilter@3c90c751, org.springframework.security.web.authentication.logout.LogoutFilter@2652629a, com.manage.security.JwtAuthorizationFilter@34788794, org.springframework.security.web.authentication.UsernamePasswordAuthenticationFilter@3abe3188, org.springframework.security.web.savedrequest.RequestCacheAwareFilter@79f5b09a, org.springframework.security.web.servletapi.SecurityContextHolderAwareRequestFilter@3d1be78a, org.springframework.security.web.authentication.rememberme.RememberMeAuthenticationFilter@ef9bf58, org.springframework.security.web.authentication.AnonymousAuthenticationFilter@91b2e99, org.springframework.security.web.session.SessionManagementFilter@28ea2e0b, org.springframework.security.web.access.ExceptionTranslationFilter@2ead4e1f, org.springframework.security.web.access.intercept.FilterSecurityInterceptor@5e5b10ee]
2024-04-27 23:26:51 | [34mINFO [0;39m | [1;33mrestartedMain[0;39m | [1;32morg.springframework.boot.devtools.autoconfigure.OptionalLiveReloadServer[0;39m | LiveReload server is running on port 35729
2024-04-27 23:26:51 | [34mINFO [0;39m | [1;33mrestartedMain[0;39m | [1;32morg.springframework.boot.web.embedded.tomcat.TomcatWebServer[0;39m | Tomcat started on port 8889 (http) with context path '/lyq'
2024-04-27 23:26:51 | [34mINFO [0;39m | [1;33mrestartedMain[0;39m | [1;32mcom.manage.AcademicManageApplication[0;39m | Started AcademicManageApplication in 2.671 seconds (process running for 3.376)
2024-04-27 23:27:39 | [34mINFO [0;39m | [1;33mhttp-nio-8889-exec-2[0;39m | [1;32morg.apache.catalina.core.ContainerBase.[Tomcat].[localhost].[/lyq][0;39m | Initializing Spring DispatcherServlet 'dispatcherServlet'
2024-04-27 23:27:39 | [34mINFO [0;39m | [1;33mhttp-nio-8889-exec-2[0;39m | [1;32morg.springframework.web.servlet.DispatcherServlet[0;39m | Initializing Servlet 'dispatcherServlet'
2024-04-27 23:27:39 | [34mINFO [0;39m | [1;33mhttp-nio-8889-exec-2[0;39m | [1;32morg.springframework.web.servlet.DispatcherServlet[0;39m | Completed initialization in 1 ms
2024-04-27 23:27:48 | [34mINFO [0;39m | [1;33mhttp-nio-8889-exec-9[0;39m | [1;32mcom.zaxxer.hikari.HikariDataSource[0;39m | HikariPool-1 - Starting...
2024-04-27 23:27:48 | [34mINFO [0;39m | [1;33mhttp-nio-8889-exec-9[0;39m | [1;32mcom.zaxxer.hikari.pool.HikariPool[0;39m | HikariPool-1 - Added connection com.mysql.cj.jdbc.ConnectionImpl@10509f55
2024-04-27 23:27:48 | [34mINFO [0;39m | [1;33mhttp-nio-8889-exec-9[0;39m | [1;32mcom.zaxxer.hikari.HikariDataSource[0;39m | HikariPool-1 - Start completed.
2024-04-27 23:28:31 | [34mINFO [0;39m | [1;33mSpringApplicationShutdownHook[0;39m | [1;32mcom.zaxxer.hikari.HikariDataSource[0;39m | HikariPool-1 - Shutdown initiated...
2024-04-27 23:28:31 | [34mINFO [0;39m | [1;33mSpringApplicationShutdownHook[0;39m | [1;32mcom.zaxxer.hikari.HikariDataSource[0;39m | HikariPool-1 - Shutdown completed.
2024-04-27 23:28:35 | [34mINFO [0;39m | [1;33mrestartedMain[0;39m | [1;32mcom.manage.AcademicManageApplication[0;39m | Starting AcademicManageApplication using Java 17.0.7 with PID 32612 (D:\demo\academicManage\target\classes started by 16618 in D:\demo\academicManage)
2024-04-27 23:28:35 | [34mINFO [0;39m | [1;33mrestartedMain[0;39m | [1;32mcom.manage.AcademicManageApplication[0;39m | The following 1 profile is active: "jdbc"
2024-04-27 23:28:35 | [34mINFO [0;39m | [1;33mrestartedMain[0;39m | [1;32morg.springframework.boot.devtools.env.DevToolsPropertyDefaultsPostProcessor[0;39m | Devtools property defaults active! Set 'spring.devtools.add-properties' to 'false' to disable
2024-04-27 23:28:35 | [34mINFO [0;39m | [1;33mrestartedMain[0;39m | [1;32morg.springframework.boot.devtools.env.DevToolsPropertyDefaultsPostProcessor[0;39m | For additional web related logging consider setting the 'logging.level.web' property to 'DEBUG'
2024-04-27 23:28:36 | [34mINFO [0;39m | [1;33mrestartedMain[0;39m | [1;32morg.springframework.boot.web.embedded.tomcat.TomcatWebServer[0;39m | Tomcat initialized with port 8889 (http)
2024-04-27 23:28:36 | [34mINFO [0;39m | [1;33mrestartedMain[0;39m | [1;32morg.apache.catalina.core.StandardService[0;39m | Starting service [Tomcat]
2024-04-27 23:28:36 | [34mINFO [0;39m | [1;33mrestartedMain[0;39m | [1;32morg.apache.catalina.core.StandardEngine[0;39m | Starting Servlet engine: [Apache Tomcat/10.1.18]
2024-04-27 23:28:36 | [34mINFO [0;39m | [1;33mrestartedMain[0;39m | [1;32morg.apache.catalina.core.ContainerBase.[Tomcat].[localhost].[/lyq][0;39m | Initializing Spring embedded WebApplicationContext
2024-04-27 23:28:36 | [34mINFO [0;39m | [1;33mrestartedMain[0;39m | [1;32morg.springframework.boot.web.servlet.context.ServletWebServerApplicationContext[0;39m | Root WebApplicationContext: initialization completed in 1131 ms
2024-04-27 23:28:36 | [31mWARN [0;39m | [1;33mrestartedMain[0;39m | [1;32mcom.baomidou.mybatisplus.core.injector.DefaultSqlInjector[0;39m | class com.manage.entity.StuCourse ,Not found @TableId annotation, Cannot use Mybatis-Plus 'xxById' Method.
2024-04-27 23:28:36 | [31mWARN [0;39m | [1;33mrestartedMain[0;39m | [1;32mcom.baomidou.mybatisplus.core.injector.DefaultSqlInjector[0;39m | class com.manage.entity.vo.UserClassVo ,Not found @TableId annotation, Cannot use Mybatis-Plus 'xxById' Method.
2024-04-27 23:28:36 | [31mWARN [0;39m | [1;33mrestartedMain[0;39m | [1;32mcom.baomidou.mybatisplus.core.injector.DefaultSqlInjector[0;39m | class com.manage.entity.vo.UserRoleVo ,Not found @TableId annotation, Cannot use Mybatis-Plus 'xxById' Method.
2024-04-27 23:28:37 | [34mINFO [0;39m | [1;33mrestartedMain[0;39m | [1;32morg.springframework.security.web.DefaultSecurityFilterChain[0;39m | Will secure any request with [org.springframework.security.web.session.DisableEncodeUrlFilter@3fb6bafe, org.springframework.security.web.context.request.async.WebAsyncManagerIntegrationFilter@91b2e99, org.springframework.security.web.context.SecurityContextHolderFilter@f9f7afd, org.springframework.security.web.header.HeaderWriterFilter@6c73482c, org.springframework.web.filter.CorsFilter@41a3c276, org.springframework.security.web.authentication.logout.LogoutFilter@1d533e6d, com.manage.security.JwtAuthorizationFilter@f1a0f25, org.springframework.security.web.authentication.UsernamePasswordAuthenticationFilter@74d7e0bc, org.springframework.security.web.savedrequest.RequestCacheAwareFilter@3d1be78a, org.springframework.security.web.servletapi.SecurityContextHolderAwareRequestFilter@2f373e96, org.springframework.security.web.authentication.rememberme.RememberMeAuthenticationFilter@45606c3b, org.springframework.security.web.authentication.AnonymousAuthenticationFilter@5567bf6, org.springframework.security.web.session.SessionManagementFilter@6062dfd3, org.springframework.security.web.access.ExceptionTranslationFilter@51a33c71, org.springframework.security.web.access.intercept.FilterSecurityInterceptor@4cf47b81]
2024-04-27 23:28:37 | [34mINFO [0;39m | [1;33mrestartedMain[0;39m | [1;32morg.springframework.boot.devtools.autoconfigure.OptionalLiveReloadServer[0;39m | LiveReload server is running on port 35729
2024-04-27 23:28:37 | [34mINFO [0;39m | [1;33mrestartedMain[0;39m | [1;32morg.springframework.boot.web.embedded.tomcat.TomcatWebServer[0;39m | Tomcat started on port 8889 (http) with context path '/lyq'
2024-04-27 23:28:37 | [34mINFO [0;39m | [1;33mrestartedMain[0;39m | [1;32mcom.manage.AcademicManageApplication[0;39m | Started AcademicManageApplication in 2.749 seconds (process running for 3.371)
2024-04-27 23:28:53 | [34mINFO [0;39m | [1;33mhttp-nio-8889-exec-1[0;39m | [1;32morg.apache.catalina.core.ContainerBase.[Tomcat].[localhost].[/lyq][0;39m | Initializing Spring DispatcherServlet 'dispatcherServlet'
2024-04-27 23:28:53 | [34mINFO [0;39m | [1;33mhttp-nio-8889-exec-1[0;39m | [1;32morg.springframework.web.servlet.DispatcherServlet[0;39m | Initializing Servlet 'dispatcherServlet'
2024-04-27 23:28:53 | [34mINFO [0;39m | [1;33mhttp-nio-8889-exec-1[0;39m | [1;32morg.springframework.web.servlet.DispatcherServlet[0;39m | Completed initialization in 1 ms
2024-04-27 23:28:53 | [34mINFO [0;39m | [1;33mhttp-nio-8889-exec-10[0;39m | [1;32mcom.zaxxer.hikari.HikariDataSource[0;39m | HikariPool-1 - Starting...
2024-04-27 23:28:53 | [34mINFO [0;39m | [1;33mhttp-nio-8889-exec-10[0;39m | [1;32mcom.zaxxer.hikari.pool.HikariPool[0;39m | HikariPool-1 - Added connection com.mysql.cj.jdbc.ConnectionImpl@1c97f1dd
2024-04-27 23:28:53 | [34mINFO [0;39m | [1;33mhttp-nio-8889-exec-10[0;39m | [1;32mcom.zaxxer.hikari.HikariDataSource[0;39m | HikariPool-1 - Start completed.
2024-04-27 23:39:12 | [34mINFO [0;39m | [1;33mFile Watcher[0;39m | [1;32morg.springframework.boot.devtools.autoconfigure.LocalDevToolsAutoConfiguration$RestartingClassPathChangeChangedEventListener[0;39m | Restarting due to 3 class path changes (0 additions, 3 deletions, 0 modifications)
2024-04-27 23:39:12 | [34mINFO [0;39m | [1;33mThread-5[0;39m | [1;32mcom.zaxxer.hikari.HikariDataSource[0;39m | HikariPool-1 - Shutdown initiated...
2024-04-27 23:39:12 | [34mINFO [0;39m | [1;33mThread-5[0;39m | [1;32mcom.zaxxer.hikari.HikariDataSource[0;39m | HikariPool-1 - Shutdown completed.
2024-04-27 23:39:12 | [34mINFO [0;39m | [1;33mrestartedMain[0;39m | [1;32mcom.manage.AcademicManageApplication[0;39m | Starting AcademicManageApplication using Java 17.0.7 with PID 32612 (D:\demo\academicManage\target\classes started by 16618 in D:\demo\academicManage)
2024-04-27 23:39:12 | [34mINFO [0;39m | [1;33mrestartedMain[0;39m | [1;32mcom.manage.AcademicManageApplication[0;39m | The following 1 profile is active: "jdbc"
2024-04-27 23:39:12 | [34mINFO [0;39m | [1;33mrestartedMain[0;39m | [1;32morg.springframework.boot.web.embedded.tomcat.TomcatWebServer[0;39m | Tomcat initialized with port 8889 (http)
2024-04-27 23:39:12 | [34mINFO [0;39m | [1;33mrestartedMain[0;39m | [1;32morg.apache.catalina.core.StandardService[0;39m | Starting service [Tomcat]
2024-04-27 23:39:12 | [34mINFO [0;39m | [1;33mrestartedMain[0;39m | [1;32morg.apache.catalina.core.StandardEngine[0;39m | Starting Servlet engine: [Apache Tomcat/10.1.18]
2024-04-27 23:39:12 | [34mINFO [0;39m | [1;33mrestartedMain[0;39m | [1;32morg.apache.catalina.core.ContainerBase.[Tomcat].[localhost].[/lyq][0;39m | Initializing Spring embedded WebApplicationContext
2024-04-27 23:39:12 | [34mINFO [0;39m | [1;33mrestartedMain[0;39m | [1;32morg.springframework.boot.web.servlet.context.ServletWebServerApplicationContext[0;39m | Root WebApplicationContext: initialization completed in 405 ms
2024-04-27 23:39:12 | [31mWARN [0;39m | [1;33mrestartedMain[0;39m | [1;32morg.springframework.boot.web.servlet.context.AnnotationConfigServletWebServerApplicationContext[0;39m | Exception encountered during context initialization - cancelling refresh attempt: org.springframework.beans.factory.UnsatisfiedDependencyException: Error creating bean with name 'ICourseService': Unsatisfied dependency expressed through field 'stuCourseService': No qualifying bean of type 'com.manage.service.StuCourseService' available: expected at least 1 bean which qualifies as autowire candidate. Dependency annotations: {@org.springframework.beans.factory.annotation.Autowired(required=true)}
2024-04-27 23:39:12 | [34mINFO [0;39m | [1;33mrestartedMain[0;39m | [1;32morg.apache.catalina.core.StandardService[0;39m | Stopping service [Tomcat]
2024-04-27 23:39:12 | [34mINFO [0;39m | [1;33mrestartedMain[0;39m | [1;32morg.springframework.boot.autoconfigure.logging.ConditionEvaluationReportLogger[0;39m | 

Error starting ApplicationContext. To display the condition evaluation report re-run your application with 'debug' enabled.
2024-04-27 23:39:14 | [34mINFO [0;39m | [1;33mrestartedMain[0;39m | [1;32mcom.manage.AcademicManageApplication[0;39m | Starting AcademicManageApplication using Java 17.0.7 with PID 32612 (D:\demo\academicManage\target\classes started by 16618 in D:\demo\academicManage)
2024-04-27 23:39:14 | [34mINFO [0;39m | [1;33mrestartedMain[0;39m | [1;32mcom.manage.AcademicManageApplication[0;39m | The following 1 profile is active: "jdbc"
2024-04-27 23:39:14 | [34mINFO [0;39m | [1;33mrestartedMain[0;39m | [1;32morg.springframework.boot.web.embedded.tomcat.TomcatWebServer[0;39m | Tomcat initialized with port 8889 (http)
2024-04-27 23:39:14 | [34mINFO [0;39m | [1;33mrestartedMain[0;39m | [1;32morg.apache.catalina.core.StandardService[0;39m | Starting service [Tomcat]
2024-04-27 23:39:14 | [34mINFO [0;39m | [1;33mrestartedMain[0;39m | [1;32morg.apache.catalina.core.StandardEngine[0;39m | Starting Servlet engine: [Apache Tomcat/10.1.18]
2024-04-27 23:39:14 | [34mINFO [0;39m | [1;33mrestartedMain[0;39m | [1;32morg.apache.catalina.core.ContainerBase.[Tomcat-1].[localhost].[/lyq][0;39m | Initializing Spring embedded WebApplicationContext
2024-04-27 23:39:14 | [34mINFO [0;39m | [1;33mrestartedMain[0;39m | [1;32morg.springframework.boot.web.servlet.context.ServletWebServerApplicationContext[0;39m | Root WebApplicationContext: initialization completed in 307 ms
2024-04-27 23:39:15 | [34mINFO [0;39m | [1;33mrestartedMain[0;39m | [1;32morg.springframework.security.web.DefaultSecurityFilterChain[0;39m | Will secure any request with [org.springframework.security.web.session.DisableEncodeUrlFilter@513846d7, org.springframework.security.web.context.request.async.WebAsyncManagerIntegrationFilter@65f3b8c9, org.springframework.security.web.context.SecurityContextHolderFilter@3ed36ac6, org.springframework.security.web.header.HeaderWriterFilter@155625d7, org.springframework.web.filter.CorsFilter@3f412f9b, org.springframework.security.web.authentication.logout.LogoutFilter@1ea867be, com.manage.security.JwtAuthorizationFilter@2c1dd85f, org.springframework.security.web.authentication.UsernamePasswordAuthenticationFilter@7242199b, org.springframework.security.web.savedrequest.RequestCacheAwareFilter@1d1e331b, org.springframework.security.web.servletapi.SecurityContextHolderAwareRequestFilter@39c2c5f2, org.springframework.security.web.authentication.rememberme.RememberMeAuthenticationFilter@5d80bf74, org.springframework.security.web.authentication.AnonymousAuthenticationFilter@64e7d551, org.springframework.security.web.session.SessionManagementFilter@28e555ac, org.springframework.security.web.access.ExceptionTranslationFilter@5f2f8837, org.springframework.security.web.access.intercept.FilterSecurityInterceptor@6fcee758]
2024-04-27 23:39:15 | [34mINFO [0;39m | [1;33mrestartedMain[0;39m | [1;32morg.springframework.boot.devtools.autoconfigure.OptionalLiveReloadServer[0;39m | LiveReload server is running on port 35729
2024-04-27 23:39:15 | [34mINFO [0;39m | [1;33mrestartedMain[0;39m | [1;32morg.springframework.boot.web.embedded.tomcat.TomcatWebServer[0;39m | Tomcat started on port 8889 (http) with context path '/lyq'
2024-04-27 23:39:15 | [34mINFO [0;39m | [1;33mrestartedMain[0;39m | [1;32mcom.manage.AcademicManageApplication[0;39m | Started AcademicManageApplication in 0.899 seconds (process running for 641.22)
2024-04-27 23:39:15 | [34mINFO [0;39m | [1;33mrestartedMain[0;39m | [1;32morg.springframework.boot.devtools.autoconfigure.ConditionEvaluationDeltaLoggingListener[0;39m | Condition evaluation unchanged
2024-04-27 23:39:42 | [34mINFO [0;39m | [1;33mhttp-nio-8889-exec-2[0;39m | [1;32morg.apache.catalina.core.ContainerBase.[Tomcat-1].[localhost].[/lyq][0;39m | Initializing Spring DispatcherServlet 'dispatcherServlet'
2024-04-27 23:39:42 | [34mINFO [0;39m | [1;33mhttp-nio-8889-exec-2[0;39m | [1;32morg.springframework.web.servlet.DispatcherServlet[0;39m | Initializing Servlet 'dispatcherServlet'
2024-04-27 23:39:42 | [34mINFO [0;39m | [1;33mhttp-nio-8889-exec-2[0;39m | [1;32morg.springframework.web.servlet.DispatcherServlet[0;39m | Completed initialization in 2 ms
2024-04-27 23:47:16 | [34mINFO [0;39m | [1;33mhttp-nio-8889-exec-2[0;39m | [1;32mcom.zaxxer.hikari.HikariDataSource[0;39m | HikariPool-2 - Starting...
2024-04-27 23:47:16 | [34mINFO [0;39m | [1;33mhttp-nio-8889-exec-2[0;39m | [1;32mcom.zaxxer.hikari.pool.HikariPool[0;39m | HikariPool-2 - Added connection com.mysql.cj.jdbc.ConnectionImpl@e35ed45
2024-04-27 23:47:16 | [34mINFO [0;39m | [1;33mhttp-nio-8889-exec-2[0;39m | [1;32mcom.zaxxer.hikari.HikariDataSource[0;39m | HikariPool-2 - Start completed.
2024-04-27 23:49:56 | [34mINFO [0;39m | [1;33mSpringApplicationShutdownHook[0;39m | [1;32mcom.zaxxer.hikari.HikariDataSource[0;39m | HikariPool-2 - Shutdown initiated...
2024-04-27 23:49:56 | [34mINFO [0;39m | [1;33mSpringApplicationShutdownHook[0;39m | [1;32mcom.zaxxer.hikari.HikariDataSource[0;39m | HikariPool-2 - Shutdown completed.
2024-04-27 23:50:00 | [34mINFO [0;39m | [1;33mrestartedMain[0;39m | [1;32mcom.manage.AcademicManageApplication[0;39m | Starting AcademicManageApplication using Java 17.0.7 with PID 25444 (D:\demo\academicManage\target\classes started by 16618 in D:\demo\academicManage)
2024-04-27 23:50:00 | [34mINFO [0;39m | [1;33mrestartedMain[0;39m | [1;32mcom.manage.AcademicManageApplication[0;39m | The following 1 profile is active: "jdbc"
2024-04-27 23:50:00 | [34mINFO [0;39m | [1;33mrestartedMain[0;39m | [1;32morg.springframework.boot.devtools.env.DevToolsPropertyDefaultsPostProcessor[0;39m | Devtools property defaults active! Set 'spring.devtools.add-properties' to 'false' to disable
2024-04-27 23:50:00 | [34mINFO [0;39m | [1;33mrestartedMain[0;39m | [1;32morg.springframework.boot.devtools.env.DevToolsPropertyDefaultsPostProcessor[0;39m | For additional web related logging consider setting the 'logging.level.web' property to 'DEBUG'
2024-04-27 23:50:01 | [34mINFO [0;39m | [1;33mrestartedMain[0;39m | [1;32morg.springframework.boot.web.embedded.tomcat.TomcatWebServer[0;39m | Tomcat initialized with port 8889 (http)
2024-04-27 23:50:01 | [34mINFO [0;39m | [1;33mrestartedMain[0;39m | [1;32morg.apache.catalina.core.StandardService[0;39m | Starting service [Tomcat]
2024-04-27 23:50:01 | [34mINFO [0;39m | [1;33mrestartedMain[0;39m | [1;32morg.apache.catalina.core.StandardEngine[0;39m | Starting Servlet engine: [Apache Tomcat/10.1.18]
2024-04-27 23:50:01 | [34mINFO [0;39m | [1;33mrestartedMain[0;39m | [1;32morg.apache.catalina.core.ContainerBase.[Tomcat].[localhost].[/lyq][0;39m | Initializing Spring embedded WebApplicationContext
2024-04-27 23:50:01 | [34mINFO [0;39m | [1;33mrestartedMain[0;39m | [1;32morg.springframework.boot.web.servlet.context.ServletWebServerApplicationContext[0;39m | Root WebApplicationContext: initialization completed in 1247 ms
2024-04-27 23:50:01 | [31mWARN [0;39m | [1;33mrestartedMain[0;39m | [1;32mcom.baomidou.mybatisplus.core.injector.DefaultSqlInjector[0;39m | class com.manage.entity.StuCourse ,Not found @TableId annotation, Cannot use Mybatis-Plus 'xxById' Method.
2024-04-27 23:50:01 | [31mWARN [0;39m | [1;33mrestartedMain[0;39m | [1;32mcom.baomidou.mybatisplus.core.injector.DefaultSqlInjector[0;39m | class com.manage.entity.vo.UserClassVo ,Not found @TableId annotation, Cannot use Mybatis-Plus 'xxById' Method.
2024-04-27 23:50:01 | [31mWARN [0;39m | [1;33mrestartedMain[0;39m | [1;32mcom.baomidou.mybatisplus.core.injector.DefaultSqlInjector[0;39m | class com.manage.entity.vo.UserRoleVo ,Not found @TableId annotation, Cannot use Mybatis-Plus 'xxById' Method.
2024-04-27 23:50:02 | [34mINFO [0;39m | [1;33mrestartedMain[0;39m | [1;32morg.springframework.security.web.DefaultSecurityFilterChain[0;39m | Will secure any request with [org.springframework.security.web.session.DisableEncodeUrlFilter@343d7a24, org.springframework.security.web.context.request.async.WebAsyncManagerIntegrationFilter@6e961525, org.springframework.security.web.context.SecurityContextHolderFilter@480ba956, org.springframework.security.web.header.HeaderWriterFilter@683c8783, org.springframework.web.filter.CorsFilter@297f2d3a, org.springframework.security.web.authentication.logout.LogoutFilter@31c5237e, com.manage.security.JwtAuthorizationFilter@a7aaa7f, org.springframework.security.web.authentication.UsernamePasswordAuthenticationFilter@2ead4e1f, org.springframework.security.web.savedrequest.RequestCacheAwareFilter@78425705, org.springframework.security.web.servletapi.SecurityContextHolderAwareRequestFilter@414c1d, org.springframework.security.web.authentication.rememberme.RememberMeAuthenticationFilter@28ea2e0b, org.springframework.security.web.authentication.AnonymousAuthenticationFilter@1c275588, org.springframework.security.web.session.SessionManagementFilter@792b352e, org.springframework.security.web.access.ExceptionTranslationFilter@30173bbb, org.springframework.security.web.access.intercept.FilterSecurityInterceptor@4dc72d63]
2024-04-27 23:50:02 | [34mINFO [0;39m | [1;33mrestartedMain[0;39m | [1;32morg.springframework.boot.devtools.autoconfigure.OptionalLiveReloadServer[0;39m | LiveReload server is running on port 35729
2024-04-27 23:50:02 | [34mINFO [0;39m | [1;33mrestartedMain[0;39m | [1;32morg.springframework.boot.web.embedded.tomcat.TomcatWebServer[0;39m | Tomcat started on port 8889 (http) with context path '/lyq'
2024-04-27 23:50:02 | [34mINFO [0;39m | [1;33mrestartedMain[0;39m | [1;32mcom.manage.AcademicManageApplication[0;39m | Started AcademicManageApplication in 2.787 seconds (process running for 3.345)
2024-04-27 23:51:51 | [34mINFO [0;39m | [1;33mhttp-nio-8889-exec-2[0;39m | [1;32morg.apache.catalina.core.ContainerBase.[Tomcat].[localhost].[/lyq][0;39m | Initializing Spring DispatcherServlet 'dispatcherServlet'
2024-04-27 23:51:51 | [34mINFO [0;39m | [1;33mhttp-nio-8889-exec-2[0;39m | [1;32morg.springframework.web.servlet.DispatcherServlet[0;39m | Initializing Servlet 'dispatcherServlet'
2024-04-27 23:51:51 | [34mINFO [0;39m | [1;33mhttp-nio-8889-exec-2[0;39m | [1;32morg.springframework.web.servlet.DispatcherServlet[0;39m | Completed initialization in 1 ms
2024-04-27 23:51:51 | [34mINFO [0;39m | [1;33mhttp-nio-8889-exec-7[0;39m | [1;32mcom.zaxxer.hikari.HikariDataSource[0;39m | HikariPool-1 - Starting...
2024-04-27 23:51:51 | [34mINFO [0;39m | [1;33mhttp-nio-8889-exec-7[0;39m | [1;32mcom.zaxxer.hikari.pool.HikariPool[0;39m | HikariPool-1 - Added connection com.mysql.cj.jdbc.ConnectionImpl@3ad45921
2024-04-27 23:51:51 | [34mINFO [0;39m | [1;33mhttp-nio-8889-exec-7[0;39m | [1;32mcom.zaxxer.hikari.HikariDataSource[0;39m | HikariPool-1 - Start completed.
2024-04-27 23:52:50 | [34mINFO [0;39m | [1;33mSpringApplicationShutdownHook[0;39m | [1;32mcom.zaxxer.hikari.HikariDataSource[0;39m | HikariPool-1 - Shutdown initiated...
2024-04-27 23:52:50 | [34mINFO [0;39m | [1;33mSpringApplicationShutdownHook[0;39m | [1;32mcom.zaxxer.hikari.HikariDataSource[0;39m | HikariPool-1 - Shutdown completed.
2024-04-27 23:52:54 | [34mINFO [0;39m | [1;33mrestartedMain[0;39m | [1;32mcom.manage.AcademicManageApplication[0;39m | Starting AcademicManageApplication using Java 17.0.7 with PID 15016 (D:\demo\academicManage\target\classes started by 16618 in D:\demo\academicManage)
2024-04-27 23:52:54 | [34mINFO [0;39m | [1;33mrestartedMain[0;39m | [1;32mcom.manage.AcademicManageApplication[0;39m | The following 1 profile is active: "jdbc"
2024-04-27 23:52:54 | [34mINFO [0;39m | [1;33mrestartedMain[0;39m | [1;32morg.springframework.boot.devtools.env.DevToolsPropertyDefaultsPostProcessor[0;39m | Devtools property defaults active! Set 'spring.devtools.add-properties' to 'false' to disable
2024-04-27 23:52:54 | [34mINFO [0;39m | [1;33mrestartedMain[0;39m | [1;32morg.springframework.boot.devtools.env.DevToolsPropertyDefaultsPostProcessor[0;39m | For additional web related logging consider setting the 'logging.level.web' property to 'DEBUG'
2024-04-27 23:52:55 | [34mINFO [0;39m | [1;33mrestartedMain[0;39m | [1;32morg.springframework.boot.web.embedded.tomcat.TomcatWebServer[0;39m | Tomcat initialized with port 8889 (http)
2024-04-27 23:52:55 | [34mINFO [0;39m | [1;33mrestartedMain[0;39m | [1;32morg.apache.catalina.core.StandardService[0;39m | Starting service [Tomcat]
2024-04-27 23:52:55 | [34mINFO [0;39m | [1;33mrestartedMain[0;39m | [1;32morg.apache.catalina.core.StandardEngine[0;39m | Starting Servlet engine: [Apache Tomcat/10.1.18]
2024-04-27 23:52:55 | [34mINFO [0;39m | [1;33mrestartedMain[0;39m | [1;32morg.apache.catalina.core.ContainerBase.[Tomcat].[localhost].[/lyq][0;39m | Initializing Spring embedded WebApplicationContext
2024-04-27 23:52:55 | [34mINFO [0;39m | [1;33mrestartedMain[0;39m | [1;32morg.springframework.boot.web.servlet.context.ServletWebServerApplicationContext[0;39m | Root WebApplicationContext: initialization completed in 1098 ms
2024-04-27 23:52:56 | [31mWARN [0;39m | [1;33mrestartedMain[0;39m | [1;32mcom.baomidou.mybatisplus.core.injector.DefaultSqlInjector[0;39m | class com.manage.entity.StuCourse ,Not found @TableId annotation, Cannot use Mybatis-Plus 'xxById' Method.
2024-04-27 23:52:56 | [31mWARN [0;39m | [1;33mrestartedMain[0;39m | [1;32mcom.baomidou.mybatisplus.core.injector.DefaultSqlInjector[0;39m | class com.manage.entity.vo.UserClassVo ,Not found @TableId annotation, Cannot use Mybatis-Plus 'xxById' Method.
2024-04-27 23:52:56 | [31mWARN [0;39m | [1;33mrestartedMain[0;39m | [1;32mcom.baomidou.mybatisplus.core.injector.DefaultSqlInjector[0;39m | class com.manage.entity.vo.UserRoleVo ,Not found @TableId annotation, Cannot use Mybatis-Plus 'xxById' Method.
2024-04-27 23:52:56 | [34mINFO [0;39m | [1;33mrestartedMain[0;39m | [1;32morg.springframework.security.web.DefaultSecurityFilterChain[0;39m | Will secure any request with [org.springframework.security.web.session.DisableEncodeUrlFilter@7246dce1, org.springframework.security.web.context.request.async.WebAsyncManagerIntegrationFilter@7b5bfc1, org.springframework.security.web.context.SecurityContextHolderFilter@446d9476, org.springframework.security.web.header.HeaderWriterFilter@3b316ce7, org.springframework.web.filter.CorsFilter@5a542bc3, org.springframework.security.web.authentication.logout.LogoutFilter@6deb6a4c, com.manage.security.JwtAuthorizationFilter@58b2a9c7, org.springframework.security.web.authentication.UsernamePasswordAuthenticationFilter@7f39af98, org.springframework.security.web.savedrequest.RequestCacheAwareFilter@9189209, org.springframework.security.web.servletapi.SecurityContextHolderAwareRequestFilter@437029be, org.springframework.security.web.authentication.rememberme.RememberMeAuthenticationFilter@9288aa0, org.springframework.security.web.authentication.AnonymousAuthenticationFilter@128245a7, org.springframework.security.web.session.SessionManagementFilter@6c0d65aa, org.springframework.security.web.access.ExceptionTranslationFilter@6dbd5db7, org.springframework.security.web.access.intercept.FilterSecurityInterceptor@1a7ce819]
2024-04-27 23:52:56 | [34mINFO [0;39m | [1;33mrestartedMain[0;39m | [1;32morg.springframework.boot.devtools.autoconfigure.OptionalLiveReloadServer[0;39m | LiveReload server is running on port 35729
2024-04-27 23:52:56 | [34mINFO [0;39m | [1;33mrestartedMain[0;39m | [1;32morg.springframework.boot.web.embedded.tomcat.TomcatWebServer[0;39m | Tomcat started on port 8889 (http) with context path '/lyq'
2024-04-27 23:52:56 | [34mINFO [0;39m | [1;33mrestartedMain[0;39m | [1;32mcom.manage.AcademicManageApplication[0;39m | Started AcademicManageApplication in 2.737 seconds (process running for 3.336)
2024-04-27 23:53:16 | [34mINFO [0;39m | [1;33mhttp-nio-8889-exec-4[0;39m | [1;32morg.apache.catalina.core.ContainerBase.[Tomcat].[localhost].[/lyq][0;39m | Initializing Spring DispatcherServlet 'dispatcherServlet'
2024-04-27 23:53:16 | [34mINFO [0;39m | [1;33mhttp-nio-8889-exec-4[0;39m | [1;32morg.springframework.web.servlet.DispatcherServlet[0;39m | Initializing Servlet 'dispatcherServlet'
2024-04-27 23:53:16 | [34mINFO [0;39m | [1;33mhttp-nio-8889-exec-4[0;39m | [1;32morg.springframework.web.servlet.DispatcherServlet[0;39m | Completed initialization in 2 ms
2024-04-27 23:53:16 | [34mINFO [0;39m | [1;33mhttp-nio-8889-exec-5[0;39m | [1;32mcom.zaxxer.hikari.HikariDataSource[0;39m | HikariPool-1 - Starting...
2024-04-27 23:53:16 | [34mINFO [0;39m | [1;33mhttp-nio-8889-exec-5[0;39m | [1;32mcom.zaxxer.hikari.pool.HikariPool[0;39m | HikariPool-1 - Added connection com.mysql.cj.jdbc.ConnectionImpl@283c3df0
2024-04-27 23:53:16 | [34mINFO [0;39m | [1;33mhttp-nio-8889-exec-5[0;39m | [1;32mcom.zaxxer.hikari.HikariDataSource[0;39m | HikariPool-1 - Start completed.
2024-04-27 23:53:39 | [34mINFO [0;39m | [1;33mSpringApplicationShutdownHook[0;39m | [1;32mcom.zaxxer.hikari.HikariDataSource[0;39m | HikariPool-1 - Shutdown initiated...
2024-04-27 23:53:39 | [34mINFO [0;39m | [1;33mSpringApplicationShutdownHook[0;39m | [1;32mcom.zaxxer.hikari.HikariDataSource[0;39m | HikariPool-1 - Shutdown completed.
2024-04-27 23:53:41 | [34mINFO [0;39m | [1;33mrestartedMain[0;39m | [1;32mcom.manage.AcademicManageApplication[0;39m | Starting AcademicManageApplication using Java 17.0.7 with PID 30688 (D:\demo\academicManage\target\classes started by 16618 in D:\demo\academicManage)
2024-04-27 23:53:41 | [34mINFO [0;39m | [1;33mrestartedMain[0;39m | [1;32mcom.manage.AcademicManageApplication[0;39m | The following 1 profile is active: "jdbc"
2024-04-27 23:53:41 | [34mINFO [0;39m | [1;33mrestartedMain[0;39m | [1;32morg.springframework.boot.devtools.env.DevToolsPropertyDefaultsPostProcessor[0;39m | Devtools property defaults active! Set 'spring.devtools.add-properties' to 'false' to disable
2024-04-27 23:53:41 | [34mINFO [0;39m | [1;33mrestartedMain[0;39m | [1;32morg.springframework.boot.devtools.env.DevToolsPropertyDefaultsPostProcessor[0;39m | For additional web related logging consider setting the 'logging.level.web' property to 'DEBUG'
2024-04-27 23:53:42 | [34mINFO [0;39m | [1;33mrestartedMain[0;39m | [1;32morg.springframework.boot.web.embedded.tomcat.TomcatWebServer[0;39m | Tomcat initialized with port 8889 (http)
2024-04-27 23:53:42 | [34mINFO [0;39m | [1;33mrestartedMain[0;39m | [1;32morg.apache.catalina.core.StandardService[0;39m | Starting service [Tomcat]
2024-04-27 23:53:42 | [34mINFO [0;39m | [1;33mrestartedMain[0;39m | [1;32morg.apache.catalina.core.StandardEngine[0;39m | Starting Servlet engine: [Apache Tomcat/10.1.18]
2024-04-27 23:53:42 | [34mINFO [0;39m | [1;33mrestartedMain[0;39m | [1;32morg.apache.catalina.core.ContainerBase.[Tomcat].[localhost].[/lyq][0;39m | Initializing Spring embedded WebApplicationContext
2024-04-27 23:53:42 | [34mINFO [0;39m | [1;33mrestartedMain[0;39m | [1;32morg.springframework.boot.web.servlet.context.ServletWebServerApplicationContext[0;39m | Root WebApplicationContext: initialization completed in 979 ms
2024-04-27 23:53:42 | [31mWARN [0;39m | [1;33mrestartedMain[0;39m | [1;32mcom.baomidou.mybatisplus.core.injector.DefaultSqlInjector[0;39m | class com.manage.entity.StuCourse ,Not found @TableId annotation, Cannot use Mybatis-Plus 'xxById' Method.
2024-04-27 23:53:42 | [31mWARN [0;39m | [1;33mrestartedMain[0;39m | [1;32mcom.baomidou.mybatisplus.core.injector.DefaultSqlInjector[0;39m | class com.manage.entity.vo.UserClassVo ,Not found @TableId annotation, Cannot use Mybatis-Plus 'xxById' Method.
2024-04-27 23:53:42 | [31mWARN [0;39m | [1;33mrestartedMain[0;39m | [1;32mcom.baomidou.mybatisplus.core.injector.DefaultSqlInjector[0;39m | class com.manage.entity.vo.UserRoleVo ,Not found @TableId annotation, Cannot use Mybatis-Plus 'xxById' Method.
2024-04-27 23:53:43 | [34mINFO [0;39m | [1;33mrestartedMain[0;39m | [1;32morg.springframework.security.web.DefaultSecurityFilterChain[0;39m | Will secure any request with [org.springframework.security.web.session.DisableEncodeUrlFilter@65749fa6, org.springframework.security.web.context.request.async.WebAsyncManagerIntegrationFilter@4175a4a9, org.springframework.security.web.context.SecurityContextHolderFilter@3d1be78a, org.springframework.security.web.header.HeaderWriterFilter@6062dfd3, org.springframework.web.filter.CorsFilter@41a3c276, org.springframework.security.web.authentication.logout.LogoutFilter@66973280, com.manage.security.JwtAuthorizationFilter@f1a0f25, org.springframework.security.web.authentication.UsernamePasswordAuthenticationFilter@6310e350, org.springframework.security.web.savedrequest.RequestCacheAwareFilter@5b0bf11f, org.springframework.security.web.servletapi.SecurityContextHolderAwareRequestFilter@3b5fa73c, org.springframework.security.web.authentication.rememberme.RememberMeAuthenticationFilter@4cd0c7d1, org.springframework.security.web.authentication.AnonymousAuthenticationFilter@2916ffcf, org.springframework.security.web.session.SessionManagementFilter@767c884f, org.springframework.security.web.access.ExceptionTranslationFilter@6c73482c, org.springframework.security.web.access.intercept.FilterSecurityInterceptor@504b1955]
2024-04-27 23:53:43 | [34mINFO [0;39m | [1;33mrestartedMain[0;39m | [1;32morg.springframework.boot.devtools.autoconfigure.OptionalLiveReloadServer[0;39m | LiveReload server is running on port 35729
2024-04-27 23:53:43 | [34mINFO [0;39m | [1;33mrestartedMain[0;39m | [1;32morg.springframework.boot.web.embedded.tomcat.TomcatWebServer[0;39m | Tomcat started on port 8889 (http) with context path '/lyq'
2024-04-27 23:53:43 | [34mINFO [0;39m | [1;33mrestartedMain[0;39m | [1;32mcom.manage.AcademicManageApplication[0;39m | Started AcademicManageApplication in 2.902 seconds (process running for 3.439)
2024-04-27 23:54:15 | [34mINFO [0;39m | [1;33mhttp-nio-8889-exec-2[0;39m | [1;32morg.apache.catalina.core.ContainerBase.[Tomcat].[localhost].[/lyq][0;39m | Initializing Spring DispatcherServlet 'dispatcherServlet'
2024-04-27 23:54:15 | [34mINFO [0;39m | [1;33mhttp-nio-8889-exec-2[0;39m | [1;32morg.springframework.web.servlet.DispatcherServlet[0;39m | Initializing Servlet 'dispatcherServlet'
2024-04-27 23:54:15 | [34mINFO [0;39m | [1;33mhttp-nio-8889-exec-2[0;39m | [1;32morg.springframework.web.servlet.DispatcherServlet[0;39m | Completed initialization in 0 ms
2024-04-27 23:54:15 | [34mINFO [0;39m | [1;33mhttp-nio-8889-exec-1[0;39m | [1;32mcom.zaxxer.hikari.HikariDataSource[0;39m | HikariPool-1 - Starting...
2024-04-27 23:54:15 | [34mINFO [0;39m | [1;33mhttp-nio-8889-exec-1[0;39m | [1;32mcom.zaxxer.hikari.pool.HikariPool[0;39m | HikariPool-1 - Added connection com.mysql.cj.jdbc.ConnectionImpl@12554604
2024-04-27 23:54:15 | [34mINFO [0;39m | [1;33mhttp-nio-8889-exec-1[0;39m | [1;32mcom.zaxxer.hikari.HikariDataSource[0;39m | HikariPool-1 - Start completed.
2024-04-27 23:55:02 | [34mINFO [0;39m | [1;33mSpringApplicationShutdownHook[0;39m | [1;32mcom.zaxxer.hikari.HikariDataSource[0;39m | HikariPool-1 - Shutdown initiated...
2024-04-27 23:55:02 | [34mINFO [0;39m | [1;33mSpringApplicationShutdownHook[0;39m | [1;32mcom.zaxxer.hikari.HikariDataSource[0;39m | HikariPool-1 - Shutdown completed.
2024-04-27 23:55:05 | [34mINFO [0;39m | [1;33mrestartedMain[0;39m | [1;32mcom.manage.AcademicManageApplication[0;39m | Starting AcademicManageApplication using Java 17.0.7 with PID 19884 (D:\demo\academicManage\target\classes started by 16618 in D:\demo\academicManage)
2024-04-27 23:55:05 | [34mINFO [0;39m | [1;33mrestartedMain[0;39m | [1;32mcom.manage.AcademicManageApplication[0;39m | The following 1 profile is active: "jdbc"
2024-04-27 23:55:05 | [34mINFO [0;39m | [1;33mrestartedMain[0;39m | [1;32morg.springframework.boot.devtools.env.DevToolsPropertyDefaultsPostProcessor[0;39m | Devtools property defaults active! Set 'spring.devtools.add-properties' to 'false' to disable
2024-04-27 23:55:05 | [34mINFO [0;39m | [1;33mrestartedMain[0;39m | [1;32morg.springframework.boot.devtools.env.DevToolsPropertyDefaultsPostProcessor[0;39m | For additional web related logging consider setting the 'logging.level.web' property to 'DEBUG'
2024-04-27 23:55:06 | [34mINFO [0;39m | [1;33mrestartedMain[0;39m | [1;32morg.springframework.boot.web.embedded.tomcat.TomcatWebServer[0;39m | Tomcat initialized with port 8889 (http)
2024-04-27 23:55:06 | [34mINFO [0;39m | [1;33mrestartedMain[0;39m | [1;32morg.apache.catalina.core.StandardService[0;39m | Starting service [Tomcat]
2024-04-27 23:55:06 | [34mINFO [0;39m | [1;33mrestartedMain[0;39m | [1;32morg.apache.catalina.core.StandardEngine[0;39m | Starting Servlet engine: [Apache Tomcat/10.1.18]
2024-04-27 23:55:06 | [34mINFO [0;39m | [1;33mrestartedMain[0;39m | [1;32morg.apache.catalina.core.ContainerBase.[Tomcat].[localhost].[/lyq][0;39m | Initializing Spring embedded WebApplicationContext
2024-04-27 23:55:06 | [34mINFO [0;39m | [1;33mrestartedMain[0;39m | [1;32morg.springframework.boot.web.servlet.context.ServletWebServerApplicationContext[0;39m | Root WebApplicationContext: initialization completed in 984 ms
2024-04-27 23:55:06 | [31mWARN [0;39m | [1;33mrestartedMain[0;39m | [1;32mcom.baomidou.mybatisplus.core.injector.DefaultSqlInjector[0;39m | class com.manage.entity.StuCourse ,Not found @TableId annotation, Cannot use Mybatis-Plus 'xxById' Method.
2024-04-27 23:55:06 | [31mWARN [0;39m | [1;33mrestartedMain[0;39m | [1;32mcom.baomidou.mybatisplus.core.injector.DefaultSqlInjector[0;39m | class com.manage.entity.vo.UserClassVo ,Not found @TableId annotation, Cannot use Mybatis-Plus 'xxById' Method.
2024-04-27 23:55:07 | [31mWARN [0;39m | [1;33mrestartedMain[0;39m | [1;32mcom.baomidou.mybatisplus.core.injector.DefaultSqlInjector[0;39m | class com.manage.entity.vo.UserRoleVo ,Not found @TableId annotation, Cannot use Mybatis-Plus 'xxById' Method.
2024-04-27 23:55:07 | [34mINFO [0;39m | [1;33mrestartedMain[0;39m | [1;32morg.springframework.security.web.DefaultSecurityFilterChain[0;39m | Will secure any request with [org.springframework.security.web.session.DisableEncodeUrlFilter@128245a7, org.springframework.security.web.context.request.async.WebAsyncManagerIntegrationFilter@233d485e, org.springframework.security.web.context.SecurityContextHolderFilter@9189209, org.springframework.security.web.header.HeaderWriterFilter@36260143, org.springframework.web.filter.CorsFilter@31c62750, org.springframework.security.web.authentication.logout.LogoutFilter@7f39af98, com.manage.security.JwtAuthorizationFilter@58b2a9c7, org.springframework.security.web.authentication.UsernamePasswordAuthenticationFilter@31bcba80, org.springframework.security.web.savedrequest.RequestCacheAwareFilter@6b96db82, org.springframework.security.web.servletapi.SecurityContextHolderAwareRequestFilter@7c806e3d, org.springframework.security.web.authentication.rememberme.RememberMeAuthenticationFilter@42f1b85f, org.springframework.security.web.authentication.AnonymousAuthenticationFilter@6758390c, org.springframework.security.web.session.SessionManagementFilter@7966788c, org.springframework.security.web.access.ExceptionTranslationFilter@414c1d, org.springframework.security.web.access.intercept.FilterSecurityInterceptor@11e09848]
2024-04-27 23:55:07 | [34mINFO [0;39m | [1;33mrestartedMain[0;39m | [1;32morg.springframework.boot.devtools.autoconfigure.OptionalLiveReloadServer[0;39m | LiveReload server is running on port 35729
2024-04-27 23:55:07 | [34mINFO [0;39m | [1;33mrestartedMain[0;39m | [1;32morg.springframework.boot.web.embedded.tomcat.TomcatWebServer[0;39m | Tomcat started on port 8889 (http) with context path '/lyq'
2024-04-27 23:55:07 | [34mINFO [0;39m | [1;33mrestartedMain[0;39m | [1;32mcom.manage.AcademicManageApplication[0;39m | Started AcademicManageApplication in 2.514 seconds (process running for 3.052)
2024-04-27 23:56:52 | [34mINFO [0;39m | [1;33mhttp-nio-8889-exec-1[0;39m | [1;32morg.apache.catalina.core.ContainerBase.[Tomcat].[localhost].[/lyq][0;39m | Initializing Spring DispatcherServlet 'dispatcherServlet'
2024-04-27 23:56:52 | [34mINFO [0;39m | [1;33mhttp-nio-8889-exec-1[0;39m | [1;32morg.springframework.web.servlet.DispatcherServlet[0;39m | Initializing Servlet 'dispatcherServlet'
2024-04-27 23:56:52 | [34mINFO [0;39m | [1;33mhttp-nio-8889-exec-1[0;39m | [1;32morg.springframework.web.servlet.DispatcherServlet[0;39m | Completed initialization in 1 ms
2024-04-27 23:56:52 | [34mINFO [0;39m | [1;33mhttp-nio-8889-exec-2[0;39m | [1;32mcom.zaxxer.hikari.HikariDataSource[0;39m | HikariPool-1 - Starting...
2024-04-27 23:56:53 | [34mINFO [0;39m | [1;33mhttp-nio-8889-exec-2[0;39m | [1;32mcom.zaxxer.hikari.pool.HikariPool[0;39m | HikariPool-1 - Added connection com.mysql.cj.jdbc.ConnectionImpl@12554604
2024-04-27 23:56:53 | [34mINFO [0;39m | [1;33mhttp-nio-8889-exec-2[0;39m | [1;32mcom.zaxxer.hikari.HikariDataSource[0;39m | HikariPool-1 - Start completed.
